Log file open, 05/27/18 12:29:32
LogWindows: Failed to load 'aqProf.dll' (GetLastError=126)
LogWindows: File 'aqProf.dll' does not exist
LogWindows: Failed to load 'VtuneApi.dll' (GetLastError=126)
LogWindows: File 'VtuneApi.dll' does not exist
LogWindows: Failed to load 'VtuneApi32e.dll' (GetLastError=126)
LogWindows: File 'VtuneApi32e.dll' does not exist
LogInit: Display: Running engine for game: MyProject2
LogPlatformFile: Not using cached read wrapper
LogInit: Display: RandInit(-490872390) SRandInit(-490872389).
LogInit: Read version file with build ID '3944462'
LogInit: Overriding engine version to CL 4033788, compatible CL 3944462
LogInit: Registered custom module enumerator with build ID '3944462'
LogTaskGraph: Started task graph with 5 named threads and 23 total threads with 3 sets of task threads.
LogStats: Stats thread started at 4.822863
LogD3D11RHI: Aftermath initialized
LogICUInternationalization: Display: ICU TimeZone Detection - Raw Offset: -7:00, Platform Override: ''
LogModuleManager: Display: Found up-to-date module file ../../../Engine/Plugins/FMODStudio/Binaries/Win64/UE4Editor-FMODStudio.dll (API version 3944462).
LogModuleManager: Display: Found up-to-date module file ../../../Engine/Plugins/FMODStudio/Binaries/Win64/UE4Editor-FMODStudioEditor.dll (API version 3944462).
LogModuleManager: Display: Found up-to-date module file ../../../Engine/Plugins/2D/Paper2D/Binaries/Win64/UE4Editor-Paper2D.dll (API version 3944462).
LogModuleManager: Display: Found up-to-date module file ../../../Engine/Plugins/2D/Paper2D/Binaries/Win64/UE4Editor-Paper2DEditor.dll (API version 3944462).
LogModuleManager: Display: Found up-to-date module file ../../../Engine/Plugins/2D/Paper2D/Binaries/Win64/UE4Editor-PaperSpriteSheetImporter.dll (API version 3944462).
LogModuleManager: Display: Found up-to-date module file ../../../Engine/Plugins/2D/Paper2D/Binaries/Win64/UE4Editor-PaperTiledImporter.dll (API version 3944462).
LogModuleManager: Display: Found up-to-date module file ../../../Engine/Plugins/2D/Paper2D/Binaries/Win64/UE4Editor-SmartSnapping.dll (API version 3944462).
LogModuleManager: Display: Found up-to-date module file ../../../Engine/Plugins/Blendables/LightPropagationVolume/Binaries/Win64/UE4Editor-LightPropagationVolumeRuntime.dll (API version 3944462).
LogModuleManager: Display: Found up-to-date module file ../../../Engine/Plugins/Blendables/LightPropagationVolume/Binaries/Win64/UE4Editor-LightPropagationVolumeEditor.dll (API version 3944462).
LogModuleManager: Display: Found up-to-date module file ../../../Engine/Plugins/Developer/CLionSourceCodeAccess/Binaries/Win64/UE4Editor-CLionSourceCodeAccess.dll (API version 3944462).
LogModuleManager: Display: Found up-to-date module file ../../../Engine/Plugins/Developer/GitSourceControl/Binaries/Win64/UE4Editor-GitSourceControl.dll (API version 3944462).
LogModuleManager: Display: Found up-to-date module file ../../../Engine/Plugins/Developer/PerforceSourceControl/Binaries/Win64/UE4Editor-PerforceSourceControl.dll (API version 3944462).
LogModuleManager: Display: Found up-to-date module file ../../../Engine/Plugins/Developer/SubversionSourceControl/Binaries/Win64/UE4Editor-SubversionSourceControl.dll (API version 3944462).
LogModuleManager: Display: Found up-to-date module file ../../../Engine/Plugins/Developer/UObjectPlugin/Binaries/Win64/UE4Editor-UObjectPlugin.dll (API version 3944462).
LogModuleManager: Display: Found up-to-date module file ../../../Engine/Plugins/Developer/VisualStudioCodeSourceCodeAccess/Binaries/Win64/UE4Editor-VisualStudioCodeSourceCodeAccess.dll (API version 3944462).
LogModuleManager: Display: Found up-to-date module file ../../../Engine/Plugins/Developer/VisualStudioSourceCodeAccess/Binaries/Win64/UE4Editor-VisualStudioSourceCodeAccess.dll (API version 3944462).
LogModuleManager: Display: Found up-to-date module file ../../../Engine/Plugins/Editor/AssetManagerEditor/Binaries/Win64/UE4Editor-AssetManagerEditor.dll (API version 3944462).
LogModuleManager: Display: Found up-to-date module file ../../../Engine/Plugins/Editor/CryptoKeys/Binaries/Win64/UE4Editor-CryptoKeys.dll (API version 3944462).
LogModuleManager: Display: Found up-to-date module file ../../../Engine/Plugins/Editor/CryptoKeys/Binaries/Win64/UE4Editor-CryptoKeysOpenSSL.dll (API version 3944462).
LogModuleManager: Display: Found up-to-date module file ../../../Engine/Plugins/Editor/DataValidation/Binaries/Win64/UE4Editor-DataValidation.dll (API version 3944462).
LogModuleManager: Display: Found up-to-date module file ../../../Engine/Plugins/Editor/FacialAnimation/Binaries/Win64/UE4Editor-FacialAnimation.dll (API version 3944462).
LogModuleManager: Display: Found up-to-date module file ../../../Engine/Plugins/Editor/FacialAnimation/Binaries/Win64/UE4Editor-FacialAnimationEditor.dll (API version 3944462).
LogModuleManager: Display: Found up-to-date module file ../../../Engine/Plugins/Editor/GameplayTagsEditor/Binaries/Win64/UE4Editor-GameplayTagsEditor.dll (API version 3944462).
LogModuleManager: Display: Found up-to-date module file ../../../Engine/Plugins/Editor/MobileLauncherProfileWizard/Binaries/Win64/UE4Editor-MobileLauncherProfileWizard.dll (API version 3944462).
LogModuleManager: Display: Found up-to-date module file ../../../Engine/Plugins/Editor/PluginBrowser/Binaries/Win64/UE4Editor-PluginBrowser.dll (API version 3944462).
LogModuleManager: Display: Found up-to-date module file ../../../Engine/Plugins/Editor/SpeedTreeImporter/Binaries/Win64/UE4Editor-SpeedTreeImporter.dll (API version 3944462).
LogModuleManager: Display: Found up-to-date module file ../../../Engine/Plugins/Enterprise/DatasmithContent/Binaries/Win64/UE4Editor-DatasmithContent.dll (API version 3944462).
LogModuleManager: Display: Found up-to-date module file ../../../Engine/Plugins/Experimental/AlembicImporter/Binaries/Win64/UE4Editor-AlembicImporter.dll (API version 3944462).
LogModuleManager: Display: Found up-to-date module file ../../../Engine/Plugins/Experimental/AlembicImporter/Binaries/Win64/UE4Editor-AlembicLibrary.dll (API version 3944462).
LogModuleManager: Display: Found up-to-date module file ../../../Engine/Plugins/Experimental/CharacterAI/Binaries/Win64/UE4Editor-CharacterAI.dll (API version 3944462).
LogModuleManager: Display: Found up-to-date module file ../../../Engine/Plugins/Experimental/HTML5Networking/Binaries/Win64/UE4Editor-HTML5Networking.dll (API version 3944462).
LogModuleManager: Display: Found up-to-date module file ../../../Engine/Plugins/Media/AndroidMedia/Binaries/Win64/UE4Editor-AndroidMediaEditor.dll (API version 3944462).
LogModuleManager: Display: Found up-to-date module file ../../../Engine/Plugins/Media/AndroidMedia/Binaries/Win64/UE4Editor-AndroidMediaFactory.dll (API version 3944462).
LogModuleManager: Display: Found up-to-date module file ../../../Engine/Plugins/Media/AvfMedia/Binaries/Win64/UE4Editor-AvfMediaEditor.dll (API version 3944462).
LogModuleManager: Display: Found up-to-date module file ../../../Engine/Plugins/Media/AvfMedia/Binaries/Win64/UE4Editor-AvfMediaFactory.dll (API version 3944462).
LogModuleManager: Display: Found up-to-date module file ../../../Engine/Plugins/Media/AvfMedia/Binaries/Win64/UE4Editor-AvfMediaFactory.dll (API version 3944462).
LogModuleManager: Display: Found up-to-date module file ../../../Engine/Plugins/Media/ImgMedia/Binaries/Win64/UE4Editor-ImgMedia.dll (API version 3944462).
LogModuleManager: Display: Found up-to-date module file ../../../Engine/Plugins/Media/ImgMedia/Binaries/Win64/UE4Editor-ImgMediaEditor.dll (API version 3944462).
LogModuleManager: Display: Found up-to-date module file ../../../Engine/Plugins/Media/ImgMedia/Binaries/Win64/UE4Editor-ImgMediaFactory.dll (API version 3944462).
LogModuleManager: Display: Found up-to-date module file ../../../Engine/Plugins/Media/ImgMedia/Binaries/Win64/UE4Editor-ImgMediaFactory.dll (API version 3944462).
LogModuleManager: Display: Found up-to-date module file ../../../Engine/Plugins/Media/ImgMedia/Binaries/Win64/UE4Editor-OpenExrWrapper.dll (API version 3944462).
LogModuleManager: Display: Found up-to-date module file ../../../Engine/Plugins/Media/LinearTimecode/Binaries/Win64/UE4Editor-LinearTimecode.dll (API version 3944462).
LogModuleManager: Display: Found up-to-date module file ../../../Engine/Plugins/Media/MediaCompositing/Binaries/Win64/UE4Editor-MediaCompositing.dll (API version 3944462).
LogModuleManager: Display: Found up-to-date module file ../../../Engine/Plugins/Media/MediaCompositing/Binaries/Win64/UE4Editor-MediaCompositingEditor.dll (API version 3944462).
LogModuleManager: Display: Found up-to-date module file ../../../Engine/Plugins/Media/MediaPlayerEditor/Binaries/Win64/UE4Editor-MediaPlayerEditor.dll (API version 3944462).
LogModuleManager: Display: Found up-to-date module file ../../../Engine/Plugins/Media/WmfMedia/Binaries/Win64/UE4Editor-WmfMedia.dll (API version 3944462).
LogModuleManager: Display: Found up-to-date module file ../../../Engine/Plugins/Media/WmfMedia/Binaries/Win64/UE4Editor-WmfMediaEditor.dll (API version 3944462).
LogModuleManager: Display: Found up-to-date module file ../../../Engine/Plugins/Media/WmfMedia/Binaries/Win64/UE4Editor-WmfMediaFactory.dll (API version 3944462).
LogModuleManager: Display: Found up-to-date module file ../../../Engine/Plugins/Media/WmfMedia/Binaries/Win64/UE4Editor-WmfMediaFactory.dll (API version 3944462).
LogModuleManager: Display: Found up-to-date module file ../../../Engine/Plugins/Messaging/TcpMessaging/Binaries/Win64/UE4Editor-TcpMessaging.dll (API version 3944462).
LogModuleManager: Display: Found up-to-date module file ../../../Engine/Plugins/Messaging/UdpMessaging/Binaries/Win64/UE4Editor-UdpMessaging.dll (API version 3944462).
LogModuleManager: Display: Found up-to-date module file ../../../Engine/Plugins/MovieScene/ActorSequence/Binaries/Win64/UE4Editor-ActorSequence.dll (API version 3944462).
LogModuleManager: Display: Found up-to-date module file ../../../Engine/Plugins/MovieScene/LevelSequenceEditor/Binaries/Win64/UE4Editor-LevelSequenceEditor.dll (API version 3944462).
LogModuleManager: Display: Found up-to-date module file ../../../Engine/Plugins/MovieScene/MatineeToLevelSequence/Binaries/Win64/UE4Editor-MatineeToLevelSequence.dll (API version 3944462).
LogModuleManager: Display: Found up-to-date module file ../../../Engine/Plugins/NetcodeUnitTest/NetcodeUnitTest/Binaries/Win64/UE4Editor-NetcodeUnitTest.dll (API version 3944462).
LogModuleManager: Display: Found up-to-date module file ../../../Engine/Plugins/NetcodeUnitTest/NUTUnrealEngine4/Binaries/Win64/UE4Editor-NUTUnrealEngine4.dll (API version 3944462).
LogModuleManager: Display: Found up-to-date module file ../../../Engine/Plugins/Online/OnlineSubsystem/Binaries/Win64/UE4Editor-OnlineSubsystem.dll (API version 3944462).
LogModuleManager: Display: Found up-to-date module file ../../../Engine/Plugins/Runtime/AndroidPermission/Binaries/Win64/UE4Editor-AndroidPermission.dll (API version 3944462).
LogModuleManager: Display: Found up-to-date module file ../../../Engine/Plugins/Online/OnlineSubsystemNull/Binaries/Win64/UE4Editor-OnlineSubsystemNull.dll (API version 3944462).
LogModuleManager: Display: Found up-to-date module file ../../../Engine/Plugins/Online/OnlineSubsystemUtils/Binaries/Win64/UE4Editor-OnlineSubsystemUtils.dll (API version 3944462).
LogModuleManager: Display: Found up-to-date module file ../../../Engine/Plugins/Online/OnlineSubsystemUtils/Binaries/Win64/UE4Editor-OnlineBlueprintSupport.dll (API version 3944462).
LogModuleManager: Display: Found up-to-date module file ../../../Engine/Plugins/Runtime/AndroidDeviceProfileSelector/Binaries/Win64/UE4Editor-AndroidDeviceProfileSelector.dll (API version 3944462).
LogModuleManager: Display: Found up-to-date module file ../../../Engine/Plugins/Runtime/AppleARKit/Binaries/Win64/UE4Editor-AppleARKit.dll (API version 3944462).
LogModuleManager: Display: Found up-to-date module file ../../../Engine/Plugins/Runtime/ProceduralMeshComponent/Binaries/Win64/UE4Editor-ProceduralMeshComponent.dll (API version 3944462).
LogModuleManager: Display: Found up-to-date module file ../../../Engine/Plugins/Runtime/ProceduralMeshComponent/Binaries/Win64/UE4Editor-ProceduralMeshComponentEditor.dll (API version 3944462).
LogModuleManager: Display: Found up-to-date module file ../../../Engine/Plugins/Animation/LiveLink/Binaries/Win64/UE4Editor-LiveLink.dll (API version 3944462).
LogModuleManager: Display: Found up-to-date module file ../../../Engine/Plugins/Animation/LiveLink/Binaries/Win64/UE4Editor-LiveLinkEditor.dll (API version 3944462).
LogModuleManager: Display: Found up-to-date module file ../../../Engine/Plugins/Runtime/ArchVisCharacter/Binaries/Win64/UE4Editor-ArchVisCharacter.dll (API version 3944462).
LogModuleManager: Display: Found up-to-date module file ../../../Engine/Plugins/Runtime/AudioCapture/Binaries/Win64/UE4Editor-AudioCapture.dll (API version 3944462).
LogModuleManager: Display: Found up-to-date module file ../../../Engine/Plugins/Runtime/AudioCapture/Binaries/Win64/UE4Editor-AudioCaptureEditor.dll (API version 3944462).
LogModuleManager: Display: Found up-to-date module file ../../../Engine/Plugins/Runtime/CableComponent/Binaries/Win64/UE4Editor-CableComponent.dll (API version 3944462).
LogModuleManager: Display: Found up-to-date module file ../../../Engine/Plugins/Runtime/CustomMeshComponent/Binaries/Win64/UE4Editor-CustomMeshComponent.dll (API version 3944462).
LogModuleManager: Display: Found up-to-date module file ../../../Engine/Plugins/Runtime/ExampleDeviceProfileSelector/Binaries/Win64/UE4Editor-ExampleDeviceProfileSelector.dll (API version 3944462).
LogModuleManager: Display: Found up-to-date module file ../../../Engine/Plugins/Runtime/ImmediatePhysics/Binaries/Win64/UE4Editor-ImmediatePhysics.dll (API version 3944462).
LogModuleManager: Display: Found up-to-date module file ../../../Engine/Plugins/Runtime/ImmediatePhysics/Binaries/Win64/UE4Editor-ImmediatePhysicsEditor.dll (API version 3944462).
LogModuleManager: Display: Found up-to-date module file ../../../Engine/Plugins/Runtime/LocationServicesBPLibrary/Binaries/Win64/UE4Editor-LocationServicesBPLibrary.dll (API version 3944462).
LogModuleManager: Display: Found up-to-date module file ../../../Engine/Plugins/Runtime/MobilePatchingUtils/Binaries/Win64/UE4Editor-MobilePatchingUtils.dll (API version 3944462).
LogModuleManager: Display: Found up-to-date module file ../../../Engine/Plugins/Runtime/Oculus/OculusVR/Binaries/Win64/UE4Editor-OculusHMD.dll (API version 3944462).
LogModuleManager: Display: Found up-to-date module file ../../../Engine/Plugins/Runtime/Oculus/OculusVR/Binaries/Win64/UE4Editor-OculusInput.dll (API version 3944462).
LogModuleManager: Display: Found up-to-date module file ../../../Engine/Plugins/Runtime/Oculus/OculusVR/Binaries/Win64/UE4Editor-OculusEditor.dll (API version 3944462).
LogModuleManager: Display: Found up-to-date module file ../../../Engine/Plugins/Runtime/PhysXVehicles/Binaries/Win64/UE4Editor-PhysXVehicles.dll (API version 3944462).
LogModuleManager: Display: Found up-to-date module file ../../../Engine/Plugins/Runtime/PhysXVehicles/Binaries/Win64/UE4Editor-PhysXVehiclesEditor.dll (API version 3944462).
LogModuleManager: Display: Found up-to-date module file ../../../Engine/Plugins/Runtime/RuntimePhysXCooking/Binaries/Win64/UE4Editor-RuntimePhysXCooking.dll (API version 3944462).
LogModuleManager: Display: Found up-to-date module file ../../../Engine/Plugins/Runtime/Steam/SteamVR/Binaries/Win64/UE4Editor-SteamVR.dll (API version 3944462).
LogModuleManager: Display: Found up-to-date module file ../../../Engine/Plugins/Runtime/Steam/SteamVR/Binaries/Win64/UE4Editor-SteamVRController.dll (API version 3944462).
LogModuleManager: Display: Found up-to-date module file ../../../Engine/Plugins/Runtime/WindowsMoviePlayer/Binaries/Win64/UE4Editor-WindowsMoviePlayer.dll (API version 3944462).
LogPluginManager: Mounting plugin Paper2D
LogPluginManager: Mounting plugin LiveLink
LogPluginManager: Mounting plugin LightPropagationVolume
LogPluginManager: Mounting plugin CLionSourceCodeAccess
LogPluginManager: Mounting plugin CodeLiteSourceCodeAccess
LogPluginManager: Mounting plugin GitSourceControl
LogPluginManager: Mounting plugin KDevelopSourceCodeAccess
LogPluginManager: Mounting plugin NullSourceCodeAccess
LogPluginManager: Mounting plugin PerforceSourceControl
LogPluginManager: Mounting plugin SubversionSourceControl
LogPluginManager: Mounting plugin UObjectPlugin
LogPluginManager: Mounting plugin VisualStudioCodeSourceCodeAccess
LogPluginManager: Mounting plugin VisualStudioSourceCodeAccess
LogPluginManager: Mounting plugin XCodeSourceCodeAccess
LogPluginManager: Mounting plugin AssetManagerEditor
LogPluginManager: Mounting plugin CryptoKeys
LogPluginManager: Mounting plugin DataValidation
LogPluginManager: Mounting plugin FacialAnimation
LogPluginManager: Mounting plugin GameplayTagsEditor
LogPluginManager: Mounting plugin MobileLauncherProfileWizard
LogPluginManager: Mounting plugin PluginBrowser
LogPluginManager: Mounting plugin SpeedTreeImporter
LogPluginManager: Mounting plugin DatasmithContent
LogPluginManager: Mounting plugin AlembicImporter
LogPluginManager: Mounting plugin CharacterAI
LogPluginManager: Mounting plugin HTML5Networking
LogPluginManager: Mounting plugin FMODStudio
LogPluginManager: Mounting plugin AndroidMedia
LogPluginManager: Mounting plugin AvfMedia
LogPluginManager: Mounting plugin ImgMedia
LogPluginManager: Mounting plugin LinearTimecode
LogPluginManager: Mounting plugin MediaCompositing
LogPluginManager: Mounting plugin MediaPlayerEditor
LogPluginManager: Mounting plugin WmfMedia
LogPluginManager: Mounting plugin TcpMessaging
LogPluginManager: Mounting plugin UdpMessaging
LogPluginManager: Mounting plugin ActorSequence
LogPluginManager: Mounting plugin LevelSequenceEditor
LogPluginManager: Mounting plugin MatineeToLevelSequence
LogPluginManager: Mounting plugin NetcodeUnitTest
LogPluginManager: Mounting plugin NUTUnrealEngine4
LogPluginManager: Mounting plugin OnlineSubsystemGooglePlay
LogPluginManager: Mounting plugin OnlineSubsystemIOS
LogPluginManager: Mounting plugin OnlineSubsystem
LogPluginManager: Mounting plugin OnlineSubsystemNull
LogPluginManager: Mounting plugin OnlineSubsystemUtils
LogPluginManager: Mounting plugin AndroidDeviceProfileSelector
LogPluginManager: Mounting plugin AndroidMoviePlayer
LogPluginManager: Mounting plugin AndroidPermission
LogPluginManager: Mounting plugin AppleARKit
LogPluginManager: Mounting plugin AppleMoviePlayer
LogPluginManager: Mounting plugin ArchVisCharacter
LogPluginManager: Mounting plugin AudioCapture
LogPluginManager: Mounting plugin CableComponent
LogPluginManager: Mounting plugin CustomMeshComponent
LogPluginManager: Mounting plugin ExampleDeviceProfileSelector
LogPluginManager: Mounting plugin GoogleCloudMessaging
LogPluginManager: Mounting plugin ImmediatePhysics
LogPluginManager: Mounting plugin IOSDeviceProfileSelector
LogPluginManager: Mounting plugin LinuxDeviceProfileSelector
LogPluginManager: Mounting plugin LocationServicesBPLibrary
LogPluginManager: Mounting plugin MobilePatchingUtils
LogPluginManager: Mounting plugin OculusVR
LogPluginManager: Plugin shader directory ../../../Engine/Plugins/Runtime/Oculus/OculusVR/Shaders found
LogPluginManager: Mapping shader source directory ../../../Engine/Plugins/Runtime/Oculus/OculusVR/Shaders to virtual directory /Plugin/OculusVR
LogPluginManager: Mounting plugin PhysXVehicles
LogPluginManager: Mounting plugin ProceduralMeshComponent
LogPluginManager: Mounting plugin RuntimePhysXCooking
LogPluginManager: Mounting plugin SteamVR
LogPluginManager: Mounting plugin WindowsMoviePlayer
LogStreaming: Display: Took  3.000s to configure plugins.
LogInit: Using libcurl 7.47.1
LogInit:  - built for x86_64-pc-win32
LogInit:  - supports SSL with OpenSSL/1.0.2g
LogInit:  - supports HTTP deflate (compression) using libz 1.2.8
LogInit:  - other features:
LogInit:      CURL_VERSION_SSL
LogInit:      CURL_VERSION_LIBZ
LogInit:      CURL_VERSION_IPV6
LogInit:      CURL_VERSION_ASYNCHDNS
LogInit:      CURL_VERSION_LARGEFILE
LogInit:      CURL_VERSION_IDN
LogInit:  CurlRequestOptions (configurable via config and command line):
LogInit:  - bVerifyPeer = false  - Libcurl will NOT verify peer certificate
LogInit:  - bUseHttpProxy = false  - Libcurl will NOT use HTTP proxy
LogInit:  - bDontReuseConnections = false  - Libcurl will reuse connections
LogInit:  - CertBundlePath = nullptr  - Libcurl will use whatever was configured at build time.
LogInit:  - MaxHostConnections = 16  - Libcurl will limit the number of connections to a host
LogInit:  - LocalHostAddr = Default
LogInit: WinSock: version 1.1 (2.2), MaxSocks=32767, MaxUdp=65467
LogInit: WinSock: I am DESKTOP-ISE73MF (192.168.1.70:0)
LogInit: Build: ++UE4+Release-4.19-CL-4033788
LogInit: Engine Version: 4.19.2-4033788+++UE4+Release-4.19
LogInit: Compatible Engine Version: 4.19.0-3944462+++UE4+Release-4.19
LogInit: Net CL: 3944462
LogDevObjectVersion: Number of dev versions registered: 18
LogDevObjectVersion:   Dev-Blueprints (B0D832E4-1F89-4F0D-ACCF-7EB736FD4AA2): 10
LogDevObjectVersion:   Dev-Build (E1C64328-A22C-4D53-A36C-8E866417BD8C): 0
LogDevObjectVersion:   Dev-Core (375EC13C-06E4-48FB-B500-84F0262A717E): 2
LogDevObjectVersion:   Dev-Editor (E4B068ED-F494-42E9-A231-DA0B2E46BB41): 23
LogDevObjectVersion:   Dev-Framework (CFFC743F-43B0-4480-9391-14DF171D2073): 33
LogDevObjectVersion:   Dev-Mobile (B02B49B5-BB20-44E9-A304-32B752E40360): 2
LogDevObjectVersion:   Dev-Networking (A4E4105C-59A1-49B5-A7C5-40C4547EDFEE): 0
LogDevObjectVersion:   Dev-Online (39C831C9-5AE6-47DC-9A44-9C173E1C8E7C): 0
LogDevObjectVersion:   Dev-Physics (78F01B33-EBEA-4F98-B9B4-84EACCB95AA2): 0
LogDevObjectVersion:   Dev-Platform (6631380F-2D4D-43E0-8009-CF276956A95A): 0
LogDevObjectVersion:   Dev-Rendering (12F88B9F-8875-4AFC-A67C-D90C383ABD29): 25
LogDevObjectVersion:   Dev-Sequencer (7B5AE74C-D270-4C10-A958-57980B212A5A): 6
LogDevObjectVersion:   Dev-VR (D7296918-1DD6-4BDD-9DE2-64A83CC13884): 1
LogDevObjectVersion:   Dev-LoadTimes (C2A15278-BFE7-4AFE-6C17-90FF531DF755): 1
LogDevObjectVersion:   Private-Geometry (6EACA3D4-40EC-4CC1-B786-8BED09428FC5): 2
LogDevObjectVersion:   Dev-AnimPhys (29E575DD-E0A3-4627-9D10-D276232CDCEA): 16
LogDevObjectVersion:   Dev-ReflectionCapture (6B266CEC-1EC7-4B8F-A30B-E4D90942FC07): 1
LogDevObjectVersion:   Dev-Automation (0DF73D61-A23F-47EA-B727-89E90C41499A): 1
LogInit: Compiled (64-bit): Apr 27 2018 02:06:57
LogInit: Compiled with Visual C++: 19.00.24215.01
LogInit: Build Configuration: Development
LogInit: Branch Name: ++UE4+Release-4.19
LogInit: Command Line:  
LogInit: Base Directory: D:/Unreal Engine/Epic Games/UE_4.19/Engine/Binaries/Win64/
LogInit: Installed Engine Build: 1
LogStreaming: Display: Took  0.003s to delete old logs.
LogInit: Presizing for max 8388607 objects, including 0 objects not considered by GC, pre-allocating 0 bytes for permanent pool.
LogInit: Object subsystem initialized
[2018.05.27-18.29.36:936][  0]LogInit: Selected Device Profile: [Windows]
[2018.05.27-18.29.36:936][  0]LogInit: Applying CVar settings loaded from the selected device profile: [Windows]
[2018.05.27-18.29.37:064][  0]LogInit: Computer: DESKTOP-ISE73MF
[2018.05.27-18.29.37:064][  0]LogInit: User: AAm
[2018.05.27-18.29.37:064][  0]LogInit: CPU Page size=4096, Cores=4
[2018.05.27-18.29.37:064][  0]LogInit: High frequency timer resolution =2.531251 MHz
[2018.05.27-18.29.37:064][  0]LogMemory: Memory total: Physical=15.9GB (16GB approx)
[2018.05.27-18.29.37:065][  0]LogMemory: Platform Memory Stats for Windows
[2018.05.27-18.29.37:065][  0]LogMemory: Process Physical Memory: 278.01 MB used, 278.01 MB peak
[2018.05.27-18.29.37:065][  0]LogMemory: Process Virtual Memory: 272.91 MB used, 272.91 MB peak
[2018.05.27-18.29.37:065][  0]LogMemory: Physical Memory: 5552.07 MB used,  10767.72 MB free, 16319.79 MB total
[2018.05.27-18.29.37:065][  0]LogMemory: Virtual Memory: 706.54 MB used,  10767.72 MB free, 134217728.00 MB total
[2018.05.27-18.29.37:904][  0]LogInit: Using OS detected language (fr-CA).
[2018.05.27-18.29.37:904][  0]LogInit: Using OS detected locale (en-CA).
[2018.05.27-18.29.38:049][  0]LogTextLocalizationManager: No localization for 'fr-CA' exists, so 'en' will be used for the language.
[2018.05.27-18.29.38:939][  0]LogStreaming: Display: Took  1.013s to EndInitTextLocalization.
[2018.05.27-18.29.38:968][  0]LogInit: Setting process to per monitor DPI aware
[2018.05.27-18.29.39:470][  0]LogSlate: New Slate User Created.  User Index 0, Is Virtual User: 0
[2018.05.27-18.29.39:470][  0]LogSlate: Slate User Registered.  User Index 0, Is Virtual User: 0
[2018.05.27-18.29.40:802][  0]LogD3D11RHI: D3D11 adapters:
[2018.05.27-18.29.40:880][  0]LogD3D11RHI:    0. 'NVIDIA GeForce GTX 1060' (Feature Level 11_0)
[2018.05.27-18.29.40:880][  0]LogD3D11RHI:       6052/0/8159 MB DedicatedVideo/DedicatedSystem/SharedSystem, Outputs:1, VendorId:0x10de
[2018.05.27-18.29.40:883][  0]LogD3D11RHI:    1. 'Microsoft Basic Render Driver' (Feature Level 11_0)
[2018.05.27-18.29.40:883][  0]LogD3D11RHI:       0/0/8159 MB DedicatedVideo/DedicatedSystem/SharedSystem, Outputs:0, VendorId:0x1414
[2018.05.27-18.29.40:883][  0]LogD3D11RHI: Chosen D3D11 Adapter: 0
[2018.05.27-18.29.40:895][  0]LogD3D11RHI: Creating new Direct3DDevice
[2018.05.27-18.29.40:895][  0]LogD3D11RHI:     GPU DeviceId: 0x1c60 (for the marketing name, search the web for "GPU Device Id")
[2018.05.27-18.29.40:895][  0]LogWindows: EnumDisplayDevices:
[2018.05.27-18.29.40:896][  0]LogWindows:    0. 'NVIDIA GeForce GTX 1060' (P:1 D:1)
[2018.05.27-18.29.40:896][  0]LogWindows:    1. 'NVIDIA GeForce GTX 1060' (P:0 D:0)
[2018.05.27-18.29.40:896][  0]LogWindows:    2. 'NVIDIA GeForce GTX 1060' (P:0 D:0)
[2018.05.27-18.29.40:896][  0]LogWindows:    3. 'NVIDIA GeForce GTX 1060' (P:0 D:0)
[2018.05.27-18.29.40:896][  0]LogWindows: DebugString: GetVideoDriverDetailsInvalid PrimaryIsNotTheChoosenAdapter GetVideoDriverDetailsInvalid PrimaryIsNotTheChoosenAdapter GetVideoDriverDetailsInvalid PrimaryIsNotTheChoosenAdapter GetVideoDriverDetailsInvalid PrimaryIsNotTheChoosenAdapter FoundDriverCount:0 
[2018.05.27-18.29.40:896][  0]LogD3D11RHI:     Adapter Name: NVIDIA GeForce GTX 1060
[2018.05.27-18.29.40:896][  0]LogD3D11RHI:   Driver Version: Unknown (internal:Unknown, unified:Unknown)
[2018.05.27-18.29.40:896][  0]LogD3D11RHI:      Driver Date: Unknown
[2018.05.27-18.29.40:896][  0]LogRHI: Texture pool is 4236 MB (70% of 6052 MB)
[2018.05.27-18.29.40:946][  0]LogD3D11RHI: [Aftermath] Aftermath enabled and primed
[2018.05.27-18.29.40:946][  0]LogD3D11RHI: [Aftermath] Aftermath enabled and primed
[2018.05.27-18.29.40:946][  0]LogD3D11RHI: Async texture creation enabled
[2018.05.27-18.29.41:203][  0]LogD3D11RHI: GPU Timing Frequency: 1000.000000 (Debug: 2 2)
[2018.05.27-18.29.41:336][  0]LogShaderCompilers: Guid format shader working directory is -23 characters bigger than the processId version (C:/Users/A_A_m/OneDrive/Documents/GitHub/SheridanUnrealProjectSummer/Intermediate/Shaders/WorkingDirectory/33108/).
[2018.05.27-18.29.41:345][  0]LogShaderCompilers: Cleaned the shader compiler working directory 'C:/Users/A_A_m/AppData/Local/Temp/UnrealShaderWorkingDir/5A07AC534AA1BDD321C45EAC4B1400E7/'.
[2018.05.27-18.29.42:192][  0]LogTemp: Display: Loaded TP AllDesktopTargetPlatform
[2018.05.27-18.29.42:245][  0]LogTemp: Display: Loaded TP MacClientTargetPlatform
[2018.05.27-18.29.42:285][  0]LogTemp: Display: Loaded TP MacNoEditorTargetPlatform
[2018.05.27-18.29.42:322][  0]LogTemp: Display: Loaded TP MacServerTargetPlatform
[2018.05.27-18.29.42:384][  0]LogTemp: Display: Loaded TP MacTargetPlatform
[2018.05.27-18.29.42:417][  0]LogTemp: Display: Loaded TP WindowsClientTargetPlatform
[2018.05.27-18.29.42:448][  0]LogTemp: Display: Loaded TP WindowsNoEditorTargetPlatform
[2018.05.27-18.29.42:477][  0]LogTemp: Display: Loaded TP WindowsServerTargetPlatform
[2018.05.27-18.29.42:500][  0]LogTemp: Display: Loaded TP WindowsTargetPlatform
[2018.05.27-18.29.42:541][  0]LogTemp: Display: Loaded TP Android_ASTCTargetPlatform
[2018.05.27-18.29.42:587][  0]LogTemp: Display: Loaded TP Android_ATCTargetPlatform
[2018.05.27-18.29.42:621][  0]LogTemp: Display: Loaded TP Android_DXTTargetPlatform
[2018.05.27-18.29.42:650][  0]LogTemp: Display: Loaded TP Android_ETC1aTargetPlatform
[2018.05.27-18.29.42:681][  0]LogTemp: Display: Loaded TP Android_ETC1TargetPlatform
[2018.05.27-18.29.42:700][  0]LogTemp: Display: Loaded TP Android_ETC2TargetPlatform
[2018.05.27-18.29.42:773][  0]LogTemp: Display: Loaded TP Android_MultiTargetPlatform
[2018.05.27-18.29.42:773][  0]LogTemp: Display: Loaded TP Android_PVRTCTargetPlatform
[2018.05.27-18.29.42:815][  0]LogTemp: Display: Loaded TP AndroidTargetPlatform
[2018.05.27-18.29.42:831][  0]LogTemp: Display: Loaded TP HTML5TargetPlatform
[2018.05.27-18.29.42:960][  0]LogTemp: Display: Loaded TP IOSTargetPlatform
[2018.05.27-18.29.42:992][  0]LogTemp: Display: Loaded TP TVOSTargetPlatform
[2018.05.27-18.29.43:027][  0]LogTemp: Display: Loaded TP LinuxClientTargetPlatform
[2018.05.27-18.29.43:042][  0]LogTemp: Display: Loaded TP LinuxNoEditorTargetPlatform
[2018.05.27-18.29.43:070][  0]LogTemp: Display: Loaded TP LinuxServerTargetPlatform
[2018.05.27-18.29.43:102][  0]LogTemp: Display: Loaded TP LinuxTargetPlatform
[2018.05.27-18.29.43:102][  0]LogTargetPlatformManager: Display: Building Assets For Windows
[2018.05.27-18.29.43:893][  0]LogXGEController: Cleaning working directory: C:/Users/A_A_m/AppData/Local/Temp/UnrealXGEWorkingDir/
[2018.05.27-18.29.43:894][  0]LogXGEController: Cannot use XGE Controller as Incredibuild is not installed on this machine.
[2018.05.27-18.29.43:912][  0]LogShaderCompilers: Cannot use XGE Shader Compiler as Incredibuild is not installed on this machine.
[2018.05.27-18.29.43:912][  0]LogShaderCompilers: Display: Using Local Shader Compiler.
[2018.05.27-18.29.47:135][  0]LogDerivedDataCache: Display: Max Cache Size: 512 MB
[2018.05.27-18.29.47:608][  0]LogDerivedDataCache: Loaded boot cache 0.47s 74MB C:/Users/A_A_m/AppData/Local/UnrealEngine/4.19/DerivedDataCache/Boot.ddc.
[2018.05.27-18.29.47:608][  0]LogDerivedDataCache: Display: Loaded Boot cache: C:/Users/A_A_m/AppData/Local/UnrealEngine/4.19/DerivedDataCache/Boot.ddc
[2018.05.27-18.29.47:608][  0]LogDerivedDataCache: FDerivedDataBackendGraph:  Pak pak cache file C:/Users/A_A_m/OneDrive/Documents/GitHub/SheridanUnrealProjectSummer/DerivedDataCache/DDC.ddp not found, will not use a pak cache.
[2018.05.27-18.29.47:608][  0]LogDerivedDataCache: Unable to find inner node Pak for hierarchical cache Hierarchy.
[2018.05.27-18.29.47:608][  0]LogDerivedDataCache: FDerivedDataBackendGraph:  CompressedPak pak cache file C:/Users/A_A_m/OneDrive/Documents/GitHub/SheridanUnrealProjectSummer/DerivedDataCache/Compressed.ddp not found, will not use a pak cache.
[2018.05.27-18.29.47:608][  0]LogDerivedDataCache: Unable to find inner node CompressedPak for hierarchical cache Hierarchy.
[2018.05.27-18.29.47:685][  0]LogDerivedDataCache: Display: Pak cache opened for reading ../../../Engine/DerivedDataCache/Compressed.ddp.
[2018.05.27-18.29.47:700][  0]LogDerivedDataCache: Using Local data cache path C:/Users/A_A_m/AppData/Local/UnrealEngine/Common/DerivedDataCache: Writable
[2018.05.27-18.29.47:700][  0]LogDerivedDataCache: Shared data cache path not found in *engine.ini, will not use an Shared cache.
[2018.05.27-18.29.47:700][  0]LogDerivedDataCache: Unable to find inner node Shared for hierarchical cache Hierarchy.
[2018.05.27-18.29.47:768][  0]LogMaterial: Verifying Global Shaders for PCD3D_SM5
[2018.05.27-18.29.47:826][  0]LogSlate: Using Freetype 2.6.0
[2018.05.27-18.29.47:901][  0]LogSlate: SlateFontCache - WITH_FREETYPE: 1, WITH_HARFBUZZ: 1
[2018.05.27-18.29.47:901][  0]LogSlate: SlateFontCache - WITH_FREETYPE: 1, WITH_HARFBUZZ: 1
[2018.05.27-18.29.52:684][  0]LogAssetRegistry: FAssetRegistry took 0.0329 seconds to start up
[2018.05.27-18.29.54:829][  0]LogInit: Selected Device Profile: [Windows]
[2018.05.27-18.29.56:188][  0]LogSimplygon: Simplygon DLL not present - disabling.
[2018.05.27-18.29.56:217][  0]LogMeshReduction: Using SimplygonSwarm for distributed automatic mesh merging
[2018.05.27-18.29.56:218][  0]LogMeshReduction: Using QuadricMeshReduction for automatic static mesh reduction
[2018.05.27-18.29.56:218][  0]LogMeshReduction: No automatic skeletal mesh reduction module available
[2018.05.27-18.29.56:218][  0]LogMeshReduction: No automatic mesh merging module available
[2018.05.27-18.29.56:218][  0]LogMeshMerging: No automatic mesh merging module available
[2018.05.27-18.29.56:618][  0]LogNetVersion: MyProject2 , NetCL: 3944462, EngineNetVer: 2, GameNetVer: 0 (Checksum: 607132587)
[2018.05.27-18.30.00:891][  0]LogPackageLocalizationCache: Processed 10 localized package path(s) for 1 prioritized culture(s) in 0.120740 seconds
[2018.05.27-18.30.00:909][  0]LogUObjectArray: 36728 objects as part of root set at end of initial load.
[2018.05.27-18.30.00:909][  0]LogUObjectAllocator: 7314304 out of 0 bytes used by permanent object pool.
[2018.05.27-18.30.00:909][  0]LogUObjectArray: CloseDisregardForGC: 0/0 objects in disregard for GC pool
[2018.05.27-18.30.29:077][  0]LogFMOD: FFMODStudioModule startup
[2018.05.27-18.30.29:077][  0]LogFMOD:  Lib path = '../../../Engine/Plugins/FMODStudio/Binaries'
[2018.05.27-18.30.29:077][  0]LogFMOD: FFMODStudioModule::LoadDll: Loading ../../../Engine/Plugins/FMODStudio/Binaries/Win64/fmodL64.dll
[2018.05.27-18.30.29:145][  0]LogFMOD: FFMODStudioModule::LoadDll: Loading ../../../Engine/Plugins/FMODStudio/Binaries/Win64/fmodstudioL64.dll
[2018.05.27-18.30.29:280][  0]LogFMOD: Loading strings bank: C:/Users/A_A_m/OneDrive/Documents/GitHub/SheridanUnrealProjectSummer/Content/FMOD/Desktop/Master Bank.strings.bank
[2018.05.27-18.30.29:284][  0]LogFMOD: Error: f:\jk\workspace\1.10_UE4.19_Win64\studio_api\src\fmod_bankmodel.cpp(163) - Failed to open file 'C:/Users/A_A_m/OneDrive/Documents/GitHub/SheridanUnrealProjectSummer/Content/FMOD/Desktop/Master Bank.strings.bank'

[2018.05.27-18.30.29:284][  0]LogFMOD: Warning: Failed to load strings bank: C:/Users/A_A_m/OneDrive/Documents/GitHub/SheridanUnrealProjectSummer/Content/FMOD/Desktop/Master Bank.strings.bank
[2018.05.27-18.30.29:288][  0]LogFMOD: Default sample rate = 48000
[2018.05.27-18.30.29:289][  0]LogFMOD: System sample rate = 48000
[2018.05.27-18.30.29:289][  0]LogFMOD: Matching system sample rate 48000
[2018.05.27-18.30.29:462][  0]LogFMOD: Default sample rate = 48000
[2018.05.27-18.30.29:462][  0]LogFMOD: System sample rate = 48000
[2018.05.27-18.30.29:462][  0]LogFMOD: Matching system sample rate 48000
[2018.05.27-18.30.29:561][  0]LogTcpMessaging: Initializing TcpMessaging bridge
[2018.05.27-18.30.29:614][  0]LogUdpMessaging: Initializing bridge on interface 0.0.0.0:0 to multicast group 230.0.0.1:6666.
[2018.05.27-18.30.30:794][  0]SourceControl: Source control is disabled
[2018.05.27-18.30.30:794][  0]SourceControl: Source control is disabled
[2018.05.27-18.30.30:894][  0]SourceControl: Source control is disabled
[2018.05.27-18.30.30:937][  0]SourceControl: Source control is disabled
[2018.05.27-18.30.31:801][  0]LogFMOD: FFMODStudioEditorModule startup
[2018.05.27-18.30.32:547][  0]LogAndroidPermission: UAndroidPermissionCallbackProxy::GetInstance
[2018.05.27-18.30.32:848][  0]LogOcInput: OculusInput pre-init called
[2018.05.27-18.30.33:526][  0]LogEngine: Initializing Engine...
[2018.05.27-18.30.33:549][  0]LogHMD: Failed to initialize OpenVR with code 110
[2018.05.27-18.30.33:574][  0]LogStats: UGameplayTagsManager::ConstructGameplayTagTree: Construct from data asset -  0.000 s
[2018.05.27-18.30.33:574][  0]LogStats: UGameplayTagsManager::ConstructGameplayTagTree: GameplayTagTreeChangedEvent.Broadcast -  0.000 s
[2018.05.27-18.30.34:888][  0]LogAIModule: Creating AISystem for world Untitled
[2018.05.27-18.30.34:983][  0]LogInit: XAudio2 using 'Speakers (Realtek High Definition Audio)' : 2 channels at 48 kHz using 32 bits per sample (channel mask 0x3)
[2018.05.27-18.30.35:057][  0]LogInit: FAudioDevice initialized.
[2018.05.27-18.30.35:156][  0]LogDerivedDataCache: Saved boot cache 0.10s 74MB C:/Users/A_A_m/AppData/Local/UnrealEngine/4.19/DerivedDataCache/Boot.ddc.
[2018.05.27-18.30.35:178][  0]LogInit: Texture streaming: Enabled
[2018.05.27-18.30.35:329][  0]LogEngineSessionManager: EngineSessionManager initialized
[2018.05.27-18.30.35:501][  0]LogInit: Transaction tracking system initialized
[2018.05.27-18.30.35:906][  0]BlueprintLog: New page: Editor Load
[2018.05.27-18.30.37:058][  0]LocalizationService: Localization service is disabled
[2018.05.27-18.30.37:535][  0]LogLinker: Warning: Can't find file '/Game/DENT/CreateDestructibleMesh'
[2018.05.27-18.30.37:548][  0]LogLinker: Warning: Can't find file '/Game/DENT/CreateDestructibleMesh'
[2018.05.27-18.30.37:548][  0]LogUObjectGlobals: Warning: Failed to find object 'Class /Game/DENT/CreateDestructibleMesh.CreateDestructibleMesh_C'
[2018.05.27-18.30.37:548][  0]LogLinker: Warning: Can't find file '/Game/DENT/AddDestructibleMeshToDENT'
[2018.05.27-18.30.37:549][  0]LogLinker: Warning: Can't find file '/Game/DENT/AddDestructibleMeshToDENT'
[2018.05.27-18.30.37:549][  0]LogUObjectGlobals: Warning: Failed to find object 'Class /Game/DENT/AddDestructibleMeshToDENT.AddDestructibleMeshToDENT_C'
[2018.05.27-18.30.37:850][  0]LogConsoleResponse: Display: 
[2018.05.27-18.30.39:389][  0]LogCook: Display: Max memory allowance for cook 16384mb min free memory 0mb
[2018.05.27-18.30.39:389][  0]LogCook: Display: Mobile HDR setting 1
[2018.05.27-18.30.39:389][  0]LogGameplayTags: Display: UGameplayTagsManager::DoneAddingNativeTags. DelegateIsBound: 0
[2018.05.27-18.30.39:389][  0]LogStats: UGameplayTagsManager::ConstructGameplayTagTree: Construct from data asset -  0.000 s
[2018.05.27-18.30.39:389][  0]LogStats: UGameplayTagsManager::ConstructGameplayTagTree: GameplayTagTreeChangedEvent.Broadcast -  0.000 s
[2018.05.27-18.30.39:916][  0]LogFileCache: Scanning file cache for directory 'C:/Users/A_A_m/OneDrive/Documents/GitHub/SheridanUnrealProjectSummer/Content/' took 0.03s
[2018.05.27-18.30.41:721][  0]SourceControl: Source control is disabled
[2018.05.27-18.30.41:777][  0]Cmd: MAP LOAD FILE="C:/Users/A_A_m/OneDrive/Documents/GitHub/SheridanUnrealProjectSummer/Content/ThirdPersonBP/Maps/ThirdPersonExampleMap.umap" TEMPLATE=0 SHOWPROGRESS=1 FEATURELEVEL=3
[2018.05.27-18.30.41:800][  0]LightingResults: New page: Lighting Build
[2018.05.27-18.30.41:929][  0]MapCheck: New page: Map Check
[2018.05.27-18.30.41:929][  0]LightingResults: New page: Lighting Build
[2018.05.27-18.30.42:984][  0]LogUObjectGlobals: Created PersistentFrame Addr=0x000001e67c195d30, Size=12, Default__Enemy_C Function /Game/ThirdPersonBP/Blueprints/Enemy.Enemy_C:ExecuteUbergraph_Enemy
[2018.05.27-18.30.43:010][  0]LogUObjectGlobals: Destroyed PersistentFrame Addr=0x000001e67c195d30, Size=12
[2018.05.27-18.30.43:010][  0]LogUObjectGlobals: Created PersistentFrame Addr=0x000001e67c195d30, Size=12, Default__Enemy_C Function /Engine/Transient.REINST_Enemy_C_5:ExecuteUbergraph_Enemy
[2018.05.27-18.30.43:014][  0]LogUObjectGlobals: Created PersistentFrame Addr=0x000001e67c196480, Size=12, Default__Enemy_C Function /Game/ThirdPersonBP/Blueprints/Enemy.Enemy_C:ExecuteUbergraph_Enemy
[2018.05.27-18.30.43:769][  0]LogAIModule: Creating AISystem for world ThirdPersonExampleMap
[2018.05.27-18.30.44:289][  0]LogEditorServer: Finished looking for orphan Actors (0.000 secs)
[2018.05.27-18.30.44:400][  0]LogUObjectGlobals: Destroyed PersistentFrame Addr=0x000001e67c195d30, Size=12
[2018.05.27-18.30.44:441][  0]Cmd: MAP CHECKDEP NOCLEARLOG
[2018.05.27-18.30.44:586][  0]MapCheck: Map check complete: 0 Error(s), 0 Warning(s), took 143.893ms to complete.
[2018.05.27-18.30.44:586][  0]LogFileHelpers: Loading map 'ThirdPersonExampleMap' took 2.823
[2018.05.27-18.30.45:389][  0]LogWindowsTextInputMethodSystem: Display: IME system now deactivated.
[2018.05.27-18.30.46:119][  0]LogCollectionManager: Loaded 0 collections in 0.003812 seconds
[2018.05.27-18.30.46:266][  0]LogFileCache: Scanning file cache for directory 'C:/Users/A_A_m/OneDrive/Documents/GitHub/SheridanUnrealProjectSummer/Saved/Collections/' took 0.01s
[2018.05.27-18.30.46:266][  0]LogFileCache: Scanning file cache for directory 'C:/Users/A_A_m/OneDrive/Documents/GitHub/SheridanUnrealProjectSummer/Content/Developers/AAm/Collections/' took 0.01s
[2018.05.27-18.30.46:266][  0]LogFileCache: Scanning file cache for directory 'C:/Users/A_A_m/OneDrive/Documents/GitHub/SheridanUnrealProjectSummer/Content/Collections/' took 0.01s
[2018.05.27-18.30.46:266][  0]LogCollectionManager: Rebuilt the GUID cache for 0 collections in 0.000001 seconds
[2018.05.27-18.30.46:296][  0]LogContentBrowser: Native class hierarchy populated in 0.0266 seconds. Added 2469 classes and 565 folders.
[2018.05.27-18.30.46:382][  0]LogContentBrowser: Native class hierarchy updated for 'WidgetCarousel' in 0.0006 seconds. Added 0 classes and 0 folders.
[2018.05.27-18.30.47:511][  0]LogContentBrowser: Native class hierarchy updated for 'AddContentDialog' in 0.0004 seconds. Added 0 classes and 0 folders.
[2018.05.27-18.30.47:564][  0]LogContentBrowser: Native class hierarchy updated for 'SceneOutliner' in 0.0009 seconds. Added 1 classes and 2 folders.
[2018.05.27-18.30.48:141][  0]LogSlate: Took 0.019819 seconds to synchronously load lazily loaded font '../../../Engine/Content/Slate/Fonts/Roboto-Regular.ttf' (155K)
[2018.05.27-18.30.48:177][  0]LogSlate: Took 0.030796 seconds to synchronously load lazily loaded font '../../../Engine/Content/Slate/Fonts/Roboto-Bold.ttf' (160K)
[2018.05.27-18.30.48:260][  0]LogSlate: Took 0.024917 seconds to synchronously load lazily loaded font '../../../Engine/Content/Editor/Slate/Fonts/FontAwesome.ttf' (139K)
[2018.05.27-18.30.48:715][  0]LogRenderer: Reallocating scene render targets to support 1192x628 Format 10 NumSamples 1 (Frame:1).
[2018.05.27-18.30.49:430][  0]LogContentBrowser: Native class hierarchy updated for 'HierarchicalLODOutliner' in 0.0007 seconds. Added 0 classes and 0 folders.
[2018.05.27-18.30.49:430][  0]LogLoad: (Engine Initialization) Total time: 86.89 seconds
[2018.05.27-18.30.49:430][  0]LogLoad: (Engine Initialization) Total Blueprint compile time: 0.00 seconds
[2018.05.27-18.30.49:593][  0]LogContentStreaming: Texture pool size now 1000 MB
[2018.05.27-18.30.49:805][  0]LogSlate: Took 0.013504 seconds to synchronously load lazily loaded font '../../../Engine/Content/Slate/Fonts/Roboto-Light.ttf' (167K)
[2018.05.27-18.30.49:946][  2]LogAssetRegistry: Asset discovery search completed in 57.2835 seconds
[2018.05.27-18.30.49:949][  2]LogCollectionManager: Rebuilt the object cache for 0 collections in 0.000000 seconds (found 0 objects)
[2018.05.27-18.30.49:949][  2]LogCollectionManager: Fixed up redirectors for 0 collections in 0.000092 seconds (updated 0 objects)
[2018.05.27-18.30.54:827][565]LogFileCache: Retrieving MD5 hashes for directory 'C:/Users/A_A_m/OneDrive/Documents/GitHub/SheridanUnrealProjectSummer/Content/' took 5.34s
[2018.05.27-18.32.03:003][571]LogSlate: FSceneViewport::OnFocusLost() reason 2
[2018.05.27-18.32.04:234][707]LogSlate: FSceneViewport::OnFocusLost() reason 2
[2018.05.27-18.32.05:856][890]LogWindows: Warning: CreateProc failed: Le fichier spécifié est introuvable. (0x00000002)
[2018.05.27-18.32.05:856][890]LogWindows: Warning: URL: C:/Program Files/Git/bin/git.exe version
[2018.05.27-18.32.05:856][890]LogWindows: Warning: CreateProc failed: Le fichier spécifié est introuvable. (0x00000002)
[2018.05.27-18.32.05:856][890]LogWindows: Warning: URL: C:/Program Files (x86)/Git/bin/git.exe version
[2018.05.27-18.32.05:857][890]LogWindows: Warning: CreateProc failed: Le fichier spécifié est introuvable. (0x00000002)
[2018.05.27-18.32.05:857][890]LogWindows: Warning: URL: C:\Users\A_A_m\AppData\Local/Programs/Git/cmd/git.exe version
[2018.05.27-18.32.05:858][890]LogWindows: Warning: CreateProc failed: Le fichier spécifié est introuvable. (0x00000002)
[2018.05.27-18.32.05:858][890]LogWindows: Warning: URL: C:/Program Files (x86)/SmartGit/git/bin/git.exe version
[2018.05.27-18.32.05:858][890]LogWindows: Warning: CreateProc failed: Le fichier spécifié est introuvable. (0x00000002)
[2018.05.27-18.32.05:858][890]LogWindows: Warning: URL: C:/Program Files (x86)/SmartGit/bin/git.exe version
[2018.05.27-18.32.05:859][890]LogWindows: Warning: CreateProc failed: Le fichier spécifié est introuvable. (0x00000002)
[2018.05.27-18.32.05:859][890]LogWindows: Warning: URL: C:\Users\A_A_m\AppData\Local/Atlassian/SourceTree/git_local/bin/git.exe version
[2018.05.27-18.32.05:859][890]LogWindows: Warning: CreateProc failed: Le fichier spécifié est introuvable. (0x00000002)
[2018.05.27-18.32.05:859][890]LogWindows: Warning: URL: C:/Program Files (x86)/fournova/Tower/vendor/Git/bin/git.exe version
[2018.05.27-18.32.32:600][159]LogWindows: Warning: CreateProc failed: Accès refusé. (0x00000005)
[2018.05.27-18.32.32:600][159]LogWindows: Warning: URL: C:\Users\A_A_m\OneDrive\Documents\GitHub\SheridanUnrealProjectSummer version
[2018.05.27-18.32.32:674][168]LogWindows: Warning: CreateProc failed: Accès refusé. (0x00000005)
[2018.05.27-18.32.32:674][168]LogWindows: Warning: URL: C:\Users\A_A_m\OneDrive\Documents\GitHub\SheridanUnrealProjectSummer version
[2018.05.27-18.32.32:674][168]SourceControl: Error: Failed to enable Git source control. You need to install Git and specify a valid path to git executable.
[2018.05.27-18.34.20:628][854]LogWindows: Warning: CreateProc failed: Accès refusé. (0x00000005)
[2018.05.27-18.34.20:629][854]LogWindows: Warning: URL: C:\Users\A_A_m\AppData\Local\GitHubDesktop\app-1.2.0 version
[2018.05.27-18.34.20:711][864]LogWindows: Warning: CreateProc failed: Accès refusé. (0x00000005)
[2018.05.27-18.34.20:711][864]LogWindows: Warning: URL: C:\Users\A_A_m\AppData\Local\GitHubDesktop\app-1.2.0 version
[2018.05.27-18.34.20:711][864]SourceControl: Error: Failed to enable Git source control. You need to install Git and specify a valid path to git executable.
[2018.05.27-18.34.28:970][841]LogWindows: Warning: CreateProc failed: Le fichier spécifié est introuvable. (0x00000002)
[2018.05.27-18.34.28:970][841]LogWindows: Warning: URL: C:\Users\A_A_m\AppData\Local\GitHubDesktop\app-1.2.0/GitHubgDesktop.exe version
[2018.05.27-18.34.29:037][849]LogWindows: Warning: CreateProc failed: Le fichier spécifié est introuvable. (0x00000002)
[2018.05.27-18.34.29:037][849]LogWindows: Warning: URL: C:\Users\A_A_m\AppData\Local\GitHubDesktop\app-1.2.0/GitHubgDesktop.exe version
[2018.05.27-18.34.29:037][849]SourceControl: Error: Failed to enable Git source control. You need to install Git and specify a valid path to git executable.
[2018.05.27-18.34.50:570][697]LogWindows: Warning: CreateProc failed: Accès refusé. (0x00000005)
[2018.05.27-18.34.50:570][697]LogWindows: Warning: URL: C:\Users\A_A_m\AppData\Local\GitHubDesktop version
[2018.05.27-18.34.50:691][712]LogWindows: Warning: CreateProc failed: Accès refusé. (0x00000005)
[2018.05.27-18.34.50:691][712]LogWindows: Warning: URL: C:\Users\A_A_m\AppData\Local\GitHubDesktop version
[2018.05.27-18.34.50:694][712]SourceControl: Error: Failed to enable Git source control. You need to install Git and specify a valid path to git executable.
[2018.05.27-18.36.22:329][ 69]LogWindows: Warning: CreateProc failed: Accès refusé. (0x00000005)
[2018.05.27-18.36.22:329][ 69]LogWindows: Warning: URL: C:\Users\A_A_m\AppData\Local\GitHubDesktop\app-1.2.0\resources\app\git\cmd version
[2018.05.27-18.36.22:404][ 78]LogWindows: Warning: CreateProc failed: Accès refusé. (0x00000005)
[2018.05.27-18.36.22:404][ 78]LogWindows: Warning: URL: C:\Users\A_A_m\AppData\Local\GitHubDesktop\app-1.2.0\resources\app\git\cmd version
[2018.05.27-18.36.22:404][ 78]SourceControl: Error: Failed to enable Git source control. You need to install Git and specify a valid path to git executable.
[2018.05.27-18.36.31:838][144]LogSlate: Window 'Source Control Login' being destroyed
[2018.05.27-18.36.34:646][467]LogSlate: FSceneViewport::OnFocusLost() reason 2
[2018.05.27-18.36.37:446][743]SourceControl: fatal: D:/Unreal Engine/Epic Games/UE_4.19/Engine/Content: 'D:/Unreal Engine/Epic Games/UE_4.19/Engine/Content' is outside repository
[2018.05.27-18.36.37:626][743]LogPackageName: Error: Illegal call to DoesPackageExist: 'C:/Users/A_A_m/OneDrive/Documents/GitHub/SheridanUnrealProjectSummer/MyProject2.uproject' is not a standard unreal filename or a long path name. Reason: Path should be no less than 4 characters long.
[2018.05.27-18.36.38:322][743]LogStats: FPlatformStackWalk::StackWalkAndDump -  0.695 s
[2018.05.27-18.36.38:322][743]LogOutputDevice: Error: === Handled ensure: ===
[2018.05.27-18.36.38:322][743]LogOutputDevice: Error: 
[2018.05.27-18.36.38:322][743]LogOutputDevice: Error: Ensure condition failed: false [File:D:\Build\++UE4+Release-4.19+Compile\Sync\Engine\Source\Runtime\CoreUObject\Private\Misc\PackageName.cpp] [Line: 818]
[2018.05.27-18.36.38:322][743]LogOutputDevice: Error: Illegal call to DoesPackageExist: 'C:/Users/A_A_m/OneDrive/Documents/GitHub/SheridanUnrealProjectSummer/MyProject2.uproject' is not a standard unreal filename or a long path name. Reason: Path should be no less than 4 characters long.
[2018.05.27-18.36.38:322][743]LogOutputDevice: Error: Stack: 
[2018.05.27-18.36.38:322][743]LogOutputDevice: Error: [Callstack] 0x0000000031C7B706 UE4Editor-Core.dll!UnknownFunction []
[2018.05.27-18.36.38:322][743]LogOutputDevice: Error: [Callstack] 0x00000000319DAE3A UE4Editor-Core.dll!UnknownFunction []
[2018.05.27-18.36.38:322][743]LogOutputDevice: Error: [Callstack] 0x00000000319EECD6 UE4Editor-Core.dll!UnknownFunction []
[2018.05.27-18.36.38:322][743]LogOutputDevice: Error: [Callstack] 0x000000003CF4DD3B UE4Editor-CoreUObject.dll!UnknownFunction []
[2018.05.27-18.36.38:322][743]LogOutputDevice: Error: [Callstack] 0x000000003F7A6A12 UE4Editor-SourceControl.dll!UnknownFunction []
[2018.05.27-18.36.38:322][743]LogOutputDevice: Error: [Callstack] 0x000000003F7A6BA7 UE4Editor-SourceControl.dll!UnknownFunction []
[2018.05.27-18.36.38:322][743]LogOutputDevice: Error: [Callstack] 0x000000002A5050CE UE4Editor-SourceControlWindows.dll!UnknownFunction []
[2018.05.27-18.36.38:322][743]LogOutputDevice: Error: [Callstack] 0x000000002A4C4805 UE4Editor-SourceControlWindows.dll!UnknownFunction []
[2018.05.27-18.36.38:322][743]LogOutputDevice: Error: [Callstack] 0x000000002A4C3DDD UE4Editor-SourceControlWindows.dll!UnknownFunction []
[2018.05.27-18.36.38:322][743]LogOutputDevice: Error: [Callstack] 0x000000002A4D90B4 UE4Editor-SourceControlWindows.dll!UnknownFunction []
[2018.05.27-18.36.38:322][743]LogOutputDevice: Error: [Callstack] 0x0000000020ED4669 UE4Editor-GitSourceControl.dll!UnknownFunction []
[2018.05.27-18.36.38:322][743]LogOutputDevice: Error: [Callstack] 0x000000003F7AB9BC UE4Editor-SourceControl.dll!UnknownFunction []
[2018.05.27-18.36.38:322][743]LogOutputDevice: Error: [Callstack] 0x000000003050DF0A UE4Editor-UnrealEd.dll!UnknownFunction []
[2018.05.27-18.36.38:322][743]LogOutputDevice: Error: [Callstack] 0x0000000030DA9626 UE4Editor-UnrealEd.dll!UnknownFunction []
[2018.05.27-18.36.38:322][743]LogOutputDevice: Error: [Callstack] 0x00000000394C5EAC UE4Editor.exe!UnknownFunction []
[2018.05.27-18.36.38:322][743]LogOutputDevice: Error: [Callstack] 0x00000000394D6BD0 UE4Editor.exe!UnknownFunction []
[2018.05.27-18.36.38:322][743]LogOutputDevice: Error: [Callstack] 0x00000000394D6C4A UE4Editor.exe!UnknownFunction []
[2018.05.27-18.36.38:322][743]LogOutputDevice: Error: [Callstack] 0x00000000394E4177 UE4Editor.exe!UnknownFunction []
[2018.05.27-18.36.38:322][743]LogOutputDevice: Error: [Callstack] 0x00000000394E5B87 UE4Editor.exe!UnknownFunction []
[2018.05.27-18.36.38:322][743]LogOutputDevice: Error: [Callstack] 0x000000008B021FE4 KERNEL32.DLL!UnknownFunction []
[2018.05.27-18.36.38:322][743]LogOutputDevice: Error: [Callstack] 0x000000008BF3F061 ntdll.dll!UnknownFunction []
[2018.05.27-18.36.38:322][743]LogOutputDevice: Error: 
[2018.05.27-18.36.38:329][743]LogStats:                SubmitErrorReport -  0.000 s
[2018.05.27-18.36.42:787][743]LogFMOD: Warning: f:\jk\workspace\1.10_UE4.19_Win64\lowlevel_api\platforms\win\src\fmod_output_wasapi.cpp(531) - Starvation detected in WASAPI output buffer!

[2018.05.27-18.36.42:788][743]LogFMOD: Warning: f:\jk\workspace\1.10_UE4.19_Win64\lowlevel_api\platforms\win\src\fmod_output_wasapi.cpp(531) - Starvation detected in WASAPI output buffer!

[2018.05.27-18.36.43:104][743]LogStats:                    SendNewReport -  4.774 s
[2018.05.27-18.36.43:104][743]LogStats:             FDebug::EnsureFailed -  5.477 s
[2018.05.27-18.36.43:190][743]LogSlate: FSceneViewport::OnFocusLost() reason 2
[2018.05.27-18.36.55:711][743]LogSlate: Window 'Submit Files' being destroyed
[2018.05.27-18.36.55:727][743]LogSlate: FSceneViewport::OnFocusLost() reason 2
[2018.05.27-18.36.56:105][743]LogSlate: FSceneViewport::OnFocusLost() reason 2
[2018.05.27-18.36.56:294][743]LogSlate: FSceneViewport::OnFocusLost() reason 2
[2018.05.27-18.36.57:690][743]LogSourceControl: commit successful: [master e4adc9b] UI Beginning
[2018.05.27-18.36.57:939][743]SourceControl: [master e4adc9b] UI Beginning
[2018.05.27-18.36.57:939][743]SourceControl:  9 files changed, 7 insertions(+), 1 deletion(-)
[2018.05.27-18.36.57:939][743]SourceControl:  create mode 100644 Content/AdrianaStuff/UI/AudioMenu.uasset
[2018.05.27-18.36.57:939][743]SourceControl:  create mode 100644 Content/AdrianaStuff/UI/DisplayMenu.uasset
[2018.05.27-18.36.57:939][743]SourceControl:  create mode 100644 Content/AdrianaStuff/UI/InevntoryMenu.uasset
[2018.05.27-18.36.57:939][743]SourceControl:  create mode 100644 Content/AdrianaStuff/UI/OptionsMenu.uasset
[2018.05.27-18.36.57:939][743]SourceControl:  rewrite Content/AdrianaStuff/UI/PauseMenu.uasset (78%)
[2018.05.27-18.36.57:939][743]SourceControl:  rewrite Content/ThirdPersonBP/Blueprints/TestCharBP.uasset (78%)
[2018.05.27-18.36.57:950][743]SourceControl: Commited [master e4adc9b] UI Beginning.
[2018.05.27-18.37.02:440][275]LogSlate: FSceneViewport::OnFocusLost() reason 0
[2018.05.27-18.37.27:466][150]LogSlate: Only BGRA pngs, bmps or icos are supported in by External Image Picker
[2018.05.27-18.37.27:652][151]LogTemp: Executing iPhonePackager certificates Engine -bundlename com.YourCompany.MyProject2
[2018.05.27-18.37.27:652][151]LogTemp: CWD: D:\Unreal Engine\Epic Games\UE_4.19\Engine\Binaries\DotNET\IOS
[2018.05.27-18.37.27:652][151]LogTemp: Initial Dir: D:\Unreal Engine\Epic Games\UE_4.19
[2018.05.27-18.37.27:652][151]LogTemp: Env CWD: D:\Unreal Engine\Epic Games\UE_4.19\Engine\Binaries\DotNET\IOS
[2018.05.27-18.37.27:652][151]LogTemp: BranchPath = DESKTOP-ISE73MF/D/Unreal Engine/Epic Games/UE_4.19/Engine/Binaries --- GameBranchPath = DESKTOP-ISE73MF/D/Unreal Engine/Epic Games/UE_4.19/Engine/Binaries
[2018.05.27-18.37.27:652][151]LogTemp: IPP ERROR: Could not find provision directory 'C:\Users\A_A_m\AppData\Local/Apple Computer/MobileDevice/Provisioning Profiles/'.
[2018.05.27-18.37.34:954][861]LogSlate: Window 'Project Settings' being destroyed
[2018.05.27-18.37.34:961][861]LogSlate: Window 'Project Settings' being destroyed
[2018.05.27-18.37.37:264][108]LogDirectoryWatcher: Warning: Failed to begin reading directory changes for C:/Users/A_A_m/OneDrive/Documents/GitHub/SheridanUnrealProjectSummer/Plugins/. Error: Le fichier spécifié est introuvable. (0x00000002)
[2018.05.27-18.37.47:377][242]Cmd: CLOSE_SLATE_MAINFRAME
[2018.05.27-18.37.48:002][242]LogSlate: Window 'Message Log' being destroyed
[2018.05.27-18.37.48:006][242]LogSlate: Window 'Plugins' being destroyed
[2018.05.27-18.37.48:013][242]LogDirectoryWatcher: A directory notification for '../../../Engine/Plugins/' was aborted.
[2018.05.27-18.37.48:030][242]LogSlate: Window 'MyProject2 - Unreal Editor' being destroyed
[2018.05.27-18.37.48:032][242]LogWindowsTextInputMethodSystem: Display: IME system now deactivated.
[2018.05.27-18.37.48:279][243]Cmd: QUIT_EDITOR
[2018.05.27-18.37.48:456][243]LogSlate: Slate User Destroyed.  User Index 0, Is Virtual User: 0
[2018.05.27-18.37.48:475][243]LogExit: Preparing to exit.
[2018.05.27-18.37.49:014][243]LogExit: Editor shut down
[2018.05.27-18.37.49:018][243]LogExit: Transaction tracking system shut down
[2018.05.27-18.37.49:019][243]LogUObjectGlobals: Destroyed PersistentFrame Addr=0x000001e67c196480, Size=12
[2018.05.27-18.37.49:166][243]LogDirectoryWatcher: A directory notification for '../../../Engine/Content/' was aborted.
[2018.05.27-18.37.49:166][243]LogDirectoryWatcher: A directory notification for 'C:/Users/A_A_m/OneDrive/Documents/GitHub/SheridanUnrealProjectSummer/Content/' was aborted.
[2018.05.27-18.37.49:166][243]LogDirectoryWatcher: A directory notification for '../../Plugins/2D/Paper2D/Content/' was aborted.
[2018.05.27-18.37.49:166][243]LogDirectoryWatcher: A directory notification for '../../Plugins/Enterprise/DatasmithContent/Content/' was aborted.
[2018.05.27-18.37.49:166][243]LogDirectoryWatcher: A directory notification for '../../Plugins/FMODStudio/Content/' was aborted.
[2018.05.27-18.37.49:166][243]LogDirectoryWatcher: A directory notification for '../../Plugins/Media/MediaCompositing/Content/' was aborted.
[2018.05.27-18.37.49:166][243]LogDirectoryWatcher: A directory notification for '../../Plugins/Runtime/AppleARKit/Content/' was aborted.
[2018.05.27-18.37.49:166][243]LogDirectoryWatcher: A directory notification for '../../Plugins/Runtime/Oculus/OculusVR/Content/' was aborted.
[2018.05.27-18.37.49:166][243]LogDirectoryWatcher: A directory notification for '../../Plugins/Runtime/Steam/SteamVR/Content/' was aborted.
[2018.05.27-18.37.49:780][243]LogExit: Object subsystem successfully closed.
[2018.05.27-18.37.49:854][243]LogShaderCompilers: Display: Shaders left to compile 0
[2018.05.27-18.37.49:857][243]LogD3D11RHI: Shutdown
[2018.05.27-18.37.49:857][243]LogD3D11RHI: CleanupD3DDevice
[2018.05.27-18.37.49:860][243]LogD3D11RHI: ~FD3D11DynamicRHI
[2018.05.27-18.37.50:128][243]LogModuleManager: Shutting down and abandoning module ExternalImagePicker (580)
[2018.05.27-18.37.50:128][243]LogModuleManager: Shutting down and abandoning module HierarchicalLODOutliner (578)
[2018.05.27-18.37.50:128][243]LogModuleManager: Shutting down and abandoning module SceneOutliner (576)
[2018.05.27-18.37.50:144][243]LogModuleManager: Shutting down and abandoning module AddContentDialog (574)
[2018.05.27-18.37.50:159][243]LogDirectoryWatcher: A directory notification for 'D:/Unreal Engine/Epic Games/UE_4.19/FeaturePacks/' was aborted.
[2018.05.27-18.37.50:160][243]LogModuleManager: Shutting down and abandoning module WidgetCarousel (573)
[2018.05.27-18.37.50:160][243]LogModuleManager: Shutting down and abandoning module EditorWidgets (570)
[2018.05.27-18.37.50:160][243]LogModuleManager: Shutting down and abandoning module CollectionManager (568)
[2018.05.27-18.37.50:160][243]LogDirectoryWatcher: A directory notification for 'C:/Users/A_A_m/OneDrive/Documents/GitHub/SheridanUnrealProjectSummer/Content/Collections/' was aborted.
[2018.05.27-18.37.50:160][243]LogDirectoryWatcher: A directory notification for 'C:/Users/A_A_m/OneDrive/Documents/GitHub/SheridanUnrealProjectSummer/Content/Developers/AAm/Collections/' was aborted.
[2018.05.27-18.37.50:160][243]LogDirectoryWatcher: A directory notification for 'C:/Users/A_A_m/OneDrive/Documents/GitHub/SheridanUnrealProjectSummer/Saved/Collections/' was aborted.
[2018.05.27-18.37.50:161][243]LogModuleManager: Shutting down and abandoning module StatsViewer (566)
[2018.05.27-18.37.50:161][243]LogModuleManager: Shutting down and abandoning module FoliageEdit (564)
[2018.05.27-18.37.50:161][243]LogModuleManager: Shutting down and abandoning module LandscapeEditor (562)
[2018.05.27-18.37.50:177][243]LogModuleManager: Shutting down and abandoning module MeshPaintMode (560)
[2018.05.27-18.37.50:177][243]LogModuleManager: Shutting down and abandoning module SceneDepthPickerMode (558)
[2018.05.27-18.37.50:177][243]LogModuleManager: Shutting down and abandoning module ActorPickerMode (556)
[2018.05.27-18.37.50:177][243]LogModuleManager: Shutting down and abandoning module GeometryMode (554)
[2018.05.27-18.37.50:177][243]LogModuleManager: Shutting down and abandoning module TextureAlignMode (552)
[2018.05.27-18.37.50:177][243]LogModuleManager: Shutting down and abandoning module BspMode (550)
[2018.05.27-18.37.50:177][243]LogModuleManager: Shutting down and abandoning module PIEPreviewDeviceProfileSelector (548)
[2018.05.27-18.37.50:177][243]LogModuleManager: Shutting down and abandoning module HardwareSurvey (546)
[2018.05.27-18.37.50:177][243]LogModuleManager: Shutting down and abandoning module SequenceRecorderSections (544)
[2018.05.27-18.37.50:177][243]LogModuleManager: Shutting down and abandoning module AutomationWorker (542)
[2018.05.27-18.37.50:177][243]LogModuleManager: Shutting down and abandoning module AudioCaptureEditor (540)
[2018.05.27-18.37.50:177][243]LogModuleManager: Shutting down and abandoning module SequenceRecorder (539)
[2018.05.27-18.37.50:178][243]LogModuleManager: Shutting down and abandoning module MatineeToLevelSequence (536)
[2018.05.27-18.37.50:178][243]LogModuleManager: Shutting down and abandoning module LevelSequenceEditor (534)
[2018.05.27-18.37.50:189][243]LogModuleManager: Shutting down and abandoning module PlacementMode (533)
[2018.05.27-18.37.50:189][243]LogModuleManager: Shutting down and abandoning module MaterialEditor (532)
[2018.05.27-18.37.50:213][243]LogModuleManager: Shutting down and abandoning module WmfMediaFactory (528)
[2018.05.27-18.37.50:213][243]LogModuleManager: Shutting down and abandoning module WmfMediaEditor (526)
[2018.05.27-18.37.50:213][243]LogModuleManager: Shutting down and abandoning module MediaPlayerEditor (524)
[2018.05.27-18.37.50:222][243]LogModuleManager: Shutting down and abandoning module OpenExrWrapper (522)
[2018.05.27-18.37.50:222][243]LogModuleManager: Shutting down and abandoning module ImgMediaFactory (520)
[2018.05.27-18.37.50:222][243]LogModuleManager: Shutting down and abandoning module ImgMediaEditor (518)
[2018.05.27-18.37.50:222][243]LogModuleManager: Shutting down and abandoning module AvfMediaFactory (516)
[2018.05.27-18.37.50:222][243]LogModuleManager: Shutting down and abandoning module AvfMediaEditor (514)
[2018.05.27-18.37.50:222][243]LogModuleManager: Shutting down and abandoning module AndroidMediaFactory (512)
[2018.05.27-18.37.50:222][243]LogModuleManager: Shutting down and abandoning module AndroidMediaEditor (510)
[2018.05.27-18.37.50:222][243]LogModuleManager: Shutting down and abandoning module CharacterAI (508)
[2018.05.27-18.37.50:222][243]LogModuleManager: Shutting down and abandoning module SmartSnapping (506)
[2018.05.27-18.37.50:222][243]LogModuleManager: Shutting down and abandoning module SessionServices (504)
[2018.05.27-18.37.50:222][243]LogModuleManager: Shutting down and abandoning module ViewportSnapping (502)
[2018.05.27-18.37.50:222][243]LogModuleManager: Shutting down and abandoning module ViewportInteraction (500)
[2018.05.27-18.37.50:222][243]LogModuleManager: Shutting down and abandoning module ClothPainter (498)
[2018.05.27-18.37.50:233][243]LogModuleManager: Shutting down and abandoning module SkeletalMeshEditor (497)
[2018.05.27-18.37.50:242][243]LogModuleManager: Shutting down and abandoning module LogVisualizer (494)
[2018.05.27-18.37.50:242][243]LogModuleManager: Shutting down and abandoning module IntroTutorials (492)
[2018.05.27-18.37.50:242][243]LogModuleManager: Shutting down and abandoning module GameProjectGeneration (491)
[2018.05.27-18.37.50:257][243]LogModuleManager: Shutting down and abandoning module IOSPlatformEditor (488)
[2018.05.27-18.37.50:257][243]LogModuleManager: Shutting down and abandoning module HTML5PlatformEditor (486)
[2018.05.27-18.37.50:257][243]LogModuleManager: Shutting down and abandoning module AndroidPlatformEditor (484)
[2018.05.27-18.37.50:257][243]LogModuleManager: Shutting down and abandoning module AndroidDeviceDetection (483)
[2018.05.27-18.37.50:812][243]LogModuleManager: Shutting down and abandoning module WindowsPlatformEditor (480)
[2018.05.27-18.37.50:812][243]LogModuleManager: Shutting down and abandoning module IOSRuntimeSettings (478)
[2018.05.27-18.37.50:812][243]LogModuleManager: Shutting down and abandoning module AndroidRuntimeSettings (476)
[2018.05.27-18.37.50:812][243]LogModuleManager: Shutting down and abandoning module InputBindingEditor (474)
[2018.05.27-18.37.50:812][243]LogModuleManager: Shutting down and abandoning module MergeActors (472)
[2018.05.27-18.37.50:830][243]LogModuleManager: Shutting down and abandoning module LocalizationDashboard (470)
[2018.05.27-18.37.50:850][243]LogModuleManager: Shutting down and abandoning module LocalizationService (469)
[2018.05.27-18.37.50:850][243]LogModuleManager: Shutting down and abandoning module HardwareTargeting (466)
[2018.05.27-18.37.50:850][243]LogModuleManager: Shutting down and abandoning module DeviceProfileEditor (464)
[2018.05.27-18.37.50:850][243]LogModuleManager: Shutting down and abandoning module UndoHistory (462)
[2018.05.27-18.37.50:850][243]LogModuleManager: Shutting down and abandoning module XmlParser (460)
[2018.05.27-18.37.50:850][243]LogModuleManager: Shutting down and abandoning module Blutility (458)
[2018.05.27-18.37.50:851][243]LogModuleManager: Shutting down and abandoning module ProjectSettingsViewer (456)
[2018.05.27-18.37.50:851][243]LogModuleManager: Shutting down and abandoning module ProjectTargetPlatformEditor (455)
[2018.05.27-18.37.50:851][243]LogModuleManager: Shutting down and abandoning module EditorSettingsViewer (452)
[2018.05.27-18.37.50:851][243]LogModuleManager: Shutting down and abandoning module SettingsEditor (450)
[2018.05.27-18.37.50:851][243]LogModuleManager: Shutting down and abandoning module ProjectLauncher (448)
[2018.05.27-18.37.50:863][243]LogModuleManager: Shutting down and abandoning module SessionFrontend (446)
[2018.05.27-18.37.50:863][243]LogModuleManager: Shutting down and abandoning module ProfilerClient (444)
[2018.05.27-18.37.50:878][243]LogModuleManager: Shutting down and abandoning module DeviceManager (442)
[2018.05.27-18.37.50:878][243]LogModuleManager: Shutting down and abandoning module TargetDeviceServices (441)
[2018.05.27-18.37.50:931][243]LogModuleManager: Shutting down and abandoning module AutomationController (438)
[2018.05.27-18.37.50:931][243]LogModuleManager: Shutting down and abandoning module AutomationWindow (436)
[2018.05.27-18.37.50:948][243]LogModuleManager: Shutting down and abandoning module Layers (434)
[2018.05.27-18.37.50:969][243]LogModuleManager: Shutting down and abandoning module ComponentVisualizers (432)
[2018.05.27-18.37.50:969][243]LogModuleManager: Shutting down and abandoning module DetailCustomizations (430)
[2018.05.27-18.37.50:969][243]LogModuleManager: Shutting down and abandoning module PackagesDialog (428)
[2018.05.27-18.37.50:969][243]LogModuleManager: Shutting down and abandoning module Persona (426)
[2018.05.27-18.37.50:984][243]LogModuleManager: Shutting down and abandoning module AdvancedPreviewScene (425)
[2018.05.27-18.37.50:984][243]LogModuleManager: Shutting down and abandoning module AnimGraph (423)
[2018.05.27-18.37.50:984][243]LogModuleManager: Shutting down and abandoning module Kismet (420)
[2018.05.27-18.37.50:985][243]LogModuleManager: Shutting down and abandoning module GraphEditor (418)
[2018.05.27-18.37.51:020][243]LogModuleManager: Shutting down and abandoning module ClassViewer (416)
[2018.05.27-18.37.51:020][243]LogModuleManager: Shutting down and abandoning module Toolbox (414)
[2018.05.27-18.37.51:020][243]LogModuleManager: Shutting down and abandoning module ModuleUI (412)
[2018.05.27-18.37.51:035][243]LogModuleManager: Shutting down and abandoning module MovieSceneTools (410)
[2018.05.27-18.37.51:036][243]LogModuleManager: Shutting down and abandoning module OutputLog (408)
[2018.05.27-18.37.51:045][243]LogModuleManager: Shutting down and abandoning module GammaUI (406)
[2018.05.27-18.37.51:053][243]LogModuleManager: Shutting down and abandoning module Documentation (404)
[2018.05.27-18.37.51:053][243]LogModuleManager: Shutting down and abandoning module MovieSceneTracks (402)
[2018.05.27-18.37.51:071][243]LogModuleManager: Shutting down and abandoning module MovieScene (400)
[2018.05.27-18.37.51:085][243]LogModuleManager: Shutting down and abandoning module StreamingPauseRendering (398)
[2018.05.27-18.37.51:085][243]LogModuleManager: Shutting down and abandoning module LauncherPlatform (396)
[2018.05.27-18.37.51:085][243]LogModuleManager: Shutting down and abandoning module AnalyticsET (394)
[2018.05.27-18.37.51:085][243]LogModuleManager: Shutting down and abandoning module PortalServices (392)
[2018.05.27-18.37.51:085][243]LogModuleManager: Shutting down and abandoning module PortalRpc (390)
[2018.05.27-18.37.51:085][243]LogModuleManager: Shutting down and abandoning module MessagingRpc (388)
[2018.05.27-18.37.51:085][243]LogModuleManager: Shutting down and abandoning module AIModule (386)
[2018.05.27-18.37.51:085][243]LogModuleManager: Shutting down and abandoning module GameplayDebugger (385)
[2018.05.27-18.37.51:085][243]LogModuleManager: Shutting down and abandoning module AITestSuite (383)
[2018.05.27-18.37.51:085][243]LogModuleManager: Shutting down and abandoning module DesktopPlatform (380)
[2018.05.27-18.37.51:085][243]LogModuleManager: Shutting down and abandoning module ProfilerService (378)
[2018.05.27-18.37.51:120][243]LogModuleManager: Shutting down and abandoning module TaskGraph (376)
[2018.05.27-18.37.51:120][243]LogModuleManager: Shutting down and abandoning module SteamVRController (374)
[2018.05.27-18.37.51:120][243]LogModuleManager: Shutting down and abandoning module ProceduralMeshComponentEditor (372)
[2018.05.27-18.37.51:120][243]LogModuleManager: Shutting down and abandoning module ProceduralMeshComponent (370)
[2018.05.27-18.37.51:120][243]LogModuleManager: Shutting down and abandoning module OculusInput (368)
[2018.05.27-18.37.51:120][243]LogModuleManager: Shutting down and abandoning module MobilePatchingUtils (366)
[2018.05.27-18.37.51:120][243]LogModuleManager: Shutting down and abandoning module CustomMeshComponent (364)
[2018.05.27-18.37.51:120][243]LogModuleManager: Shutting down and abandoning module CableComponent (362)
[2018.05.27-18.37.51:120][243]LogModuleManager: Shutting down and abandoning module AudioCapture (360)
[2018.05.27-18.37.51:120][243]LogModuleManager: Shutting down and abandoning module ArchVisCharacter (358)
[2018.05.27-18.37.51:120][243]LogModuleManager: Shutting down and abandoning module AndroidPermission (356)
[2018.05.27-18.37.51:120][243]LogModuleManager: Shutting down and abandoning module NUTUnrealEngine4 (352)
[2018.05.27-18.37.51:120][243]LogModuleManager: Shutting down and abandoning module NetcodeUnitTest (350)
[2018.05.27-18.37.51:132][243]LogModuleManager: Shutting down and abandoning module MediaCompositingEditor (348)
[2018.05.27-18.37.51:132][243]LogModuleManager: Shutting down and abandoning module MediaCompositing (346)
[2018.05.27-18.37.51:132][243]LogModuleManager: Shutting down and abandoning module LinearTimecode (344)
[2018.05.27-18.37.51:132][243]LogModuleManager: Shutting down and abandoning module ImgMedia (342)
[2018.05.27-18.37.51:136][243]LogModuleManager: Shutting down and abandoning module FMODStudioEditor (340)
[2018.05.27-18.37.51:136][243]LogModuleManager: Shutting down and abandoning module HTML5Networking (338)
[2018.05.27-18.37.51:136][243]LogModuleManager: Shutting down and abandoning module AlembicImporter (336)
[2018.05.27-18.37.51:152][243]LogModuleManager: Shutting down and abandoning module AlembicLibrary (335)
[2018.05.27-18.37.51:152][243]LogModuleManager: Shutting down and abandoning module GeometryCache (334)
[2018.05.27-18.37.51:152][243]LogModuleManager: Shutting down and abandoning module GeometryCacheEd (333)
[2018.05.27-18.37.51:152][243]LogModuleManager: Shutting down and abandoning module DatasmithContent (328)
[2018.05.27-18.37.51:152][243]LogModuleManager: Shutting down and abandoning module SpeedTreeImporter (326)
[2018.05.27-18.37.51:152][243]LogModuleManager: Shutting down and abandoning module PluginBrowser (324)
[2018.05.27-18.37.51:152][243]LogModuleManager: Shutting down and abandoning module MobileLauncherProfileWizard (322)
[2018.05.27-18.37.51:166][243]LogModuleManager: Shutting down and abandoning module CryptoKeysOpenSSL (320)
[2018.05.27-18.37.51:166][243]LogModuleManager: Shutting down and abandoning module CryptoKeys (318)
[2018.05.27-18.37.51:166][243]LogModuleManager: Shutting down and abandoning module VisualStudioSourceCodeAccess (316)
[2018.05.27-18.37.51:166][243]LogModuleManager: Shutting down and abandoning module VisualStudioCodeSourceCodeAccess (314)
[2018.05.27-18.37.51:166][243]LogModuleManager: Shutting down and abandoning module UObjectPlugin (312)
[2018.05.27-18.37.51:166][243]LogModuleManager: Shutting down and abandoning module SubversionSourceControl (310)
[2018.05.27-18.37.51:166][243]LogModuleManager: Shutting down and abandoning module PerforceSourceControl (308)
[2018.05.27-18.37.51:166][243]LogModuleManager: Shutting down and abandoning module GitSourceControl (306)
[2018.05.27-18.37.51:166][243]LogModuleManager: Shutting down and abandoning module SourceControl (305)
[2018.05.27-18.37.51:166][243]LogModuleManager: Shutting down and abandoning module CLionSourceCodeAccess (302)
[2018.05.27-18.37.51:166][243]LogModuleManager: Shutting down and abandoning module LightPropagationVolumeEditor (300)
[2018.05.27-18.37.51:166][243]LogModuleManager: Shutting down and abandoning module PaperTiledImporter (298)
[2018.05.27-18.37.51:166][243]LogModuleManager: Shutting down and abandoning module PaperSpriteSheetImporter (296)
[2018.05.27-18.37.51:166][243]LogModuleManager: Shutting down and abandoning module Paper2DEditor (294)
[2018.05.27-18.37.51:178][243]LogModuleManager: Shutting down and abandoning module MeshPaint (293)
[2018.05.27-18.37.51:178][243]LogModuleManager: Shutting down and abandoning module RuntimePhysXCooking (290)
[2018.05.27-18.37.51:178][243]LogModuleManager: Shutting down and abandoning module PhysXVehiclesEditor (288)
[2018.05.27-18.37.51:178][243]LogModuleManager: Shutting down and abandoning module PhysXVehicles (286)
[2018.05.27-18.37.51:178][243]LogModuleManager: Shutting down and abandoning module OculusEditor (284)
[2018.05.27-18.37.51:178][243]LogModuleManager: Shutting down and abandoning module LocationServicesBPLibrary (282)
[2018.05.27-18.37.51:178][243]LogModuleManager: Shutting down and abandoning module ImmediatePhysicsEditor (280)
[2018.05.27-18.37.51:178][243]LogModuleManager: Shutting down and abandoning module ImmediatePhysics (278)
[2018.05.27-18.37.51:178][243]LogModuleManager: Shutting down and abandoning module ActorSequence (276)
[2018.05.27-18.37.51:178][243]LogModuleManager: Shutting down and abandoning module UdpMessaging (274)
[2018.05.27-18.37.51:278][243]LogModuleManager: Shutting down and abandoning module TcpMessaging (272)
[2018.05.27-18.37.51:379][243]LogModuleManager: Shutting down and abandoning module FMODStudio (270)
[2018.05.27-18.37.51:616][243]LogModuleManager: Shutting down and abandoning module GameplayTagsEditor (268)
[2018.05.27-18.37.51:616][243]LogModuleManager: Shutting down and abandoning module FacialAnimationEditor (266)
[2018.05.27-18.37.51:616][243]LogModuleManager: Shutting down and abandoning module FacialAnimation (264)
[2018.05.27-18.37.51:616][243]LogModuleManager: Shutting down and abandoning module DataValidation (262)
[2018.05.27-18.37.51:616][243]LogModuleManager: Shutting down and abandoning module AssetManagerEditor (260)
[2018.05.27-18.37.51:628][243]LogModuleManager: Shutting down and abandoning module LevelEditor (259)
[2018.05.27-18.37.51:629][243]LogModuleManager: Shutting down and abandoning module PixelInspectorModule (258)
[2018.05.27-18.37.51:629][243]LogModuleManager: Shutting down and abandoning module CommonMenuExtensions (256)
[2018.05.27-18.37.51:629][243]LogModuleManager: Shutting down and abandoning module MainFrame (254)
[2018.05.27-18.37.51:629][243]LogModuleManager: Shutting down and abandoning module HotReload (253)
[2018.05.27-18.37.51:629][243]LogModuleManager: Shutting down and abandoning module ContentBrowser (249)
[2018.05.27-18.37.51:630][243]LogModuleManager: Shutting down and abandoning module TreeMap (247)
[2018.05.27-18.37.51:631][243]LogModuleManager: Shutting down and abandoning module LightPropagationVolumeRuntime (244)
[2018.05.27-18.37.51:631][243]LogModuleManager: Shutting down and abandoning module LiveLinkEditor (242)
[2018.05.27-18.37.51:631][243]LogModuleManager: Shutting down and abandoning module LiveLink (240)
[2018.05.27-18.37.51:814][243]LogModuleManager: Shutting down and abandoning module Paper2D (238)
[2018.05.27-18.37.51:814][243]LogModuleManager: Shutting down and abandoning module WindowsMoviePlayer (236)
[2018.05.27-18.37.51:814][243]LogModuleManager: Shutting down and abandoning module WmfMedia (234)
[2018.05.27-18.37.51:826][243]LogModuleManager: Shutting down and abandoning module Media (233)
[2018.05.27-18.37.51:832][243]LogModuleManager: Shutting down and abandoning module PacketHandler (230)
[2018.05.27-18.37.51:832][243]LogModuleManager: Shutting down and abandoning module ClothingSystemEditor (228)
[2018.05.27-18.37.51:832][243]LogModuleManager: Shutting down and abandoning module ClothingSystemRuntime (226)
[2018.05.27-18.37.51:845][243]LogModuleManager: Shutting down and abandoning module MediaAssets (224)
[2018.05.27-18.37.51:846][243]LogModuleManager: Shutting down and abandoning module Overlay (222)
[2018.05.27-18.37.51:846][243]LogModuleManager: Shutting down and abandoning module OverlayEditor (221)
[2018.05.27-18.37.51:846][243]LogModuleManager: Shutting down and abandoning module VREditor (218)
[2018.05.27-18.37.51:859][243]LogModuleManager: Shutting down and abandoning module StringTableEditor (216)
[2018.05.27-18.37.51:859][243]LogModuleManager: Shutting down and abandoning module GameplayTasksEditor (214)
[2018.05.27-18.37.51:859][243]LogModuleManager: Shutting down and abandoning module BehaviorTreeEditor (212)
[2018.05.27-18.37.51:875][243]LogModuleManager: Shutting down and abandoning module FunctionalTesting (210)
[2018.05.27-18.37.51:875][243]LogModuleManager: Shutting down and abandoning module CollisionAnalyzer (208)
[2018.05.27-18.37.51:875][243]LogModuleManager: Shutting down and abandoning module WorkspaceMenuStructure (207)
[2018.05.27-18.37.51:875][243]LogModuleManager: Shutting down and abandoning module UMG (204)
[2018.05.27-18.37.51:886][243]LogModuleManager: Shutting down and abandoning module UMGEditor (203)
[2018.05.27-18.37.51:912][243]LogModuleManager: Shutting down and abandoning module Sequencer (202)
[2018.05.27-18.37.51:929][243]LogModuleManager: Shutting down and abandoning module MessageLog (199)
[2018.05.27-18.37.51:929][243]LogModuleManager: Shutting down and abandoning module SlateReflector (194)
[2018.05.27-18.37.51:954][243]LogModuleManager: Shutting down and abandoning module Slate (192)
[2018.05.27-18.37.51:955][243]LogModuleManager: Shutting down and abandoning module EditorStyle (190)
[2018.05.27-18.37.51:956][243]LogModuleManager: Shutting down and abandoning module MRMesh (188)
[2018.05.27-18.37.51:956][243]LogModuleManager: Shutting down and abandoning module SourceCodeAccess (186)
[2018.05.27-18.37.51:956][243]LogModuleManager: Shutting down and abandoning module HeadMountedDisplay (184)
[2018.05.27-18.37.51:956][243]LogModuleManager: Shutting down and abandoning module XAudio2 (182)
[2018.05.27-18.37.51:956][243]LogModuleManager: Shutting down and abandoning module Networking (180)
[2018.05.27-18.37.51:956][243]LogModuleManager: Shutting down and abandoning module Core (178)
[2018.05.27-18.37.51:956][243]LogModuleManager: Shutting down and abandoning module LevelSequence (176)
[2018.05.27-18.37.51:956][243]LogModuleManager: Shutting down and abandoning module KismetCompiler (174)
[2018.05.27-18.37.51:956][243]LogModuleManager: Shutting down and abandoning module MeshUtilities (172)
[2018.05.27-18.37.51:974][243]LogModuleManager: Shutting down and abandoning module MeshMergeUtilities (171)
[2018.05.27-18.37.51:974][243]LogModuleManager: Shutting down and abandoning module MeshReductionInterface (170)
[2018.05.27-18.37.51:974][243]LogModuleManager: Shutting down and abandoning module SimplygonSwarm (169)
[2018.05.27-18.37.51:974][243]LogModuleManager: Shutting down and abandoning module SimplygonMeshReduction (167)
[2018.05.27-18.37.51:974][243]LogModuleManager: Shutting down and abandoning module QuadricMeshReduction (165)
[2018.05.27-18.37.51:974][243]LogModuleManager: Shutting down and abandoning module MaterialBaking (161)
[2018.05.27-18.37.51:974][243]LogModuleManager: Shutting down and abandoning module DirectoryWatcher (157)
[2018.05.27-18.37.51:975][243]LogModuleManager: Shutting down and abandoning module DerivedDataCache (154)
[2018.05.27-18.37.52:015][243]LogDerivedDataCache: Shutdown
[2018.05.27-18.37.52:015][243]LogModuleManager: Shutting down and abandoning module XGEController (152)
[2018.05.27-18.37.52:015][243]LogXGEController: Cleaning working directory: C:/Users/A_A_m/AppData/Local/Temp/UnrealXGEWorkingDir/
[2018.05.27-18.37.52:015][243]LogModuleManager: Shutting down and abandoning module TargetPlatform (150)
[2018.05.27-18.37.52:015][243]LogModuleManager: Shutting down and abandoning module VulkanShaderFormat (149)
[2018.05.27-18.37.52:015][243]LogModuleManager: Shutting down and abandoning module ShaderFormatVectorVM (147)
[2018.05.27-18.37.52:030][243]LogModuleManager: Shutting down and abandoning module ShaderFormatOpenGL (145)
[2018.05.27-18.37.52:036][243]LogModuleManager: Shutting down and abandoning module ShaderFormatD3D (143)
[2018.05.27-18.37.52:036][243]LogModuleManager: Shutting down and abandoning module MetalShaderFormat (141)
[2018.05.27-18.37.52:056][243]LogModuleManager: Shutting down and abandoning module TextureFormatUncompressed (139)
[2018.05.27-18.37.52:056][243]LogModuleManager: Shutting down and abandoning module TextureFormatPVR (137)
[2018.05.27-18.37.52:056][243]LogModuleManager: Shutting down and abandoning module TextureFormatDXT (135)
[2018.05.27-18.37.52:056][243]LogModuleManager: Shutting down and abandoning module TextureFormatIntelISPCTexComp (133)
[2018.05.27-18.37.52:056][243]LogModuleManager: Shutting down and abandoning module TextureFormatASTC (131)
[2018.05.27-18.37.52:056][243]LogModuleManager: Shutting down and abandoning module ImageWrapper (130)
[2018.05.27-18.37.52:056][243]LogModuleManager: Shutting down and abandoning module TextureFormatAndroid (127)
[2018.05.27-18.37.52:056][243]LogModuleManager: Shutting down and abandoning module AudioFormatOpus (125)
[2018.05.27-18.37.52:056][243]LogModuleManager: Shutting down and abandoning module AudioFormatOgg (123)
[2018.05.27-18.37.52:056][243]LogModuleManager: Shutting down and abandoning module AudioFormatADPCM (121)
[2018.05.27-18.37.52:056][243]LogModuleManager: Shutting down and abandoning module LinuxTargetPlatform (119)
[2018.05.27-18.37.52:057][243]LogModuleManager: Shutting down and abandoning module LinuxServerTargetPlatform (117)
[2018.05.27-18.37.52:057][243]LogModuleManager: Shutting down and abandoning module LinuxNoEditorTargetPlatform (115)
[2018.05.27-18.37.52:057][243]LogModuleManager: Shutting down and abandoning module LinuxClientTargetPlatform (113)
[2018.05.27-18.37.52:057][243]LogModuleManager: Shutting down and abandoning module TVOSTargetPlatform (111)
[2018.05.27-18.37.52:057][243]LogModuleManager: Shutting down and abandoning module Messaging (109)
[2018.05.27-18.37.52:057][243]LogModuleManager: Shutting down and abandoning module IOSTargetPlatform (107)
[2018.05.27-18.37.52:057][243]LogModuleManager: Shutting down and abandoning module HTML5TargetPlatform (105)
[2018.05.27-18.37.52:057][243]LogModuleManager: Shutting down and abandoning module AndroidTargetPlatform (103)
[2018.05.27-18.37.52:057][243]LogModuleManager: Shutting down and abandoning module Android_PVRTCTargetPlatform (101)
[2018.05.27-18.37.52:057][243]LogModuleManager: Shutting down and abandoning module Android_MultiTargetPlatform (99)
[2018.05.27-18.37.52:057][243]LogModuleManager: Shutting down and abandoning module Android_ETC2TargetPlatform (97)
[2018.05.27-18.37.52:057][243]LogModuleManager: Shutting down and abandoning module Android_ETC1TargetPlatform (95)
[2018.05.27-18.37.52:057][243]LogModuleManager: Shutting down and abandoning module Android_ETC1aTargetPlatform (93)
[2018.05.27-18.37.52:057][243]LogModuleManager: Shutting down and abandoning module Android_DXTTargetPlatform (91)
[2018.05.27-18.37.52:057][243]LogModuleManager: Shutting down and abandoning module Android_ATCTargetPlatform (89)
[2018.05.27-18.37.52:057][243]LogModuleManager: Shutting down and abandoning module Android_ASTCTargetPlatform (87)
[2018.05.27-18.37.52:057][243]LogModuleManager: Shutting down and abandoning module WindowsTargetPlatform (85)
[2018.05.27-18.37.52:057][243]LogModuleManager: Shutting down and abandoning module WindowsServerTargetPlatform (83)
[2018.05.27-18.37.52:057][243]LogModuleManager: Shutting down and abandoning module WindowsNoEditorTargetPlatform (81)
[2018.05.27-18.37.52:057][243]LogModuleManager: Shutting down and abandoning module WindowsClientTargetPlatform (79)
[2018.05.27-18.37.52:057][243]LogModuleManager: Shutting down and abandoning module MacTargetPlatform (77)
[2018.05.27-18.37.52:057][243]LogModuleManager: Shutting down and abandoning module MacServerTargetPlatform (75)
[2018.05.27-18.37.52:057][243]LogModuleManager: Shutting down and abandoning module MacNoEditorTargetPlatform (73)
[2018.05.27-18.37.52:057][243]LogModuleManager: Shutting down and abandoning module MacClientTargetPlatform (71)
[2018.05.27-18.37.52:057][243]LogModuleManager: Shutting down and abandoning module AllDesktopTargetPlatform (69)
[2018.05.27-18.37.52:057][243]LogModuleManager: Shutting down and abandoning module InputCore (66)
[2018.05.27-18.37.52:057][243]LogModuleManager: Shutting down and abandoning module Settings (64)
[2018.05.27-18.37.52:057][243]LogModuleManager: Shutting down and abandoning module PhysXCooking (62)
[2018.05.27-18.37.52:057][243]LogModuleManager: Shutting down and abandoning module SteamVR (60)
[2018.05.27-18.37.52:057][243]LogModuleManager: Shutting down and abandoning module OculusHMD (58)
[2018.05.27-18.37.52:057][243]LogModuleManager: Shutting down and abandoning module ExampleDeviceProfileSelector (56)
[2018.05.27-18.37.52:057][243]LogModuleManager: Shutting down and abandoning module AppleARKit (54)
[2018.05.27-18.37.52:057][243]LogModuleManager: Shutting down and abandoning module AugmentedReality (51)
[2018.05.27-18.37.52:057][243]LogModuleManager: Shutting down and abandoning module OnlineBlueprintSupport (48)
[2018.05.27-18.37.52:057][243]LogModuleManager: Shutting down and abandoning module OnlineSubsystem (44)
[2018.05.27-18.37.52:071][243]LogModuleManager: Shutting down and abandoning module XMPP (43)
[2018.05.27-18.37.52:079][243]LogModuleManager: Shutting down and abandoning module HTTP (41)
[2018.05.27-18.37.52:079][243]LogHttp: Display: Http module shutting down, but needs to wait on 1 outstanding Http requests:
[2018.05.27-18.37.52:079][243]LogHttp: Display: 	verb=[POST] url=[https://datarouter.ol.epicgames.com/datarouter/api/v1/public/data?SessionID=%7B989B02B9-4752-817F-902C-67A23C359A6A%7D&AppID=UEEditor.Rocket.Release&AppVersion=4.19.2-4033788%2B%2B%2BUE4%2BRelease-4.19&UserID=72bcae51461e21ca29c609a4a055db84%7Cd1cff3cd15c84a21b956160d98af4913%7C2b109d6e-dd9a-40d2-9290-43c804164dc2&AppEnvironment=datacollector-binary&UploadType=eteventstream] status=Processing
[2018.05.27-18.37.52:091][243]LogModuleManager: Shutting down and abandoning module SSL (40)
[2018.05.27-18.37.52:092][243]LogModuleManager: Shutting down and abandoning module AnimationModifiers (36)
[2018.05.27-18.37.52:092][243]LogModuleManager: Shutting down and abandoning module PropertyEditor (35)
[2018.05.27-18.37.52:103][243]LogModuleManager: Shutting down and abandoning module AudioEditor (32)
[2018.05.27-18.37.52:121][243]LogModuleManager: Shutting down and abandoning module TextureCompressor (30)
[2018.05.27-18.37.52:121][243]LogModuleManager: Shutting down and abandoning module ShaderCore (28)
[2018.05.27-18.37.52:121][243]LogModuleManager: Shutting down and abandoning module Landscape (26)
[2018.05.27-18.37.52:121][243]LogModuleManager: Shutting down and abandoning module SlateRHIRenderer (24)
[2018.05.27-18.37.52:136][243]LogModuleManager: Shutting down and abandoning module OpenGLDrv (22)
[2018.05.27-18.37.52:144][243]LogModuleManager: Shutting down and abandoning module D3D11RHI (20)
[2018.05.27-18.37.52:144][243]LogModuleManager: Shutting down and abandoning module AnimGraphRuntime (18)
[2018.05.27-18.37.52:144][243]LogModuleManager: Shutting down and abandoning module Renderer (16)
[2018.05.27-18.37.52:144][243]LogModuleManager: Shutting down and abandoning module Engine (14)
[2018.05.27-18.37.52:144][243]LogModuleManager: Shutting down and abandoning module CoreUObject (12)
[2018.05.27-18.37.52:144][243]LogModuleManager: Shutting down and abandoning module NetworkFile (10)
[2018.05.27-18.37.52:144][243]LogModuleManager: Shutting down and abandoning module CookedIterativeFile (8)
[2018.05.27-18.37.52:144][243]LogModuleManager: Shutting down and abandoning module StreamingFile (6)
[2018.05.27-18.37.52:144][243]LogModuleManager: Shutting down and abandoning module SandboxFile (4)
[2018.05.27-18.37.52:144][243]LogModuleManager: Shutting down and abandoning module PakFile (2)
[2018.05.27-18.37.52:165][243]LogExit: Exiting.
[2018.05.27-18.37.52:178][243]Log file closed, 05/27/18 12:37:52
