Log file open, 08/27/18 07:54:17
LogWindows: Failed to load 'aqProf.dll' (GetLastError=126)
LogWindows: File 'aqProf.dll' does not exist
LogWindows: Failed to load 'VtuneApi.dll' (GetLastError=126)
LogWindows: File 'VtuneApi.dll' does not exist
LogWindows: Failed to load 'VtuneApi32e.dll' (GetLastError=126)
LogWindows: File 'VtuneApi32e.dll' does not exist
LogInit: Display: Running engine for game: MyProject2
LogPlatformFile: Not using cached read wrapper
LogInit: Display: RandInit(639684949) SRandInit(639684949).
LogInit: Read version file with build ID '3944462'
LogInit: Overriding engine version to CL 4033788, compatible CL 3944462
LogInit: Registered custom module enumerator with build ID '3944462'
LogTaskGraph: Started task graph with 5 named threads and 23 total threads with 3 sets of task threads.
LogStats: Stats thread started at 4.454455
LogD3D11RHI: Aftermath initialized
LogICUInternationalization: Display: ICU TimeZone Detection - Raw Offset: -7:00, Platform Override: ''
LogModuleManager: Display: Found up-to-date module file ../../../Engine/Plugins/2D/Paper2D/Binaries/Win64/UE4Editor-Paper2D.dll (API version 3944462).
LogModuleManager: Display: Found up-to-date module file ../../../Engine/Plugins/2D/Paper2D/Binaries/Win64/UE4Editor-Paper2DEditor.dll (API version 3944462).
LogModuleManager: Display: Found up-to-date module file ../../../Engine/Plugins/2D/Paper2D/Binaries/Win64/UE4Editor-PaperSpriteSheetImporter.dll (API version 3944462).
LogModuleManager: Display: Found up-to-date module file ../../../Engine/Plugins/2D/Paper2D/Binaries/Win64/UE4Editor-PaperTiledImporter.dll (API version 3944462).
LogModuleManager: Display: Found up-to-date module file ../../../Engine/Plugins/2D/Paper2D/Binaries/Win64/UE4Editor-SmartSnapping.dll (API version 3944462).
LogModuleManager: Display: Found up-to-date module file ../../../Engine/Plugins/Blendables/LightPropagationVolume/Binaries/Win64/UE4Editor-LightPropagationVolumeRuntime.dll (API version 3944462).
LogModuleManager: Display: Found up-to-date module file ../../../Engine/Plugins/Blendables/LightPropagationVolume/Binaries/Win64/UE4Editor-LightPropagationVolumeEditor.dll (API version 3944462).
LogModuleManager: Display: Found up-to-date module file ../../../Engine/Plugins/Developer/CLionSourceCodeAccess/Binaries/Win64/UE4Editor-CLionSourceCodeAccess.dll (API version 3944462).
LogModuleManager: Display: Found up-to-date module file ../../../Engine/Plugins/Developer/GitSourceControl/Binaries/Win64/UE4Editor-GitSourceControl.dll (API version 3944462).
LogModuleManager: Display: Found up-to-date module file ../../../Engine/Plugins/Developer/PerforceSourceControl/Binaries/Win64/UE4Editor-PerforceSourceControl.dll (API version 3944462).
LogModuleManager: Display: Found up-to-date module file ../../../Engine/Plugins/Developer/SubversionSourceControl/Binaries/Win64/UE4Editor-SubversionSourceControl.dll (API version 3944462).
LogModuleManager: Display: Found up-to-date module file ../../../Engine/Plugins/Developer/UObjectPlugin/Binaries/Win64/UE4Editor-UObjectPlugin.dll (API version 3944462).
LogModuleManager: Display: Found up-to-date module file ../../../Engine/Plugins/Developer/VisualStudioCodeSourceCodeAccess/Binaries/Win64/UE4Editor-VisualStudioCodeSourceCodeAccess.dll (API version 3944462).
LogModuleManager: Display: Found up-to-date module file ../../../Engine/Plugins/Developer/VisualStudioSourceCodeAccess/Binaries/Win64/UE4Editor-VisualStudioSourceCodeAccess.dll (API version 3944462).
LogModuleManager: Display: Found up-to-date module file ../../../Engine/Plugins/Editor/AssetManagerEditor/Binaries/Win64/UE4Editor-AssetManagerEditor.dll (API version 3944462).
LogModuleManager: Display: Found up-to-date module file ../../../Engine/Plugins/Editor/CryptoKeys/Binaries/Win64/UE4Editor-CryptoKeys.dll (API version 3944462).
LogModuleManager: Display: Found up-to-date module file ../../../Engine/Plugins/Editor/CryptoKeys/Binaries/Win64/UE4Editor-CryptoKeysOpenSSL.dll (API version 3944462).
LogModuleManager: Display: Found up-to-date module file ../../../Engine/Plugins/Editor/DataValidation/Binaries/Win64/UE4Editor-DataValidation.dll (API version 3944462).
LogModuleManager: Display: Found up-to-date module file ../../../Engine/Plugins/Editor/FacialAnimation/Binaries/Win64/UE4Editor-FacialAnimation.dll (API version 3944462).
LogModuleManager: Display: Found up-to-date module file ../../../Engine/Plugins/Editor/FacialAnimation/Binaries/Win64/UE4Editor-FacialAnimationEditor.dll (API version 3944462).
LogModuleManager: Display: Found up-to-date module file ../../../Engine/Plugins/Editor/GameplayTagsEditor/Binaries/Win64/UE4Editor-GameplayTagsEditor.dll (API version 3944462).
LogModuleManager: Display: Found up-to-date module file ../../../Engine/Plugins/Editor/MobileLauncherProfileWizard/Binaries/Win64/UE4Editor-MobileLauncherProfileWizard.dll (API version 3944462).
LogModuleManager: Display: Found up-to-date module file ../../../Engine/Plugins/Editor/PluginBrowser/Binaries/Win64/UE4Editor-PluginBrowser.dll (API version 3944462).
LogModuleManager: Display: Found up-to-date module file ../../../Engine/Plugins/Editor/SpeedTreeImporter/Binaries/Win64/UE4Editor-SpeedTreeImporter.dll (API version 3944462).
LogModuleManager: Display: Found up-to-date module file ../../../Engine/Plugins/Enterprise/DatasmithContent/Binaries/Win64/UE4Editor-DatasmithContent.dll (API version 3944462).
LogModuleManager: Display: Found up-to-date module file ../../../Engine/Plugins/Experimental/AlembicImporter/Binaries/Win64/UE4Editor-AlembicImporter.dll (API version 3944462).
LogModuleManager: Display: Found up-to-date module file ../../../Engine/Plugins/Experimental/AlembicImporter/Binaries/Win64/UE4Editor-AlembicLibrary.dll (API version 3944462).
LogModuleManager: Display: Found up-to-date module file ../../../Engine/Plugins/Experimental/CharacterAI/Binaries/Win64/UE4Editor-CharacterAI.dll (API version 3944462).
LogModuleManager: Display: Found up-to-date module file ../../../Engine/Plugins/Experimental/HTML5Networking/Binaries/Win64/UE4Editor-HTML5Networking.dll (API version 3944462).
LogModuleManager: Display: Found up-to-date module file ../../../Engine/Plugins/Media/AndroidMedia/Binaries/Win64/UE4Editor-AndroidMediaEditor.dll (API version 3944462).
LogModuleManager: Display: Found up-to-date module file ../../../Engine/Plugins/Media/AndroidMedia/Binaries/Win64/UE4Editor-AndroidMediaFactory.dll (API version 3944462).
LogModuleManager: Display: Found up-to-date module file ../../../Engine/Plugins/Media/AvfMedia/Binaries/Win64/UE4Editor-AvfMediaEditor.dll (API version 3944462).
LogModuleManager: Display: Found up-to-date module file ../../../Engine/Plugins/Media/AvfMedia/Binaries/Win64/UE4Editor-AvfMediaFactory.dll (API version 3944462).
LogModuleManager: Display: Found up-to-date module file ../../../Engine/Plugins/Media/AvfMedia/Binaries/Win64/UE4Editor-AvfMediaFactory.dll (API version 3944462).
LogModuleManager: Display: Found up-to-date module file ../../../Engine/Plugins/Media/ImgMedia/Binaries/Win64/UE4Editor-ImgMedia.dll (API version 3944462).
LogModuleManager: Display: Found up-to-date module file ../../../Engine/Plugins/Media/ImgMedia/Binaries/Win64/UE4Editor-ImgMediaEditor.dll (API version 3944462).
LogModuleManager: Display: Found up-to-date module file ../../../Engine/Plugins/Media/ImgMedia/Binaries/Win64/UE4Editor-ImgMediaFactory.dll (API version 3944462).
LogModuleManager: Display: Found up-to-date module file ../../../Engine/Plugins/Media/ImgMedia/Binaries/Win64/UE4Editor-ImgMediaFactory.dll (API version 3944462).
LogModuleManager: Display: Found up-to-date module file ../../../Engine/Plugins/Media/ImgMedia/Binaries/Win64/UE4Editor-OpenExrWrapper.dll (API version 3944462).
LogModuleManager: Display: Found up-to-date module file ../../../Engine/Plugins/Media/LinearTimecode/Binaries/Win64/UE4Editor-LinearTimecode.dll (API version 3944462).
LogModuleManager: Display: Found up-to-date module file ../../../Engine/Plugins/Media/MediaCompositing/Binaries/Win64/UE4Editor-MediaCompositing.dll (API version 3944462).
LogModuleManager: Display: Found up-to-date module file ../../../Engine/Plugins/Media/MediaCompositing/Binaries/Win64/UE4Editor-MediaCompositingEditor.dll (API version 3944462).
LogModuleManager: Display: Found up-to-date module file ../../../Engine/Plugins/Media/MediaPlayerEditor/Binaries/Win64/UE4Editor-MediaPlayerEditor.dll (API version 3944462).
LogModuleManager: Display: Found up-to-date module file ../../../Engine/Plugins/Media/WmfMedia/Binaries/Win64/UE4Editor-WmfMedia.dll (API version 3944462).
LogModuleManager: Display: Found up-to-date module file ../../../Engine/Plugins/Media/WmfMedia/Binaries/Win64/UE4Editor-WmfMediaEditor.dll (API version 3944462).
LogModuleManager: Display: Found up-to-date module file ../../../Engine/Plugins/Media/WmfMedia/Binaries/Win64/UE4Editor-WmfMediaFactory.dll (API version 3944462).
LogModuleManager: Display: Found up-to-date module file ../../../Engine/Plugins/Media/WmfMedia/Binaries/Win64/UE4Editor-WmfMediaFactory.dll (API version 3944462).
LogModuleManager: Display: Found up-to-date module file ../../../Engine/Plugins/Messaging/TcpMessaging/Binaries/Win64/UE4Editor-TcpMessaging.dll (API version 3944462).
LogModuleManager: Display: Found up-to-date module file ../../../Engine/Plugins/Messaging/UdpMessaging/Binaries/Win64/UE4Editor-UdpMessaging.dll (API version 3944462).
LogModuleManager: Display: Found up-to-date module file ../../../Engine/Plugins/MovieScene/ActorSequence/Binaries/Win64/UE4Editor-ActorSequence.dll (API version 3944462).
LogModuleManager: Display: Found up-to-date module file ../../../Engine/Plugins/MovieScene/LevelSequenceEditor/Binaries/Win64/UE4Editor-LevelSequenceEditor.dll (API version 3944462).
LogModuleManager: Display: Found up-to-date module file ../../../Engine/Plugins/MovieScene/MatineeToLevelSequence/Binaries/Win64/UE4Editor-MatineeToLevelSequence.dll (API version 3944462).
LogModuleManager: Display: Found up-to-date module file ../../../Engine/Plugins/NetcodeUnitTest/NetcodeUnitTest/Binaries/Win64/UE4Editor-NetcodeUnitTest.dll (API version 3944462).
LogModuleManager: Display: Found up-to-date module file ../../../Engine/Plugins/NetcodeUnitTest/NUTUnrealEngine4/Binaries/Win64/UE4Editor-NUTUnrealEngine4.dll (API version 3944462).
LogModuleManager: Display: Found up-to-date module file ../../../Engine/Plugins/Online/OnlineSubsystem/Binaries/Win64/UE4Editor-OnlineSubsystem.dll (API version 3944462).
LogModuleManager: Display: Found up-to-date module file ../../../Engine/Plugins/Runtime/AndroidPermission/Binaries/Win64/UE4Editor-AndroidPermission.dll (API version 3944462).
LogModuleManager: Display: Found up-to-date module file ../../../Engine/Plugins/Online/OnlineSubsystemNull/Binaries/Win64/UE4Editor-OnlineSubsystemNull.dll (API version 3944462).
LogModuleManager: Display: Found up-to-date module file ../../../Engine/Plugins/Online/OnlineSubsystemUtils/Binaries/Win64/UE4Editor-OnlineSubsystemUtils.dll (API version 3944462).
LogModuleManager: Display: Found up-to-date module file ../../../Engine/Plugins/Online/OnlineSubsystemUtils/Binaries/Win64/UE4Editor-OnlineBlueprintSupport.dll (API version 3944462).
LogModuleManager: Display: Found up-to-date module file ../../../Engine/Plugins/Runtime/AndroidDeviceProfileSelector/Binaries/Win64/UE4Editor-AndroidDeviceProfileSelector.dll (API version 3944462).
LogModuleManager: Display: Found up-to-date module file ../../../Engine/Plugins/Runtime/AppleARKit/Binaries/Win64/UE4Editor-AppleARKit.dll (API version 3944462).
LogModuleManager: Display: Found up-to-date module file ../../../Engine/Plugins/Runtime/ProceduralMeshComponent/Binaries/Win64/UE4Editor-ProceduralMeshComponent.dll (API version 3944462).
LogModuleManager: Display: Found up-to-date module file ../../../Engine/Plugins/Runtime/ProceduralMeshComponent/Binaries/Win64/UE4Editor-ProceduralMeshComponentEditor.dll (API version 3944462).
LogModuleManager: Display: Found up-to-date module file ../../../Engine/Plugins/Animation/LiveLink/Binaries/Win64/UE4Editor-LiveLink.dll (API version 3944462).
LogModuleManager: Display: Found up-to-date module file ../../../Engine/Plugins/Animation/LiveLink/Binaries/Win64/UE4Editor-LiveLinkEditor.dll (API version 3944462).
LogModuleManager: Display: Found up-to-date module file ../../../Engine/Plugins/Runtime/ArchVisCharacter/Binaries/Win64/UE4Editor-ArchVisCharacter.dll (API version 3944462).
LogModuleManager: Display: Found up-to-date module file ../../../Engine/Plugins/Runtime/AudioCapture/Binaries/Win64/UE4Editor-AudioCapture.dll (API version 3944462).
LogModuleManager: Display: Found up-to-date module file ../../../Engine/Plugins/Runtime/AudioCapture/Binaries/Win64/UE4Editor-AudioCaptureEditor.dll (API version 3944462).
LogModuleManager: Display: Found up-to-date module file ../../../Engine/Plugins/Runtime/CableComponent/Binaries/Win64/UE4Editor-CableComponent.dll (API version 3944462).
LogModuleManager: Display: Found up-to-date module file ../../../Engine/Plugins/Runtime/CustomMeshComponent/Binaries/Win64/UE4Editor-CustomMeshComponent.dll (API version 3944462).
LogModuleManager: Display: Found up-to-date module file ../../../Engine/Plugins/Runtime/ExampleDeviceProfileSelector/Binaries/Win64/UE4Editor-ExampleDeviceProfileSelector.dll (API version 3944462).
LogModuleManager: Display: Found up-to-date module file ../../../Engine/Plugins/Runtime/ImmediatePhysics/Binaries/Win64/UE4Editor-ImmediatePhysics.dll (API version 3944462).
LogModuleManager: Display: Found up-to-date module file ../../../Engine/Plugins/Runtime/ImmediatePhysics/Binaries/Win64/UE4Editor-ImmediatePhysicsEditor.dll (API version 3944462).
LogModuleManager: Display: Found up-to-date module file ../../../Engine/Plugins/Runtime/LocationServicesBPLibrary/Binaries/Win64/UE4Editor-LocationServicesBPLibrary.dll (API version 3944462).
LogModuleManager: Display: Found up-to-date module file ../../../Engine/Plugins/Runtime/MobilePatchingUtils/Binaries/Win64/UE4Editor-MobilePatchingUtils.dll (API version 3944462).
LogModuleManager: Display: Found up-to-date module file ../../../Engine/Plugins/Runtime/Oculus/OculusVR/Binaries/Win64/UE4Editor-OculusHMD.dll (API version 3944462).
LogModuleManager: Display: Found up-to-date module file ../../../Engine/Plugins/Runtime/Oculus/OculusVR/Binaries/Win64/UE4Editor-OculusInput.dll (API version 3944462).
LogModuleManager: Display: Found up-to-date module file ../../../Engine/Plugins/Runtime/Oculus/OculusVR/Binaries/Win64/UE4Editor-OculusEditor.dll (API version 3944462).
LogModuleManager: Display: Found up-to-date module file ../../../Engine/Plugins/Runtime/PhysXVehicles/Binaries/Win64/UE4Editor-PhysXVehicles.dll (API version 3944462).
LogModuleManager: Display: Found up-to-date module file ../../../Engine/Plugins/Runtime/PhysXVehicles/Binaries/Win64/UE4Editor-PhysXVehiclesEditor.dll (API version 3944462).
LogModuleManager: Display: Found up-to-date module file ../../../Engine/Plugins/Runtime/RuntimePhysXCooking/Binaries/Win64/UE4Editor-RuntimePhysXCooking.dll (API version 3944462).
LogModuleManager: Display: Found up-to-date module file ../../../Engine/Plugins/Runtime/Steam/SteamVR/Binaries/Win64/UE4Editor-SteamVR.dll (API version 3944462).
LogModuleManager: Display: Found up-to-date module file ../../../Engine/Plugins/Runtime/Steam/SteamVR/Binaries/Win64/UE4Editor-SteamVRController.dll (API version 3944462).
LogModuleManager: Display: Found up-to-date module file ../../../Engine/Plugins/Runtime/WindowsMoviePlayer/Binaries/Win64/UE4Editor-WindowsMoviePlayer.dll (API version 3944462).
LogPluginManager: Mounting plugin Paper2D
LogPluginManager: Mounting plugin LiveLink
LogPluginManager: Mounting plugin LightPropagationVolume
LogPluginManager: Mounting plugin CLionSourceCodeAccess
LogPluginManager: Mounting plugin CodeLiteSourceCodeAccess
LogPluginManager: Mounting plugin GitSourceControl
LogPluginManager: Mounting plugin KDevelopSourceCodeAccess
LogPluginManager: Mounting plugin NullSourceCodeAccess
LogPluginManager: Mounting plugin PerforceSourceControl
LogPluginManager: Mounting plugin SubversionSourceControl
LogPluginManager: Mounting plugin UObjectPlugin
LogPluginManager: Mounting plugin VisualStudioCodeSourceCodeAccess
LogPluginManager: Mounting plugin VisualStudioSourceCodeAccess
LogPluginManager: Mounting plugin XCodeSourceCodeAccess
LogPluginManager: Mounting plugin AssetManagerEditor
LogPluginManager: Mounting plugin CryptoKeys
LogPluginManager: Mounting plugin DataValidation
LogPluginManager: Mounting plugin FacialAnimation
LogPluginManager: Mounting plugin GameplayTagsEditor
LogPluginManager: Mounting plugin MobileLauncherProfileWizard
LogPluginManager: Mounting plugin PluginBrowser
LogPluginManager: Mounting plugin SpeedTreeImporter
LogPluginManager: Mounting plugin DatasmithContent
LogPluginManager: Mounting plugin AlembicImporter
LogPluginManager: Mounting plugin CharacterAI
LogPluginManager: Mounting plugin HTML5Networking
LogPluginManager: Mounting plugin AndroidMedia
LogPluginManager: Mounting plugin AvfMedia
LogPluginManager: Mounting plugin ImgMedia
LogPluginManager: Mounting plugin LinearTimecode
LogPluginManager: Mounting plugin MediaCompositing
LogPluginManager: Mounting plugin MediaPlayerEditor
LogPluginManager: Mounting plugin WmfMedia
LogPluginManager: Mounting plugin TcpMessaging
LogPluginManager: Mounting plugin UdpMessaging
LogPluginManager: Mounting plugin ActorSequence
LogPluginManager: Mounting plugin LevelSequenceEditor
LogPluginManager: Mounting plugin MatineeToLevelSequence
LogPluginManager: Mounting plugin NetcodeUnitTest
LogPluginManager: Mounting plugin NUTUnrealEngine4
LogPluginManager: Mounting plugin OnlineSubsystemGooglePlay
LogPluginManager: Mounting plugin OnlineSubsystemIOS
LogPluginManager: Mounting plugin OnlineSubsystem
LogPluginManager: Mounting plugin OnlineSubsystemNull
LogPluginManager: Mounting plugin OnlineSubsystemUtils
LogPluginManager: Mounting plugin AndroidDeviceProfileSelector
LogPluginManager: Mounting plugin AndroidMoviePlayer
LogPluginManager: Mounting plugin AndroidPermission
LogPluginManager: Mounting plugin AppleARKit
LogPluginManager: Mounting plugin AppleMoviePlayer
LogPluginManager: Mounting plugin ArchVisCharacter
LogPluginManager: Mounting plugin AudioCapture
LogPluginManager: Mounting plugin CableComponent
LogPluginManager: Mounting plugin CustomMeshComponent
LogPluginManager: Mounting plugin ExampleDeviceProfileSelector
LogPluginManager: Mounting plugin GoogleCloudMessaging
LogPluginManager: Mounting plugin ImmediatePhysics
LogPluginManager: Mounting plugin IOSDeviceProfileSelector
LogPluginManager: Mounting plugin LinuxDeviceProfileSelector
LogPluginManager: Mounting plugin LocationServicesBPLibrary
LogPluginManager: Mounting plugin MobilePatchingUtils
LogPluginManager: Mounting plugin OculusVR
LogPluginManager: Plugin shader directory ../../../Engine/Plugins/Runtime/Oculus/OculusVR/Shaders found
LogPluginManager: Mapping shader source directory ../../../Engine/Plugins/Runtime/Oculus/OculusVR/Shaders to virtual directory /Plugin/OculusVR
LogPluginManager: Mounting plugin PhysXVehicles
LogPluginManager: Mounting plugin ProceduralMeshComponent
LogPluginManager: Mounting plugin RuntimePhysXCooking
LogPluginManager: Mounting plugin SteamVR
LogPluginManager: Mounting plugin WindowsMoviePlayer
LogStreaming: Display: Took  3.316s to configure plugins.
LogInit: Using libcurl 7.47.1
LogInit:  - built for x86_64-pc-win32
LogInit:  - supports SSL with OpenSSL/1.0.2g
LogInit:  - supports HTTP deflate (compression) using libz 1.2.8
LogInit:  - other features:
LogInit:      CURL_VERSION_SSL
LogInit:      CURL_VERSION_LIBZ
LogInit:      CURL_VERSION_IPV6
LogInit:      CURL_VERSION_ASYNCHDNS
LogInit:      CURL_VERSION_LARGEFILE
LogInit:      CURL_VERSION_IDN
LogInit:  CurlRequestOptions (configurable via config and command line):
LogInit:  - bVerifyPeer = false  - Libcurl will NOT verify peer certificate
LogInit:  - bUseHttpProxy = false  - Libcurl will NOT use HTTP proxy
LogInit:  - bDontReuseConnections = false  - Libcurl will reuse connections
LogInit:  - CertBundlePath = nullptr  - Libcurl will use whatever was configured at build time.
LogInit:  - MaxHostConnections = 16  - Libcurl will limit the number of connections to a host
LogInit:  - LocalHostAddr = Default
LogInit: WinSock: version 1.1 (2.2), MaxSocks=32767, MaxUdp=65467
LogInit: WinSock: I am DESKTOP-ISE73MF (192.168.1.70:0)
LogInit: Build: ++UE4+Release-4.19-CL-4033788
LogInit: Engine Version: 4.19.2-4033788+++UE4+Release-4.19
LogInit: Compatible Engine Version: 4.19.0-3944462+++UE4+Release-4.19
LogInit: Net CL: 3944462
LogDevObjectVersion: Number of dev versions registered: 18
LogDevObjectVersion:   Dev-Blueprints (B0D832E4-1F89-4F0D-ACCF-7EB736FD4AA2): 10
LogDevObjectVersion:   Dev-Build (E1C64328-A22C-4D53-A36C-8E866417BD8C): 0
LogDevObjectVersion:   Dev-Core (375EC13C-06E4-48FB-B500-84F0262A717E): 2
LogDevObjectVersion:   Dev-Editor (E4B068ED-F494-42E9-A231-DA0B2E46BB41): 23
LogDevObjectVersion:   Dev-Framework (CFFC743F-43B0-4480-9391-14DF171D2073): 33
LogDevObjectVersion:   Dev-Mobile (B02B49B5-BB20-44E9-A304-32B752E40360): 2
LogDevObjectVersion:   Dev-Networking (A4E4105C-59A1-49B5-A7C5-40C4547EDFEE): 0
LogDevObjectVersion:   Dev-Online (39C831C9-5AE6-47DC-9A44-9C173E1C8E7C): 0
LogDevObjectVersion:   Dev-Physics (78F01B33-EBEA-4F98-B9B4-84EACCB95AA2): 0
LogDevObjectVersion:   Dev-Platform (6631380F-2D4D-43E0-8009-CF276956A95A): 0
LogDevObjectVersion:   Dev-Rendering (12F88B9F-8875-4AFC-A67C-D90C383ABD29): 25
LogDevObjectVersion:   Dev-Sequencer (7B5AE74C-D270-4C10-A958-57980B212A5A): 6
LogDevObjectVersion:   Dev-VR (D7296918-1DD6-4BDD-9DE2-64A83CC13884): 1
LogDevObjectVersion:   Dev-LoadTimes (C2A15278-BFE7-4AFE-6C17-90FF531DF755): 1
LogDevObjectVersion:   Private-Geometry (6EACA3D4-40EC-4CC1-B786-8BED09428FC5): 2
LogDevObjectVersion:   Dev-AnimPhys (29E575DD-E0A3-4627-9D10-D276232CDCEA): 16
LogDevObjectVersion:   Dev-ReflectionCapture (6B266CEC-1EC7-4B8F-A30B-E4D90942FC07): 1
LogDevObjectVersion:   Dev-Automation (0DF73D61-A23F-47EA-B727-89E90C41499A): 1
LogInit: Compiled (64-bit): Apr 27 2018 02:06:57
LogInit: Compiled with Visual C++: 19.00.24215.01
LogInit: Build Configuration: Development
LogInit: Branch Name: ++UE4+Release-4.19
LogInit: Command Line:  
LogInit: Base Directory: D:/Unreal Engine/Epic Games/UE_4.19/Engine/Binaries/Win64/
LogInit: Installed Engine Build: 1
LogStreaming: Display: Took  0.001s to delete old logs.
LogInit: Presizing for max 8388607 objects, including 0 objects not considered by GC, pre-allocating 0 bytes for permanent pool.
LogInit: Object subsystem initialized
[2018.08.27-13.54.22:398][  0]LogInit: Selected Device Profile: [Windows]
[2018.08.27-13.54.22:398][  0]LogInit: Applying CVar settings loaded from the selected device profile: [Windows]
[2018.08.27-13.54.22:510][  0]LogInit: Computer: DESKTOP-ISE73MF
[2018.08.27-13.54.22:510][  0]LogInit: User: AAm
[2018.08.27-13.54.22:510][  0]LogInit: CPU Page size=4096, Cores=4
[2018.08.27-13.54.22:510][  0]LogInit: High frequency timer resolution =2.531251 MHz
[2018.08.27-13.54.22:510][  0]LogMemory: Memory total: Physical=15.9GB (16GB approx)
[2018.08.27-13.54.22:510][  0]LogMemory: Platform Memory Stats for Windows
[2018.08.27-13.54.22:510][  0]LogMemory: Process Physical Memory: 275.95 MB used, 275.95 MB peak
[2018.08.27-13.54.22:510][  0]LogMemory: Process Virtual Memory: 276.83 MB used, 276.83 MB peak
[2018.08.27-13.54.22:510][  0]LogMemory: Physical Memory: 5546.74 MB used,  10773.05 MB free, 16319.79 MB total
[2018.08.27-13.54.22:512][  0]LogMemory: Virtual Memory: 4807.26 MB used,  10773.05 MB free, 134217728.00 MB total
[2018.08.27-13.54.23:349][  0]LogInit: Using OS detected language (en-US).
[2018.08.27-13.54.23:349][  0]LogInit: Using OS detected locale (en-CA).
[2018.08.27-13.54.23:579][  0]LogTextLocalizationManager: No specific localization for 'en-US' exists, so the 'en' localization will be used.
[2018.08.27-13.54.24:511][  0]LogStreaming: Display: Took  1.149s to EndInitTextLocalization.
[2018.08.27-13.54.24:539][  0]LogInit: Setting process to per monitor DPI aware
[2018.08.27-13.54.25:208][  0]LogSlate: New Slate User Created.  User Index 0, Is Virtual User: 0
[2018.08.27-13.54.25:208][  0]LogSlate: Slate User Registered.  User Index 0, Is Virtual User: 0
[2018.08.27-13.54.26:950][  0]LogD3D11RHI: D3D11 adapters:
[2018.08.27-13.54.27:091][  0]LogD3D11RHI:    0. 'NVIDIA GeForce GTX 1060' (Feature Level 11_0)
[2018.08.27-13.54.27:091][  0]LogD3D11RHI:       6052/0/8159 MB DedicatedVideo/DedicatedSystem/SharedSystem, Outputs:1, VendorId:0x10de
[2018.08.27-13.54.27:094][  0]LogD3D11RHI:    1. 'Microsoft Basic Render Driver' (Feature Level 11_0)
[2018.08.27-13.54.27:094][  0]LogD3D11RHI:       0/0/8159 MB DedicatedVideo/DedicatedSystem/SharedSystem, Outputs:0, VendorId:0x1414
[2018.08.27-13.54.27:094][  0]LogD3D11RHI: Chosen D3D11 Adapter: 0
[2018.08.27-13.54.27:103][  0]LogD3D11RHI: Creating new Direct3DDevice
[2018.08.27-13.54.27:104][  0]LogD3D11RHI:     GPU DeviceId: 0x1c60 (for the marketing name, search the web for "GPU Device Id")
[2018.08.27-13.54.27:104][  0]LogWindows: EnumDisplayDevices:
[2018.08.27-13.54.27:104][  0]LogWindows:    0. 'NVIDIA GeForce GTX 1060' (P:1 D:1)
[2018.08.27-13.54.27:104][  0]LogWindows:    1. 'NVIDIA GeForce GTX 1060' (P:0 D:0)
[2018.08.27-13.54.27:104][  0]LogWindows:    2. 'NVIDIA GeForce GTX 1060' (P:0 D:0)
[2018.08.27-13.54.27:104][  0]LogWindows:    3. 'NVIDIA GeForce GTX 1060' (P:0 D:0)
[2018.08.27-13.54.27:104][  0]LogWindows: DebugString: GetVideoDriverDetailsInvalid PrimaryIsNotTheChoosenAdapter GetVideoDriverDetailsInvalid PrimaryIsNotTheChoosenAdapter GetVideoDriverDetailsInvalid PrimaryIsNotTheChoosenAdapter GetVideoDriverDetailsInvalid PrimaryIsNotTheChoosenAdapter FoundDriverCount:0 
[2018.08.27-13.54.27:104][  0]LogD3D11RHI:     Adapter Name: NVIDIA GeForce GTX 1060
[2018.08.27-13.54.27:104][  0]LogD3D11RHI:   Driver Version: Unknown (internal:Unknown, unified:Unknown)
[2018.08.27-13.54.27:104][  0]LogD3D11RHI:      Driver Date: Unknown
[2018.08.27-13.54.27:105][  0]LogRHI: Texture pool is 4236 MB (70% of 6052 MB)
[2018.08.27-13.54.27:163][  0]LogD3D11RHI: [Aftermath] Aftermath enabled and primed
[2018.08.27-13.54.27:163][  0]LogD3D11RHI: [Aftermath] Aftermath enabled and primed
[2018.08.27-13.54.27:163][  0]LogD3D11RHI: Async texture creation enabled
[2018.08.27-13.54.27:416][  0]LogD3D11RHI: GPU Timing Frequency: 1000.000000 (Debug: 2 2)
[2018.08.27-13.54.27:574][  0]LogShaderCompilers: Guid format shader working directory is -23 characters bigger than the processId version (C:/Users/A_A_m/OneDrive/Documents/GitHub/SheridanUnrealProjectSummer/Intermediate/Shaders/WorkingDirectory/30956/).
[2018.08.27-13.54.27:583][  0]LogShaderCompilers: Cleaned the shader compiler working directory 'C:/Users/A_A_m/AppData/Local/Temp/UnrealShaderWorkingDir/0B0F345F43EAC1051EC4C189C9664397/'.
[2018.08.27-13.54.28:577][  0]LogTemp: Display: Loaded TP AllDesktopTargetPlatform
[2018.08.27-13.54.28:635][  0]LogTemp: Display: Loaded TP MacClientTargetPlatform
[2018.08.27-13.54.28:670][  0]LogTemp: Display: Loaded TP MacNoEditorTargetPlatform
[2018.08.27-13.54.28:694][  0]LogTemp: Display: Loaded TP MacServerTargetPlatform
[2018.08.27-13.54.28:747][  0]LogTemp: Display: Loaded TP MacTargetPlatform
[2018.08.27-13.54.28:774][  0]LogTemp: Display: Loaded TP WindowsClientTargetPlatform
[2018.08.27-13.54.28:797][  0]LogTemp: Display: Loaded TP WindowsNoEditorTargetPlatform
[2018.08.27-13.54.28:826][  0]LogTemp: Display: Loaded TP WindowsServerTargetPlatform
[2018.08.27-13.54.28:846][  0]LogTemp: Display: Loaded TP WindowsTargetPlatform
[2018.08.27-13.54.28:894][  0]LogTemp: Display: Loaded TP Android_ASTCTargetPlatform
[2018.08.27-13.54.28:943][  0]LogTemp: Display: Loaded TP Android_ATCTargetPlatform
[2018.08.27-13.54.28:999][  0]LogTemp: Display: Loaded TP Android_DXTTargetPlatform
[2018.08.27-13.54.29:046][  0]LogTemp: Display: Loaded TP Android_ETC1aTargetPlatform
[2018.08.27-13.54.29:074][  0]LogTemp: Display: Loaded TP Android_ETC1TargetPlatform
[2018.08.27-13.54.29:089][  0]LogTemp: Display: Loaded TP Android_ETC2TargetPlatform
[2018.08.27-13.54.29:160][  0]LogTemp: Display: Loaded TP Android_MultiTargetPlatform
[2018.08.27-13.54.29:160][  0]LogTemp: Display: Loaded TP Android_PVRTCTargetPlatform
[2018.08.27-13.54.29:202][  0]LogTemp: Display: Loaded TP AndroidTargetPlatform
[2018.08.27-13.54.29:219][  0]LogTemp: Display: Loaded TP HTML5TargetPlatform
[2018.08.27-13.54.29:407][  0]LogTemp: Display: Loaded TP IOSTargetPlatform
[2018.08.27-13.54.29:442][  0]LogTemp: Display: Loaded TP TVOSTargetPlatform
[2018.08.27-13.54.29:476][  0]LogTemp: Display: Loaded TP LinuxClientTargetPlatform
[2018.08.27-13.54.29:493][  0]LogTemp: Display: Loaded TP LinuxNoEditorTargetPlatform
[2018.08.27-13.54.29:526][  0]LogTemp: Display: Loaded TP LinuxServerTargetPlatform
[2018.08.27-13.54.29:556][  0]LogTemp: Display: Loaded TP LinuxTargetPlatform
[2018.08.27-13.54.29:557][  0]LogTargetPlatformManager: Display: Building Assets For Windows
[2018.08.27-13.54.30:330][  0]LogXGEController: Cleaning working directory: C:/Users/A_A_m/AppData/Local/Temp/UnrealXGEWorkingDir/
[2018.08.27-13.54.30:331][  0]LogXGEController: Cannot use XGE Controller as Incredibuild is not installed on this machine.
[2018.08.27-13.54.30:349][  0]LogShaderCompilers: Cannot use XGE Shader Compiler as Incredibuild is not installed on this machine.
[2018.08.27-13.54.30:349][  0]LogShaderCompilers: Display: Using Local Shader Compiler.
[2018.08.27-13.54.33:498][  0]LogDerivedDataCache: Display: Max Cache Size: 512 MB
[2018.08.27-13.54.33:875][  0]LogDerivedDataCache: Loaded boot cache 0.37s 74MB C:/Users/A_A_m/AppData/Local/UnrealEngine/4.19/DerivedDataCache/Boot.ddc.
[2018.08.27-13.54.33:875][  0]LogDerivedDataCache: Display: Loaded Boot cache: C:/Users/A_A_m/AppData/Local/UnrealEngine/4.19/DerivedDataCache/Boot.ddc
[2018.08.27-13.54.33:875][  0]LogDerivedDataCache: FDerivedDataBackendGraph:  Pak pak cache file C:/Users/A_A_m/OneDrive/Documents/GitHub/SheridanUnrealProjectSummer/DerivedDataCache/DDC.ddp not found, will not use a pak cache.
[2018.08.27-13.54.33:875][  0]LogDerivedDataCache: Unable to find inner node Pak for hierarchical cache Hierarchy.
[2018.08.27-13.54.33:875][  0]LogDerivedDataCache: FDerivedDataBackendGraph:  CompressedPak pak cache file C:/Users/A_A_m/OneDrive/Documents/GitHub/SheridanUnrealProjectSummer/DerivedDataCache/Compressed.ddp not found, will not use a pak cache.
[2018.08.27-13.54.33:875][  0]LogDerivedDataCache: Unable to find inner node CompressedPak for hierarchical cache Hierarchy.
[2018.08.27-13.54.34:002][  0]LogDerivedDataCache: Display: Pak cache opened for reading ../../../Engine/DerivedDataCache/Compressed.ddp.
[2018.08.27-13.54.34:021][  0]LogDerivedDataCache: Using Local data cache path C:/Users/A_A_m/AppData/Local/UnrealEngine/Common/DerivedDataCache: Writable
[2018.08.27-13.54.34:021][  0]LogDerivedDataCache: Shared data cache path not found in *engine.ini, will not use an Shared cache.
[2018.08.27-13.54.34:021][  0]LogDerivedDataCache: Unable to find inner node Shared for hierarchical cache Hierarchy.
[2018.08.27-13.54.34:096][  0]LogMaterial: Verifying Global Shaders for PCD3D_SM5
[2018.08.27-13.54.34:162][  0]LogSlate: Using Freetype 2.6.0
[2018.08.27-13.54.34:264][  0]LogSlate: SlateFontCache - WITH_FREETYPE: 1, WITH_HARFBUZZ: 1
[2018.08.27-13.54.34:264][  0]LogSlate: SlateFontCache - WITH_FREETYPE: 1, WITH_HARFBUZZ: 1
[2018.08.27-13.54.39:209][  0]LogAssetRegistry: FAssetRegistry took 0.0359 seconds to start up
[2018.08.27-13.54.42:508][  0]LogInit: Selected Device Profile: [Windows]
[2018.08.27-13.54.43:967][  0]LogSimplygon: Simplygon DLL not present - disabling.
[2018.08.27-13.54.43:997][  0]LogMeshReduction: Using SimplygonSwarm for distributed automatic mesh merging
[2018.08.27-13.54.43:999][  0]LogMeshReduction: Using QuadricMeshReduction for automatic static mesh reduction
[2018.08.27-13.54.43:999][  0]LogMeshReduction: No automatic skeletal mesh reduction module available
[2018.08.27-13.54.43:999][  0]LogMeshReduction: No automatic mesh merging module available
[2018.08.27-13.54.43:999][  0]LogMeshMerging: No automatic mesh merging module available
[2018.08.27-13.54.44:473][  0]LogNetVersion: MyProject2 , NetCL: 3944462, EngineNetVer: 2, GameNetVer: 0 (Checksum: 607132587)
[2018.08.27-13.54.49:436][  0]LogPackageLocalizationCache: Processed 9 localized package path(s) for 2 prioritized culture(s) in 0.177156 seconds
[2018.08.27-13.54.49:447][  0]LogUObjectArray: 36728 objects as part of root set at end of initial load.
[2018.08.27-13.54.49:447][  0]LogUObjectAllocator: 7314312 out of 0 bytes used by permanent object pool.
[2018.08.27-13.54.49:447][  0]LogUObjectArray: CloseDisregardForGC: 0/0 objects in disregard for GC pool
[2018.08.27-13.55.18:057][  0]LogTcpMessaging: Initializing TcpMessaging bridge
[2018.08.27-13.55.18:106][  0]LogUdpMessaging: Initializing bridge on interface 0.0.0.0:0 to multicast group 230.0.0.1:6666.
[2018.08.27-13.55.19:438][  0]SourceControl: Source control is disabled
[2018.08.27-13.55.21:393][  0]LogAndroidPermission: UAndroidPermissionCallbackProxy::GetInstance
[2018.08.27-13.55.21:677][  0]LogOcInput: OculusInput pre-init called
[2018.08.27-13.55.22:339][  0]LogEngine: Initializing Engine...
[2018.08.27-13.55.22:362][  0]LogHMD: Failed to initialize OpenVR with code 110
[2018.08.27-13.55.22:386][  0]LogStats: UGameplayTagsManager::ConstructGameplayTagTree: Construct from data asset -  0.000 s
[2018.08.27-13.55.22:387][  0]LogStats: UGameplayTagsManager::ConstructGameplayTagTree: GameplayTagTreeChangedEvent.Broadcast -  0.000 s
[2018.08.27-13.55.23:734][  0]LogAIModule: Creating AISystem for world Untitled
[2018.08.27-13.55.23:832][  0]LogInit: XAudio2 using 'Speakers (Realtek High Definition Audio)' : 2 channels at 48 kHz using 32 bits per sample (channel mask 0x3)
[2018.08.27-13.55.24:019][  0]LogInit: FAudioDevice initialized.
[2018.08.27-13.55.24:112][  0]LogDerivedDataCache: Saved boot cache 0.09s 74MB C:/Users/A_A_m/AppData/Local/UnrealEngine/4.19/DerivedDataCache/Boot.ddc.
[2018.08.27-13.55.24:150][  0]LogInit: Texture streaming: Enabled
[2018.08.27-13.55.24:302][  0]LogEngineSessionManager: EngineSessionManager initialized
[2018.08.27-13.55.24:455][  0]LogInit: Transaction tracking system initialized
[2018.08.27-13.55.24:885][  0]BlueprintLog: New page: Editor Load
[2018.08.27-13.55.26:059][  0]LocalizationService: Localization service is disabled
[2018.08.27-13.55.26:547][  0]LogLinker: Warning: Can't find file '/Game/DENT/CreateDestructibleMesh'
[2018.08.27-13.55.26:560][  0]LogLinker: Warning: Can't find file '/Game/DENT/CreateDestructibleMesh'
[2018.08.27-13.55.26:561][  0]LogUObjectGlobals: Warning: Failed to find object 'Class /Game/DENT/CreateDestructibleMesh.CreateDestructibleMesh_C'
[2018.08.27-13.55.26:561][  0]LogLinker: Warning: Can't find file '/Game/DENT/AddDestructibleMeshToDENT'
[2018.08.27-13.55.26:561][  0]LogLinker: Warning: Can't find file '/Game/DENT/AddDestructibleMeshToDENT'
[2018.08.27-13.55.26:562][  0]LogUObjectGlobals: Warning: Failed to find object 'Class /Game/DENT/AddDestructibleMeshToDENT.AddDestructibleMeshToDENT_C'
[2018.08.27-13.55.26:888][  0]LogConsoleResponse: Display: 
[2018.08.27-13.55.29:035][  0]LogCook: Display: Max memory allowance for cook 16384mb min free memory 0mb
[2018.08.27-13.55.29:036][  0]LogCook: Display: Mobile HDR setting 1
[2018.08.27-13.55.29:036][  0]LogGameplayTags: Display: UGameplayTagsManager::DoneAddingNativeTags. DelegateIsBound: 0
[2018.08.27-13.55.29:036][  0]LogStats: UGameplayTagsManager::ConstructGameplayTagTree: Construct from data asset -  0.000 s
[2018.08.27-13.55.29:036][  0]LogStats: UGameplayTagsManager::ConstructGameplayTagTree: GameplayTagTreeChangedEvent.Broadcast -  0.000 s
[2018.08.27-13.55.29:060][  0]LogFileCache: Scanning file cache for directory 'C:/Users/A_A_m/OneDrive/Documents/GitHub/SheridanUnrealProjectSummer/Content/' took 0.04s
[2018.08.27-13.55.31:765][  0]Cmd: MAP LOAD FILE="C:/Users/A_A_m/OneDrive/Documents/GitHub/SheridanUnrealProjectSummer/Content/ThirdPersonBP/Maps/ThirdPersonExampleMap.umap" TEMPLATE=0 SHOWPROGRESS=1 FEATURELEVEL=3
[2018.08.27-13.55.31:795][  0]LightingResults: New page: Lighting Build
[2018.08.27-13.55.31:933][  0]MapCheck: New page: Map Check
[2018.08.27-13.55.31:933][  0]LightingResults: New page: Lighting Build
[2018.08.27-13.55.33:038][  0]LogUObjectGlobals: Created PersistentFrame Addr=0x00000197878f3e00, Size=12, Default__Enemy_C Function /Game/ThirdPersonBP/Blueprints/Enemy.Enemy_C:ExecuteUbergraph_Enemy
[2018.08.27-13.55.33:064][  0]LogUObjectGlobals: Destroyed PersistentFrame Addr=0x00000197878f3e00, Size=12
[2018.08.27-13.55.33:064][  0]LogUObjectGlobals: Created PersistentFrame Addr=0x00000197878f3e00, Size=12, Default__Enemy_C Function /Engine/Transient.REINST_Enemy_C_5:ExecuteUbergraph_Enemy
[2018.08.27-13.55.33:065][  0]LogUObjectGlobals: Created PersistentFrame Addr=0x00000197878f3e70, Size=12, Default__Enemy_C Function /Game/ThirdPersonBP/Blueprints/Enemy.Enemy_C:ExecuteUbergraph_Enemy
[2018.08.27-13.55.33:744][  0]LogAIModule: Creating AISystem for world ThirdPersonExampleMap
[2018.08.27-13.55.34:218][  0]LogEditorServer: Finished looking for orphan Actors (0.000 secs)
[2018.08.27-13.55.34:297][  0]LogUObjectGlobals: Destroyed PersistentFrame Addr=0x00000197878f3e00, Size=12
[2018.08.27-13.55.34:329][  0]Cmd: MAP CHECKDEP NOCLEARLOG
[2018.08.27-13.55.34:375][  0]MapCheck: Map check complete: 0 Error(s), 0 Warning(s), took 46.807ms to complete.
[2018.08.27-13.55.34:375][  0]LogFileHelpers: Loading map 'ThirdPersonExampleMap' took 2.625
[2018.08.27-13.55.35:946][  0]LogCollectionManager: Loaded 0 collections in 0.002178 seconds
[2018.08.27-13.55.36:096][  0]LogFileCache: Scanning file cache for directory 'C:/Users/A_A_m/OneDrive/Documents/GitHub/SheridanUnrealProjectSummer/Saved/Collections/' took 0.01s
[2018.08.27-13.55.36:096][  0]LogFileCache: Scanning file cache for directory 'C:/Users/A_A_m/OneDrive/Documents/GitHub/SheridanUnrealProjectSummer/Content/Developers/AAm/Collections/' took 0.01s
[2018.08.27-13.55.36:096][  0]LogFileCache: Scanning file cache for directory 'C:/Users/A_A_m/OneDrive/Documents/GitHub/SheridanUnrealProjectSummer/Content/Collections/' took 0.01s
[2018.08.27-13.55.36:096][  0]LogCollectionManager: Rebuilt the GUID cache for 0 collections in 0.000001 seconds
[2018.08.27-13.55.36:126][  0]LogContentBrowser: Native class hierarchy populated in 0.0276 seconds. Added 2452 classes and 558 folders.
[2018.08.27-13.55.36:228][  0]LogContentBrowser: Native class hierarchy updated for 'WidgetCarousel' in 0.0006 seconds. Added 0 classes and 0 folders.
[2018.08.27-13.55.37:498][  0]LogContentBrowser: Native class hierarchy updated for 'AddContentDialog' in 0.0007 seconds. Added 0 classes and 0 folders.
[2018.08.27-13.55.37:563][  0]LogContentBrowser: Native class hierarchy updated for 'SceneOutliner' in 0.0006 seconds. Added 1 classes and 2 folders.
[2018.08.27-13.55.38:104][  0]LogSlate: Took 0.011703 seconds to synchronously load lazily loaded font '../../../Engine/Content/Slate/Fonts/Roboto-Regular.ttf' (155K)
[2018.08.27-13.55.38:131][  0]LogSlate: Took 0.025391 seconds to synchronously load lazily loaded font '../../../Engine/Content/Slate/Fonts/Roboto-Bold.ttf' (160K)
[2018.08.27-13.55.38:206][  0]LogSlate: Took 0.022357 seconds to synchronously load lazily loaded font '../../../Engine/Content/Editor/Slate/Fonts/FontAwesome.ttf' (139K)
[2018.08.27-13.55.38:703][  0]LogRenderer: Reallocating scene render targets to support 1112x580 Format 10 NumSamples 1 (Frame:1).
[2018.08.27-13.55.39:376][  0]LogContentBrowser: Native class hierarchy updated for 'HierarchicalLODOutliner' in 0.0007 seconds. Added 0 classes and 0 folders.
[2018.08.27-13.55.39:376][  0]LogLoad: (Engine Initialization) Total time: 96.58 seconds
[2018.08.27-13.55.39:376][  0]LogLoad: (Engine Initialization) Total Blueprint compile time: 0.00 seconds
[2018.08.27-13.55.39:838][  0]LogContentStreaming: Texture pool size now 1000 MB
[2018.08.27-13.55.39:992][  0]LogSlate: Took 0.030414 seconds to synchronously load lazily loaded font '../../../Engine/Content/Slate/Fonts/Roboto-Light.ttf' (167K)
[2018.08.27-13.55.40:478][  2]LogAssetRegistry: Asset discovery search completed in 61.2914 seconds
[2018.08.27-13.55.40:480][  2]LogCollectionManager: Rebuilt the object cache for 0 collections in 0.000000 seconds (found 0 objects)
[2018.08.27-13.55.40:480][  2]LogCollectionManager: Fixed up redirectors for 0 collections in 0.000081 seconds (updated 0 objects)
[2018.08.27-13.55.45:467][ 17]LogFileCache: Retrieving MD5 hashes for directory 'C:/Users/A_A_m/OneDrive/Documents/GitHub/SheridanUnrealProjectSummer/Content/' took 5.70s
[2018.08.27-13.57.47:664][704]LogSlate: FSceneViewport::OnFocusLost() reason 0
[2018.08.27-13.57.52:736][275]LogSlate: Took 0.000275 seconds to synchronously load lazily loaded font '../../../Engine/Content/Slate/Fonts/Roboto-Light.ttf' (167K)
[2018.08.27-13.57.53:478][275]LogContentBrowser: Native class hierarchy updated for 'BlueprintGraph' in 0.0007 seconds. Added 116 classes and 0 folders.
[2018.08.27-13.57.53:994][275]LogUObjectGlobals: Created PersistentFrame Addr=0x00000197b5876b78, Size=4, Default__SKEL_PROTO_BP_AnimBlueprint_0_C Function /Engine/Transient.SKEL_PROTO_BP_AnimBlueprint_0_C:ExecuteUbergraph_PROTO_BP_AnimBlueprint_0
[2018.08.27-13.57.53:995][275]LogUObjectGlobals: Created PersistentFrame Addr=0x00000197b5876b70, Size=4, Default__PROTO_BP_AnimBlueprint_0_C Function /Engine/Transient.PROTO_BP_AnimBlueprint_0_C:ExecuteUbergraph_PROTO_BP_AnimBlueprint_0
[2018.08.27-13.57.55:294][275]LogSlate: Took 0.019970 seconds to synchronously load lazily loaded font '../../../Engine/Content/Slate/Fonts/Roboto-BoldCondensed.ttf' (158K)
[2018.08.27-13.57.57:553][412]LogSlate: Took 0.024322 seconds to synchronously load lazily loaded font '../../../Engine/Content/Slate/Fonts/Roboto-Italic.ttf' (157K)
[2018.08.27-13.58.01:253][711]LogRenderer: Reallocating scene render targets to support 1112x712 Format 10 NumSamples 1 (Frame:1).
[2018.08.27-13.58.03:201][888]LogSlate: Window 'Enemy' being destroyed
[2018.08.27-13.58.03:206][888]LogSlate: Window 'Enemy' being destroyed
[2018.08.27-13.58.10:566][657]LogUObjectGlobals: Created PersistentFrame Addr=0x00000197b8f72b00, Size=1112, Default__Character_Custom_Test_Adriana_C Function /Game/ThirdPersonBP/Blueprints/Character_Custom_Test_Adriana.Character_Custom_Test_Adriana_C:ExecuteUbergraph_Character_Custom_Test_Adriana
[2018.08.27-13.58.10:632][657]LogUObjectGlobals: Created PersistentFrame Addr=0x00000197ed091640, Size=64, Default__ThirdPerson_AnimBP_C Function /Game/Mannequin/Animations/ThirdPerson_AnimBP.ThirdPerson_AnimBP_C:ExecuteUbergraph_ThirdPerson_AnimBP
[2018.08.27-13.58.10:882][657]LogUObjectGlobals: Created PersistentFrame Addr=0x00000197b889f700, Size=184, Default__Enemy_BP_C Function /Game/ThirdPersonBP/Blueprints/Enemy_BP.Enemy_BP_C:ExecuteUbergraph_Enemy_BP
[2018.08.27-13.58.10:894][657]LogUObjectGlobals: Created PersistentFrame Addr=0x00000197ba953f00, Size=248, Default__GreatSword_C Function /Game/ThirdPersonBP/Blueprints/GreatSword.GreatSword_C:ExecuteUbergraph_GreatSword
[2018.08.27-13.58.10:908][657]LogUObjectGlobals: Created PersistentFrame Addr=0x00000197951fb120, Size=112, Default__AdrianaTwinBP_C Function /Game/AdrianaStuff/Animation/AdrianaTwinBP.AdrianaTwinBP_C:ExecuteUbergraph_AdrianaTwinBP
[2018.08.27-13.58.10:928][657]LogUObjectGlobals: Created PersistentFrame Addr=0x00000197b7d005b8, Size=40, Default__PauseMenu_C Function /Game/AdrianaStuff/UI/PauseMenu.PauseMenu_C:ExecuteUbergraph_PauseMenu
[2018.08.27-13.58.10:929][657]LogUObjectGlobals: Created PersistentFrame Addr=0x00000197b795af30, Size=16, Default__InevntoryMenu_C Function /Game/AdrianaStuff/UI/InevntoryMenu.InevntoryMenu_C:ExecuteUbergraph_InevntoryMenu
[2018.08.27-13.58.10:941][657]LogUObjectGlobals: Created PersistentFrame Addr=0x00000197b795b090, Size=16, Default__AudioMenu_C Function /Game/AdrianaStuff/UI/AudioMenu.AudioMenu_C:ExecuteUbergraph_AudioMenu
[2018.08.27-13.58.10:942][657]LogUObjectGlobals: Created PersistentFrame Addr=0x00000197b97a4220, Size=32, Default__OptionsMenu_C Function /Game/AdrianaStuff/UI/OptionsMenu.OptionsMenu_C:ExecuteUbergraph_OptionsMenu
[2018.08.27-13.58.10:948][657]LogUObjectGlobals: Created PersistentFrame Addr=0x0000019794d86cb0, Size=24, Default__DisplayMenu_C Function /Game/AdrianaStuff/UI/DisplayMenu.DisplayMenu_C:ExecuteUbergraph_DisplayMenu
[2018.08.27-13.58.11:281][657]LogUObjectGlobals: Destroyed PersistentFrame Addr=0x00000197951fb120, Size=112
[2018.08.27-13.58.11:281][657]LogUObjectGlobals: Created PersistentFrame Addr=0x00000197acf95e50, Size=112, Default__AdrianaTwinBP_C Function /Engine/Transient.REINST_AdrianaTwinBP_C_0:ExecuteUbergraph_AdrianaTwinBP
[2018.08.27-13.58.11:282][657]LogUObjectGlobals: Destroyed PersistentFrame Addr=0x00000197ba953f00, Size=248
[2018.08.27-13.58.11:282][657]LogUObjectGlobals: Created PersistentFrame Addr=0x00000197b7806f00, Size=248, Default__GreatSword_C Function /Engine/Transient.REINST_GreatSword_C_20:ExecuteUbergraph_GreatSword
[2018.08.27-13.58.11:282][657]LogUObjectGlobals: Destroyed PersistentFrame Addr=0x00000197ed091640, Size=64
[2018.08.27-13.58.11:282][657]LogUObjectGlobals: Created PersistentFrame Addr=0x00000197a70e8bc0, Size=64, Default__ThirdPerson_AnimBP_C Function /Engine/Transient.REINST_ThirdPerson_AnimBP_C_1:ExecuteUbergraph_ThirdPerson_AnimBP
[2018.08.27-13.58.11:283][657]LogUObjectGlobals: Destroyed PersistentFrame Addr=0x00000197b795b090, Size=16
[2018.08.27-13.58.11:283][657]LogUObjectGlobals: Created PersistentFrame Addr=0x00000197b7f60cb0, Size=16, Default__AudioMenu_C Function /Engine/Transient.REINST_AudioMenu_C_0:ExecuteUbergraph_AudioMenu
[2018.08.27-13.58.11:284][657]LogUObjectGlobals: Destroyed PersistentFrame Addr=0x00000197b8f72b00, Size=1112
[2018.08.27-13.58.11:284][657]LogUObjectGlobals: Created PersistentFrame Addr=0x00000197b903c800, Size=1112, Default__Character_Custom_Test_Adriana_C Function /Engine/Transient.REINST_Character_Custom_Test_Adriana_C_21:ExecuteUbergraph_Character_Custom_Test_Adriana
[2018.08.27-13.58.11:284][657]LogUObjectGlobals: Destroyed PersistentFrame Addr=0x0000019794d86cb0, Size=24
[2018.08.27-13.58.11:284][657]LogUObjectGlobals: Created PersistentFrame Addr=0x00000197abced6a8, Size=24, Default__DisplayMenu_C Function /Engine/Transient.REINST_DisplayMenu_C_1:ExecuteUbergraph_DisplayMenu
[2018.08.27-13.58.11:285][657]LogUObjectGlobals: Destroyed PersistentFrame Addr=0x00000197b889f700, Size=184
[2018.08.27-13.58.11:285][657]LogUObjectGlobals: Created PersistentFrame Addr=0x00000197b903bdc0, Size=184, Default__Enemy_BP_C Function /Engine/Transient.REINST_Enemy_BP_C_22:ExecuteUbergraph_Enemy_BP
[2018.08.27-13.58.11:285][657]LogUObjectGlobals: Destroyed PersistentFrame Addr=0x00000197b795af30, Size=16
[2018.08.27-13.58.11:285][657]LogUObjectGlobals: Created PersistentFrame Addr=0x00000197b7f60d90, Size=16, Default__InevntoryMenu_C Function /Engine/Transient.REINST_InevntoryMenu_C_3:ExecuteUbergraph_InevntoryMenu
[2018.08.27-13.58.11:286][657]LogUObjectGlobals: Destroyed PersistentFrame Addr=0x00000197b97a4220, Size=32
[2018.08.27-13.58.11:286][657]LogUObjectGlobals: Created PersistentFrame Addr=0x00000197b8181d20, Size=32, Default__OptionsMenu_C Function /Engine/Transient.REINST_OptionsMenu_C_4:ExecuteUbergraph_OptionsMenu
[2018.08.27-13.58.11:286][657]LogUObjectGlobals: Destroyed PersistentFrame Addr=0x00000197b7d005b8, Size=40
[2018.08.27-13.58.11:286][657]LogUObjectGlobals: Created PersistentFrame Addr=0x00000197b7e2a3b8, Size=40, Default__PauseMenu_C Function /Engine/Transient.REINST_PauseMenu_C_5:ExecuteUbergraph_PauseMenu
[2018.08.27-13.58.11:359][657]LogUObjectGlobals: Created PersistentFrame Addr=0x00000197b79b0bf0, Size=112, Default__AdrianaTwinBP_C Function /Game/AdrianaStuff/Animation/AdrianaTwinBP.AdrianaTwinBP_C:ExecuteUbergraph_AdrianaTwinBP
[2018.08.27-13.58.11:361][657]LogUObjectGlobals: Created PersistentFrame Addr=0x00000197b653a000, Size=248, Default__GreatSword_C Function /Game/ThirdPersonBP/Blueprints/GreatSword.GreatSword_C:ExecuteUbergraph_GreatSword
[2018.08.27-13.58.11:361][657]LogUObjectGlobals: Created PersistentFrame Addr=0x00000197b76e9530, Size=72, Default__ThirdPerson_AnimBP_C Function /Game/Mannequin/Animations/ThirdPerson_AnimBP.ThirdPerson_AnimBP_C:ExecuteUbergraph_ThirdPerson_AnimBP
[2018.08.27-13.58.11:363][657]LogUObjectGlobals: Created PersistentFrame Addr=0x00000197b7583320, Size=16, Default__AudioMenu_C Function /Game/AdrianaStuff/UI/AudioMenu.AudioMenu_C:ExecuteUbergraph_AudioMenu
[2018.08.27-13.58.11:370][657]LogUObjectGlobals: Created PersistentFrame Addr=0x00000197b855eb00, Size=1112, Default__Character_Custom_Test_Adriana_C Function /Game/ThirdPersonBP/Blueprints/Character_Custom_Test_Adriana.Character_Custom_Test_Adriana_C:ExecuteUbergraph_Character_Custom_Test_Adriana
[2018.08.27-13.58.11:374][657]LogUObjectGlobals: Created PersistentFrame Addr=0x00000197eaa21b88, Size=24, Default__DisplayMenu_C Function /Game/AdrianaStuff/UI/DisplayMenu.DisplayMenu_C:ExecuteUbergraph_DisplayMenu
[2018.08.27-13.58.11:375][657]LogUObjectGlobals: Created PersistentFrame Addr=0x00000197b85459c0, Size=184, Default__Enemy_BP_C Function /Game/ThirdPersonBP/Blueprints/Enemy_BP.Enemy_BP_C:ExecuteUbergraph_Enemy_BP
[2018.08.27-13.58.11:377][657]LogUObjectGlobals: Created PersistentFrame Addr=0x00000197b7634290, Size=16, Default__InevntoryMenu_C Function /Game/AdrianaStuff/UI/InevntoryMenu.InevntoryMenu_C:ExecuteUbergraph_InevntoryMenu
[2018.08.27-13.58.11:378][657]LogUObjectGlobals: Created PersistentFrame Addr=0x00000197b7158260, Size=32, Default__OptionsMenu_C Function /Game/AdrianaStuff/UI/OptionsMenu.OptionsMenu_C:ExecuteUbergraph_OptionsMenu
[2018.08.27-13.58.11:379][657]LogUObjectGlobals: Created PersistentFrame Addr=0x00000197b7f4d080, Size=40, Default__PauseMenu_C Function /Game/AdrianaStuff/UI/PauseMenu.PauseMenu_C:ExecuteUbergraph_PauseMenu
[2018.08.27-13.58.11:999][657]LogSkeletalMesh: Skeletal Mesh found in DDC [15.508142ms] /Game/TwinbladesAnimsetBase/UE4_Mannequin/Mesh/SK_Mannequin.SK_Mannequin
[2018.08.27-13.58.12:167][657]LogSkeletalMesh: Skeletal Mesh found in DDC [34.860233ms] /Game/Mannequin/Character/Mesh/SK_Mannequin.SK_Mannequin
[2018.08.27-13.58.12:264][657]LogAIModule: Creating AISystem for world AdrianaTestRoom
[2018.08.27-13.58.12:474][657]LogUObjectGlobals: Destroyed PersistentFrame Addr=0x00000197b903c800, Size=1112
[2018.08.27-13.58.12:474][657]LogUObjectGlobals: Destroyed PersistentFrame Addr=0x00000197a70e8bc0, Size=64
[2018.08.27-13.58.12:474][657]LogUObjectGlobals: Destroyed PersistentFrame Addr=0x00000197b903bdc0, Size=184
[2018.08.27-13.58.12:474][657]LogUObjectGlobals: Destroyed PersistentFrame Addr=0x00000197b7806f00, Size=248
[2018.08.27-13.58.12:474][657]LogUObjectGlobals: Destroyed PersistentFrame Addr=0x00000197acf95e50, Size=112
[2018.08.27-13.58.12:474][657]LogUObjectGlobals: Destroyed PersistentFrame Addr=0x00000197b7e2a3b8, Size=40
[2018.08.27-13.58.12:474][657]LogUObjectGlobals: Destroyed PersistentFrame Addr=0x00000197b7f60d90, Size=16
[2018.08.27-13.58.12:474][657]LogUObjectGlobals: Destroyed PersistentFrame Addr=0x00000197b7f60cb0, Size=16
[2018.08.27-13.58.12:474][657]LogUObjectGlobals: Destroyed PersistentFrame Addr=0x00000197b8181d20, Size=32
[2018.08.27-13.58.12:474][657]LogUObjectGlobals: Destroyed PersistentFrame Addr=0x00000197abced6a8, Size=24
[2018.08.27-13.58.12:512][657]Cmd: MAP LOAD FILE="C:/Users/A_A_m/OneDrive/Documents/GitHub/SheridanUnrealProjectSummer/Content/AdrianaStuff/Maps/AdrianaTestRoom.umap" TEMPLATE=0 SHOWPROGRESS=1 FEATURELEVEL=3
[2018.08.27-13.58.12:513][657]LightingResults: New page: Lighting Build
[2018.08.27-13.58.12:513][657]LoadErrors: New page: Loading map: AdrianaTestRoom.umap
[2018.08.27-13.58.12:515][657]MapCheck: New page: Map Check
[2018.08.27-13.58.12:515][657]LightingResults: New page: Lighting Build
[2018.08.27-13.58.12:771][657]LogEditorServer: Finished looking for orphan Actors (0.000 secs)
[2018.08.27-13.58.12:841][657]Cmd: MAP CHECKDEP NOCLEARLOG
[2018.08.27-13.58.12:916][657]MapCheck: Map check complete: 0 Error(s), 0 Warning(s), took 75.431ms to complete.
[2018.08.27-13.58.12:916][657]LogFileHelpers: Loading map 'AdrianaTestRoom' took 0.421
[2018.08.27-13.58.37:335][938]LogEditorViewport: Clicking on Actor (context menu): Landscape (Landscape)
[2018.08.27-13.58.37:707][938]LogSlate: FSceneViewport::OnFocusLost() reason 2
[2018.08.27-13.59.09:530][991]LogSlate: FSceneViewport::OnFocusLost() reason 0
[2018.08.27-13.59.35:995][569]LogSlate: FSceneViewport::OnFocusLost() reason 0
[2018.08.27-13.59.52:151][268]LogContentBrowser: Native class hierarchy updated for 'SkeletonEditor' in 0.0005 seconds. Added 1 classes and 2 folders.
[2018.08.27-13.59.52:548][268]LogActorComponent: RegisterComponentWithWorld: (/Engine/Transient.World_8:PersistentLevel.Actor_0.DebugSkelMeshComponent_0) Already registered. Aborting.
[2018.08.27-13.59.52:572][268]LogContentBrowser: Native class hierarchy updated for 'PinnedCommandList' in 0.0005 seconds. Added 1 classes and 0 folders.
[2018.08.27-13.59.53:004][268]LogSkeletalMesh: USkeletalMeshComponent::InitArticulated : Bodies already created (/Engine/Transient.World_8:PersistentLevel.Actor_0.DebugSkelMeshComponent_0) - call TermArticulated first.
[2018.08.27-13.59.53:930][268]LogContentBrowser: Native class hierarchy updated for 'ClothingSystemEditorInterface' in 0.0005 seconds. Added 1 classes and 0 folders.
[2018.08.27-13.59.54:156][268]LogContentBrowser: Verbose: The majority of assets in the view are of type: AnimSequence
[2018.08.27-13.59.56:094][394]LogSlate: Took 0.084371 seconds to synchronously load lazily loaded font '../../../Engine/Content/Slate/Fonts/DroidSansFallback.ttf' (3848K)
[2018.08.27-14.02.59:683][768]LogSlate: FSceneViewport::OnFocusLost() reason 0
[2018.08.27-14.02.59:761][774]LogSlate: Window 'AdrianaTwinBP' being destroyed
[2018.08.27-14.02.59:767][774]LogSlate: Window 'AdrianaTwinBP' being destroyed
[2018.08.27-14.03.05:583][286]LogSlate: FSceneViewport::OnFocusLost() reason 0
[2018.08.27-14.04.41:918][980]LogSlate: FSceneViewport::OnFocusLost() reason 0
[2018.08.27-14.04.42:429][989]LogSlate: Window 'MyProject2 - Unreal Editor' being destroyed
[2018.08.27-14.04.42:431][989]LogWindowsTextInputMethodSystem: Display: IME system now deactivated.
[2018.08.27-14.04.42:680][990]Cmd: QUIT_EDITOR
[2018.08.27-14.04.42:860][990]LogSlate: Slate User Destroyed.  User Index 0, Is Virtual User: 0
[2018.08.27-14.04.42:860][990]LogExit: Preparing to exit.
[2018.08.27-14.04.43:679][990]LogExit: Editor shut down
[2018.08.27-14.04.43:690][990]LogExit: Transaction tracking system shut down
[2018.08.27-14.04.43:691][990]LogUObjectGlobals: Destroyed PersistentFrame Addr=0x00000197878f3e70, Size=12
[2018.08.27-14.04.43:692][990]LogUObjectGlobals: Destroyed PersistentFrame Addr=0x00000197b5876b78, Size=4
[2018.08.27-14.04.43:692][990]LogUObjectGlobals: Destroyed PersistentFrame Addr=0x00000197b5876b70, Size=4
[2018.08.27-14.04.43:696][990]LogUObjectGlobals: Destroyed PersistentFrame Addr=0x00000197b79b0bf0, Size=112
[2018.08.27-14.04.43:696][990]LogUObjectGlobals: Destroyed PersistentFrame Addr=0x00000197b653a000, Size=248
[2018.08.27-14.04.43:696][990]LogUObjectGlobals: Destroyed PersistentFrame Addr=0x00000197b76e9530, Size=72
[2018.08.27-14.04.43:696][990]LogUObjectGlobals: Destroyed PersistentFrame Addr=0x00000197b7583320, Size=16
[2018.08.27-14.04.43:696][990]LogUObjectGlobals: Destroyed PersistentFrame Addr=0x00000197b855eb00, Size=1112
[2018.08.27-14.04.43:696][990]LogUObjectGlobals: Destroyed PersistentFrame Addr=0x00000197eaa21b88, Size=24
[2018.08.27-14.04.43:696][990]LogUObjectGlobals: Destroyed PersistentFrame Addr=0x00000197b85459c0, Size=184
[2018.08.27-14.04.43:696][990]LogUObjectGlobals: Destroyed PersistentFrame Addr=0x00000197b7634290, Size=16
[2018.08.27-14.04.43:696][990]LogUObjectGlobals: Destroyed PersistentFrame Addr=0x00000197b7158260, Size=32
[2018.08.27-14.04.43:696][990]LogUObjectGlobals: Destroyed PersistentFrame Addr=0x00000197b7f4d080, Size=40
[2018.08.27-14.04.43:871][990]LogDirectoryWatcher: A directory notification for '../../../Engine/Content/' was aborted.
[2018.08.27-14.04.43:871][990]LogDirectoryWatcher: A directory notification for 'C:/Users/A_A_m/OneDrive/Documents/GitHub/SheridanUnrealProjectSummer/Content/' was aborted.
[2018.08.27-14.04.43:871][990]LogDirectoryWatcher: A directory notification for '../../Plugins/2D/Paper2D/Content/' was aborted.
[2018.08.27-14.04.43:872][990]LogDirectoryWatcher: A directory notification for '../../Plugins/Enterprise/DatasmithContent/Content/' was aborted.
[2018.08.27-14.04.43:872][990]LogDirectoryWatcher: A directory notification for '../../Plugins/Media/MediaCompositing/Content/' was aborted.
[2018.08.27-14.04.43:872][990]LogDirectoryWatcher: A directory notification for '../../Plugins/Runtime/AppleARKit/Content/' was aborted.
[2018.08.27-14.04.43:872][990]LogDirectoryWatcher: A directory notification for '../../Plugins/Runtime/Oculus/OculusVR/Content/' was aborted.
[2018.08.27-14.04.43:872][990]LogDirectoryWatcher: A directory notification for '../../Plugins/Runtime/Steam/SteamVR/Content/' was aborted.
[2018.08.27-14.04.44:533][990]LogExit: Object subsystem successfully closed.
[2018.08.27-14.04.44:590][990]LogShaderCompilers: Display: Shaders left to compile 0
[2018.08.27-14.04.44:607][990]LogD3D11RHI: Shutdown
[2018.08.27-14.04.44:607][990]LogD3D11RHI: CleanupD3DDevice
[2018.08.27-14.04.44:616][990]LogD3D11RHI: ~FD3D11DynamicRHI
[2018.08.27-14.04.44:917][990]LogModuleManager: Shutting down and abandoning module ClothingSystemEditorInterface (584)
[2018.08.27-14.04.44:917][990]LogModuleManager: Shutting down and abandoning module PinnedCommandList (582)
[2018.08.27-14.04.44:917][990]LogModuleManager: Shutting down and abandoning module SkeletonEditor (580)
[2018.08.27-14.04.44:917][990]LogModuleManager: Shutting down and abandoning module AnimationBlueprintEditor (578)
[2018.08.27-14.04.44:917][990]LogModuleManager: Shutting down and abandoning module BlueprintGraph (576)
[2018.08.27-14.04.44:917][990]LogModuleManager: Shutting down and abandoning module HierarchicalLODOutliner (574)
[2018.08.27-14.04.44:917][990]LogModuleManager: Shutting down and abandoning module SceneOutliner (572)
[2018.08.27-14.04.44:932][990]LogModuleManager: Shutting down and abandoning module AddContentDialog (570)
[2018.08.27-14.04.44:948][990]LogDirectoryWatcher: A directory notification for 'D:/Unreal Engine/Epic Games/UE_4.19/FeaturePacks/' was aborted.
[2018.08.27-14.04.44:950][990]LogModuleManager: Shutting down and abandoning module WidgetCarousel (569)
[2018.08.27-14.04.44:950][990]LogModuleManager: Shutting down and abandoning module EditorWidgets (566)
[2018.08.27-14.04.44:950][990]LogModuleManager: Shutting down and abandoning module CollectionManager (564)
[2018.08.27-14.04.44:950][990]LogDirectoryWatcher: A directory notification for 'C:/Users/A_A_m/OneDrive/Documents/GitHub/SheridanUnrealProjectSummer/Content/Collections/' was aborted.
[2018.08.27-14.04.44:950][990]LogDirectoryWatcher: A directory notification for 'C:/Users/A_A_m/OneDrive/Documents/GitHub/SheridanUnrealProjectSummer/Content/Developers/AAm/Collections/' was aborted.
[2018.08.27-14.04.44:951][990]LogDirectoryWatcher: A directory notification for 'C:/Users/A_A_m/OneDrive/Documents/GitHub/SheridanUnrealProjectSummer/Saved/Collections/' was aborted.
[2018.08.27-14.04.44:951][990]LogModuleManager: Shutting down and abandoning module StatsViewer (562)
[2018.08.27-14.04.44:951][990]LogModuleManager: Shutting down and abandoning module FoliageEdit (560)
[2018.08.27-14.04.44:951][990]LogModuleManager: Shutting down and abandoning module LandscapeEditor (558)
[2018.08.27-14.04.44:967][990]LogModuleManager: Shutting down and abandoning module MeshPaintMode (556)
[2018.08.27-14.04.44:967][990]LogModuleManager: Shutting down and abandoning module SceneDepthPickerMode (554)
[2018.08.27-14.04.44:967][990]LogModuleManager: Shutting down and abandoning module ActorPickerMode (552)
[2018.08.27-14.04.44:967][990]LogModuleManager: Shutting down and abandoning module GeometryMode (550)
[2018.08.27-14.04.44:967][990]LogModuleManager: Shutting down and abandoning module TextureAlignMode (548)
[2018.08.27-14.04.44:967][990]LogModuleManager: Shutting down and abandoning module BspMode (546)
[2018.08.27-14.04.44:967][990]LogModuleManager: Shutting down and abandoning module PIEPreviewDeviceProfileSelector (544)
[2018.08.27-14.04.44:967][990]LogModuleManager: Shutting down and abandoning module HardwareSurvey (542)
[2018.08.27-14.04.44:967][990]LogModuleManager: Shutting down and abandoning module SequenceRecorderSections (540)
[2018.08.27-14.04.44:967][990]LogModuleManager: Shutting down and abandoning module AutomationWorker (538)
[2018.08.27-14.04.44:967][990]LogModuleManager: Shutting down and abandoning module AudioCaptureEditor (536)
[2018.08.27-14.04.44:967][990]LogModuleManager: Shutting down and abandoning module SequenceRecorder (535)
[2018.08.27-14.04.44:967][990]LogModuleManager: Shutting down and abandoning module MatineeToLevelSequence (532)
[2018.08.27-14.04.44:967][990]LogModuleManager: Shutting down and abandoning module LevelSequenceEditor (530)
[2018.08.27-14.04.44:978][990]LogModuleManager: Shutting down and abandoning module PlacementMode (529)
[2018.08.27-14.04.44:979][990]LogModuleManager: Shutting down and abandoning module MaterialEditor (528)
[2018.08.27-14.04.45:002][990]LogModuleManager: Shutting down and abandoning module WmfMediaFactory (524)
[2018.08.27-14.04.45:003][990]LogModuleManager: Shutting down and abandoning module WmfMediaEditor (522)
[2018.08.27-14.04.45:003][990]LogModuleManager: Shutting down and abandoning module MediaPlayerEditor (520)
[2018.08.27-14.04.45:011][990]LogModuleManager: Shutting down and abandoning module OpenExrWrapper (518)
[2018.08.27-14.04.45:012][990]LogModuleManager: Shutting down and abandoning module ImgMediaFactory (516)
[2018.08.27-14.04.45:012][990]LogModuleManager: Shutting down and abandoning module ImgMediaEditor (514)
[2018.08.27-14.04.45:012][990]LogModuleManager: Shutting down and abandoning module AvfMediaFactory (512)
[2018.08.27-14.04.45:012][990]LogModuleManager: Shutting down and abandoning module AvfMediaEditor (510)
[2018.08.27-14.04.45:012][990]LogModuleManager: Shutting down and abandoning module AndroidMediaFactory (508)
[2018.08.27-14.04.45:012][990]LogModuleManager: Shutting down and abandoning module AndroidMediaEditor (506)
[2018.08.27-14.04.45:012][990]LogModuleManager: Shutting down and abandoning module CharacterAI (504)
[2018.08.27-14.04.45:012][990]LogModuleManager: Shutting down and abandoning module SmartSnapping (502)
[2018.08.27-14.04.45:012][990]LogModuleManager: Shutting down and abandoning module SessionServices (500)
[2018.08.27-14.04.45:012][990]LogModuleManager: Shutting down and abandoning module ViewportSnapping (498)
[2018.08.27-14.04.45:012][990]LogModuleManager: Shutting down and abandoning module ViewportInteraction (496)
[2018.08.27-14.04.45:012][990]LogModuleManager: Shutting down and abandoning module ClothPainter (494)
[2018.08.27-14.04.45:012][990]LogModuleManager: Shutting down and abandoning module SkeletalMeshEditor (493)
[2018.08.27-14.04.45:022][990]LogModuleManager: Shutting down and abandoning module LogVisualizer (490)
[2018.08.27-14.04.45:023][990]LogModuleManager: Shutting down and abandoning module IntroTutorials (488)
[2018.08.27-14.04.45:023][990]LogModuleManager: Shutting down and abandoning module GameProjectGeneration (487)
[2018.08.27-14.04.45:038][990]LogModuleManager: Shutting down and abandoning module IOSPlatformEditor (484)
[2018.08.27-14.04.45:038][990]LogModuleManager: Shutting down and abandoning module HTML5PlatformEditor (482)
[2018.08.27-14.04.45:038][990]LogModuleManager: Shutting down and abandoning module AndroidPlatformEditor (480)
[2018.08.27-14.04.45:038][990]LogModuleManager: Shutting down and abandoning module AndroidDeviceDetection (479)
[2018.08.27-14.04.45:663][990]LogModuleManager: Shutting down and abandoning module WindowsPlatformEditor (476)
[2018.08.27-14.04.45:663][990]LogModuleManager: Shutting down and abandoning module IOSRuntimeSettings (474)
[2018.08.27-14.04.45:663][990]LogModuleManager: Shutting down and abandoning module AndroidRuntimeSettings (472)
[2018.08.27-14.04.45:663][990]LogModuleManager: Shutting down and abandoning module InputBindingEditor (470)
[2018.08.27-14.04.45:663][990]LogModuleManager: Shutting down and abandoning module MergeActors (468)
[2018.08.27-14.04.45:686][990]LogModuleManager: Shutting down and abandoning module LocalizationDashboard (466)
[2018.08.27-14.04.45:706][990]LogModuleManager: Shutting down and abandoning module LocalizationService (465)
[2018.08.27-14.04.45:706][990]LogModuleManager: Shutting down and abandoning module HardwareTargeting (462)
[2018.08.27-14.04.45:706][990]LogModuleManager: Shutting down and abandoning module DeviceProfileEditor (460)
[2018.08.27-14.04.45:706][990]LogModuleManager: Shutting down and abandoning module UndoHistory (458)
[2018.08.27-14.04.45:706][990]LogModuleManager: Shutting down and abandoning module XmlParser (456)
[2018.08.27-14.04.45:707][990]LogModuleManager: Shutting down and abandoning module Blutility (454)
[2018.08.27-14.04.45:707][990]LogModuleManager: Shutting down and abandoning module ProjectSettingsViewer (452)
[2018.08.27-14.04.45:707][990]LogModuleManager: Shutting down and abandoning module ProjectTargetPlatformEditor (451)
[2018.08.27-14.04.45:707][990]LogModuleManager: Shutting down and abandoning module EditorSettingsViewer (448)
[2018.08.27-14.04.45:707][990]LogModuleManager: Shutting down and abandoning module SettingsEditor (446)
[2018.08.27-14.04.45:721][990]LogModuleManager: Shutting down and abandoning module ProjectLauncher (444)
[2018.08.27-14.04.45:735][990]LogModuleManager: Shutting down and abandoning module SessionFrontend (442)
[2018.08.27-14.04.45:736][990]LogModuleManager: Shutting down and abandoning module ProfilerClient (440)
[2018.08.27-14.04.45:751][990]LogModuleManager: Shutting down and abandoning module DeviceManager (438)
[2018.08.27-14.04.45:751][990]LogModuleManager: Shutting down and abandoning module TargetDeviceServices (437)
[2018.08.27-14.04.45:806][990]LogModuleManager: Shutting down and abandoning module AutomationController (434)
[2018.08.27-14.04.45:806][990]LogModuleManager: Shutting down and abandoning module AutomationWindow (432)
[2018.08.27-14.04.45:829][990]LogModuleManager: Shutting down and abandoning module Layers (430)
[2018.08.27-14.04.45:849][990]LogModuleManager: Shutting down and abandoning module ComponentVisualizers (428)
[2018.08.27-14.04.45:849][990]LogModuleManager: Shutting down and abandoning module DetailCustomizations (426)
[2018.08.27-14.04.45:849][990]LogModuleManager: Shutting down and abandoning module PackagesDialog (424)
[2018.08.27-14.04.45:862][990]LogModuleManager: Shutting down and abandoning module Persona (422)
[2018.08.27-14.04.45:863][990]LogModuleManager: Shutting down and abandoning module AdvancedPreviewScene (421)
[2018.08.27-14.04.45:863][990]LogModuleManager: Shutting down and abandoning module AnimGraph (419)
[2018.08.27-14.04.45:863][990]LogModuleManager: Shutting down and abandoning module Kismet (416)
[2018.08.27-14.04.45:876][990]LogModuleManager: Shutting down and abandoning module GraphEditor (414)
[2018.08.27-14.04.45:876][990]LogModuleManager: Shutting down and abandoning module ClassViewer (412)
[2018.08.27-14.04.45:876][990]LogModuleManager: Shutting down and abandoning module Toolbox (410)
[2018.08.27-14.04.45:876][990]LogModuleManager: Shutting down and abandoning module ModuleUI (408)
[2018.08.27-14.04.45:891][990]LogModuleManager: Shutting down and abandoning module MovieSceneTools (406)
[2018.08.27-14.04.45:891][990]LogModuleManager: Shutting down and abandoning module OutputLog (404)
[2018.08.27-14.04.45:901][990]LogModuleManager: Shutting down and abandoning module GammaUI (402)
[2018.08.27-14.04.45:909][990]LogModuleManager: Shutting down and abandoning module Documentation (400)
[2018.08.27-14.04.45:909][990]LogModuleManager: Shutting down and abandoning module MovieSceneTracks (398)
[2018.08.27-14.04.45:927][990]LogModuleManager: Shutting down and abandoning module MovieScene (396)
[2018.08.27-14.04.45:941][990]LogModuleManager: Shutting down and abandoning module StreamingPauseRendering (394)
[2018.08.27-14.04.45:941][990]LogModuleManager: Shutting down and abandoning module LauncherPlatform (392)
[2018.08.27-14.04.45:941][990]LogModuleManager: Shutting down and abandoning module AnalyticsET (390)
[2018.08.27-14.04.45:941][990]LogModuleManager: Shutting down and abandoning module PortalServices (388)
[2018.08.27-14.04.45:941][990]LogModuleManager: Shutting down and abandoning module PortalRpc (386)
[2018.08.27-14.04.45:941][990]LogModuleManager: Shutting down and abandoning module MessagingRpc (384)
[2018.08.27-14.04.45:941][990]LogModuleManager: Shutting down and abandoning module AIModule (382)
[2018.08.27-14.04.45:941][990]LogModuleManager: Shutting down and abandoning module GameplayDebugger (381)
[2018.08.27-14.04.45:941][990]LogModuleManager: Shutting down and abandoning module AITestSuite (379)
[2018.08.27-14.04.45:941][990]LogModuleManager: Shutting down and abandoning module DesktopPlatform (376)
[2018.08.27-14.04.45:941][990]LogModuleManager: Shutting down and abandoning module ProfilerService (374)
[2018.08.27-14.04.46:074][990]LogModuleManager: Shutting down and abandoning module TaskGraph (372)
[2018.08.27-14.04.46:074][990]LogModuleManager: Shutting down and abandoning module SteamVRController (370)
[2018.08.27-14.04.46:074][990]LogModuleManager: Shutting down and abandoning module ProceduralMeshComponentEditor (368)
[2018.08.27-14.04.46:074][990]LogModuleManager: Shutting down and abandoning module ProceduralMeshComponent (366)
[2018.08.27-14.04.46:076][990]LogModuleManager: Shutting down and abandoning module OculusInput (364)
[2018.08.27-14.04.46:076][990]LogModuleManager: Shutting down and abandoning module MobilePatchingUtils (362)
[2018.08.27-14.04.46:076][990]LogModuleManager: Shutting down and abandoning module CustomMeshComponent (360)
[2018.08.27-14.04.46:076][990]LogModuleManager: Shutting down and abandoning module CableComponent (358)
[2018.08.27-14.04.46:076][990]LogModuleManager: Shutting down and abandoning module AudioCapture (356)
[2018.08.27-14.04.46:076][990]LogModuleManager: Shutting down and abandoning module ArchVisCharacter (354)
[2018.08.27-14.04.46:076][990]LogModuleManager: Shutting down and abandoning module AndroidPermission (352)
[2018.08.27-14.04.46:076][990]LogModuleManager: Shutting down and abandoning module NUTUnrealEngine4 (348)
[2018.08.27-14.04.46:076][990]LogModuleManager: Shutting down and abandoning module NetcodeUnitTest (346)
[2018.08.27-14.04.46:087][990]LogModuleManager: Shutting down and abandoning module MediaCompositingEditor (344)
[2018.08.27-14.04.46:087][990]LogModuleManager: Shutting down and abandoning module MediaCompositing (342)
[2018.08.27-14.04.46:087][990]LogModuleManager: Shutting down and abandoning module LinearTimecode (340)
[2018.08.27-14.04.46:087][990]LogModuleManager: Shutting down and abandoning module ImgMedia (338)
[2018.08.27-14.04.46:096][990]LogModuleManager: Shutting down and abandoning module HTML5Networking (336)
[2018.08.27-14.04.46:096][990]LogModuleManager: Shutting down and abandoning module AlembicImporter (334)
[2018.08.27-14.04.46:107][990]LogModuleManager: Shutting down and abandoning module AlembicLibrary (333)
[2018.08.27-14.04.46:107][990]LogModuleManager: Shutting down and abandoning module GeometryCache (332)
[2018.08.27-14.04.46:107][990]LogModuleManager: Shutting down and abandoning module GeometryCacheEd (331)
[2018.08.27-14.04.46:107][990]LogModuleManager: Shutting down and abandoning module DatasmithContent (326)
[2018.08.27-14.04.46:107][990]LogModuleManager: Shutting down and abandoning module SpeedTreeImporter (324)
[2018.08.27-14.04.46:107][990]LogModuleManager: Shutting down and abandoning module PluginBrowser (322)
[2018.08.27-14.04.46:118][990]LogModuleManager: Shutting down and abandoning module MobileLauncherProfileWizard (320)
[2018.08.27-14.04.46:129][990]LogModuleManager: Shutting down and abandoning module CryptoKeysOpenSSL (318)
[2018.08.27-14.04.46:129][990]LogModuleManager: Shutting down and abandoning module CryptoKeys (316)
[2018.08.27-14.04.46:129][990]LogModuleManager: Shutting down and abandoning module VisualStudioSourceCodeAccess (314)
[2018.08.27-14.04.46:130][990]LogModuleManager: Shutting down and abandoning module VisualStudioCodeSourceCodeAccess (312)
[2018.08.27-14.04.46:130][990]LogModuleManager: Shutting down and abandoning module UObjectPlugin (310)
[2018.08.27-14.04.46:130][990]LogModuleManager: Shutting down and abandoning module SubversionSourceControl (308)
[2018.08.27-14.04.46:130][990]LogModuleManager: Shutting down and abandoning module PerforceSourceControl (306)
[2018.08.27-14.04.46:130][990]LogModuleManager: Shutting down and abandoning module GitSourceControl (304)
[2018.08.27-14.04.46:130][990]LogModuleManager: Shutting down and abandoning module SourceControl (303)
[2018.08.27-14.04.46:130][990]LogModuleManager: Shutting down and abandoning module CLionSourceCodeAccess (300)
[2018.08.27-14.04.46:131][990]LogModuleManager: Shutting down and abandoning module LightPropagationVolumeEditor (298)
[2018.08.27-14.04.46:131][990]LogModuleManager: Shutting down and abandoning module PaperTiledImporter (296)
[2018.08.27-14.04.46:131][990]LogModuleManager: Shutting down and abandoning module PaperSpriteSheetImporter (294)
[2018.08.27-14.04.46:131][990]LogModuleManager: Shutting down and abandoning module Paper2DEditor (292)
[2018.08.27-14.04.46:141][990]LogModuleManager: Shutting down and abandoning module MeshPaint (291)
[2018.08.27-14.04.46:141][990]LogModuleManager: Shutting down and abandoning module RuntimePhysXCooking (288)
[2018.08.27-14.04.46:141][990]LogModuleManager: Shutting down and abandoning module PhysXVehiclesEditor (286)
[2018.08.27-14.04.46:141][990]LogModuleManager: Shutting down and abandoning module PhysXVehicles (284)
[2018.08.27-14.04.46:141][990]LogModuleManager: Shutting down and abandoning module OculusEditor (282)
[2018.08.27-14.04.46:142][990]LogModuleManager: Shutting down and abandoning module LocationServicesBPLibrary (280)
[2018.08.27-14.04.46:142][990]LogModuleManager: Shutting down and abandoning module ImmediatePhysicsEditor (278)
[2018.08.27-14.04.46:142][990]LogModuleManager: Shutting down and abandoning module ImmediatePhysics (276)
[2018.08.27-14.04.46:142][990]LogModuleManager: Shutting down and abandoning module ActorSequence (274)
[2018.08.27-14.04.46:142][990]LogModuleManager: Shutting down and abandoning module UdpMessaging (272)
[2018.08.27-14.04.46:244][990]LogModuleManager: Shutting down and abandoning module TcpMessaging (270)
[2018.08.27-14.04.46:344][990]LogModuleManager: Shutting down and abandoning module GameplayTagsEditor (268)
[2018.08.27-14.04.46:350][990]LogModuleManager: Shutting down and abandoning module FacialAnimationEditor (266)
[2018.08.27-14.04.46:350][990]LogModuleManager: Shutting down and abandoning module FacialAnimation (264)
[2018.08.27-14.04.46:350][990]LogModuleManager: Shutting down and abandoning module DataValidation (262)
[2018.08.27-14.04.46:361][990]LogModuleManager: Shutting down and abandoning module AssetManagerEditor (260)
[2018.08.27-14.04.46:376][990]LogModuleManager: Shutting down and abandoning module LevelEditor (259)
[2018.08.27-14.04.46:378][990]LogModuleManager: Shutting down and abandoning module PixelInspectorModule (258)
[2018.08.27-14.04.46:378][990]LogModuleManager: Shutting down and abandoning module CommonMenuExtensions (256)
[2018.08.27-14.04.46:378][990]LogModuleManager: Shutting down and abandoning module MainFrame (254)
[2018.08.27-14.04.46:379][990]LogModuleManager: Shutting down and abandoning module HotReload (253)
[2018.08.27-14.04.46:380][990]LogModuleManager: Shutting down and abandoning module ContentBrowser (249)
[2018.08.27-14.04.46:382][990]LogModuleManager: Shutting down and abandoning module TreeMap (247)
[2018.08.27-14.04.46:382][990]LogModuleManager: Shutting down and abandoning module LightPropagationVolumeRuntime (244)
[2018.08.27-14.04.46:382][990]LogModuleManager: Shutting down and abandoning module LiveLinkEditor (242)
[2018.08.27-14.04.46:382][990]LogModuleManager: Shutting down and abandoning module LiveLink (240)
[2018.08.27-14.04.46:797][990]LogModuleManager: Shutting down and abandoning module Paper2D (238)
[2018.08.27-14.04.46:797][990]LogModuleManager: Shutting down and abandoning module WindowsMoviePlayer (236)
[2018.08.27-14.04.46:797][990]LogModuleManager: Shutting down and abandoning module WmfMedia (234)
[2018.08.27-14.04.46:856][990]LogModuleManager: Shutting down and abandoning module Media (233)
[2018.08.27-14.04.46:864][990]LogModuleManager: Shutting down and abandoning module PacketHandler (230)
[2018.08.27-14.04.46:864][990]LogModuleManager: Shutting down and abandoning module ClothingSystemEditor (228)
[2018.08.27-14.04.46:864][990]LogModuleManager: Shutting down and abandoning module ClothingSystemRuntime (226)
[2018.08.27-14.04.46:876][990]LogModuleManager: Shutting down and abandoning module MediaAssets (224)
[2018.08.27-14.04.46:877][990]LogModuleManager: Shutting down and abandoning module Overlay (222)
[2018.08.27-14.04.46:877][990]LogModuleManager: Shutting down and abandoning module OverlayEditor (221)
[2018.08.27-14.04.46:877][990]LogModuleManager: Shutting down and abandoning module VREditor (218)
[2018.08.27-14.04.46:890][990]LogModuleManager: Shutting down and abandoning module StringTableEditor (216)
[2018.08.27-14.04.46:890][990]LogModuleManager: Shutting down and abandoning module GameplayTasksEditor (214)
[2018.08.27-14.04.46:890][990]LogModuleManager: Shutting down and abandoning module BehaviorTreeEditor (212)
[2018.08.27-14.04.46:906][990]LogModuleManager: Shutting down and abandoning module FunctionalTesting (210)
[2018.08.27-14.04.46:907][990]LogModuleManager: Shutting down and abandoning module CollisionAnalyzer (208)
[2018.08.27-14.04.46:907][990]LogModuleManager: Shutting down and abandoning module WorkspaceMenuStructure (207)
[2018.08.27-14.04.46:907][990]LogModuleManager: Shutting down and abandoning module UMG (204)
[2018.08.27-14.04.46:917][990]LogModuleManager: Shutting down and abandoning module UMGEditor (203)
[2018.08.27-14.04.46:927][990]LogModuleManager: Shutting down and abandoning module Sequencer (202)
[2018.08.27-14.04.46:944][990]LogModuleManager: Shutting down and abandoning module MessageLog (199)
[2018.08.27-14.04.46:944][990]LogModuleManager: Shutting down and abandoning module SlateReflector (194)
[2018.08.27-14.04.46:969][990]LogModuleManager: Shutting down and abandoning module Slate (192)
[2018.08.27-14.04.46:970][990]LogModuleManager: Shutting down and abandoning module EditorStyle (190)
[2018.08.27-14.04.46:974][990]LogModuleManager: Shutting down and abandoning module MRMesh (188)
[2018.08.27-14.04.46:974][990]LogModuleManager: Shutting down and abandoning module SourceCodeAccess (186)
[2018.08.27-14.04.46:974][990]LogModuleManager: Shutting down and abandoning module HeadMountedDisplay (184)
[2018.08.27-14.04.46:974][990]LogModuleManager: Shutting down and abandoning module XAudio2 (182)
[2018.08.27-14.04.46:975][990]LogModuleManager: Shutting down and abandoning module Networking (180)
[2018.08.27-14.04.46:975][990]LogModuleManager: Shutting down and abandoning module Core (178)
[2018.08.27-14.04.46:975][990]LogModuleManager: Shutting down and abandoning module LevelSequence (176)
[2018.08.27-14.04.46:975][990]LogModuleManager: Shutting down and abandoning module KismetCompiler (174)
[2018.08.27-14.04.46:975][990]LogModuleManager: Shutting down and abandoning module MeshUtilities (172)
[2018.08.27-14.04.46:989][990]LogModuleManager: Shutting down and abandoning module MeshMergeUtilities (171)
[2018.08.27-14.04.46:989][990]LogModuleManager: Shutting down and abandoning module MeshReductionInterface (170)
[2018.08.27-14.04.46:989][990]LogModuleManager: Shutting down and abandoning module SimplygonSwarm (169)
[2018.08.27-14.04.46:989][990]LogModuleManager: Shutting down and abandoning module SimplygonMeshReduction (167)
[2018.08.27-14.04.46:989][990]LogModuleManager: Shutting down and abandoning module QuadricMeshReduction (165)
[2018.08.27-14.04.46:990][990]LogModuleManager: Shutting down and abandoning module MaterialBaking (161)
[2018.08.27-14.04.46:990][990]LogModuleManager: Shutting down and abandoning module DirectoryWatcher (157)
[2018.08.27-14.04.46:995][990]LogModuleManager: Shutting down and abandoning module DerivedDataCache (154)
[2018.08.27-14.04.47:038][990]LogDerivedDataCache: Shutdown
[2018.08.27-14.04.47:038][990]LogModuleManager: Shutting down and abandoning module XGEController (152)
[2018.08.27-14.04.47:038][990]LogXGEController: Cleaning working directory: C:/Users/A_A_m/AppData/Local/Temp/UnrealXGEWorkingDir/
[2018.08.27-14.04.47:039][990]LogModuleManager: Shutting down and abandoning module TargetPlatform (150)
[2018.08.27-14.04.47:039][990]LogModuleManager: Shutting down and abandoning module VulkanShaderFormat (149)
[2018.08.27-14.04.47:039][990]LogModuleManager: Shutting down and abandoning module ShaderFormatVectorVM (147)
[2018.08.27-14.04.47:052][990]LogModuleManager: Shutting down and abandoning module ShaderFormatOpenGL (145)
[2018.08.27-14.04.47:067][990]LogModuleManager: Shutting down and abandoning module ShaderFormatD3D (143)
[2018.08.27-14.04.47:068][990]LogModuleManager: Shutting down and abandoning module MetalShaderFormat (141)
[2018.08.27-14.04.47:088][990]LogModuleManager: Shutting down and abandoning module TextureFormatUncompressed (139)
[2018.08.27-14.04.47:088][990]LogModuleManager: Shutting down and abandoning module TextureFormatPVR (137)
[2018.08.27-14.04.47:088][990]LogModuleManager: Shutting down and abandoning module TextureFormatDXT (135)
[2018.08.27-14.04.47:088][990]LogModuleManager: Shutting down and abandoning module TextureFormatIntelISPCTexComp (133)
[2018.08.27-14.04.47:088][990]LogModuleManager: Shutting down and abandoning module TextureFormatASTC (131)
[2018.08.27-14.04.47:088][990]LogModuleManager: Shutting down and abandoning module ImageWrapper (130)
[2018.08.27-14.04.47:088][990]LogModuleManager: Shutting down and abandoning module TextureFormatAndroid (127)
[2018.08.27-14.04.47:088][990]LogModuleManager: Shutting down and abandoning module AudioFormatOpus (125)
[2018.08.27-14.04.47:088][990]LogModuleManager: Shutting down and abandoning module AudioFormatOgg (123)
[2018.08.27-14.04.47:088][990]LogModuleManager: Shutting down and abandoning module AudioFormatADPCM (121)
[2018.08.27-14.04.47:088][990]LogModuleManager: Shutting down and abandoning module LinuxTargetPlatform (119)
[2018.08.27-14.04.47:089][990]LogModuleManager: Shutting down and abandoning module LinuxServerTargetPlatform (117)
[2018.08.27-14.04.47:089][990]LogModuleManager: Shutting down and abandoning module LinuxNoEditorTargetPlatform (115)
[2018.08.27-14.04.47:089][990]LogModuleManager: Shutting down and abandoning module LinuxClientTargetPlatform (113)
[2018.08.27-14.04.47:089][990]LogModuleManager: Shutting down and abandoning module TVOSTargetPlatform (111)
[2018.08.27-14.04.47:089][990]LogModuleManager: Shutting down and abandoning module Messaging (109)
[2018.08.27-14.04.47:089][990]LogModuleManager: Shutting down and abandoning module IOSTargetPlatform (107)
[2018.08.27-14.04.47:089][990]LogModuleManager: Shutting down and abandoning module HTML5TargetPlatform (105)
[2018.08.27-14.04.47:089][990]LogModuleManager: Shutting down and abandoning module AndroidTargetPlatform (103)
[2018.08.27-14.04.47:089][990]LogModuleManager: Shutting down and abandoning module Android_PVRTCTargetPlatform (101)
[2018.08.27-14.04.47:089][990]LogModuleManager: Shutting down and abandoning module Android_MultiTargetPlatform (99)
[2018.08.27-14.04.47:089][990]LogModuleManager: Shutting down and abandoning module Android_ETC2TargetPlatform (97)
[2018.08.27-14.04.47:089][990]LogModuleManager: Shutting down and abandoning module Android_ETC1TargetPlatform (95)
[2018.08.27-14.04.47:090][990]LogModuleManager: Shutting down and abandoning module Android_ETC1aTargetPlatform (93)
[2018.08.27-14.04.47:090][990]LogModuleManager: Shutting down and abandoning module Android_DXTTargetPlatform (91)
[2018.08.27-14.04.47:090][990]LogModuleManager: Shutting down and abandoning module Android_ATCTargetPlatform (89)
[2018.08.27-14.04.47:090][990]LogModuleManager: Shutting down and abandoning module Android_ASTCTargetPlatform (87)
[2018.08.27-14.04.47:090][990]LogModuleManager: Shutting down and abandoning module WindowsTargetPlatform (85)
[2018.08.27-14.04.47:090][990]LogModuleManager: Shutting down and abandoning module WindowsServerTargetPlatform (83)
[2018.08.27-14.04.47:090][990]LogModuleManager: Shutting down and abandoning module WindowsNoEditorTargetPlatform (81)
[2018.08.27-14.04.47:090][990]LogModuleManager: Shutting down and abandoning module WindowsClientTargetPlatform (79)
[2018.08.27-14.04.47:090][990]LogModuleManager: Shutting down and abandoning module MacTargetPlatform (77)
[2018.08.27-14.04.47:090][990]LogModuleManager: Shutting down and abandoning module MacServerTargetPlatform (75)
[2018.08.27-14.04.47:090][990]LogModuleManager: Shutting down and abandoning module MacNoEditorTargetPlatform (73)
[2018.08.27-14.04.47:091][990]LogModuleManager: Shutting down and abandoning module MacClientTargetPlatform (71)
[2018.08.27-14.04.47:091][990]LogModuleManager: Shutting down and abandoning module AllDesktopTargetPlatform (69)
[2018.08.27-14.04.47:091][990]LogModuleManager: Shutting down and abandoning module InputCore (66)
[2018.08.27-14.04.47:091][990]LogModuleManager: Shutting down and abandoning module Settings (64)
[2018.08.27-14.04.47:091][990]LogModuleManager: Shutting down and abandoning module PhysXCooking (62)
[2018.08.27-14.04.47:091][990]LogModuleManager: Shutting down and abandoning module SteamVR (60)
[2018.08.27-14.04.47:091][990]LogModuleManager: Shutting down and abandoning module OculusHMD (58)
[2018.08.27-14.04.47:091][990]LogModuleManager: Shutting down and abandoning module ExampleDeviceProfileSelector (56)
[2018.08.27-14.04.47:091][990]LogModuleManager: Shutting down and abandoning module AppleARKit (54)
[2018.08.27-14.04.47:091][990]LogModuleManager: Shutting down and abandoning module AugmentedReality (51)
[2018.08.27-14.04.47:091][990]LogModuleManager: Shutting down and abandoning module OnlineBlueprintSupport (48)
[2018.08.27-14.04.47:091][990]LogModuleManager: Shutting down and abandoning module OnlineSubsystem (44)
[2018.08.27-14.04.47:111][990]LogModuleManager: Shutting down and abandoning module XMPP (43)
[2018.08.27-14.04.47:126][990]LogModuleManager: Shutting down and abandoning module HTTP (41)
[2018.08.27-14.04.47:127][990]LogHttp: Display: Http module shutting down, but needs to wait on 1 outstanding Http requests:
[2018.08.27-14.04.47:127][990]LogHttp: Display: 	verb=[POST] url=[https://datarouter.ol.epicgames.com/datarouter/api/v1/public/data?SessionID=%7B67D9C662-4B1C-55E5-DE38-1FB77E7F8621%7D&AppID=UEEditor.Rocket.Release&AppVersion=4.19.2-4033788%2B%2B%2BUE4%2BRelease-4.19&UserID=72bcae51461e21ca29c609a4a055db84%7Cd1cff3cd15c84a21b956160d98af4913%7C2b109d6e-dd9a-40d2-9290-43c804164dc2&AppEnvironment=datacollector-binary&UploadType=eteventstream] status=Processing
[2018.08.27-14.04.47:158][990]LogModuleManager: Shutting down and abandoning module SSL (40)
[2018.08.27-14.04.47:160][990]LogModuleManager: Shutting down and abandoning module AnimationModifiers (36)
[2018.08.27-14.04.47:160][990]LogModuleManager: Shutting down and abandoning module PropertyEditor (35)
[2018.08.27-14.04.47:161][990]LogModuleManager: Shutting down and abandoning module AudioEditor (32)
[2018.08.27-14.04.47:176][990]LogModuleManager: Shutting down and abandoning module TextureCompressor (30)
[2018.08.27-14.04.47:176][990]LogModuleManager: Shutting down and abandoning module ShaderCore (28)
[2018.08.27-14.04.47:177][990]LogModuleManager: Shutting down and abandoning module Landscape (26)
[2018.08.27-14.04.47:177][990]LogModuleManager: Shutting down and abandoning module SlateRHIRenderer (24)
[2018.08.27-14.04.47:194][990]LogModuleManager: Shutting down and abandoning module OpenGLDrv (22)
[2018.08.27-14.04.47:199][990]LogModuleManager: Shutting down and abandoning module D3D11RHI (20)
[2018.08.27-14.04.47:199][990]LogModuleManager: Shutting down and abandoning module AnimGraphRuntime (18)
[2018.08.27-14.04.47:199][990]LogModuleManager: Shutting down and abandoning module Renderer (16)
[2018.08.27-14.04.47:200][990]LogModuleManager: Shutting down and abandoning module Engine (14)
[2018.08.27-14.04.47:200][990]LogModuleManager: Shutting down and abandoning module CoreUObject (12)
[2018.08.27-14.04.47:200][990]LogModuleManager: Shutting down and abandoning module NetworkFile (10)
[2018.08.27-14.04.47:200][990]LogModuleManager: Shutting down and abandoning module CookedIterativeFile (8)
[2018.08.27-14.04.47:200][990]LogModuleManager: Shutting down and abandoning module StreamingFile (6)
[2018.08.27-14.04.47:200][990]LogModuleManager: Shutting down and abandoning module SandboxFile (4)
[2018.08.27-14.04.47:200][990]LogModuleManager: Shutting down and abandoning module PakFile (2)
[2018.08.27-14.04.47:235][990]LogExit: Exiting.
[2018.08.27-14.04.47:280][990]Log file closed, 08/27/18 08:04:47
