Log file open, 07/16/18 13:09:01
LogWindows: Failed to load 'aqProf.dll' (GetLastError=126)
LogWindows: File 'aqProf.dll' does not exist
LogWindows: Failed to load 'VtuneApi.dll' (GetLastError=126)
LogWindows: File 'VtuneApi.dll' does not exist
LogWindows: Failed to load 'VtuneApi32e.dll' (GetLastError=126)
LogWindows: File 'VtuneApi32e.dll' does not exist
LogInit: Display: Running engine for game: MyProject2
LogPlatformFile: Not using cached read wrapper
LogInit: Display: RandInit(-710376695) SRandInit(-710376694).
LogInit: Read version file with build ID '3944462'
LogInit: Overriding engine version to CL 4033788, compatible CL 3944462
LogInit: Registered custom module enumerator with build ID '3944462'
LogTaskGraph: Started task graph with 5 named threads and 23 total threads with 3 sets of task threads.
LogStats: Stats thread started at 4.590945
LogD3D11RHI: Aftermath initialized
LogICUInternationalization: Display: ICU TimeZone Detection - Raw Offset: -7:00, Platform Override: ''
LogModuleManager: Display: Found up-to-date module file ../../../Engine/Plugins/2D/Paper2D/Binaries/Win64/UE4Editor-Paper2D.dll (API version 3944462).
LogModuleManager: Display: Found up-to-date module file ../../../Engine/Plugins/2D/Paper2D/Binaries/Win64/UE4Editor-Paper2DEditor.dll (API version 3944462).
LogModuleManager: Display: Found up-to-date module file ../../../Engine/Plugins/2D/Paper2D/Binaries/Win64/UE4Editor-PaperSpriteSheetImporter.dll (API version 3944462).
LogModuleManager: Display: Found up-to-date module file ../../../Engine/Plugins/2D/Paper2D/Binaries/Win64/UE4Editor-PaperTiledImporter.dll (API version 3944462).
LogModuleManager: Display: Found up-to-date module file ../../../Engine/Plugins/2D/Paper2D/Binaries/Win64/UE4Editor-SmartSnapping.dll (API version 3944462).
LogModuleManager: Display: Found up-to-date module file ../../../Engine/Plugins/Blendables/LightPropagationVolume/Binaries/Win64/UE4Editor-LightPropagationVolumeRuntime.dll (API version 3944462).
LogModuleManager: Display: Found up-to-date module file ../../../Engine/Plugins/Blendables/LightPropagationVolume/Binaries/Win64/UE4Editor-LightPropagationVolumeEditor.dll (API version 3944462).
LogModuleManager: Display: Found up-to-date module file ../../../Engine/Plugins/Developer/CLionSourceCodeAccess/Binaries/Win64/UE4Editor-CLionSourceCodeAccess.dll (API version 3944462).
LogModuleManager: Display: Found up-to-date module file ../../../Engine/Plugins/Developer/GitSourceControl/Binaries/Win64/UE4Editor-GitSourceControl.dll (API version 3944462).
LogModuleManager: Display: Found up-to-date module file ../../../Engine/Plugins/Developer/PerforceSourceControl/Binaries/Win64/UE4Editor-PerforceSourceControl.dll (API version 3944462).
LogModuleManager: Display: Found up-to-date module file ../../../Engine/Plugins/Developer/SubversionSourceControl/Binaries/Win64/UE4Editor-SubversionSourceControl.dll (API version 3944462).
LogModuleManager: Display: Found up-to-date module file ../../../Engine/Plugins/Developer/UObjectPlugin/Binaries/Win64/UE4Editor-UObjectPlugin.dll (API version 3944462).
LogModuleManager: Display: Found up-to-date module file ../../../Engine/Plugins/Developer/VisualStudioCodeSourceCodeAccess/Binaries/Win64/UE4Editor-VisualStudioCodeSourceCodeAccess.dll (API version 3944462).
LogModuleManager: Display: Found up-to-date module file ../../../Engine/Plugins/Developer/VisualStudioSourceCodeAccess/Binaries/Win64/UE4Editor-VisualStudioSourceCodeAccess.dll (API version 3944462).
LogModuleManager: Display: Found up-to-date module file ../../../Engine/Plugins/Editor/AssetManagerEditor/Binaries/Win64/UE4Editor-AssetManagerEditor.dll (API version 3944462).
LogModuleManager: Display: Found up-to-date module file ../../../Engine/Plugins/Editor/CryptoKeys/Binaries/Win64/UE4Editor-CryptoKeys.dll (API version 3944462).
LogModuleManager: Display: Found up-to-date module file ../../../Engine/Plugins/Editor/CryptoKeys/Binaries/Win64/UE4Editor-CryptoKeysOpenSSL.dll (API version 3944462).
LogModuleManager: Display: Found up-to-date module file ../../../Engine/Plugins/Editor/DataValidation/Binaries/Win64/UE4Editor-DataValidation.dll (API version 3944462).
LogModuleManager: Display: Found up-to-date module file ../../../Engine/Plugins/Editor/FacialAnimation/Binaries/Win64/UE4Editor-FacialAnimation.dll (API version 3944462).
LogModuleManager: Display: Found up-to-date module file ../../../Engine/Plugins/Editor/FacialAnimation/Binaries/Win64/UE4Editor-FacialAnimationEditor.dll (API version 3944462).
LogModuleManager: Display: Found up-to-date module file ../../../Engine/Plugins/Editor/GameplayTagsEditor/Binaries/Win64/UE4Editor-GameplayTagsEditor.dll (API version 3944462).
LogModuleManager: Display: Found up-to-date module file ../../../Engine/Plugins/Editor/MobileLauncherProfileWizard/Binaries/Win64/UE4Editor-MobileLauncherProfileWizard.dll (API version 3944462).
LogModuleManager: Display: Found up-to-date module file ../../../Engine/Plugins/Editor/PluginBrowser/Binaries/Win64/UE4Editor-PluginBrowser.dll (API version 3944462).
LogModuleManager: Display: Found up-to-date module file ../../../Engine/Plugins/Editor/SpeedTreeImporter/Binaries/Win64/UE4Editor-SpeedTreeImporter.dll (API version 3944462).
LogModuleManager: Display: Found up-to-date module file ../../../Engine/Plugins/Enterprise/DatasmithContent/Binaries/Win64/UE4Editor-DatasmithContent.dll (API version 3944462).
LogModuleManager: Display: Found up-to-date module file ../../../Engine/Plugins/Experimental/AlembicImporter/Binaries/Win64/UE4Editor-AlembicImporter.dll (API version 3944462).
LogModuleManager: Display: Found up-to-date module file ../../../Engine/Plugins/Experimental/AlembicImporter/Binaries/Win64/UE4Editor-AlembicLibrary.dll (API version 3944462).
LogModuleManager: Display: Found up-to-date module file ../../../Engine/Plugins/Experimental/CharacterAI/Binaries/Win64/UE4Editor-CharacterAI.dll (API version 3944462).
LogModuleManager: Display: Found up-to-date module file ../../../Engine/Plugins/Experimental/HTML5Networking/Binaries/Win64/UE4Editor-HTML5Networking.dll (API version 3944462).
LogModuleManager: Display: Found up-to-date module file ../../../Engine/Plugins/Media/AndroidMedia/Binaries/Win64/UE4Editor-AndroidMediaEditor.dll (API version 3944462).
LogModuleManager: Display: Found up-to-date module file ../../../Engine/Plugins/Media/AndroidMedia/Binaries/Win64/UE4Editor-AndroidMediaFactory.dll (API version 3944462).
LogModuleManager: Display: Found up-to-date module file ../../../Engine/Plugins/Media/AvfMedia/Binaries/Win64/UE4Editor-AvfMediaEditor.dll (API version 3944462).
LogModuleManager: Display: Found up-to-date module file ../../../Engine/Plugins/Media/AvfMedia/Binaries/Win64/UE4Editor-AvfMediaFactory.dll (API version 3944462).
LogModuleManager: Display: Found up-to-date module file ../../../Engine/Plugins/Media/AvfMedia/Binaries/Win64/UE4Editor-AvfMediaFactory.dll (API version 3944462).
LogModuleManager: Display: Found up-to-date module file ../../../Engine/Plugins/Media/ImgMedia/Binaries/Win64/UE4Editor-ImgMedia.dll (API version 3944462).
LogModuleManager: Display: Found up-to-date module file ../../../Engine/Plugins/Media/ImgMedia/Binaries/Win64/UE4Editor-ImgMediaEditor.dll (API version 3944462).
LogModuleManager: Display: Found up-to-date module file ../../../Engine/Plugins/Media/ImgMedia/Binaries/Win64/UE4Editor-ImgMediaFactory.dll (API version 3944462).
LogModuleManager: Display: Found up-to-date module file ../../../Engine/Plugins/Media/ImgMedia/Binaries/Win64/UE4Editor-ImgMediaFactory.dll (API version 3944462).
LogModuleManager: Display: Found up-to-date module file ../../../Engine/Plugins/Media/ImgMedia/Binaries/Win64/UE4Editor-OpenExrWrapper.dll (API version 3944462).
LogModuleManager: Display: Found up-to-date module file ../../../Engine/Plugins/Media/LinearTimecode/Binaries/Win64/UE4Editor-LinearTimecode.dll (API version 3944462).
LogModuleManager: Display: Found up-to-date module file ../../../Engine/Plugins/Media/MediaCompositing/Binaries/Win64/UE4Editor-MediaCompositing.dll (API version 3944462).
LogModuleManager: Display: Found up-to-date module file ../../../Engine/Plugins/Media/MediaCompositing/Binaries/Win64/UE4Editor-MediaCompositingEditor.dll (API version 3944462).
LogModuleManager: Display: Found up-to-date module file ../../../Engine/Plugins/Media/MediaPlayerEditor/Binaries/Win64/UE4Editor-MediaPlayerEditor.dll (API version 3944462).
LogModuleManager: Display: Found up-to-date module file ../../../Engine/Plugins/Media/WmfMedia/Binaries/Win64/UE4Editor-WmfMedia.dll (API version 3944462).
LogModuleManager: Display: Found up-to-date module file ../../../Engine/Plugins/Media/WmfMedia/Binaries/Win64/UE4Editor-WmfMediaEditor.dll (API version 3944462).
LogModuleManager: Display: Found up-to-date module file ../../../Engine/Plugins/Media/WmfMedia/Binaries/Win64/UE4Editor-WmfMediaFactory.dll (API version 3944462).
LogModuleManager: Display: Found up-to-date module file ../../../Engine/Plugins/Media/WmfMedia/Binaries/Win64/UE4Editor-WmfMediaFactory.dll (API version 3944462).
LogModuleManager: Display: Found up-to-date module file ../../../Engine/Plugins/Messaging/TcpMessaging/Binaries/Win64/UE4Editor-TcpMessaging.dll (API version 3944462).
LogModuleManager: Display: Found up-to-date module file ../../../Engine/Plugins/Messaging/UdpMessaging/Binaries/Win64/UE4Editor-UdpMessaging.dll (API version 3944462).
LogModuleManager: Display: Found up-to-date module file ../../../Engine/Plugins/MovieScene/ActorSequence/Binaries/Win64/UE4Editor-ActorSequence.dll (API version 3944462).
LogModuleManager: Display: Found up-to-date module file ../../../Engine/Plugins/MovieScene/LevelSequenceEditor/Binaries/Win64/UE4Editor-LevelSequenceEditor.dll (API version 3944462).
LogModuleManager: Display: Found up-to-date module file ../../../Engine/Plugins/MovieScene/MatineeToLevelSequence/Binaries/Win64/UE4Editor-MatineeToLevelSequence.dll (API version 3944462).
LogModuleManager: Display: Found up-to-date module file ../../../Engine/Plugins/NetcodeUnitTest/NetcodeUnitTest/Binaries/Win64/UE4Editor-NetcodeUnitTest.dll (API version 3944462).
LogModuleManager: Display: Found up-to-date module file ../../../Engine/Plugins/NetcodeUnitTest/NUTUnrealEngine4/Binaries/Win64/UE4Editor-NUTUnrealEngine4.dll (API version 3944462).
LogModuleManager: Display: Found up-to-date module file ../../../Engine/Plugins/Online/OnlineSubsystem/Binaries/Win64/UE4Editor-OnlineSubsystem.dll (API version 3944462).
LogModuleManager: Display: Found up-to-date module file ../../../Engine/Plugins/Runtime/AndroidPermission/Binaries/Win64/UE4Editor-AndroidPermission.dll (API version 3944462).
LogModuleManager: Display: Found up-to-date module file ../../../Engine/Plugins/Online/OnlineSubsystemNull/Binaries/Win64/UE4Editor-OnlineSubsystemNull.dll (API version 3944462).
LogModuleManager: Display: Found up-to-date module file ../../../Engine/Plugins/Online/OnlineSubsystemUtils/Binaries/Win64/UE4Editor-OnlineSubsystemUtils.dll (API version 3944462).
LogModuleManager: Display: Found up-to-date module file ../../../Engine/Plugins/Online/OnlineSubsystemUtils/Binaries/Win64/UE4Editor-OnlineBlueprintSupport.dll (API version 3944462).
LogModuleManager: Display: Found up-to-date module file ../../../Engine/Plugins/Runtime/AndroidDeviceProfileSelector/Binaries/Win64/UE4Editor-AndroidDeviceProfileSelector.dll (API version 3944462).
LogModuleManager: Display: Found up-to-date module file ../../../Engine/Plugins/Runtime/AppleARKit/Binaries/Win64/UE4Editor-AppleARKit.dll (API version 3944462).
LogModuleManager: Display: Found up-to-date module file ../../../Engine/Plugins/Runtime/ProceduralMeshComponent/Binaries/Win64/UE4Editor-ProceduralMeshComponent.dll (API version 3944462).
LogModuleManager: Display: Found up-to-date module file ../../../Engine/Plugins/Runtime/ProceduralMeshComponent/Binaries/Win64/UE4Editor-ProceduralMeshComponentEditor.dll (API version 3944462).
LogModuleManager: Display: Found up-to-date module file ../../../Engine/Plugins/Animation/LiveLink/Binaries/Win64/UE4Editor-LiveLink.dll (API version 3944462).
LogModuleManager: Display: Found up-to-date module file ../../../Engine/Plugins/Animation/LiveLink/Binaries/Win64/UE4Editor-LiveLinkEditor.dll (API version 3944462).
LogModuleManager: Display: Found up-to-date module file ../../../Engine/Plugins/Runtime/ArchVisCharacter/Binaries/Win64/UE4Editor-ArchVisCharacter.dll (API version 3944462).
LogModuleManager: Display: Found up-to-date module file ../../../Engine/Plugins/Runtime/AudioCapture/Binaries/Win64/UE4Editor-AudioCapture.dll (API version 3944462).
LogModuleManager: Display: Found up-to-date module file ../../../Engine/Plugins/Runtime/AudioCapture/Binaries/Win64/UE4Editor-AudioCaptureEditor.dll (API version 3944462).
LogModuleManager: Display: Found up-to-date module file ../../../Engine/Plugins/Runtime/CableComponent/Binaries/Win64/UE4Editor-CableComponent.dll (API version 3944462).
LogModuleManager: Display: Found up-to-date module file ../../../Engine/Plugins/Runtime/CustomMeshComponent/Binaries/Win64/UE4Editor-CustomMeshComponent.dll (API version 3944462).
LogModuleManager: Display: Found up-to-date module file ../../../Engine/Plugins/Runtime/ExampleDeviceProfileSelector/Binaries/Win64/UE4Editor-ExampleDeviceProfileSelector.dll (API version 3944462).
LogModuleManager: Display: Found up-to-date module file ../../../Engine/Plugins/Runtime/ImmediatePhysics/Binaries/Win64/UE4Editor-ImmediatePhysics.dll (API version 3944462).
LogModuleManager: Display: Found up-to-date module file ../../../Engine/Plugins/Runtime/ImmediatePhysics/Binaries/Win64/UE4Editor-ImmediatePhysicsEditor.dll (API version 3944462).
LogModuleManager: Display: Found up-to-date module file ../../../Engine/Plugins/Runtime/LocationServicesBPLibrary/Binaries/Win64/UE4Editor-LocationServicesBPLibrary.dll (API version 3944462).
LogModuleManager: Display: Found up-to-date module file ../../../Engine/Plugins/Runtime/MobilePatchingUtils/Binaries/Win64/UE4Editor-MobilePatchingUtils.dll (API version 3944462).
LogModuleManager: Display: Found up-to-date module file ../../../Engine/Plugins/Runtime/Oculus/OculusVR/Binaries/Win64/UE4Editor-OculusHMD.dll (API version 3944462).
LogModuleManager: Display: Found up-to-date module file ../../../Engine/Plugins/Runtime/Oculus/OculusVR/Binaries/Win64/UE4Editor-OculusInput.dll (API version 3944462).
LogModuleManager: Display: Found up-to-date module file ../../../Engine/Plugins/Runtime/Oculus/OculusVR/Binaries/Win64/UE4Editor-OculusEditor.dll (API version 3944462).
LogModuleManager: Display: Found up-to-date module file ../../../Engine/Plugins/Runtime/PhysXVehicles/Binaries/Win64/UE4Editor-PhysXVehicles.dll (API version 3944462).
LogModuleManager: Display: Found up-to-date module file ../../../Engine/Plugins/Runtime/PhysXVehicles/Binaries/Win64/UE4Editor-PhysXVehiclesEditor.dll (API version 3944462).
LogModuleManager: Display: Found up-to-date module file ../../../Engine/Plugins/Runtime/RuntimePhysXCooking/Binaries/Win64/UE4Editor-RuntimePhysXCooking.dll (API version 3944462).
LogModuleManager: Display: Found up-to-date module file ../../../Engine/Plugins/Runtime/Steam/SteamVR/Binaries/Win64/UE4Editor-SteamVR.dll (API version 3944462).
LogModuleManager: Display: Found up-to-date module file ../../../Engine/Plugins/Runtime/Steam/SteamVR/Binaries/Win64/UE4Editor-SteamVRController.dll (API version 3944462).
LogModuleManager: Display: Found up-to-date module file ../../../Engine/Plugins/Runtime/WindowsMoviePlayer/Binaries/Win64/UE4Editor-WindowsMoviePlayer.dll (API version 3944462).
LogPluginManager: Mounting plugin Paper2D
LogPluginManager: Mounting plugin LiveLink
LogPluginManager: Mounting plugin LightPropagationVolume
LogPluginManager: Mounting plugin CLionSourceCodeAccess
LogPluginManager: Mounting plugin CodeLiteSourceCodeAccess
LogPluginManager: Mounting plugin GitSourceControl
LogPluginManager: Mounting plugin KDevelopSourceCodeAccess
LogPluginManager: Mounting plugin NullSourceCodeAccess
LogPluginManager: Mounting plugin PerforceSourceControl
LogPluginManager: Mounting plugin SubversionSourceControl
LogPluginManager: Mounting plugin UObjectPlugin
LogPluginManager: Mounting plugin VisualStudioCodeSourceCodeAccess
LogPluginManager: Mounting plugin VisualStudioSourceCodeAccess
LogPluginManager: Mounting plugin XCodeSourceCodeAccess
LogPluginManager: Mounting plugin AssetManagerEditor
LogPluginManager: Mounting plugin CryptoKeys
LogPluginManager: Mounting plugin DataValidation
LogPluginManager: Mounting plugin FacialAnimation
LogPluginManager: Mounting plugin GameplayTagsEditor
LogPluginManager: Mounting plugin MobileLauncherProfileWizard
LogPluginManager: Mounting plugin PluginBrowser
LogPluginManager: Mounting plugin SpeedTreeImporter
LogPluginManager: Mounting plugin DatasmithContent
LogPluginManager: Mounting plugin AlembicImporter
LogPluginManager: Mounting plugin CharacterAI
LogPluginManager: Mounting plugin HTML5Networking
LogPluginManager: Mounting plugin AndroidMedia
LogPluginManager: Mounting plugin AvfMedia
LogPluginManager: Mounting plugin ImgMedia
LogPluginManager: Mounting plugin LinearTimecode
LogPluginManager: Mounting plugin MediaCompositing
LogPluginManager: Mounting plugin MediaPlayerEditor
LogPluginManager: Mounting plugin WmfMedia
LogPluginManager: Mounting plugin TcpMessaging
LogPluginManager: Mounting plugin UdpMessaging
LogPluginManager: Mounting plugin ActorSequence
LogPluginManager: Mounting plugin LevelSequenceEditor
LogPluginManager: Mounting plugin MatineeToLevelSequence
LogPluginManager: Mounting plugin NetcodeUnitTest
LogPluginManager: Mounting plugin NUTUnrealEngine4
LogPluginManager: Mounting plugin OnlineSubsystemGooglePlay
LogPluginManager: Mounting plugin OnlineSubsystemIOS
LogPluginManager: Mounting plugin OnlineSubsystem
LogPluginManager: Mounting plugin OnlineSubsystemNull
LogPluginManager: Mounting plugin OnlineSubsystemUtils
LogPluginManager: Mounting plugin AndroidDeviceProfileSelector
LogPluginManager: Mounting plugin AndroidMoviePlayer
LogPluginManager: Mounting plugin AndroidPermission
LogPluginManager: Mounting plugin AppleARKit
LogPluginManager: Mounting plugin AppleMoviePlayer
LogPluginManager: Mounting plugin ArchVisCharacter
LogPluginManager: Mounting plugin AudioCapture
LogPluginManager: Mounting plugin CableComponent
LogPluginManager: Mounting plugin CustomMeshComponent
LogPluginManager: Mounting plugin ExampleDeviceProfileSelector
LogPluginManager: Mounting plugin GoogleCloudMessaging
LogPluginManager: Mounting plugin ImmediatePhysics
LogPluginManager: Mounting plugin IOSDeviceProfileSelector
LogPluginManager: Mounting plugin LinuxDeviceProfileSelector
LogPluginManager: Mounting plugin LocationServicesBPLibrary
LogPluginManager: Mounting plugin MobilePatchingUtils
LogPluginManager: Mounting plugin OculusVR
LogPluginManager: Plugin shader directory ../../../Engine/Plugins/Runtime/Oculus/OculusVR/Shaders found
LogPluginManager: Mapping shader source directory ../../../Engine/Plugins/Runtime/Oculus/OculusVR/Shaders to virtual directory /Plugin/OculusVR
LogPluginManager: Mounting plugin PhysXVehicles
LogPluginManager: Mounting plugin ProceduralMeshComponent
LogPluginManager: Mounting plugin RuntimePhysXCooking
LogPluginManager: Mounting plugin SteamVR
LogPluginManager: Mounting plugin WindowsMoviePlayer
LogStreaming: Display: Took  3.400s to configure plugins.
LogInit: Using libcurl 7.47.1
LogInit:  - built for x86_64-pc-win32
LogInit:  - supports SSL with OpenSSL/1.0.2g
LogInit:  - supports HTTP deflate (compression) using libz 1.2.8
LogInit:  - other features:
LogInit:      CURL_VERSION_SSL
LogInit:      CURL_VERSION_LIBZ
LogInit:      CURL_VERSION_IPV6
LogInit:      CURL_VERSION_ASYNCHDNS
LogInit:      CURL_VERSION_LARGEFILE
LogInit:      CURL_VERSION_IDN
LogInit:  CurlRequestOptions (configurable via config and command line):
LogInit:  - bVerifyPeer = false  - Libcurl will NOT verify peer certificate
LogInit:  - bUseHttpProxy = false  - Libcurl will NOT use HTTP proxy
LogInit:  - bDontReuseConnections = false  - Libcurl will reuse connections
LogInit:  - CertBundlePath = nullptr  - Libcurl will use whatever was configured at build time.
LogInit:  - MaxHostConnections = 16  - Libcurl will limit the number of connections to a host
LogInit:  - LocalHostAddr = Default
LogInit: WinSock: version 1.1 (2.2), MaxSocks=32767, MaxUdp=65467
LogInit: WinSock: I am DESKTOP-ISE73MF (192.168.1.68:0)
LogInit: Build: ++UE4+Release-4.19-CL-4033788
LogInit: Engine Version: 4.19.2-4033788+++UE4+Release-4.19
LogInit: Compatible Engine Version: 4.19.0-3944462+++UE4+Release-4.19
LogInit: Net CL: 3944462
LogDevObjectVersion: Number of dev versions registered: 18
LogDevObjectVersion:   Dev-Blueprints (B0D832E4-1F89-4F0D-ACCF-7EB736FD4AA2): 10
LogDevObjectVersion:   Dev-Build (E1C64328-A22C-4D53-A36C-8E866417BD8C): 0
LogDevObjectVersion:   Dev-Core (375EC13C-06E4-48FB-B500-84F0262A717E): 2
LogDevObjectVersion:   Dev-Editor (E4B068ED-F494-42E9-A231-DA0B2E46BB41): 23
LogDevObjectVersion:   Dev-Framework (CFFC743F-43B0-4480-9391-14DF171D2073): 33
LogDevObjectVersion:   Dev-Mobile (B02B49B5-BB20-44E9-A304-32B752E40360): 2
LogDevObjectVersion:   Dev-Networking (A4E4105C-59A1-49B5-A7C5-40C4547EDFEE): 0
LogDevObjectVersion:   Dev-Online (39C831C9-5AE6-47DC-9A44-9C173E1C8E7C): 0
LogDevObjectVersion:   Dev-Physics (78F01B33-EBEA-4F98-B9B4-84EACCB95AA2): 0
LogDevObjectVersion:   Dev-Platform (6631380F-2D4D-43E0-8009-CF276956A95A): 0
LogDevObjectVersion:   Dev-Rendering (12F88B9F-8875-4AFC-A67C-D90C383ABD29): 25
LogDevObjectVersion:   Dev-Sequencer (7B5AE74C-D270-4C10-A958-57980B212A5A): 6
LogDevObjectVersion:   Dev-VR (D7296918-1DD6-4BDD-9DE2-64A83CC13884): 1
LogDevObjectVersion:   Dev-LoadTimes (C2A15278-BFE7-4AFE-6C17-90FF531DF755): 1
LogDevObjectVersion:   Private-Geometry (6EACA3D4-40EC-4CC1-B786-8BED09428FC5): 2
LogDevObjectVersion:   Dev-AnimPhys (29E575DD-E0A3-4627-9D10-D276232CDCEA): 16
LogDevObjectVersion:   Dev-ReflectionCapture (6B266CEC-1EC7-4B8F-A30B-E4D90942FC07): 1
LogDevObjectVersion:   Dev-Automation (0DF73D61-A23F-47EA-B727-89E90C41499A): 1
LogInit: Compiled (64-bit): Apr 27 2018 02:06:57
LogInit: Compiled with Visual C++: 19.00.24215.01
LogInit: Build Configuration: Development
LogInit: Branch Name: ++UE4+Release-4.19
LogInit: Command Line:  
LogInit: Base Directory: D:/Unreal Engine/Epic Games/UE_4.19/Engine/Binaries/Win64/
LogInit: Installed Engine Build: 1
LogStreaming: Display: Took  0.001s to delete old logs.
LogInit: Presizing for max 8388607 objects, including 0 objects not considered by GC, pre-allocating 0 bytes for permanent pool.
LogInit: Object subsystem initialized
[2018.07.16-19.09.06:485][  0]LogInit: Selected Device Profile: [Windows]
[2018.07.16-19.09.06:485][  0]LogInit: Applying CVar settings loaded from the selected device profile: [Windows]
[2018.07.16-19.09.06:605][  0]LogInit: Computer: DESKTOP-ISE73MF
[2018.07.16-19.09.06:605][  0]LogInit: User: AAm
[2018.07.16-19.09.06:605][  0]LogInit: CPU Page size=4096, Cores=4
[2018.07.16-19.09.06:605][  0]LogInit: High frequency timer resolution =2.531247 MHz
[2018.07.16-19.09.06:606][  0]LogMemory: Memory total: Physical=15.9GB (16GB approx)
[2018.07.16-19.09.06:606][  0]LogMemory: Platform Memory Stats for Windows
[2018.07.16-19.09.06:606][  0]LogMemory: Process Physical Memory: 274.55 MB used, 274.55 MB peak
[2018.07.16-19.09.06:606][  0]LogMemory: Process Virtual Memory: 264.70 MB used, 264.70 MB peak
[2018.07.16-19.09.06:606][  0]LogMemory: Physical Memory: 7424.34 MB used,  8895.45 MB free, 16319.79 MB total
[2018.07.16-19.09.06:606][  0]LogMemory: Virtual Memory: 4794.14 MB used,  8895.45 MB free, 134217728.00 MB total
[2018.07.16-19.09.07:553][  0]LogInit: Using OS detected language (en-US).
[2018.07.16-19.09.07:553][  0]LogInit: Using OS detected locale (en-CA).
[2018.07.16-19.09.07:774][  0]LogTextLocalizationManager: No specific localization for 'en-US' exists, so the 'en' localization will be used.
[2018.07.16-19.09.08:656][  0]LogStreaming: Display: Took  1.055s to EndInitTextLocalization.
[2018.07.16-19.09.08:684][  0]LogInit: Setting process to per monitor DPI aware
[2018.07.16-19.09.09:370][  0]LogSlate: New Slate User Created.  User Index 0, Is Virtual User: 0
[2018.07.16-19.09.09:370][  0]LogSlate: Slate User Registered.  User Index 0, Is Virtual User: 0
[2018.07.16-19.09.10:910][  0]LogD3D11RHI: D3D11 adapters:
[2018.07.16-19.09.10:982][  0]LogD3D11RHI:    0. 'NVIDIA GeForce GTX 1060' (Feature Level 11_0)
[2018.07.16-19.09.10:982][  0]LogD3D11RHI:       6052/0/8159 MB DedicatedVideo/DedicatedSystem/SharedSystem, Outputs:1, VendorId:0x10de
[2018.07.16-19.09.10:984][  0]LogD3D11RHI:    1. 'Microsoft Basic Render Driver' (Feature Level 11_0)
[2018.07.16-19.09.10:984][  0]LogD3D11RHI:       0/0/8159 MB DedicatedVideo/DedicatedSystem/SharedSystem, Outputs:0, VendorId:0x1414
[2018.07.16-19.09.10:984][  0]LogD3D11RHI: Chosen D3D11 Adapter: 0
[2018.07.16-19.09.10:994][  0]LogD3D11RHI: Creating new Direct3DDevice
[2018.07.16-19.09.10:994][  0]LogD3D11RHI:     GPU DeviceId: 0x1c60 (for the marketing name, search the web for "GPU Device Id")
[2018.07.16-19.09.10:994][  0]LogWindows: EnumDisplayDevices:
[2018.07.16-19.09.10:994][  0]LogWindows:    0. 'NVIDIA GeForce GTX 1060' (P:1 D:1)
[2018.07.16-19.09.10:994][  0]LogWindows:    1. 'NVIDIA GeForce GTX 1060' (P:0 D:0)
[2018.07.16-19.09.10:995][  0]LogWindows:    2. 'NVIDIA GeForce GTX 1060' (P:0 D:0)
[2018.07.16-19.09.10:995][  0]LogWindows:    3. 'NVIDIA GeForce GTX 1060' (P:0 D:0)
[2018.07.16-19.09.10:995][  0]LogWindows: DebugString: GetVideoDriverDetailsInvalid PrimaryIsNotTheChoosenAdapter GetVideoDriverDetailsInvalid PrimaryIsNotTheChoosenAdapter GetVideoDriverDetailsInvalid PrimaryIsNotTheChoosenAdapter GetVideoDriverDetailsInvalid PrimaryIsNotTheChoosenAdapter FoundDriverCount:0 
[2018.07.16-19.09.10:995][  0]LogD3D11RHI:     Adapter Name: NVIDIA GeForce GTX 1060
[2018.07.16-19.09.10:995][  0]LogD3D11RHI:   Driver Version: Unknown (internal:Unknown, unified:Unknown)
[2018.07.16-19.09.10:995][  0]LogD3D11RHI:      Driver Date: Unknown
[2018.07.16-19.09.10:995][  0]LogRHI: Texture pool is 4236 MB (70% of 6052 MB)
[2018.07.16-19.09.11:044][  0]LogD3D11RHI: [Aftermath] Aftermath enabled and primed
[2018.07.16-19.09.11:044][  0]LogD3D11RHI: [Aftermath] Aftermath enabled and primed
[2018.07.16-19.09.11:044][  0]LogD3D11RHI: Async texture creation enabled
[2018.07.16-19.09.11:324][  0]LogD3D11RHI: GPU Timing Frequency: 1000.000000 (Debug: 2 2)
[2018.07.16-19.09.11:477][  0]LogShaderCompilers: Guid format shader working directory is -23 characters bigger than the processId version (C:/Users/A_A_m/OneDrive/Documents/GitHub/SheridanUnrealProjectSummer/Intermediate/Shaders/WorkingDirectory/24352/).
[2018.07.16-19.09.11:493][  0]LogShaderCompilers: Cleaned the shader compiler working directory 'C:/Users/A_A_m/AppData/Local/Temp/UnrealShaderWorkingDir/A7050C4F45507783E0B557B25928D9E0/'.
[2018.07.16-19.09.12:430][  0]LogTemp: Display: Loaded TP AllDesktopTargetPlatform
[2018.07.16-19.09.12:473][  0]LogTemp: Display: Loaded TP MacClientTargetPlatform
[2018.07.16-19.09.12:497][  0]LogTemp: Display: Loaded TP MacNoEditorTargetPlatform
[2018.07.16-19.09.12:513][  0]LogTemp: Display: Loaded TP MacServerTargetPlatform
[2018.07.16-19.09.12:558][  0]LogTemp: Display: Loaded TP MacTargetPlatform
[2018.07.16-19.09.12:585][  0]LogTemp: Display: Loaded TP WindowsClientTargetPlatform
[2018.07.16-19.09.12:608][  0]LogTemp: Display: Loaded TP WindowsNoEditorTargetPlatform
[2018.07.16-19.09.12:644][  0]LogTemp: Display: Loaded TP WindowsServerTargetPlatform
[2018.07.16-19.09.12:665][  0]LogTemp: Display: Loaded TP WindowsTargetPlatform
[2018.07.16-19.09.12:713][  0]LogTemp: Display: Loaded TP Android_ASTCTargetPlatform
[2018.07.16-19.09.12:755][  0]LogTemp: Display: Loaded TP Android_ATCTargetPlatform
[2018.07.16-19.09.12:802][  0]LogTemp: Display: Loaded TP Android_DXTTargetPlatform
[2018.07.16-19.09.12:832][  0]LogTemp: Display: Loaded TP Android_ETC1aTargetPlatform
[2018.07.16-19.09.12:861][  0]LogTemp: Display: Loaded TP Android_ETC1TargetPlatform
[2018.07.16-19.09.12:876][  0]LogTemp: Display: Loaded TP Android_ETC2TargetPlatform
[2018.07.16-19.09.12:969][  0]LogTemp: Display: Loaded TP Android_MultiTargetPlatform
[2018.07.16-19.09.12:969][  0]LogTemp: Display: Loaded TP Android_PVRTCTargetPlatform
[2018.07.16-19.09.13:015][  0]LogTemp: Display: Loaded TP AndroidTargetPlatform
[2018.07.16-19.09.13:032][  0]LogTemp: Display: Loaded TP HTML5TargetPlatform
[2018.07.16-19.09.13:202][  0]LogTemp: Display: Loaded TP IOSTargetPlatform
[2018.07.16-19.09.13:234][  0]LogTemp: Display: Loaded TP TVOSTargetPlatform
[2018.07.16-19.09.13:266][  0]LogTemp: Display: Loaded TP LinuxClientTargetPlatform
[2018.07.16-19.09.13:288][  0]LogTemp: Display: Loaded TP LinuxNoEditorTargetPlatform
[2018.07.16-19.09.13:327][  0]LogTemp: Display: Loaded TP LinuxServerTargetPlatform
[2018.07.16-19.09.13:360][  0]LogTemp: Display: Loaded TP LinuxTargetPlatform
[2018.07.16-19.09.13:360][  0]LogTargetPlatformManager: Display: Building Assets For Windows
[2018.07.16-19.09.14:159][  0]LogXGEController: Cleaning working directory: C:/Users/A_A_m/AppData/Local/Temp/UnrealXGEWorkingDir/
[2018.07.16-19.09.14:159][  0]LogXGEController: Cannot use XGE Controller as Incredibuild is not installed on this machine.
[2018.07.16-19.09.14:178][  0]LogShaderCompilers: Cannot use XGE Shader Compiler as Incredibuild is not installed on this machine.
[2018.07.16-19.09.14:178][  0]LogShaderCompilers: Display: Using Local Shader Compiler.
[2018.07.16-19.09.17:576][  0]LogDerivedDataCache: Display: Max Cache Size: 512 MB
[2018.07.16-19.09.18:043][  0]LogDerivedDataCache: Loaded boot cache 0.46s 74MB C:/Users/A_A_m/AppData/Local/UnrealEngine/4.19/DerivedDataCache/Boot.ddc.
[2018.07.16-19.09.18:043][  0]LogDerivedDataCache: Display: Loaded Boot cache: C:/Users/A_A_m/AppData/Local/UnrealEngine/4.19/DerivedDataCache/Boot.ddc
[2018.07.16-19.09.18:043][  0]LogDerivedDataCache: FDerivedDataBackendGraph:  Pak pak cache file C:/Users/A_A_m/OneDrive/Documents/GitHub/SheridanUnrealProjectSummer/DerivedDataCache/DDC.ddp not found, will not use a pak cache.
[2018.07.16-19.09.18:043][  0]LogDerivedDataCache: Unable to find inner node Pak for hierarchical cache Hierarchy.
[2018.07.16-19.09.18:043][  0]LogDerivedDataCache: FDerivedDataBackendGraph:  CompressedPak pak cache file C:/Users/A_A_m/OneDrive/Documents/GitHub/SheridanUnrealProjectSummer/DerivedDataCache/Compressed.ddp not found, will not use a pak cache.
[2018.07.16-19.09.18:043][  0]LogDerivedDataCache: Unable to find inner node CompressedPak for hierarchical cache Hierarchy.
[2018.07.16-19.09.18:169][  0]LogDerivedDataCache: Display: Pak cache opened for reading ../../../Engine/DerivedDataCache/Compressed.ddp.
[2018.07.16-19.09.18:186][  0]LogDerivedDataCache: Using Local data cache path C:/Users/A_A_m/AppData/Local/UnrealEngine/Common/DerivedDataCache: Writable
[2018.07.16-19.09.18:186][  0]LogDerivedDataCache: Shared data cache path not found in *engine.ini, will not use an Shared cache.
[2018.07.16-19.09.18:186][  0]LogDerivedDataCache: Unable to find inner node Shared for hierarchical cache Hierarchy.
[2018.07.16-19.09.18:250][  0]LogMaterial: Verifying Global Shaders for PCD3D_SM5
[2018.07.16-19.09.18:292][  0]LogSlate: Using Freetype 2.6.0
[2018.07.16-19.09.18:392][  0]LogSlate: SlateFontCache - WITH_FREETYPE: 1, WITH_HARFBUZZ: 1
[2018.07.16-19.09.18:393][  0]LogSlate: SlateFontCache - WITH_FREETYPE: 1, WITH_HARFBUZZ: 1
[2018.07.16-19.09.23:329][  0]LogAssetRegistry: FAssetRegistry took 0.0362 seconds to start up
[2018.07.16-19.09.26:528][  0]LogInit: Selected Device Profile: [Windows]
[2018.07.16-19.09.27:979][  0]LogSimplygon: Simplygon DLL not present - disabling.
[2018.07.16-19.09.28:009][  0]LogMeshReduction: Using SimplygonSwarm for distributed automatic mesh merging
[2018.07.16-19.09.28:010][  0]LogMeshReduction: Using QuadricMeshReduction for automatic static mesh reduction
[2018.07.16-19.09.28:010][  0]LogMeshReduction: No automatic skeletal mesh reduction module available
[2018.07.16-19.09.28:010][  0]LogMeshReduction: No automatic mesh merging module available
[2018.07.16-19.09.28:010][  0]LogMeshMerging: No automatic mesh merging module available
[2018.07.16-19.09.28:451][  0]LogNetVersion: MyProject2 , NetCL: 3944462, EngineNetVer: 2, GameNetVer: 0 (Checksum: 607132587)
[2018.07.16-19.09.33:696][  0]LogPackageLocalizationCache: Processed 9 localized package path(s) for 2 prioritized culture(s) in 0.176120 seconds
[2018.07.16-19.09.33:709][  0]LogUObjectArray: 36728 objects as part of root set at end of initial load.
[2018.07.16-19.09.33:709][  0]LogUObjectAllocator: 7314304 out of 0 bytes used by permanent object pool.
[2018.07.16-19.09.33:709][  0]LogUObjectArray: CloseDisregardForGC: 0/0 objects in disregard for GC pool
[2018.07.16-19.10.02:986][  0]LogTcpMessaging: Initializing TcpMessaging bridge
[2018.07.16-19.10.03:065][  0]LogUdpMessaging: Initializing bridge on interface 0.0.0.0:0 to multicast group 230.0.0.1:6666.
[2018.07.16-19.10.04:335][  0]SourceControl: Source control is disabled
[2018.07.16-19.10.06:472][  0]LogAndroidPermission: UAndroidPermissionCallbackProxy::GetInstance
[2018.07.16-19.10.06:782][  0]LogOcInput: OculusInput pre-init called
[2018.07.16-19.10.07:468][  0]LogEngine: Initializing Engine...
[2018.07.16-19.10.07:490][  0]LogHMD: Failed to initialize OpenVR with code 110
[2018.07.16-19.10.07:515][  0]LogStats: UGameplayTagsManager::ConstructGameplayTagTree: Construct from data asset -  0.000 s
[2018.07.16-19.10.07:515][  0]LogStats: UGameplayTagsManager::ConstructGameplayTagTree: GameplayTagTreeChangedEvent.Broadcast -  0.000 s
[2018.07.16-19.10.08:771][  0]LogAIModule: Creating AISystem for world Untitled
[2018.07.16-19.10.08:875][  0]LogInit: XAudio2 using 'Speakers (Realtek High Definition Audio)' : 2 channels at 48 kHz using 32 bits per sample (channel mask 0x3)
[2018.07.16-19.10.08:917][  0]LogInit: FAudioDevice initialized.
[2018.07.16-19.10.09:016][  0]LogDerivedDataCache: Saved boot cache 0.10s 74MB C:/Users/A_A_m/AppData/Local/UnrealEngine/4.19/DerivedDataCache/Boot.ddc.
[2018.07.16-19.10.09:045][  0]LogInit: Texture streaming: Enabled
[2018.07.16-19.10.09:204][  0]LogEngineSessionManager: EngineSessionManager initialized
[2018.07.16-19.10.09:367][  0]LogInit: Transaction tracking system initialized
[2018.07.16-19.10.09:789][  0]BlueprintLog: New page: Editor Load
[2018.07.16-19.10.10:939][  0]LocalizationService: Localization service is disabled
[2018.07.16-19.10.11:425][  0]LogLinker: Warning: Can't find file '/Game/DENT/CreateDestructibleMesh'
[2018.07.16-19.10.11:439][  0]LogLinker: Warning: Can't find file '/Game/DENT/CreateDestructibleMesh'
[2018.07.16-19.10.11:439][  0]LogUObjectGlobals: Warning: Failed to find object 'Class /Game/DENT/CreateDestructibleMesh.CreateDestructibleMesh_C'
[2018.07.16-19.10.11:439][  0]LogLinker: Warning: Can't find file '/Game/DENT/AddDestructibleMeshToDENT'
[2018.07.16-19.10.11:440][  0]LogLinker: Warning: Can't find file '/Game/DENT/AddDestructibleMeshToDENT'
[2018.07.16-19.10.11:440][  0]LogUObjectGlobals: Warning: Failed to find object 'Class /Game/DENT/AddDestructibleMeshToDENT.AddDestructibleMeshToDENT_C'
[2018.07.16-19.10.11:808][  0]LogConsoleResponse: Display: 
[2018.07.16-19.10.14:323][  0]LogFileCache: Scanning file cache for directory 'C:/Users/A_A_m/OneDrive/Documents/GitHub/SheridanUnrealProjectSummer/Content/' took 0.03s
[2018.07.16-19.10.14:323][  0]LogCook: Display: Max memory allowance for cook 16384mb min free memory 0mb
[2018.07.16-19.10.14:323][  0]LogCook: Display: Mobile HDR setting 1
[2018.07.16-19.10.14:324][  0]LogGameplayTags: Display: UGameplayTagsManager::DoneAddingNativeTags. DelegateIsBound: 0
[2018.07.16-19.10.14:324][  0]LogStats: UGameplayTagsManager::ConstructGameplayTagTree: Construct from data asset -  0.000 s
[2018.07.16-19.10.14:324][  0]LogStats: UGameplayTagsManager::ConstructGameplayTagTree: GameplayTagTreeChangedEvent.Broadcast -  0.000 s
[2018.07.16-19.10.16:802][  0]Cmd: MAP LOAD FILE="C:/Users/A_A_m/OneDrive/Documents/GitHub/SheridanUnrealProjectSummer/Content/ThirdPersonBP/Maps/ThirdPersonExampleMap.umap" TEMPLATE=0 SHOWPROGRESS=1 FEATURELEVEL=3
[2018.07.16-19.10.16:833][  0]LightingResults: New page: Lighting Build
[2018.07.16-19.10.17:003][  0]MapCheck: New page: Map Check
[2018.07.16-19.10.17:003][  0]LightingResults: New page: Lighting Build
[2018.07.16-19.10.18:166][  0]LogUObjectGlobals: Created PersistentFrame Addr=0x0000023c170e0a10, Size=12, Default__Enemy_C Function /Game/ThirdPersonBP/Blueprints/Enemy.Enemy_C:ExecuteUbergraph_Enemy
[2018.07.16-19.10.18:193][  0]LogUObjectGlobals: Destroyed PersistentFrame Addr=0x0000023c170e0a10, Size=12
[2018.07.16-19.10.18:193][  0]LogUObjectGlobals: Created PersistentFrame Addr=0x0000023c170e0a10, Size=12, Default__Enemy_C Function /Engine/Transient.REINST_Enemy_C_5:ExecuteUbergraph_Enemy
[2018.07.16-19.10.18:197][  0]LogUObjectGlobals: Created PersistentFrame Addr=0x0000023c170e1160, Size=12, Default__Enemy_C Function /Game/ThirdPersonBP/Blueprints/Enemy.Enemy_C:ExecuteUbergraph_Enemy
[2018.07.16-19.10.19:046][  0]LogAIModule: Creating AISystem for world ThirdPersonExampleMap
[2018.07.16-19.10.19:564][  0]LogEditorServer: Finished looking for orphan Actors (0.000 secs)
[2018.07.16-19.10.19:668][  0]LogUObjectGlobals: Destroyed PersistentFrame Addr=0x0000023c170e0a10, Size=12
[2018.07.16-19.10.19:708][  0]Cmd: MAP CHECKDEP NOCLEARLOG
[2018.07.16-19.10.19:779][  0]MapCheck: Map check complete: 0 Error(s), 0 Warning(s), took 71.4ms to complete.
[2018.07.16-19.10.19:779][  0]LogFileHelpers: Loading map 'ThirdPersonExampleMap' took 2.992
[2018.07.16-19.10.21:298][  0]LogCollectionManager: Loaded 0 collections in 0.001286 seconds
[2018.07.16-19.10.21:438][  0]LogFileCache: Scanning file cache for directory 'C:/Users/A_A_m/OneDrive/Documents/GitHub/SheridanUnrealProjectSummer/Saved/Collections/' took 0.01s
[2018.07.16-19.10.21:438][  0]LogFileCache: Scanning file cache for directory 'C:/Users/A_A_m/OneDrive/Documents/GitHub/SheridanUnrealProjectSummer/Content/Developers/AAm/Collections/' took 0.01s
[2018.07.16-19.10.21:438][  0]LogFileCache: Scanning file cache for directory 'C:/Users/A_A_m/OneDrive/Documents/GitHub/SheridanUnrealProjectSummer/Content/Collections/' took 0.01s
[2018.07.16-19.10.21:438][  0]LogCollectionManager: Rebuilt the GUID cache for 0 collections in 0.000000 seconds
[2018.07.16-19.10.21:455][  0]LogContentBrowser: Native class hierarchy populated in 0.0153 seconds. Added 2452 classes and 558 folders.
[2018.07.16-19.10.21:540][  0]LogContentBrowser: Native class hierarchy updated for 'WidgetCarousel' in 0.0006 seconds. Added 0 classes and 0 folders.
[2018.07.16-19.10.22:686][  0]LogContentBrowser: Native class hierarchy updated for 'AddContentDialog' in 0.0006 seconds. Added 0 classes and 0 folders.
[2018.07.16-19.10.22:736][  0]LogContentBrowser: Native class hierarchy updated for 'SceneOutliner' in 0.0006 seconds. Added 1 classes and 2 folders.
[2018.07.16-19.10.23:416][  0]LogSlate: Took 0.019981 seconds to synchronously load lazily loaded font '../../../Engine/Content/Slate/Fonts/Roboto-Regular.ttf' (155K)
[2018.07.16-19.10.23:452][  0]LogSlate: Took 0.034055 seconds to synchronously load lazily loaded font '../../../Engine/Content/Slate/Fonts/Roboto-Bold.ttf' (160K)
[2018.07.16-19.10.23:535][  0]LogSlate: Took 0.023211 seconds to synchronously load lazily loaded font '../../../Engine/Content/Editor/Slate/Fonts/FontAwesome.ttf' (139K)
[2018.07.16-19.10.23:999][  0]LogRenderer: Reallocating scene render targets to support 1112x624 Format 10 NumSamples 1 (Frame:1).
[2018.07.16-19.10.24:649][  0]LogContentBrowser: Native class hierarchy updated for 'HierarchicalLODOutliner' in 0.0006 seconds. Added 0 classes and 0 folders.
[2018.07.16-19.10.24:649][  0]LogLoad: (Engine Initialization) Total time: 98.08 seconds
[2018.07.16-19.10.24:649][  0]LogLoad: (Engine Initialization) Total Blueprint compile time: 0.00 seconds
[2018.07.16-19.10.25:133][  0]LogContentStreaming: Texture pool size now 1000 MB
[2018.07.16-19.10.25:437][  1]LogSlate: Took 0.017434 seconds to synchronously load lazily loaded font '../../../Engine/Content/Slate/Fonts/Roboto-Light.ttf' (167K)
[2018.07.16-19.10.25:706][  2]LogAssetRegistry: Asset discovery search completed in 62.3996 seconds
[2018.07.16-19.10.25:712][  2]LogCollectionManager: Rebuilt the object cache for 0 collections in 0.000001 seconds (found 0 objects)
[2018.07.16-19.10.25:712][  2]LogCollectionManager: Fixed up redirectors for 0 collections in 0.000169 seconds (updated 0 objects)
[2018.07.16-19.10.30:666][ 17]LogFileCache: Retrieving MD5 hashes for directory 'C:/Users/A_A_m/OneDrive/Documents/GitHub/SheridanUnrealProjectSummer/Content/' took 5.64s
[2018.07.16-19.10.58:114][138]LogSlate: FSceneViewport::OnFocusLost() reason 2
[2018.07.16-19.10.59:740][227]SourceControl: fatal: D:/Unreal Engine/Epic Games/UE_4.19/Engine/Content: 'D:/Unreal Engine/Epic Games/UE_4.19/Engine/Content' is outside repository
[2018.07.16-19.10.59:896][227]LogFileHelpers: Warning: FilenameToLongPackageName failed to convert '../../../Engine/Plugins/FMODStudio/Content/AnimNotify_FMODPlayEvent.uasset'. Attempt result was '../../../Engine/Plugins/FMODStudio/Content/AnimNotify_FMODPlayEvent', but the path contains illegal characters '.'
[2018.07.16-19.10.59:940][227]LogSlate: FSceneViewport::OnFocusLost() reason 2
[2018.07.16-19.11.05:748][227]LogSlate: Window 'Submit Files' being destroyed
[2018.07.16-19.11.05:801][227]LogSlate: FSceneViewport::OnFocusLost() reason 2
[2018.07.16-19.11.05:883][227]LogSlate: FSceneViewport::OnFocusLost() reason 2
[2018.07.16-19.11.06:417][227]LogSourceControl: commit successful: [master 5a4a62f] checkin
[2018.07.16-19.11.06:472][227]SourceControl: [master 5a4a62f] checkin
[2018.07.16-19.11.06:472][227]SourceControl:  1 file changed, 0 insertions(+), 0 deletions(-)
[2018.07.16-19.11.06:482][227]SourceControl: Commited [master 5a4a62f] checkin.
[2018.07.16-19.11.07:809][303]LogSlate: FSceneViewport::OnFocusLost() reason 0
[2018.07.16-19.12.25:633][542]LogSlate: FSceneViewport::OnFocusLost() reason 2
[2018.07.16-19.54.47:422][252]LogSlate: FSceneViewport::OnFocusLost() reason 0
[2018.07.16-19.54.48:893][317]LogSlate: Window 'MyProject2 - Unreal Editor' being destroyed
[2018.07.16-19.54.48:896][317]LogWindowsTextInputMethodSystem: Display: IME system now deactivated.
[2018.07.16-19.54.49:255][318]Cmd: QUIT_EDITOR
[2018.07.16-19.54.49:608][318]LogSlate: Slate User Destroyed.  User Index 0, Is Virtual User: 0
[2018.07.16-19.54.49:624][318]LogExit: Preparing to exit.
[2018.07.16-19.54.50:754][318]LogExit: Editor shut down
[2018.07.16-19.54.50:765][318]LogExit: Transaction tracking system shut down
[2018.07.16-19.54.50:766][318]LogUObjectGlobals: Destroyed PersistentFrame Addr=0x0000023c170e1160, Size=12
[2018.07.16-19.54.50:980][318]LogDirectoryWatcher: A directory notification for '../../../Engine/Content/' was aborted.
[2018.07.16-19.54.50:980][318]LogDirectoryWatcher: A directory notification for 'C:/Users/A_A_m/OneDrive/Documents/GitHub/SheridanUnrealProjectSummer/Content/' was aborted.
[2018.07.16-19.54.50:980][318]LogDirectoryWatcher: A directory notification for '../../Plugins/2D/Paper2D/Content/' was aborted.
[2018.07.16-19.54.50:980][318]LogDirectoryWatcher: A directory notification for '../../Plugins/Enterprise/DatasmithContent/Content/' was aborted.
[2018.07.16-19.54.50:980][318]LogDirectoryWatcher: A directory notification for '../../Plugins/Media/MediaCompositing/Content/' was aborted.
[2018.07.16-19.54.50:980][318]LogDirectoryWatcher: A directory notification for '../../Plugins/Runtime/AppleARKit/Content/' was aborted.
[2018.07.16-19.54.50:980][318]LogDirectoryWatcher: A directory notification for '../../Plugins/Runtime/Oculus/OculusVR/Content/' was aborted.
[2018.07.16-19.54.50:980][318]LogDirectoryWatcher: A directory notification for '../../Plugins/Runtime/Steam/SteamVR/Content/' was aborted.
[2018.07.16-19.54.52:356][318]LogExit: Object subsystem successfully closed.
[2018.07.16-19.54.52:459][318]LogShaderCompilers: Display: Shaders left to compile 0
[2018.07.16-19.54.52:462][318]LogD3D11RHI: Shutdown
[2018.07.16-19.54.52:462][318]LogD3D11RHI: CleanupD3DDevice
[2018.07.16-19.54.52:466][318]LogD3D11RHI: ~FD3D11DynamicRHI
[2018.07.16-19.54.52:944][318]LogModuleManager: Shutting down and abandoning module HierarchicalLODOutliner (574)
[2018.07.16-19.54.52:944][318]LogModuleManager: Shutting down and abandoning module SceneOutliner (572)
[2018.07.16-19.54.52:968][318]LogModuleManager: Shutting down and abandoning module AddContentDialog (570)
[2018.07.16-19.54.52:991][318]LogDirectoryWatcher: A directory notification for 'D:/Unreal Engine/Epic Games/UE_4.19/FeaturePacks/' was aborted.
[2018.07.16-19.54.52:993][318]LogModuleManager: Shutting down and abandoning module WidgetCarousel (569)
[2018.07.16-19.54.52:994][318]LogModuleManager: Shutting down and abandoning module EditorWidgets (566)
[2018.07.16-19.54.52:994][318]LogModuleManager: Shutting down and abandoning module CollectionManager (564)
[2018.07.16-19.54.52:994][318]LogDirectoryWatcher: A directory notification for 'C:/Users/A_A_m/OneDrive/Documents/GitHub/SheridanUnrealProjectSummer/Content/Collections/' was aborted.
[2018.07.16-19.54.52:994][318]LogDirectoryWatcher: A directory notification for 'C:/Users/A_A_m/OneDrive/Documents/GitHub/SheridanUnrealProjectSummer/Content/Developers/AAm/Collections/' was aborted.
[2018.07.16-19.54.52:994][318]LogDirectoryWatcher: A directory notification for 'C:/Users/A_A_m/OneDrive/Documents/GitHub/SheridanUnrealProjectSummer/Saved/Collections/' was aborted.
[2018.07.16-19.54.52:994][318]LogModuleManager: Shutting down and abandoning module StatsViewer (562)
[2018.07.16-19.54.52:994][318]LogModuleManager: Shutting down and abandoning module FoliageEdit (560)
[2018.07.16-19.54.52:995][318]LogModuleManager: Shutting down and abandoning module LandscapeEditor (558)
[2018.07.16-19.54.53:017][318]LogModuleManager: Shutting down and abandoning module MeshPaintMode (556)
[2018.07.16-19.54.53:017][318]LogModuleManager: Shutting down and abandoning module SceneDepthPickerMode (554)
[2018.07.16-19.54.53:017][318]LogModuleManager: Shutting down and abandoning module ActorPickerMode (552)
[2018.07.16-19.54.53:017][318]LogModuleManager: Shutting down and abandoning module GeometryMode (550)
[2018.07.16-19.54.53:017][318]LogModuleManager: Shutting down and abandoning module TextureAlignMode (548)
[2018.07.16-19.54.53:017][318]LogModuleManager: Shutting down and abandoning module BspMode (546)
[2018.07.16-19.54.53:018][318]LogModuleManager: Shutting down and abandoning module PIEPreviewDeviceProfileSelector (544)
[2018.07.16-19.54.53:018][318]LogModuleManager: Shutting down and abandoning module HardwareSurvey (542)
[2018.07.16-19.54.53:018][318]LogModuleManager: Shutting down and abandoning module SequenceRecorderSections (540)
[2018.07.16-19.54.53:018][318]LogModuleManager: Shutting down and abandoning module AutomationWorker (538)
[2018.07.16-19.54.53:018][318]LogModuleManager: Shutting down and abandoning module AudioCaptureEditor (536)
[2018.07.16-19.54.53:018][318]LogModuleManager: Shutting down and abandoning module SequenceRecorder (535)
[2018.07.16-19.54.53:018][318]LogModuleManager: Shutting down and abandoning module MatineeToLevelSequence (532)
[2018.07.16-19.54.53:018][318]LogModuleManager: Shutting down and abandoning module LevelSequenceEditor (530)
[2018.07.16-19.54.53:038][318]LogModuleManager: Shutting down and abandoning module PlacementMode (529)
[2018.07.16-19.54.53:038][318]LogModuleManager: Shutting down and abandoning module MaterialEditor (528)
[2018.07.16-19.54.53:087][318]LogModuleManager: Shutting down and abandoning module WmfMediaFactory (524)
[2018.07.16-19.54.53:087][318]LogModuleManager: Shutting down and abandoning module WmfMediaEditor (522)
[2018.07.16-19.54.53:087][318]LogModuleManager: Shutting down and abandoning module MediaPlayerEditor (520)
[2018.07.16-19.54.53:121][318]LogModuleManager: Shutting down and abandoning module OpenExrWrapper (518)
[2018.07.16-19.54.53:121][318]LogModuleManager: Shutting down and abandoning module ImgMediaFactory (516)
[2018.07.16-19.54.53:122][318]LogModuleManager: Shutting down and abandoning module ImgMediaEditor (514)
[2018.07.16-19.54.53:122][318]LogModuleManager: Shutting down and abandoning module AvfMediaFactory (512)
[2018.07.16-19.54.53:122][318]LogModuleManager: Shutting down and abandoning module AvfMediaEditor (510)
[2018.07.16-19.54.53:122][318]LogModuleManager: Shutting down and abandoning module AndroidMediaFactory (508)
[2018.07.16-19.54.53:123][318]LogModuleManager: Shutting down and abandoning module AndroidMediaEditor (506)
[2018.07.16-19.54.53:123][318]LogModuleManager: Shutting down and abandoning module CharacterAI (504)
[2018.07.16-19.54.53:123][318]LogModuleManager: Shutting down and abandoning module SmartSnapping (502)
[2018.07.16-19.54.53:123][318]LogModuleManager: Shutting down and abandoning module SessionServices (500)
[2018.07.16-19.54.53:123][318]LogModuleManager: Shutting down and abandoning module ViewportSnapping (498)
[2018.07.16-19.54.53:123][318]LogModuleManager: Shutting down and abandoning module ViewportInteraction (496)
[2018.07.16-19.54.53:123][318]LogModuleManager: Shutting down and abandoning module ClothPainter (494)
[2018.07.16-19.54.53:140][318]LogModuleManager: Shutting down and abandoning module SkeletalMeshEditor (493)
[2018.07.16-19.54.53:191][318]LogModuleManager: Shutting down and abandoning module LogVisualizer (490)
[2018.07.16-19.54.53:192][318]LogModuleManager: Shutting down and abandoning module IntroTutorials (488)
[2018.07.16-19.54.53:192][318]LogModuleManager: Shutting down and abandoning module GameProjectGeneration (487)
[2018.07.16-19.54.53:263][318]LogModuleManager: Shutting down and abandoning module IOSPlatformEditor (484)
[2018.07.16-19.54.53:263][318]LogModuleManager: Shutting down and abandoning module HTML5PlatformEditor (482)
[2018.07.16-19.54.53:263][318]LogModuleManager: Shutting down and abandoning module AndroidPlatformEditor (480)
[2018.07.16-19.54.53:263][318]LogModuleManager: Shutting down and abandoning module AndroidDeviceDetection (479)
[2018.07.16-19.54.53:745][318]LogModuleManager: Shutting down and abandoning module WindowsPlatformEditor (476)
[2018.07.16-19.54.53:745][318]LogModuleManager: Shutting down and abandoning module IOSRuntimeSettings (474)
[2018.07.16-19.54.53:745][318]LogModuleManager: Shutting down and abandoning module AndroidRuntimeSettings (472)
[2018.07.16-19.54.53:745][318]LogModuleManager: Shutting down and abandoning module InputBindingEditor (470)
[2018.07.16-19.54.53:745][318]LogModuleManager: Shutting down and abandoning module MergeActors (468)
[2018.07.16-19.54.53:771][318]LogModuleManager: Shutting down and abandoning module LocalizationDashboard (466)
[2018.07.16-19.54.53:799][318]LogModuleManager: Shutting down and abandoning module LocalizationService (465)
[2018.07.16-19.54.53:799][318]LogModuleManager: Shutting down and abandoning module HardwareTargeting (462)
[2018.07.16-19.54.53:799][318]LogModuleManager: Shutting down and abandoning module DeviceProfileEditor (460)
[2018.07.16-19.54.53:799][318]LogModuleManager: Shutting down and abandoning module UndoHistory (458)
[2018.07.16-19.54.53:799][318]LogModuleManager: Shutting down and abandoning module XmlParser (456)
[2018.07.16-19.54.53:799][318]LogModuleManager: Shutting down and abandoning module Blutility (454)
[2018.07.16-19.54.53:799][318]LogModuleManager: Shutting down and abandoning module ProjectSettingsViewer (452)
[2018.07.16-19.54.53:799][318]LogModuleManager: Shutting down and abandoning module ProjectTargetPlatformEditor (451)
[2018.07.16-19.54.53:799][318]LogModuleManager: Shutting down and abandoning module EditorSettingsViewer (448)
[2018.07.16-19.54.53:799][318]LogModuleManager: Shutting down and abandoning module SettingsEditor (446)
[2018.07.16-19.54.53:822][318]LogModuleManager: Shutting down and abandoning module ProjectLauncher (444)
[2018.07.16-19.54.53:845][318]LogModuleManager: Shutting down and abandoning module SessionFrontend (442)
[2018.07.16-19.54.53:845][318]LogModuleManager: Shutting down and abandoning module ProfilerClient (440)
[2018.07.16-19.54.53:869][318]LogModuleManager: Shutting down and abandoning module DeviceManager (438)
[2018.07.16-19.54.53:869][318]LogModuleManager: Shutting down and abandoning module TargetDeviceServices (437)
[2018.07.16-19.54.53:923][318]LogModuleManager: Shutting down and abandoning module AutomationController (434)
[2018.07.16-19.54.53:923][318]LogModuleManager: Shutting down and abandoning module AutomationWindow (432)
[2018.07.16-19.54.53:980][318]LogModuleManager: Shutting down and abandoning module Layers (430)
[2018.07.16-19.54.54:043][318]LogModuleManager: Shutting down and abandoning module ComponentVisualizers (428)
[2018.07.16-19.54.54:043][318]LogModuleManager: Shutting down and abandoning module DetailCustomizations (426)
[2018.07.16-19.54.54:083][318]LogModuleManager: Shutting down and abandoning module PackagesDialog (424)
[2018.07.16-19.54.54:083][318]LogModuleManager: Shutting down and abandoning module Persona (422)
[2018.07.16-19.54.54:117][318]LogModuleManager: Shutting down and abandoning module AdvancedPreviewScene (421)
[2018.07.16-19.54.54:117][318]LogModuleManager: Shutting down and abandoning module AnimGraph (419)
[2018.07.16-19.54.54:117][318]LogModuleManager: Shutting down and abandoning module Kismet (416)
[2018.07.16-19.54.54:117][318]LogModuleManager: Shutting down and abandoning module GraphEditor (414)
[2018.07.16-19.54.54:252][318]LogModuleManager: Shutting down and abandoning module ClassViewer (412)
[2018.07.16-19.54.54:252][318]LogModuleManager: Shutting down and abandoning module Toolbox (410)
[2018.07.16-19.54.54:252][318]LogModuleManager: Shutting down and abandoning module ModuleUI (408)
[2018.07.16-19.54.54:284][318]LogModuleManager: Shutting down and abandoning module MovieSceneTools (406)
[2018.07.16-19.54.54:284][318]LogModuleManager: Shutting down and abandoning module OutputLog (404)
[2018.07.16-19.54.54:302][318]LogModuleManager: Shutting down and abandoning module GammaUI (402)
[2018.07.16-19.54.54:344][318]LogModuleManager: Shutting down and abandoning module Documentation (400)
[2018.07.16-19.54.54:344][318]LogModuleManager: Shutting down and abandoning module MovieSceneTracks (398)
[2018.07.16-19.54.54:378][318]LogModuleManager: Shutting down and abandoning module MovieScene (396)
[2018.07.16-19.54.54:434][318]LogModuleManager: Shutting down and abandoning module StreamingPauseRendering (394)
[2018.07.16-19.54.54:434][318]LogModuleManager: Shutting down and abandoning module LauncherPlatform (392)
[2018.07.16-19.54.54:434][318]LogModuleManager: Shutting down and abandoning module AnalyticsET (390)
[2018.07.16-19.54.54:434][318]LogModuleManager: Shutting down and abandoning module PortalServices (388)
[2018.07.16-19.54.54:434][318]LogModuleManager: Shutting down and abandoning module PortalRpc (386)
[2018.07.16-19.54.54:434][318]LogModuleManager: Shutting down and abandoning module MessagingRpc (384)
[2018.07.16-19.54.54:434][318]LogModuleManager: Shutting down and abandoning module AIModule (382)
[2018.07.16-19.54.54:434][318]LogModuleManager: Shutting down and abandoning module GameplayDebugger (381)
[2018.07.16-19.54.54:434][318]LogModuleManager: Shutting down and abandoning module AITestSuite (379)
[2018.07.16-19.54.54:434][318]LogModuleManager: Shutting down and abandoning module DesktopPlatform (376)
[2018.07.16-19.54.54:434][318]LogModuleManager: Shutting down and abandoning module ProfilerService (374)
[2018.07.16-19.54.54:625][318]LogModuleManager: Shutting down and abandoning module TaskGraph (372)
[2018.07.16-19.54.54:625][318]LogModuleManager: Shutting down and abandoning module SteamVRController (370)
[2018.07.16-19.54.54:625][318]LogModuleManager: Shutting down and abandoning module ProceduralMeshComponentEditor (368)
[2018.07.16-19.54.54:625][318]LogModuleManager: Shutting down and abandoning module ProceduralMeshComponent (366)
[2018.07.16-19.54.54:625][318]LogModuleManager: Shutting down and abandoning module OculusInput (364)
[2018.07.16-19.54.54:625][318]LogModuleManager: Shutting down and abandoning module MobilePatchingUtils (362)
[2018.07.16-19.54.54:625][318]LogModuleManager: Shutting down and abandoning module CustomMeshComponent (360)
[2018.07.16-19.54.54:625][318]LogModuleManager: Shutting down and abandoning module CableComponent (358)
[2018.07.16-19.54.54:625][318]LogModuleManager: Shutting down and abandoning module AudioCapture (356)
[2018.07.16-19.54.54:625][318]LogModuleManager: Shutting down and abandoning module ArchVisCharacter (354)
[2018.07.16-19.54.54:626][318]LogModuleManager: Shutting down and abandoning module AndroidPermission (352)
[2018.07.16-19.54.54:626][318]LogModuleManager: Shutting down and abandoning module NUTUnrealEngine4 (348)
[2018.07.16-19.54.54:626][318]LogModuleManager: Shutting down and abandoning module NetcodeUnitTest (346)
[2018.07.16-19.54.54:647][318]LogModuleManager: Shutting down and abandoning module MediaCompositingEditor (344)
[2018.07.16-19.54.54:647][318]LogModuleManager: Shutting down and abandoning module MediaCompositing (342)
[2018.07.16-19.54.54:647][318]LogModuleManager: Shutting down and abandoning module LinearTimecode (340)
[2018.07.16-19.54.54:647][318]LogModuleManager: Shutting down and abandoning module ImgMedia (338)
[2018.07.16-19.54.54:651][318]LogModuleManager: Shutting down and abandoning module HTML5Networking (336)
[2018.07.16-19.54.54:651][318]LogModuleManager: Shutting down and abandoning module AlembicImporter (334)
[2018.07.16-19.54.54:675][318]LogModuleManager: Shutting down and abandoning module AlembicLibrary (333)
[2018.07.16-19.54.54:675][318]LogModuleManager: Shutting down and abandoning module GeometryCache (332)
[2018.07.16-19.54.54:675][318]LogModuleManager: Shutting down and abandoning module GeometryCacheEd (331)
[2018.07.16-19.54.54:675][318]LogModuleManager: Shutting down and abandoning module DatasmithContent (326)
[2018.07.16-19.54.54:676][318]LogModuleManager: Shutting down and abandoning module SpeedTreeImporter (324)
[2018.07.16-19.54.54:676][318]LogModuleManager: Shutting down and abandoning module PluginBrowser (322)
[2018.07.16-19.54.54:703][318]LogModuleManager: Shutting down and abandoning module MobileLauncherProfileWizard (320)
[2018.07.16-19.54.54:722][318]LogModuleManager: Shutting down and abandoning module CryptoKeysOpenSSL (318)
[2018.07.16-19.54.54:723][318]LogModuleManager: Shutting down and abandoning module CryptoKeys (316)
[2018.07.16-19.54.54:723][318]LogModuleManager: Shutting down and abandoning module VisualStudioSourceCodeAccess (314)
[2018.07.16-19.54.54:723][318]LogModuleManager: Shutting down and abandoning module VisualStudioCodeSourceCodeAccess (312)
[2018.07.16-19.54.54:723][318]LogModuleManager: Shutting down and abandoning module UObjectPlugin (310)
[2018.07.16-19.54.54:723][318]LogModuleManager: Shutting down and abandoning module SubversionSourceControl (308)
[2018.07.16-19.54.54:723][318]LogModuleManager: Shutting down and abandoning module PerforceSourceControl (306)
[2018.07.16-19.54.54:723][318]LogModuleManager: Shutting down and abandoning module GitSourceControl (304)
[2018.07.16-19.54.54:723][318]LogModuleManager: Shutting down and abandoning module SourceControl (303)
[2018.07.16-19.54.54:723][318]LogModuleManager: Shutting down and abandoning module CLionSourceCodeAccess (300)
[2018.07.16-19.54.54:723][318]LogModuleManager: Shutting down and abandoning module LightPropagationVolumeEditor (298)
[2018.07.16-19.54.54:723][318]LogModuleManager: Shutting down and abandoning module PaperTiledImporter (296)
[2018.07.16-19.54.54:723][318]LogModuleManager: Shutting down and abandoning module PaperSpriteSheetImporter (294)
[2018.07.16-19.54.54:723][318]LogModuleManager: Shutting down and abandoning module Paper2DEditor (292)
[2018.07.16-19.54.54:768][318]LogModuleManager: Shutting down and abandoning module MeshPaint (291)
[2018.07.16-19.54.54:768][318]LogModuleManager: Shutting down and abandoning module RuntimePhysXCooking (288)
[2018.07.16-19.54.54:768][318]LogModuleManager: Shutting down and abandoning module PhysXVehiclesEditor (286)
[2018.07.16-19.54.54:768][318]LogModuleManager: Shutting down and abandoning module PhysXVehicles (284)
[2018.07.16-19.54.54:768][318]LogModuleManager: Shutting down and abandoning module OculusEditor (282)
[2018.07.16-19.54.54:768][318]LogModuleManager: Shutting down and abandoning module LocationServicesBPLibrary (280)
[2018.07.16-19.54.54:768][318]LogModuleManager: Shutting down and abandoning module ImmediatePhysicsEditor (278)
[2018.07.16-19.54.54:768][318]LogModuleManager: Shutting down and abandoning module ImmediatePhysics (276)
[2018.07.16-19.54.54:768][318]LogModuleManager: Shutting down and abandoning module ActorSequence (274)
[2018.07.16-19.54.54:768][318]LogModuleManager: Shutting down and abandoning module UdpMessaging (272)
[2018.07.16-19.54.54:869][318]LogModuleManager: Shutting down and abandoning module TcpMessaging (270)
[2018.07.16-19.54.54:977][318]LogModuleManager: Shutting down and abandoning module GameplayTagsEditor (268)
[2018.07.16-19.54.55:009][318]LogModuleManager: Shutting down and abandoning module FacialAnimationEditor (266)
[2018.07.16-19.54.55:009][318]LogModuleManager: Shutting down and abandoning module FacialAnimation (264)
[2018.07.16-19.54.55:009][318]LogModuleManager: Shutting down and abandoning module DataValidation (262)
