Log file open, 07/31/18 16:54:02
LogWindows: Failed to load 'aqProf.dll' (GetLastError=126)
LogWindows: File 'aqProf.dll' does not exist
LogWindows: Failed to load 'VtuneApi.dll' (GetLastError=126)
LogWindows: File 'VtuneApi.dll' does not exist
LogWindows: Failed to load 'VtuneApi32e.dll' (GetLastError=126)
LogWindows: File 'VtuneApi32e.dll' does not exist
LogInit: Display: Running engine for game: MyProject2
LogPlatformFile: Not using cached read wrapper
LogInit: Display: RandInit(2092745053) SRandInit(2092745053).
LogInit: Read version file with build ID '3944462'
LogInit: Overriding engine version to CL 4033788, compatible CL 3944462
LogInit: Registered custom module enumerator with build ID '3944462'
LogTaskGraph: Started task graph with 5 named threads and 23 total threads with 3 sets of task threads.
LogStats: Stats thread started at 0.283920
LogD3D11RHI: Aftermath initialized
LogICUInternationalization: Display: ICU TimeZone Detection - Raw Offset: -7:00, Platform Override: ''
LogModuleManager: Display: Found up-to-date module file ../../../Engine/Plugins/2D/Paper2D/Binaries/Win64/UE4Editor-Paper2D.dll (API version 3944462).
LogModuleManager: Display: Found up-to-date module file ../../../Engine/Plugins/2D/Paper2D/Binaries/Win64/UE4Editor-Paper2DEditor.dll (API version 3944462).
LogModuleManager: Display: Found up-to-date module file ../../../Engine/Plugins/2D/Paper2D/Binaries/Win64/UE4Editor-PaperSpriteSheetImporter.dll (API version 3944462).
LogModuleManager: Display: Found up-to-date module file ../../../Engine/Plugins/2D/Paper2D/Binaries/Win64/UE4Editor-PaperTiledImporter.dll (API version 3944462).
LogModuleManager: Display: Found up-to-date module file ../../../Engine/Plugins/2D/Paper2D/Binaries/Win64/UE4Editor-SmartSnapping.dll (API version 3944462).
LogModuleManager: Display: Found up-to-date module file ../../../Engine/Plugins/Blendables/LightPropagationVolume/Binaries/Win64/UE4Editor-LightPropagationVolumeRuntime.dll (API version 3944462).
LogModuleManager: Display: Found up-to-date module file ../../../Engine/Plugins/Blendables/LightPropagationVolume/Binaries/Win64/UE4Editor-LightPropagationVolumeEditor.dll (API version 3944462).
LogModuleManager: Display: Found up-to-date module file ../../../Engine/Plugins/Developer/CLionSourceCodeAccess/Binaries/Win64/UE4Editor-CLionSourceCodeAccess.dll (API version 3944462).
LogModuleManager: Display: Found up-to-date module file ../../../Engine/Plugins/Developer/GitSourceControl/Binaries/Win64/UE4Editor-GitSourceControl.dll (API version 3944462).
LogModuleManager: Display: Found up-to-date module file ../../../Engine/Plugins/Developer/PerforceSourceControl/Binaries/Win64/UE4Editor-PerforceSourceControl.dll (API version 3944462).
LogModuleManager: Display: Found up-to-date module file ../../../Engine/Plugins/Developer/SubversionSourceControl/Binaries/Win64/UE4Editor-SubversionSourceControl.dll (API version 3944462).
LogModuleManager: Display: Found up-to-date module file ../../../Engine/Plugins/Developer/UObjectPlugin/Binaries/Win64/UE4Editor-UObjectPlugin.dll (API version 3944462).
LogModuleManager: Display: Found up-to-date module file ../../../Engine/Plugins/Developer/VisualStudioCodeSourceCodeAccess/Binaries/Win64/UE4Editor-VisualStudioCodeSourceCodeAccess.dll (API version 3944462).
LogModuleManager: Display: Found up-to-date module file ../../../Engine/Plugins/Developer/VisualStudioSourceCodeAccess/Binaries/Win64/UE4Editor-VisualStudioSourceCodeAccess.dll (API version 3944462).
LogModuleManager: Display: Found up-to-date module file ../../../Engine/Plugins/Editor/AssetManagerEditor/Binaries/Win64/UE4Editor-AssetManagerEditor.dll (API version 3944462).
LogModuleManager: Display: Found up-to-date module file ../../../Engine/Plugins/Editor/CryptoKeys/Binaries/Win64/UE4Editor-CryptoKeys.dll (API version 3944462).
LogModuleManager: Display: Found up-to-date module file ../../../Engine/Plugins/Editor/CryptoKeys/Binaries/Win64/UE4Editor-CryptoKeysOpenSSL.dll (API version 3944462).
LogModuleManager: Display: Found up-to-date module file ../../../Engine/Plugins/Editor/DataValidation/Binaries/Win64/UE4Editor-DataValidation.dll (API version 3944462).
LogModuleManager: Display: Found up-to-date module file ../../../Engine/Plugins/Editor/FacialAnimation/Binaries/Win64/UE4Editor-FacialAnimation.dll (API version 3944462).
LogModuleManager: Display: Found up-to-date module file ../../../Engine/Plugins/Editor/FacialAnimation/Binaries/Win64/UE4Editor-FacialAnimationEditor.dll (API version 3944462).
LogModuleManager: Display: Found up-to-date module file ../../../Engine/Plugins/Editor/GameplayTagsEditor/Binaries/Win64/UE4Editor-GameplayTagsEditor.dll (API version 3944462).
LogModuleManager: Display: Found up-to-date module file ../../../Engine/Plugins/Editor/MobileLauncherProfileWizard/Binaries/Win64/UE4Editor-MobileLauncherProfileWizard.dll (API version 3944462).
LogModuleManager: Display: Found up-to-date module file ../../../Engine/Plugins/Editor/PluginBrowser/Binaries/Win64/UE4Editor-PluginBrowser.dll (API version 3944462).
LogModuleManager: Display: Found up-to-date module file ../../../Engine/Plugins/Editor/SpeedTreeImporter/Binaries/Win64/UE4Editor-SpeedTreeImporter.dll (API version 3944462).
LogModuleManager: Display: Found up-to-date module file ../../../Engine/Plugins/Enterprise/DatasmithContent/Binaries/Win64/UE4Editor-DatasmithContent.dll (API version 3944462).
LogModuleManager: Display: Found up-to-date module file ../../../Engine/Plugins/Experimental/AlembicImporter/Binaries/Win64/UE4Editor-AlembicImporter.dll (API version 3944462).
LogModuleManager: Display: Found up-to-date module file ../../../Engine/Plugins/Experimental/AlembicImporter/Binaries/Win64/UE4Editor-AlembicLibrary.dll (API version 3944462).
LogModuleManager: Display: Found up-to-date module file ../../../Engine/Plugins/Experimental/CharacterAI/Binaries/Win64/UE4Editor-CharacterAI.dll (API version 3944462).
LogModuleManager: Display: Found up-to-date module file ../../../Engine/Plugins/Experimental/HTML5Networking/Binaries/Win64/UE4Editor-HTML5Networking.dll (API version 3944462).
LogModuleManager: Display: Found up-to-date module file ../../../Engine/Plugins/Media/AndroidMedia/Binaries/Win64/UE4Editor-AndroidMediaEditor.dll (API version 3944462).
LogModuleManager: Display: Found up-to-date module file ../../../Engine/Plugins/Media/AndroidMedia/Binaries/Win64/UE4Editor-AndroidMediaFactory.dll (API version 3944462).
LogModuleManager: Display: Found up-to-date module file ../../../Engine/Plugins/Media/AvfMedia/Binaries/Win64/UE4Editor-AvfMediaEditor.dll (API version 3944462).
LogModuleManager: Display: Found up-to-date module file ../../../Engine/Plugins/Media/AvfMedia/Binaries/Win64/UE4Editor-AvfMediaFactory.dll (API version 3944462).
LogModuleManager: Display: Found up-to-date module file ../../../Engine/Plugins/Media/AvfMedia/Binaries/Win64/UE4Editor-AvfMediaFactory.dll (API version 3944462).
LogModuleManager: Display: Found up-to-date module file ../../../Engine/Plugins/Media/ImgMedia/Binaries/Win64/UE4Editor-ImgMedia.dll (API version 3944462).
LogModuleManager: Display: Found up-to-date module file ../../../Engine/Plugins/Media/ImgMedia/Binaries/Win64/UE4Editor-ImgMediaEditor.dll (API version 3944462).
LogModuleManager: Display: Found up-to-date module file ../../../Engine/Plugins/Media/ImgMedia/Binaries/Win64/UE4Editor-ImgMediaFactory.dll (API version 3944462).
LogModuleManager: Display: Found up-to-date module file ../../../Engine/Plugins/Media/ImgMedia/Binaries/Win64/UE4Editor-ImgMediaFactory.dll (API version 3944462).
LogModuleManager: Display: Found up-to-date module file ../../../Engine/Plugins/Media/ImgMedia/Binaries/Win64/UE4Editor-OpenExrWrapper.dll (API version 3944462).
LogModuleManager: Display: Found up-to-date module file ../../../Engine/Plugins/Media/LinearTimecode/Binaries/Win64/UE4Editor-LinearTimecode.dll (API version 3944462).
LogModuleManager: Display: Found up-to-date module file ../../../Engine/Plugins/Media/MediaCompositing/Binaries/Win64/UE4Editor-MediaCompositing.dll (API version 3944462).
LogModuleManager: Display: Found up-to-date module file ../../../Engine/Plugins/Media/MediaCompositing/Binaries/Win64/UE4Editor-MediaCompositingEditor.dll (API version 3944462).
LogModuleManager: Display: Found up-to-date module file ../../../Engine/Plugins/Media/MediaPlayerEditor/Binaries/Win64/UE4Editor-MediaPlayerEditor.dll (API version 3944462).
LogModuleManager: Display: Found up-to-date module file ../../../Engine/Plugins/Media/WmfMedia/Binaries/Win64/UE4Editor-WmfMedia.dll (API version 3944462).
LogModuleManager: Display: Found up-to-date module file ../../../Engine/Plugins/Media/WmfMedia/Binaries/Win64/UE4Editor-WmfMediaEditor.dll (API version 3944462).
LogModuleManager: Display: Found up-to-date module file ../../../Engine/Plugins/Media/WmfMedia/Binaries/Win64/UE4Editor-WmfMediaFactory.dll (API version 3944462).
LogModuleManager: Display: Found up-to-date module file ../../../Engine/Plugins/Media/WmfMedia/Binaries/Win64/UE4Editor-WmfMediaFactory.dll (API version 3944462).
LogModuleManager: Display: Found up-to-date module file ../../../Engine/Plugins/Messaging/TcpMessaging/Binaries/Win64/UE4Editor-TcpMessaging.dll (API version 3944462).
LogModuleManager: Display: Found up-to-date module file ../../../Engine/Plugins/Messaging/UdpMessaging/Binaries/Win64/UE4Editor-UdpMessaging.dll (API version 3944462).
LogModuleManager: Display: Found up-to-date module file ../../../Engine/Plugins/MovieScene/ActorSequence/Binaries/Win64/UE4Editor-ActorSequence.dll (API version 3944462).
LogModuleManager: Display: Found up-to-date module file ../../../Engine/Plugins/MovieScene/LevelSequenceEditor/Binaries/Win64/UE4Editor-LevelSequenceEditor.dll (API version 3944462).
LogModuleManager: Display: Found up-to-date module file ../../../Engine/Plugins/MovieScene/MatineeToLevelSequence/Binaries/Win64/UE4Editor-MatineeToLevelSequence.dll (API version 3944462).
LogModuleManager: Display: Found up-to-date module file ../../../Engine/Plugins/NetcodeUnitTest/NetcodeUnitTest/Binaries/Win64/UE4Editor-NetcodeUnitTest.dll (API version 3944462).
LogModuleManager: Display: Found up-to-date module file ../../../Engine/Plugins/NetcodeUnitTest/NUTUnrealEngine4/Binaries/Win64/UE4Editor-NUTUnrealEngine4.dll (API version 3944462).
LogModuleManager: Display: Found up-to-date module file ../../../Engine/Plugins/Online/OnlineSubsystem/Binaries/Win64/UE4Editor-OnlineSubsystem.dll (API version 3944462).
LogModuleManager: Display: Found up-to-date module file ../../../Engine/Plugins/Runtime/AndroidPermission/Binaries/Win64/UE4Editor-AndroidPermission.dll (API version 3944462).
LogModuleManager: Display: Found up-to-date module file ../../../Engine/Plugins/Online/OnlineSubsystemNull/Binaries/Win64/UE4Editor-OnlineSubsystemNull.dll (API version 3944462).
LogModuleManager: Display: Found up-to-date module file ../../../Engine/Plugins/Online/OnlineSubsystemUtils/Binaries/Win64/UE4Editor-OnlineSubsystemUtils.dll (API version 3944462).
LogModuleManager: Display: Found up-to-date module file ../../../Engine/Plugins/Online/OnlineSubsystemUtils/Binaries/Win64/UE4Editor-OnlineBlueprintSupport.dll (API version 3944462).
LogModuleManager: Display: Found up-to-date module file ../../../Engine/Plugins/Runtime/AndroidDeviceProfileSelector/Binaries/Win64/UE4Editor-AndroidDeviceProfileSelector.dll (API version 3944462).
LogModuleManager: Display: Found up-to-date module file ../../../Engine/Plugins/Runtime/AppleARKit/Binaries/Win64/UE4Editor-AppleARKit.dll (API version 3944462).
LogModuleManager: Display: Found up-to-date module file ../../../Engine/Plugins/Runtime/ProceduralMeshComponent/Binaries/Win64/UE4Editor-ProceduralMeshComponent.dll (API version 3944462).
LogModuleManager: Display: Found up-to-date module file ../../../Engine/Plugins/Runtime/ProceduralMeshComponent/Binaries/Win64/UE4Editor-ProceduralMeshComponentEditor.dll (API version 3944462).
LogModuleManager: Display: Found up-to-date module file ../../../Engine/Plugins/Animation/LiveLink/Binaries/Win64/UE4Editor-LiveLink.dll (API version 3944462).
LogModuleManager: Display: Found up-to-date module file ../../../Engine/Plugins/Animation/LiveLink/Binaries/Win64/UE4Editor-LiveLinkEditor.dll (API version 3944462).
LogModuleManager: Display: Found up-to-date module file ../../../Engine/Plugins/Runtime/ArchVisCharacter/Binaries/Win64/UE4Editor-ArchVisCharacter.dll (API version 3944462).
LogModuleManager: Display: Found up-to-date module file ../../../Engine/Plugins/Runtime/AudioCapture/Binaries/Win64/UE4Editor-AudioCapture.dll (API version 3944462).
LogModuleManager: Display: Found up-to-date module file ../../../Engine/Plugins/Runtime/AudioCapture/Binaries/Win64/UE4Editor-AudioCaptureEditor.dll (API version 3944462).
LogModuleManager: Display: Found up-to-date module file ../../../Engine/Plugins/Runtime/CableComponent/Binaries/Win64/UE4Editor-CableComponent.dll (API version 3944462).
LogModuleManager: Display: Found up-to-date module file ../../../Engine/Plugins/Runtime/CustomMeshComponent/Binaries/Win64/UE4Editor-CustomMeshComponent.dll (API version 3944462).
LogModuleManager: Display: Found up-to-date module file ../../../Engine/Plugins/Runtime/ExampleDeviceProfileSelector/Binaries/Win64/UE4Editor-ExampleDeviceProfileSelector.dll (API version 3944462).
LogModuleManager: Display: Found up-to-date module file ../../../Engine/Plugins/Runtime/ImmediatePhysics/Binaries/Win64/UE4Editor-ImmediatePhysics.dll (API version 3944462).
LogModuleManager: Display: Found up-to-date module file ../../../Engine/Plugins/Runtime/ImmediatePhysics/Binaries/Win64/UE4Editor-ImmediatePhysicsEditor.dll (API version 3944462).
LogModuleManager: Display: Found up-to-date module file ../../../Engine/Plugins/Runtime/LocationServicesBPLibrary/Binaries/Win64/UE4Editor-LocationServicesBPLibrary.dll (API version 3944462).
LogModuleManager: Display: Found up-to-date module file ../../../Engine/Plugins/Runtime/MobilePatchingUtils/Binaries/Win64/UE4Editor-MobilePatchingUtils.dll (API version 3944462).
LogModuleManager: Display: Found up-to-date module file ../../../Engine/Plugins/Runtime/Oculus/OculusVR/Binaries/Win64/UE4Editor-OculusHMD.dll (API version 3944462).
LogModuleManager: Display: Found up-to-date module file ../../../Engine/Plugins/Runtime/Oculus/OculusVR/Binaries/Win64/UE4Editor-OculusInput.dll (API version 3944462).
LogModuleManager: Display: Found up-to-date module file ../../../Engine/Plugins/Runtime/Oculus/OculusVR/Binaries/Win64/UE4Editor-OculusEditor.dll (API version 3944462).
LogModuleManager: Display: Found up-to-date module file ../../../Engine/Plugins/Runtime/PhysXVehicles/Binaries/Win64/UE4Editor-PhysXVehicles.dll (API version 3944462).
LogModuleManager: Display: Found up-to-date module file ../../../Engine/Plugins/Runtime/PhysXVehicles/Binaries/Win64/UE4Editor-PhysXVehiclesEditor.dll (API version 3944462).
LogModuleManager: Display: Found up-to-date module file ../../../Engine/Plugins/Runtime/RuntimePhysXCooking/Binaries/Win64/UE4Editor-RuntimePhysXCooking.dll (API version 3944462).
LogModuleManager: Display: Found up-to-date module file ../../../Engine/Plugins/Runtime/Steam/SteamVR/Binaries/Win64/UE4Editor-SteamVR.dll (API version 3944462).
LogModuleManager: Display: Found up-to-date module file ../../../Engine/Plugins/Runtime/Steam/SteamVR/Binaries/Win64/UE4Editor-SteamVRController.dll (API version 3944462).
LogModuleManager: Display: Found up-to-date module file ../../../Engine/Plugins/Runtime/WindowsMoviePlayer/Binaries/Win64/UE4Editor-WindowsMoviePlayer.dll (API version 3944462).
LogPluginManager: Mounting plugin Paper2D
LogPluginManager: Mounting plugin LiveLink
LogPluginManager: Mounting plugin LightPropagationVolume
LogPluginManager: Mounting plugin CLionSourceCodeAccess
LogPluginManager: Mounting plugin CodeLiteSourceCodeAccess
LogPluginManager: Mounting plugin GitSourceControl
LogPluginManager: Mounting plugin KDevelopSourceCodeAccess
LogPluginManager: Mounting plugin NullSourceCodeAccess
LogPluginManager: Mounting plugin PerforceSourceControl
LogPluginManager: Mounting plugin SubversionSourceControl
LogPluginManager: Mounting plugin UObjectPlugin
LogPluginManager: Mounting plugin VisualStudioCodeSourceCodeAccess
LogPluginManager: Mounting plugin VisualStudioSourceCodeAccess
LogPluginManager: Mounting plugin XCodeSourceCodeAccess
LogPluginManager: Mounting plugin AssetManagerEditor
LogPluginManager: Mounting plugin CryptoKeys
LogPluginManager: Mounting plugin DataValidation
LogPluginManager: Mounting plugin FacialAnimation
LogPluginManager: Mounting plugin GameplayTagsEditor
LogPluginManager: Mounting plugin MobileLauncherProfileWizard
LogPluginManager: Mounting plugin PluginBrowser
LogPluginManager: Mounting plugin SpeedTreeImporter
LogPluginManager: Mounting plugin DatasmithContent
LogPluginManager: Mounting plugin AlembicImporter
LogPluginManager: Mounting plugin CharacterAI
LogPluginManager: Mounting plugin HTML5Networking
LogPluginManager: Mounting plugin AndroidMedia
LogPluginManager: Mounting plugin AvfMedia
LogPluginManager: Mounting plugin ImgMedia
LogPluginManager: Mounting plugin LinearTimecode
LogPluginManager: Mounting plugin MediaCompositing
LogPluginManager: Mounting plugin MediaPlayerEditor
LogPluginManager: Mounting plugin WmfMedia
LogPluginManager: Mounting plugin TcpMessaging
LogPluginManager: Mounting plugin UdpMessaging
LogPluginManager: Mounting plugin ActorSequence
LogPluginManager: Mounting plugin LevelSequenceEditor
LogPluginManager: Mounting plugin MatineeToLevelSequence
LogPluginManager: Mounting plugin NetcodeUnitTest
LogPluginManager: Mounting plugin NUTUnrealEngine4
LogPluginManager: Mounting plugin OnlineSubsystemGooglePlay
LogPluginManager: Mounting plugin OnlineSubsystemIOS
LogPluginManager: Mounting plugin OnlineSubsystem
LogPluginManager: Mounting plugin OnlineSubsystemNull
LogPluginManager: Mounting plugin OnlineSubsystemUtils
LogPluginManager: Mounting plugin AndroidDeviceProfileSelector
LogPluginManager: Mounting plugin AndroidMoviePlayer
LogPluginManager: Mounting plugin AndroidPermission
LogPluginManager: Mounting plugin AppleARKit
LogPluginManager: Mounting plugin AppleMoviePlayer
LogPluginManager: Mounting plugin ArchVisCharacter
LogPluginManager: Mounting plugin AudioCapture
LogPluginManager: Mounting plugin CableComponent
LogPluginManager: Mounting plugin CustomMeshComponent
LogPluginManager: Mounting plugin ExampleDeviceProfileSelector
LogPluginManager: Mounting plugin GoogleCloudMessaging
LogPluginManager: Mounting plugin ImmediatePhysics
LogPluginManager: Mounting plugin IOSDeviceProfileSelector
LogPluginManager: Mounting plugin LinuxDeviceProfileSelector
LogPluginManager: Mounting plugin LocationServicesBPLibrary
LogPluginManager: Mounting plugin MobilePatchingUtils
LogPluginManager: Mounting plugin OculusVR
LogPluginManager: Plugin shader directory ../../../Engine/Plugins/Runtime/Oculus/OculusVR/Shaders found
LogPluginManager: Mapping shader source directory ../../../Engine/Plugins/Runtime/Oculus/OculusVR/Shaders to virtual directory /Plugin/OculusVR
LogPluginManager: Mounting plugin PhysXVehicles
LogPluginManager: Mounting plugin ProceduralMeshComponent
LogPluginManager: Mounting plugin RuntimePhysXCooking
LogPluginManager: Mounting plugin SteamVR
LogPluginManager: Mounting plugin WindowsMoviePlayer
LogStreaming: Display: Took  1.091s to configure plugins.
LogInit: Using libcurl 7.47.1
LogInit:  - built for x86_64-pc-win32
LogInit:  - supports SSL with OpenSSL/1.0.2g
LogInit:  - supports HTTP deflate (compression) using libz 1.2.8
LogInit:  - other features:
LogInit:      CURL_VERSION_SSL
LogInit:      CURL_VERSION_LIBZ
LogInit:      CURL_VERSION_IPV6
LogInit:      CURL_VERSION_ASYNCHDNS
LogInit:      CURL_VERSION_LARGEFILE
LogInit:      CURL_VERSION_IDN
LogInit:  CurlRequestOptions (configurable via config and command line):
LogInit:  - bVerifyPeer = false  - Libcurl will NOT verify peer certificate
LogInit:  - bUseHttpProxy = false  - Libcurl will NOT use HTTP proxy
LogInit:  - bDontReuseConnections = false  - Libcurl will reuse connections
LogInit:  - CertBundlePath = nullptr  - Libcurl will use whatever was configured at build time.
LogInit:  - MaxHostConnections = 16  - Libcurl will limit the number of connections to a host
LogInit:  - LocalHostAddr = Default
LogInit: WinSock: version 1.1 (2.2), MaxSocks=32767, MaxUdp=65467
LogInit: WinSock: I am DESKTOP-ISE73MF (192.168.1.69:0)
LogInit: Build: ++UE4+Release-4.19-CL-4033788
LogInit: Engine Version: 4.19.2-4033788+++UE4+Release-4.19
LogInit: Compatible Engine Version: 4.19.0-3944462+++UE4+Release-4.19
LogInit: Net CL: 3944462
LogDevObjectVersion: Number of dev versions registered: 18
LogDevObjectVersion:   Dev-Blueprints (B0D832E4-1F89-4F0D-ACCF-7EB736FD4AA2): 10
LogDevObjectVersion:   Dev-Build (E1C64328-A22C-4D53-A36C-8E866417BD8C): 0
LogDevObjectVersion:   Dev-Core (375EC13C-06E4-48FB-B500-84F0262A717E): 2
LogDevObjectVersion:   Dev-Editor (E4B068ED-F494-42E9-A231-DA0B2E46BB41): 23
LogDevObjectVersion:   Dev-Framework (CFFC743F-43B0-4480-9391-14DF171D2073): 33
LogDevObjectVersion:   Dev-Mobile (B02B49B5-BB20-44E9-A304-32B752E40360): 2
LogDevObjectVersion:   Dev-Networking (A4E4105C-59A1-49B5-A7C5-40C4547EDFEE): 0
LogDevObjectVersion:   Dev-Online (39C831C9-5AE6-47DC-9A44-9C173E1C8E7C): 0
LogDevObjectVersion:   Dev-Physics (78F01B33-EBEA-4F98-B9B4-84EACCB95AA2): 0
LogDevObjectVersion:   Dev-Platform (6631380F-2D4D-43E0-8009-CF276956A95A): 0
LogDevObjectVersion:   Dev-Rendering (12F88B9F-8875-4AFC-A67C-D90C383ABD29): 25
LogDevObjectVersion:   Dev-Sequencer (7B5AE74C-D270-4C10-A958-57980B212A5A): 6
LogDevObjectVersion:   Dev-VR (D7296918-1DD6-4BDD-9DE2-64A83CC13884): 1
LogDevObjectVersion:   Dev-LoadTimes (C2A15278-BFE7-4AFE-6C17-90FF531DF755): 1
LogDevObjectVersion:   Private-Geometry (6EACA3D4-40EC-4CC1-B786-8BED09428FC5): 2
LogDevObjectVersion:   Dev-AnimPhys (29E575DD-E0A3-4627-9D10-D276232CDCEA): 16
LogDevObjectVersion:   Dev-ReflectionCapture (6B266CEC-1EC7-4B8F-A30B-E4D90942FC07): 1
LogDevObjectVersion:   Dev-Automation (0DF73D61-A23F-47EA-B727-89E90C41499A): 1
LogInit: Compiled (64-bit): Apr 27 2018 02:06:57
LogInit: Compiled with Visual C++: 19.00.24215.01
LogInit: Build Configuration: Development
LogInit: Branch Name: ++UE4+Release-4.19
LogInit: Command Line:  
LogInit: Base Directory: D:/Unreal Engine/Epic Games/UE_4.19/Engine/Binaries/Win64/
LogInit: Installed Engine Build: 1
LogStreaming: Display: Took  0.001s to delete old logs.
LogInit: Presizing for max 8388607 objects, including 0 objects not considered by GC, pre-allocating 0 bytes for permanent pool.
LogInit: Object subsystem initialized
[2018.07.31-22.54.04:210][  0]LogInit: Selected Device Profile: [Windows]
[2018.07.31-22.54.04:210][  0]LogInit: Applying CVar settings loaded from the selected device profile: [Windows]
[2018.07.31-22.54.04:221][  0]LogInit: Computer: DESKTOP-ISE73MF
[2018.07.31-22.54.04:221][  0]LogInit: User: AAm
[2018.07.31-22.54.04:221][  0]LogInit: CPU Page size=4096, Cores=4
[2018.07.31-22.54.04:221][  0]LogInit: High frequency timer resolution =2.531248 MHz
[2018.07.31-22.54.04:221][  0]LogMemory: Memory total: Physical=15.9GB (16GB approx)
[2018.07.31-22.54.04:221][  0]LogMemory: Platform Memory Stats for Windows
[2018.07.31-22.54.04:222][  0]LogMemory: Process Physical Memory: 274.57 MB used, 274.57 MB peak
[2018.07.31-22.54.04:222][  0]LogMemory: Process Virtual Memory: 264.94 MB used, 264.94 MB peak
[2018.07.31-22.54.04:222][  0]LogMemory: Physical Memory: 6293.30 MB used,  10026.50 MB free, 16319.79 MB total
[2018.07.31-22.54.04:222][  0]LogMemory: Virtual Memory: 4794.14 MB used,  10026.50 MB free, 134217728.00 MB total
[2018.07.31-22.54.04:244][  0]LogInit: Using OS detected language (en-US).
[2018.07.31-22.54.04:244][  0]LogInit: Using OS detected locale (en-CA).
[2018.07.31-22.54.04:248][  0]LogTextLocalizationManager: No specific localization for 'en-US' exists, so the 'en' localization will be used.
[2018.07.31-22.54.04:760][  0]LogStreaming: Display: Took  0.516s to EndInitTextLocalization.
[2018.07.31-22.54.04:760][  0]LogInit: Setting process to per monitor DPI aware
[2018.07.31-22.54.04:801][  0]LogSlate: New Slate User Created.  User Index 0, Is Virtual User: 0
[2018.07.31-22.54.04:802][  0]LogSlate: Slate User Registered.  User Index 0, Is Virtual User: 0
[2018.07.31-22.54.05:058][  0]LogD3D11RHI: D3D11 adapters:
[2018.07.31-22.54.05:121][  0]LogD3D11RHI:    0. 'NVIDIA GeForce GTX 1060' (Feature Level 11_0)
[2018.07.31-22.54.05:121][  0]LogD3D11RHI:       6052/0/8159 MB DedicatedVideo/DedicatedSystem/SharedSystem, Outputs:1, VendorId:0x10de
[2018.07.31-22.54.05:124][  0]LogD3D11RHI:    1. 'Microsoft Basic Render Driver' (Feature Level 11_0)
[2018.07.31-22.54.05:124][  0]LogD3D11RHI:       0/0/8159 MB DedicatedVideo/DedicatedSystem/SharedSystem, Outputs:0, VendorId:0x1414
[2018.07.31-22.54.05:124][  0]LogD3D11RHI: Chosen D3D11 Adapter: 0
[2018.07.31-22.54.05:133][  0]LogD3D11RHI: Creating new Direct3DDevice
[2018.07.31-22.54.05:133][  0]LogD3D11RHI:     GPU DeviceId: 0x1c60 (for the marketing name, search the web for "GPU Device Id")
[2018.07.31-22.54.05:133][  0]LogWindows: EnumDisplayDevices:
[2018.07.31-22.54.05:133][  0]LogWindows:    0. 'NVIDIA GeForce GTX 1060' (P:1 D:1)
[2018.07.31-22.54.05:133][  0]LogWindows:    1. 'NVIDIA GeForce GTX 1060' (P:0 D:0)
[2018.07.31-22.54.05:133][  0]LogWindows:    2. 'NVIDIA GeForce GTX 1060' (P:0 D:0)
[2018.07.31-22.54.05:133][  0]LogWindows:    3. 'NVIDIA GeForce GTX 1060' (P:0 D:0)
[2018.07.31-22.54.05:133][  0]LogWindows: DebugString: GetVideoDriverDetailsInvalid PrimaryIsNotTheChoosenAdapter GetVideoDriverDetailsInvalid PrimaryIsNotTheChoosenAdapter GetVideoDriverDetailsInvalid PrimaryIsNotTheChoosenAdapter GetVideoDriverDetailsInvalid PrimaryIsNotTheChoosenAdapter FoundDriverCount:0 
[2018.07.31-22.54.05:133][  0]LogD3D11RHI:     Adapter Name: NVIDIA GeForce GTX 1060
[2018.07.31-22.54.05:133][  0]LogD3D11RHI:   Driver Version: Unknown (internal:Unknown, unified:Unknown)
[2018.07.31-22.54.05:133][  0]LogD3D11RHI:      Driver Date: Unknown
[2018.07.31-22.54.05:134][  0]LogRHI: Texture pool is 4236 MB (70% of 6052 MB)
[2018.07.31-22.54.05:181][  0]LogD3D11RHI: [Aftermath] Aftermath enabled and primed
[2018.07.31-22.54.05:181][  0]LogD3D11RHI: [Aftermath] Aftermath enabled and primed
[2018.07.31-22.54.05:181][  0]LogD3D11RHI: Async texture creation enabled
[2018.07.31-22.54.05:206][  0]LogD3D11RHI: GPU Timing Frequency: 1000.000000 (Debug: 2 2)
[2018.07.31-22.54.05:249][  0]LogShaderCompilers: Guid format shader working directory is -22 characters bigger than the processId version (C:/Users/A_A_m/OneDrive/Documents/GitHub/SheridanUnrealProjectSummer/Intermediate/Shaders/WorkingDirectory/6220/).
[2018.07.31-22.54.05:250][  0]LogShaderCompilers: Cleaned the shader compiler working directory 'C:/Users/A_A_m/AppData/Local/Temp/UnrealShaderWorkingDir/0CAF806E4C26CFE02B99A0A0676FCBCB/'.
[2018.07.31-22.54.05:487][  0]LogTemp: Display: Loaded TP AllDesktopTargetPlatform
[2018.07.31-22.54.05:502][  0]LogTemp: Display: Loaded TP MacClientTargetPlatform
[2018.07.31-22.54.05:517][  0]LogTemp: Display: Loaded TP MacNoEditorTargetPlatform
[2018.07.31-22.54.05:533][  0]LogTemp: Display: Loaded TP MacServerTargetPlatform
[2018.07.31-22.54.05:548][  0]LogTemp: Display: Loaded TP MacTargetPlatform
[2018.07.31-22.54.05:563][  0]LogTemp: Display: Loaded TP WindowsClientTargetPlatform
[2018.07.31-22.54.05:579][  0]LogTemp: Display: Loaded TP WindowsNoEditorTargetPlatform
[2018.07.31-22.54.05:594][  0]LogTemp: Display: Loaded TP WindowsServerTargetPlatform
[2018.07.31-22.54.05:601][  0]LogTemp: Display: Loaded TP WindowsTargetPlatform
[2018.07.31-22.54.05:616][  0]LogTemp: Display: Loaded TP Android_ASTCTargetPlatform
[2018.07.31-22.54.05:630][  0]LogTemp: Display: Loaded TP Android_ATCTargetPlatform
[2018.07.31-22.54.05:647][  0]LogTemp: Display: Loaded TP Android_DXTTargetPlatform
[2018.07.31-22.54.05:661][  0]LogTemp: Display: Loaded TP Android_ETC1aTargetPlatform
[2018.07.31-22.54.05:677][  0]LogTemp: Display: Loaded TP Android_ETC1TargetPlatform
[2018.07.31-22.54.05:691][  0]LogTemp: Display: Loaded TP Android_ETC2TargetPlatform
[2018.07.31-22.54.05:719][  0]LogTemp: Display: Loaded TP Android_MultiTargetPlatform
[2018.07.31-22.54.05:719][  0]LogTemp: Display: Loaded TP Android_PVRTCTargetPlatform
[2018.07.31-22.54.05:733][  0]LogTemp: Display: Loaded TP AndroidTargetPlatform
[2018.07.31-22.54.05:735][  0]LogTemp: Display: Loaded TP HTML5TargetPlatform
[2018.07.31-22.54.05:773][  0]LogTemp: Display: Loaded TP IOSTargetPlatform
[2018.07.31-22.54.05:787][  0]LogTemp: Display: Loaded TP TVOSTargetPlatform
[2018.07.31-22.54.05:801][  0]LogTemp: Display: Loaded TP LinuxClientTargetPlatform
[2018.07.31-22.54.05:815][  0]LogTemp: Display: Loaded TP LinuxNoEditorTargetPlatform
[2018.07.31-22.54.05:830][  0]LogTemp: Display: Loaded TP LinuxServerTargetPlatform
[2018.07.31-22.54.05:847][  0]LogTemp: Display: Loaded TP LinuxTargetPlatform
[2018.07.31-22.54.05:847][  0]LogTargetPlatformManager: Display: Building Assets For Windows
[2018.07.31-22.54.05:964][  0]LogXGEController: Cannot use XGE Controller as Incredibuild is not installed on this machine.
[2018.07.31-22.54.05:964][  0]LogShaderCompilers: Cannot use XGE Shader Compiler as Incredibuild is not installed on this machine.
[2018.07.31-22.54.05:964][  0]LogShaderCompilers: Display: Using Local Shader Compiler.
[2018.07.31-22.54.06:668][  0]LogDerivedDataCache: Display: Max Cache Size: 512 MB
[2018.07.31-22.54.06:739][  0]LogDerivedDataCache: Loaded boot cache 0.07s 74MB C:/Users/A_A_m/AppData/Local/UnrealEngine/4.19/DerivedDataCache/Boot.ddc.
[2018.07.31-22.54.06:739][  0]LogDerivedDataCache: Display: Loaded Boot cache: C:/Users/A_A_m/AppData/Local/UnrealEngine/4.19/DerivedDataCache/Boot.ddc
[2018.07.31-22.54.06:739][  0]LogDerivedDataCache: FDerivedDataBackendGraph:  Pak pak cache file C:/Users/A_A_m/OneDrive/Documents/GitHub/SheridanUnrealProjectSummer/DerivedDataCache/DDC.ddp not found, will not use a pak cache.
[2018.07.31-22.54.06:739][  0]LogDerivedDataCache: Unable to find inner node Pak for hierarchical cache Hierarchy.
[2018.07.31-22.54.06:739][  0]LogDerivedDataCache: FDerivedDataBackendGraph:  CompressedPak pak cache file C:/Users/A_A_m/OneDrive/Documents/GitHub/SheridanUnrealProjectSummer/DerivedDataCache/Compressed.ddp not found, will not use a pak cache.
[2018.07.31-22.54.06:739][  0]LogDerivedDataCache: Unable to find inner node CompressedPak for hierarchical cache Hierarchy.
[2018.07.31-22.54.06:758][  0]LogDerivedDataCache: Display: Pak cache opened for reading ../../../Engine/DerivedDataCache/Compressed.ddp.
[2018.07.31-22.54.06:771][  0]LogDerivedDataCache: Using Local data cache path C:/Users/A_A_m/AppData/Local/UnrealEngine/Common/DerivedDataCache: Writable
[2018.07.31-22.54.06:771][  0]LogDerivedDataCache: Shared data cache path not found in *engine.ini, will not use an Shared cache.
[2018.07.31-22.54.06:771][  0]LogDerivedDataCache: Unable to find inner node Shared for hierarchical cache Hierarchy.
[2018.07.31-22.54.06:784][  0]LogMaterial: Verifying Global Shaders for PCD3D_SM5
[2018.07.31-22.54.06:785][  0]LogSlate: Using Freetype 2.6.0
[2018.07.31-22.54.06:785][  0]LogSlate: SlateFontCache - WITH_FREETYPE: 1, WITH_HARFBUZZ: 1
[2018.07.31-22.54.06:785][  0]LogSlate: SlateFontCache - WITH_FREETYPE: 1, WITH_HARFBUZZ: 1
[2018.07.31-22.54.06:919][  0]LogAssetRegistry: FAssetRegistry took 0.0277 seconds to start up
[2018.07.31-22.54.07:275][  0]LogInit: Selected Device Profile: [Windows]
[2018.07.31-22.54.07:442][  0]LogSimplygon: Simplygon DLL not present - disabling.
[2018.07.31-22.54.07:445][  0]LogMeshReduction: Using SimplygonSwarm for distributed automatic mesh merging
[2018.07.31-22.54.07:445][  0]LogMeshReduction: Using QuadricMeshReduction for automatic static mesh reduction
[2018.07.31-22.54.07:445][  0]LogMeshReduction: No automatic skeletal mesh reduction module available
[2018.07.31-22.54.07:445][  0]LogMeshReduction: No automatic mesh merging module available
[2018.07.31-22.54.07:445][  0]LogMeshMerging: No automatic mesh merging module available
[2018.07.31-22.54.07:479][  0]LogNetVersion: MyProject2 , NetCL: 3944462, EngineNetVer: 2, GameNetVer: 0 (Checksum: 607132587)
[2018.07.31-22.54.08:021][  0]LogPackageLocalizationCache: Processed 9 localized package path(s) for 2 prioritized culture(s) in 0.086613 seconds
[2018.07.31-22.54.08:028][  0]LogUObjectArray: 36728 objects as part of root set at end of initial load.
[2018.07.31-22.54.08:028][  0]LogUObjectAllocator: 7314304 out of 0 bytes used by permanent object pool.
[2018.07.31-22.54.08:028][  0]LogUObjectArray: CloseDisregardForGC: 0/0 objects in disregard for GC pool
[2018.07.31-22.54.10:264][  0]LogTcpMessaging: Initializing TcpMessaging bridge
[2018.07.31-22.54.10:295][  0]LogUdpMessaging: Initializing bridge on interface 0.0.0.0:0 to multicast group 230.0.0.1:6666.
[2018.07.31-22.54.10:784][  0]SourceControl: Source control is disabled
[2018.07.31-22.54.11:975][  0]LogAndroidPermission: UAndroidPermissionCallbackProxy::GetInstance
[2018.07.31-22.54.12:175][  0]LogOcInput: OculusInput pre-init called
[2018.07.31-22.54.12:326][  0]LogEngine: Initializing Engine...
[2018.07.31-22.54.12:328][  0]LogHMD: Failed to initialize OpenVR with code 110
[2018.07.31-22.54.12:331][  0]LogStats: UGameplayTagsManager::ConstructGameplayTagTree: Construct from data asset -  0.000 s
[2018.07.31-22.54.12:331][  0]LogStats: UGameplayTagsManager::ConstructGameplayTagTree: GameplayTagTreeChangedEvent.Broadcast -  0.000 s
[2018.07.31-22.54.12:623][  0]LogAIModule: Creating AISystem for world Untitled
[2018.07.31-22.54.12:697][  0]LogInit: XAudio2 using 'Speakers (Realtek High Definition Audio)' : 2 channels at 48 kHz using 32 bits per sample (channel mask 0x3)
[2018.07.31-22.54.12:747][  0]LogInit: FAudioDevice initialized.
[2018.07.31-22.54.12:844][  0]LogDerivedDataCache: Saved boot cache 0.10s 74MB C:/Users/A_A_m/AppData/Local/UnrealEngine/4.19/DerivedDataCache/Boot.ddc.
[2018.07.31-22.54.12:860][  0]LogInit: Texture streaming: Enabled
[2018.07.31-22.54.12:881][  0]LogEngineSessionManager: EngineSessionManager initialized
[2018.07.31-22.54.12:899][  0]LogInit: Transaction tracking system initialized
[2018.07.31-22.54.12:929][  0]BlueprintLog: New page: Editor Load
[2018.07.31-22.54.13:013][  0]LocalizationService: Localization service is disabled
[2018.07.31-22.54.13:112][  0]LogLinker: Warning: Can't find file '/Game/DENT/CreateDestructibleMesh'
[2018.07.31-22.54.13:112][  0]LogLinker: Warning: Can't find file '/Game/DENT/CreateDestructibleMesh'
[2018.07.31-22.54.13:112][  0]LogUObjectGlobals: Warning: Failed to find object 'Class /Game/DENT/CreateDestructibleMesh.CreateDestructibleMesh_C'
[2018.07.31-22.54.13:112][  0]LogLinker: Warning: Can't find file '/Game/DENT/AddDestructibleMeshToDENT'
[2018.07.31-22.54.13:112][  0]LogLinker: Warning: Can't find file '/Game/DENT/AddDestructibleMeshToDENT'
[2018.07.31-22.54.13:113][  0]LogUObjectGlobals: Warning: Failed to find object 'Class /Game/DENT/AddDestructibleMeshToDENT.AddDestructibleMeshToDENT_C'
[2018.07.31-22.54.13:142][  0]LogConsoleResponse: Display: 
[2018.07.31-22.54.13:352][  0]LogCook: Display: Max memory allowance for cook 16384mb min free memory 0mb
[2018.07.31-22.54.13:352][  0]LogCook: Display: Mobile HDR setting 1
[2018.07.31-22.54.13:352][  0]LogGameplayTags: Display: UGameplayTagsManager::DoneAddingNativeTags. DelegateIsBound: 0
[2018.07.31-22.54.13:352][  0]LogStats: UGameplayTagsManager::ConstructGameplayTagTree: Construct from data asset -  0.000 s
[2018.07.31-22.54.13:352][  0]LogStats: UGameplayTagsManager::ConstructGameplayTagTree: GameplayTagTreeChangedEvent.Broadcast -  0.000 s
[2018.07.31-22.54.13:829][  0]LogFileCache: Scanning file cache for directory 'C:/Users/A_A_m/OneDrive/Documents/GitHub/SheridanUnrealProjectSummer/Content/' took 0.02s
[2018.07.31-22.54.13:829][  0]Cmd: MAP LOAD FILE="C:/Users/A_A_m/OneDrive/Documents/GitHub/SheridanUnrealProjectSummer/Content/ThirdPersonBP/Maps/ThirdPersonExampleMap.umap" TEMPLATE=0 SHOWPROGRESS=1 FEATURELEVEL=3
[2018.07.31-22.54.13:830][  0]LightingResults: New page: Lighting Build
[2018.07.31-22.54.13:832][  0]MapCheck: New page: Map Check
[2018.07.31-22.54.13:832][  0]LightingResults: New page: Lighting Build
[2018.07.31-22.54.13:968][  0]LogUObjectGlobals: Created PersistentFrame Addr=0x000002250a057e00, Size=12, Default__Enemy_C Function /Game/ThirdPersonBP/Blueprints/Enemy.Enemy_C:ExecuteUbergraph_Enemy
[2018.07.31-22.54.13:970][  0]LogUObjectGlobals: Destroyed PersistentFrame Addr=0x000002250a057e00, Size=12
[2018.07.31-22.54.13:970][  0]LogUObjectGlobals: Created PersistentFrame Addr=0x000002250a057e00, Size=12, Default__Enemy_C Function /Engine/Transient.REINST_Enemy_C_5:ExecuteUbergraph_Enemy
[2018.07.31-22.54.13:972][  0]LogUObjectGlobals: Created PersistentFrame Addr=0x000002250a057e70, Size=12, Default__Enemy_C Function /Game/ThirdPersonBP/Blueprints/Enemy.Enemy_C:ExecuteUbergraph_Enemy
[2018.07.31-22.54.14:167][  0]LogAIModule: Creating AISystem for world ThirdPersonExampleMap
[2018.07.31-22.54.14:175][  0]LogEditorServer: Finished looking for orphan Actors (0.000 secs)
[2018.07.31-22.54.14:194][  0]LogUObjectGlobals: Destroyed PersistentFrame Addr=0x000002250a057e00, Size=12
[2018.07.31-22.54.14:195][  0]Cmd: MAP CHECKDEP NOCLEARLOG
[2018.07.31-22.54.14:259][  0]MapCheck: Map check complete: 0 Error(s), 0 Warning(s), took 63.324ms to complete.
[2018.07.31-22.54.14:259][  0]LogFileHelpers: Loading map 'ThirdPersonExampleMap' took 0.430
[2018.07.31-22.54.14:417][  0]LogCollectionManager: Loaded 0 collections in 0.001189 seconds
[2018.07.31-22.54.14:462][  0]LogFileCache: Scanning file cache for directory 'C:/Users/A_A_m/OneDrive/Documents/GitHub/SheridanUnrealProjectSummer/Saved/Collections/' took 0.01s
[2018.07.31-22.54.14:462][  0]LogFileCache: Scanning file cache for directory 'C:/Users/A_A_m/OneDrive/Documents/GitHub/SheridanUnrealProjectSummer/Content/Developers/AAm/Collections/' took 0.01s
[2018.07.31-22.54.14:462][  0]LogFileCache: Scanning file cache for directory 'C:/Users/A_A_m/OneDrive/Documents/GitHub/SheridanUnrealProjectSummer/Content/Collections/' took 0.01s
[2018.07.31-22.54.14:462][  0]LogCollectionManager: Rebuilt the GUID cache for 0 collections in 0.000001 seconds
[2018.07.31-22.54.14:475][  0]LogContentBrowser: Native class hierarchy populated in 0.0124 seconds. Added 2452 classes and 558 folders.
[2018.07.31-22.54.14:481][  0]LogContentBrowser: Native class hierarchy updated for 'WidgetCarousel' in 0.0003 seconds. Added 0 classes and 0 folders.
[2018.07.31-22.54.14:552][  0]LogContentBrowser: Native class hierarchy updated for 'AddContentDialog' in 0.0003 seconds. Added 0 classes and 0 folders.
[2018.07.31-22.54.14:556][  0]LogContentBrowser: Native class hierarchy updated for 'SceneOutliner' in 0.0003 seconds. Added 1 classes and 2 folders.
[2018.07.31-22.54.14:575][  0]LogSlate: Took 0.000316 seconds to synchronously load lazily loaded font '../../../Engine/Content/Slate/Fonts/Roboto-Regular.ttf' (155K)
[2018.07.31-22.54.14:579][  0]LogSlate: Took 0.000312 seconds to synchronously load lazily loaded font '../../../Engine/Content/Slate/Fonts/Roboto-Bold.ttf' (160K)
[2018.07.31-22.54.14:588][  0]LogSlate: Took 0.000296 seconds to synchronously load lazily loaded font '../../../Engine/Content/Editor/Slate/Fonts/FontAwesome.ttf' (139K)
[2018.07.31-22.54.14:724][  0]LogRenderer: Reallocating scene render targets to support 1112x624 Format 10 NumSamples 1 (Frame:1).
[2018.07.31-22.54.14:854][  0]LogContentBrowser: Native class hierarchy updated for 'HierarchicalLODOutliner' in 0.0004 seconds. Added 0 classes and 0 folders.
[2018.07.31-22.54.14:854][  0]LogLoad: (Engine Initialization) Total time: 13.21 seconds
[2018.07.31-22.54.14:854][  0]LogLoad: (Engine Initialization) Total Blueprint compile time: 0.00 seconds
[2018.07.31-22.54.14:872][  0]LogWindowsTextInputMethodSystem: Display: IME system now deactivated.
[2018.07.31-22.54.14:906][  0]LogContentStreaming: Texture pool size now 1000 MB
[2018.07.31-22.54.15:074][  2]LogAssetRegistry: Asset discovery search completed in 8.1780 seconds
[2018.07.31-22.54.15:078][  2]LogCollectionManager: Rebuilt the object cache for 0 collections in 0.000000 seconds (found 0 objects)
[2018.07.31-22.54.15:078][  2]LogCollectionManager: Fixed up redirectors for 0 collections in 0.000101 seconds (updated 0 objects)
[2018.07.31-22.54.18:970][447]LogSlate: Took 0.000273 seconds to synchronously load lazily loaded font '../../../Engine/Content/Slate/Fonts/Roboto-Light.ttf' (167K)
[2018.07.31-22.54.20:030][570]LogFileCache: Retrieving MD5 hashes for directory 'C:/Users/A_A_m/OneDrive/Documents/GitHub/SheridanUnrealProjectSummer/Content/' took 5.15s
[2018.07.31-22.54.20:702][650]LogSlate: FSceneViewport::OnFocusLost() reason 0
[2018.07.31-22.54.21:711][758]LogSkeletalMesh: Skeletal Mesh found in DDC [5.346375ms] /Game/AnimStarterPack/UE4_Mannequin/Mesh/SK_Mannequin.SK_Mannequin
[2018.07.31-22.54.32:064][630]LogSlate: Window 'Message' being destroyed
[2018.07.31-22.54.35:090][974]LogSlate: FSceneViewport::OnFocusLost() reason 0
[2018.07.31-22.54.35:166][983]LogSlate: Window 'Select Skeleton' being destroyed
[2018.07.31-22.54.53:374][ 25]LogSlate: Took 0.000248 seconds to synchronously load lazily loaded font '../../../Engine/Content/Slate/Fonts/Roboto-Italic.ttf' (157K)
[2018.07.31-22.54.55:821][301]LogSlate: FSceneViewport::OnFocusLost() reason 2
[2018.07.31-22.54.57:502][500]LogSlate: FSceneViewport::OnFocusLost() reason 0
[2018.07.31-22.54.57:601][512]LogSlate: Window 'Select Skeleton' being destroyed
[2018.07.31-22.55.00:948][809]Cmd: DELETE
[2018.07.31-22.55.00:948][809]Cmd: ACTOR DELETE
[2018.07.31-22.55.01:037][809]LogEditorActor: Deleted Actor: SkeletalMeshActor
[2018.07.31-22.55.01:065][809]LogEditorActor: Deleted 1 Actors (0.058 secs)
[2018.07.31-22.55.03:865][129]LogSlate: FSceneViewport::OnFocusLost() reason 0
[2018.07.31-22.55.09:987][761]LogTexture: Display: Building textures: LQ_Lightmap_1_2 (DXT1, 64X64)
[2018.07.31-22.55.09:987][761]LogTexture: Display: Building textures: HQ_Lightmap1_2 (AutoDXT, 64X64)
[2018.07.31-22.55.09:988][761]LogTexture: Display: Building textures: SkyOcclusion1_2 (AutoDXT, 64X32)
[2018.07.31-22.55.09:988][761]LogTexture: Display: Building textures: SkyOcclusion0_1 (AutoDXT, 512X256)
[2018.07.31-22.55.09:988][761]LogTexture: Display: Building textures: LQ_Lightmap_0_1 (DXT1, 512X512)
[2018.07.31-22.55.09:988][761]LogTexture: Display: Building textures: HQ_Lightmap0_1 (AutoDXT, 512X512)
[2018.07.31-22.55.09:988][761]LogTexture: Display: Building textures: ShadowMapTexture2D_0 (BGRA8, 512X256)
[2018.07.31-22.55.09:988][761]LogTexture: Display: Building textures: ShadowMapTexture2D_2 (BGRA8, 64X32)
[2018.07.31-22.55.09:988][761]LogAnimationCompression: Building Anim DDC data for AnimSequence /Game/AnimStarterPack/Walk_Fwd_Rifle_Ironsights.Walk_Fwd_Rifle_Ironsights
[2018.07.31-22.55.09:988][761]LogAnimationCompression: Recompressing (AnimSequence /Game/AnimStarterPack/Walk_Fwd_Rifle_Ironsights.Walk_Fwd_Rifle_Ironsights) using current/default (AnimCompress_BitwiseCompressOnly_59) bFirstRecompressUsingCurrentOrDefault(1) bTryAlternateCompressor(0) IsCompressedDataValid(0)
[2018.07.31-22.55.10:056][761]LogAIModule: Creating AISystem for world Showcase
[2018.07.31-22.55.10:056][761]LogActorComponent: RegisterComponentWithWorld: (/Game/AnimStarterPack/Showcase.Showcase:PersistentLevel.WorldSettings.StaticMeshComponent0) Trying to register component with IsPendingKill() == true. Aborting.
[2018.07.31-22.55.11:333][761]LogSlate: Window 'Delete Assets' being destroyed
[2018.07.31-22.55.11:345][761]LogSlate: Took 0.000252 seconds to synchronously load lazily loaded font '../../../Engine/Content/Slate/Fonts/Roboto-Light.ttf' (167K)
[2018.07.31-22.55.14:204][ 51]SourceControl: fatal: D:/Unreal Engine/Epic Games/UE_4.19/Engine/Content: 'D:/Unreal Engine/Epic Games/UE_4.19/Engine/Content' is outside repository
[2018.07.31-22.55.14:404][ 51]LogFileHelpers: Warning: FilenameToLongPackageName failed to convert '../../../Engine/Plugins/FMODStudio/Content/AnimNotify_FMODPlayEvent.uasset'. Attempt result was '../../../Engine/Plugins/FMODStudio/Content/AnimNotify_FMODPlayEvent', but the path contains illegal characters '.'
[2018.07.31-22.55.16:414][ 51]LogSlate: Window 'Save Content' being destroyed
[2018.07.31-22.55.27:661][329]LogUObjectGlobals: Created PersistentFrame Addr=0x0000022509d3e980, Size=552, Default__Character_Custom_Test_Adriana_C Function /Game/ThirdPersonBP/Blueprints/Character_Custom_Test_Adriana.Character_Custom_Test_Adriana_C:ExecuteUbergraph_Character_Custom_Test_Adriana
[2018.07.31-22.55.27:668][329]LogUObjectGlobals: Created PersistentFrame Addr=0x0000022555fc4a00, Size=248, Default__GreatSword_C Function /Game/ThirdPersonBP/Blueprints/GreatSword.GreatSword_C:ExecuteUbergraph_GreatSword
[2018.07.31-22.55.27:681][329]LogUObjectGlobals: Created PersistentFrame Addr=0x000002255f13ad30, Size=112, Default__AdrianaTwinBP_C Function /Game/AdrianaStuff/Animation/AdrianaTwinBP.AdrianaTwinBP_C:ExecuteUbergraph_AdrianaTwinBP
[2018.07.31-22.55.27:695][329]LogUObjectGlobals: Created PersistentFrame Addr=0x000002251e327d80, Size=40, Default__PauseMenu_C Function /Game/AdrianaStuff/UI/PauseMenu.PauseMenu_C:ExecuteUbergraph_PauseMenu
[2018.07.31-22.55.27:696][329]LogUObjectGlobals: Created PersistentFrame Addr=0x000002251e444800, Size=16, Default__InevntoryMenu_C Function /Game/AdrianaStuff/UI/InevntoryMenu.InevntoryMenu_C:ExecuteUbergraph_InevntoryMenu
[2018.07.31-22.55.27:705][329]LogUObjectGlobals: Created PersistentFrame Addr=0x000002251e4454c0, Size=16, Default__AudioMenu_C Function /Game/AdrianaStuff/UI/AudioMenu.AudioMenu_C:ExecuteUbergraph_AudioMenu
[2018.07.31-22.55.27:706][329]LogUObjectGlobals: Created PersistentFrame Addr=0x00000225173d5760, Size=32, Default__OptionsMenu_C Function /Game/AdrianaStuff/UI/OptionsMenu.OptionsMenu_C:ExecuteUbergraph_OptionsMenu
[2018.07.31-22.55.27:710][329]LogUObjectGlobals: Created PersistentFrame Addr=0x0000022509cb4478, Size=24, Default__DisplayMenu_C Function /Game/AdrianaStuff/UI/DisplayMenu.DisplayMenu_C:ExecuteUbergraph_DisplayMenu
[2018.07.31-22.55.27:849][329]LogUObjectGlobals: Destroyed PersistentFrame Addr=0x000002255f13ad30, Size=112
[2018.07.31-22.55.27:849][329]LogUObjectGlobals: Created PersistentFrame Addr=0x0000022509d58250, Size=112, Default__AdrianaTwinBP_C Function /Engine/Transient.REINST_AdrianaTwinBP_C_0:ExecuteUbergraph_AdrianaTwinBP
[2018.07.31-22.55.27:850][329]LogUObjectGlobals: Destroyed PersistentFrame Addr=0x0000022555fc4a00, Size=248
[2018.07.31-22.55.27:850][329]LogUObjectGlobals: Created PersistentFrame Addr=0x000002251a72c900, Size=248, Default__GreatSword_C Function /Engine/Transient.REINST_GreatSword_C_7:ExecuteUbergraph_GreatSword
[2018.07.31-22.55.27:850][329]LogUObjectGlobals: Destroyed PersistentFrame Addr=0x000002251e4454c0, Size=16
[2018.07.31-22.55.27:850][329]LogUObjectGlobals: Created PersistentFrame Addr=0x0000022509c9ea40, Size=16, Default__AudioMenu_C Function /Engine/Transient.REINST_AudioMenu_C_0:ExecuteUbergraph_AudioMenu
[2018.07.31-22.55.27:851][329]LogUObjectGlobals: Destroyed PersistentFrame Addr=0x0000022509d3e980, Size=552
[2018.07.31-22.55.27:851][329]LogUObjectGlobals: Created PersistentFrame Addr=0x0000022556b30180, Size=552, Default__Character_Custom_Test_Adriana_C Function /Engine/Transient.REINST_Character_Custom_Test_Adriana_C_8:ExecuteUbergraph_Character_Custom_Test_Adriana
[2018.07.31-22.55.27:851][329]LogUObjectGlobals: Destroyed PersistentFrame Addr=0x0000022509cb4478, Size=24
[2018.07.31-22.55.27:851][329]LogUObjectGlobals: Created PersistentFrame Addr=0x000002255c591930, Size=24, Default__DisplayMenu_C Function /Engine/Transient.REINST_DisplayMenu_C_1:ExecuteUbergraph_DisplayMenu
[2018.07.31-22.55.27:852][329]LogUObjectGlobals: Destroyed PersistentFrame Addr=0x000002251e444800, Size=16
[2018.07.31-22.55.27:852][329]LogUObjectGlobals: Created PersistentFrame Addr=0x0000022509c9e9a0, Size=16, Default__InevntoryMenu_C Function /Engine/Transient.REINST_InevntoryMenu_C_3:ExecuteUbergraph_InevntoryMenu
[2018.07.31-22.55.27:852][329]LogUObjectGlobals: Destroyed PersistentFrame Addr=0x00000225173d5760, Size=32
[2018.07.31-22.55.27:852][329]LogUObjectGlobals: Created PersistentFrame Addr=0x000002251e359c20, Size=32, Default__OptionsMenu_C Function /Engine/Transient.REINST_OptionsMenu_C_4:ExecuteUbergraph_OptionsMenu
[2018.07.31-22.55.27:852][329]LogUObjectGlobals: Destroyed PersistentFrame Addr=0x000002251e327d80, Size=40
[2018.07.31-22.55.27:852][329]LogUObjectGlobals: Created PersistentFrame Addr=0x000002251ee932b8, Size=40, Default__PauseMenu_C Function /Engine/Transient.REINST_PauseMenu_C_5:ExecuteUbergraph_PauseMenu
[2018.07.31-22.55.27:896][329]LogUObjectGlobals: Created PersistentFrame Addr=0x00000225559092f0, Size=112, Default__AdrianaTwinBP_C Function /Game/AdrianaStuff/Animation/AdrianaTwinBP.AdrianaTwinBP_C:ExecuteUbergraph_AdrianaTwinBP
[2018.07.31-22.55.27:898][329]LogUObjectGlobals: Created PersistentFrame Addr=0x0000022555919900, Size=248, Default__GreatSword_C Function /Game/ThirdPersonBP/Blueprints/GreatSword.GreatSword_C:ExecuteUbergraph_GreatSword
[2018.07.31-22.55.27:899][329]LogUObjectGlobals: Created PersistentFrame Addr=0x00000225558ab0c0, Size=16, Default__AudioMenu_C Function /Game/AdrianaStuff/UI/AudioMenu.AudioMenu_C:ExecuteUbergraph_AudioMenu
[2018.07.31-22.55.27:904][329]LogUObjectGlobals: Created PersistentFrame Addr=0x00000225558b9800, Size=552, Default__Character_Custom_Test_Adriana_C Function /Game/ThirdPersonBP/Blueprints/Character_Custom_Test_Adriana.Character_Custom_Test_Adriana_C:ExecuteUbergraph_Character_Custom_Test_Adriana
[2018.07.31-22.55.27:907][329]LogUObjectGlobals: Created PersistentFrame Addr=0x0000022589f86cf8, Size=24, Default__DisplayMenu_C Function /Game/AdrianaStuff/UI/DisplayMenu.DisplayMenu_C:ExecuteUbergraph_DisplayMenu
[2018.07.31-22.55.27:909][329]LogUObjectGlobals: Created PersistentFrame Addr=0x00000225558aa870, Size=16, Default__InevntoryMenu_C Function /Game/AdrianaStuff/UI/InevntoryMenu.InevntoryMenu_C:ExecuteUbergraph_InevntoryMenu
[2018.07.31-22.55.27:910][329]LogUObjectGlobals: Created PersistentFrame Addr=0x000002255595e320, Size=32, Default__OptionsMenu_C Function /Game/AdrianaStuff/UI/OptionsMenu.OptionsMenu_C:ExecuteUbergraph_OptionsMenu
[2018.07.31-22.55.27:911][329]LogUObjectGlobals: Created PersistentFrame Addr=0x000002251ee920c0, Size=40, Default__PauseMenu_C Function /Game/AdrianaStuff/UI/PauseMenu.PauseMenu_C:ExecuteUbergraph_PauseMenu
[2018.07.31-22.55.28:016][329]LogSkeletalMesh: Skeletal Mesh found in DDC [4.572448ms] /Game/TwinbladesAnimsetBase/UE4_Mannequin/Mesh/SK_Mannequin.SK_Mannequin
[2018.07.31-22.55.30:149][472]Cmd: DELETE
[2018.07.31-22.55.30:149][472]Cmd: ACTOR DELETE
[2018.07.31-22.55.30:151][472]LogEditorActor: Deleted Actor: Character_Custom_Test_Adriana_C
[2018.07.31-22.55.30:201][472]LogUObjectGlobals: Destroyed PersistentFrame Addr=0x000002251a72c900, Size=248
[2018.07.31-22.55.30:201][472]LogUObjectGlobals: Destroyed PersistentFrame Addr=0x0000022556b30180, Size=552
[2018.07.31-22.55.30:201][472]LogUObjectGlobals: Destroyed PersistentFrame Addr=0x0000022509d58250, Size=112
[2018.07.31-22.55.30:201][472]LogUObjectGlobals: Destroyed PersistentFrame Addr=0x000002251ee932b8, Size=40
[2018.07.31-22.55.30:201][472]LogUObjectGlobals: Destroyed PersistentFrame Addr=0x0000022509c9e9a0, Size=16
[2018.07.31-22.55.30:201][472]LogUObjectGlobals: Destroyed PersistentFrame Addr=0x0000022509c9ea40, Size=16
[2018.07.31-22.55.30:201][472]LogUObjectGlobals: Destroyed PersistentFrame Addr=0x000002251e359c20, Size=32
[2018.07.31-22.55.30:201][472]LogUObjectGlobals: Destroyed PersistentFrame Addr=0x000002255c591930, Size=24
[2018.07.31-22.55.30:205][472]LogEditorActor: Deleted 1 Actors (0.055 secs)
[2018.07.31-22.55.32:068][654]LogSlate: FSceneViewport::OnFocusLost() reason 0
[2018.07.31-22.58.48:167][  3]LogContentBrowser: Native class hierarchy updated for 'SkeletonEditor' in 0.0005 seconds. Added 1 classes and 2 folders.
[2018.07.31-22.58.48:320][  3]LogActorComponent: RegisterComponentWithWorld: (/Engine/Transient.World_11:PersistentLevel.Actor_0.DebugSkelMeshComponent_4) Already registered. Aborting.
[2018.07.31-22.58.48:323][  3]LogContentBrowser: Native class hierarchy updated for 'PinnedCommandList' in 0.0003 seconds. Added 1 classes and 0 folders.
[2018.07.31-22.58.48:384][  3]LogSkeletalMesh: USkeletalMeshComponent::InitArticulated : Bodies already created (/Engine/Transient.World_11:PersistentLevel.Actor_0.DebugSkelMeshComponent_4) - call TermArticulated first.
[2018.07.31-22.58.48:773][  3]LogContentBrowser: Native class hierarchy updated for 'ClothingSystemEditorInterface' in 0.0003 seconds. Added 1 classes and 0 folders.
[2018.07.31-22.58.48:793][  3]LogRenderer: Reallocating scene render targets to support 1144x888 Format 10 NumSamples 1 (Frame:1).
[2018.07.31-22.58.50:358][104]LogSavePackage: Save=45.76ms
[2018.07.31-22.58.50:358][104]LogSavePackage: Moving 'C:/Users/A_A_m/OneDrive/Documents/GitHub/SheridanUnrealProjectSummer/Saved/SK_Mannequin0888AFBF46A79C3DB6B887A419760322.tmp' to 'C:/Users/A_A_m/OneDrive/Documents/GitHub/SheridanUnrealProjectSummer/Content/AnimStarterPack/UE4_Mannequin/Mesh/SK_Mannequin.uasset'
[2018.07.31-22.58.50:361][104]LogSavePackage: Display: Finished SavePackage C:/Users/A_A_m/OneDrive/Documents/GitHub/SheridanUnrealProjectSummer/Content/AnimStarterPack/UE4_Mannequin/Mesh/SK_Mannequin.uasset
[2018.07.31-22.58.53:252][356]LogSlate: Window 'SK_Mannequin' being destroyed
[2018.07.31-22.58.53:258][356]LogSlate: Window 'SK_Mannequin' being destroyed
[2018.07.31-22.58.54:483][442]LogContentBrowser: Native class hierarchy updated for 'PhysicsAssetEditor' in 0.0003 seconds. Added 7 classes and 3 folders.
[2018.07.31-22.58.54:505][442]LogActorComponent: RegisterComponentWithWorld: (/Engine/Transient.World_12:PersistentLevel.Actor_1.PhysicsAssetEditorSkeletalMeshComponent_0) Already registered. Aborting.
[2018.07.31-22.58.54:796][442]LogSlate: Took 0.000307 seconds to synchronously load lazily loaded font '../../../Engine/Content/Slate/Fonts/Roboto-BoldCondensed.ttf' (158K)
[2018.07.31-22.58.55:946][500]LogSavePackage: Save=23.37ms
[2018.07.31-22.58.55:946][500]LogSavePackage: Moving 'C:/Users/A_A_m/OneDrive/Documents/GitHub/SheridanUnrealProjectSummer/Saved/SK_Mannequin_PhysicsAsset625DC53A4543BE5DB113E7ACFA41DDC8.tmp' to 'C:/Users/A_A_m/OneDrive/Documents/GitHub/SheridanUnrealProjectSummer/Content/AnimStarterPack/UE4_Mannequin/Mesh/SK_Mannequin_PhysicsAsset.uasset'
[2018.07.31-22.58.55:949][500]LogSavePackage: Display: Finished SavePackage C:/Users/A_A_m/OneDrive/Documents/GitHub/SheridanUnrealProjectSummer/Content/AnimStarterPack/UE4_Mannequin/Mesh/SK_Mannequin_PhysicsAsset.uasset
[2018.07.31-22.58.57:151][585]LogSlate: Window 'SK_Mannequin_PhysicsAsset' being destroyed
[2018.07.31-22.58.57:168][585]LogSlate: Window 'SK_Mannequin_PhysicsAsset' being destroyed
[2018.07.31-22.58.57:905][653]LogActorComponent: RegisterComponentWithWorld: (/Engine/Transient.World_13:PersistentLevel.Actor_2.DebugSkelMeshComponent_5) Already registered. Aborting.
[2018.07.31-22.58.57:948][653]LogSkeletalMesh: USkeletalMeshComponent::InitArticulated : Bodies already created (/Engine/Transient.World_13:PersistentLevel.Actor_2.DebugSkelMeshComponent_5) - call TermArticulated first.
[2018.07.31-22.58.59:079][715]LogSavePackage: Save=3.12ms
[2018.07.31-22.58.59:079][715]LogSavePackage: Moving 'C:/Users/A_A_m/OneDrive/Documents/GitHub/SheridanUnrealProjectSummer/Saved/UE4_Mannequin_Skeleton8EEDF3C546B8C73137830F8E9A8BDDD3.tmp' to 'C:/Users/A_A_m/OneDrive/Documents/GitHub/SheridanUnrealProjectSummer/Content/AnimStarterPack/UE4_Mannequin/Mesh/UE4_Mannequin_Skeleton.uasset'
[2018.07.31-22.58.59:081][715]LogSavePackage: Display: Finished SavePackage C:/Users/A_A_m/OneDrive/Documents/GitHub/SheridanUnrealProjectSummer/Content/AnimStarterPack/UE4_Mannequin/Mesh/UE4_Mannequin_Skeleton.uasset
[2018.07.31-22.59.27:868][479]LogSlate: Window 'UE4_Mannequin_Skeleton*' being destroyed
[2018.07.31-22.59.27:874][479]LogSlate: Window 'UE4_Mannequin_Skeleton*' being destroyed
[2018.07.31-22.59.48:440][881]LogContentBrowser: Verbose: The majority of assets in the view are of type: Skeleton
[2018.07.31-23.00.00:629][881]LogSlate: Window 'Choose Skeleton' being destroyed
[2018.07.31-23.00.58:062][537]LogActorComponent: RegisterComponentWithWorld: (/Engine/Transient.World_14:PersistentLevel.Actor_3.DebugSkelMeshComponent_6) Already registered. Aborting.
[2018.07.31-23.00.58:109][537]LogSkeletalMesh: USkeletalMeshComponent::InitArticulated : Bodies already created (/Engine/Transient.World_14:PersistentLevel.Actor_3.DebugSkelMeshComponent_6) - call TermArticulated first.
[2018.07.31-23.01.01:942][881]LogSavePackage: Save=2.41ms
[2018.07.31-23.01.01:942][881]LogSavePackage: Moving 'C:/Users/A_A_m/OneDrive/Documents/GitHub/SheridanUnrealProjectSummer/Saved/UE4_Mannequin_SkeletonE5D8F3CB47A46243038965950F7A3A71.tmp' to 'C:/Users/A_A_m/OneDrive/Documents/GitHub/SheridanUnrealProjectSummer/Content/AnimStarterPack/UE4_Mannequin/Mesh/UE4_Mannequin_Skeleton.uasset'
[2018.07.31-23.01.01:946][881]LogSavePackage: Display: Finished SavePackage C:/Users/A_A_m/OneDrive/Documents/GitHub/SheridanUnrealProjectSummer/Content/AnimStarterPack/UE4_Mannequin/Mesh/UE4_Mannequin_Skeleton.uasset
[2018.07.31-23.01.03:638][ 58]LogSlate: Window 'UE4_Mannequin_Skeleton' being destroyed
[2018.07.31-23.01.03:646][ 58]LogSlate: Window 'UE4_Mannequin_Skeleton' being destroyed
[2018.07.31-23.01.06:838][403]LogContentBrowser: Verbose: The majority of assets in the view are of type: Skeleton
[2018.07.31-23.01.09:263][403]LogSlate: Window 'Choose Skeleton' being destroyed
[2018.07.31-23.01.17:998][428]LogActorComponent: RegisterComponentWithWorld: (/Engine/Transient.World_15:PersistentLevel.Actor_4.DebugSkelMeshComponent_7) Already registered. Aborting.
[2018.07.31-23.01.18:044][428]LogSkeletalMesh: USkeletalMeshComponent::InitArticulated : Bodies already created (/Engine/Transient.World_15:PersistentLevel.Actor_4.DebugSkelMeshComponent_7) - call TermArticulated first.
[2018.07.31-23.01.20:161][540]LogSavePackage: Save=4.97ms
[2018.07.31-23.01.20:162][540]LogSavePackage: Moving 'C:/Users/A_A_m/OneDrive/Documents/GitHub/SheridanUnrealProjectSummer/Saved/UE4_Mannequin_Skeleton565D27884AD9510EBD473D8A413E701E.tmp' to 'C:/Users/A_A_m/OneDrive/Documents/GitHub/SheridanUnrealProjectSummer/Content/TwinbladesAnimsetBase/UE4_Mannequin/Mesh/UE4_Mannequin_Skeleton.uasset'
[2018.07.31-23.01.20:163][540]LogSavePackage: Display: Finished SavePackage C:/Users/A_A_m/OneDrive/Documents/GitHub/SheridanUnrealProjectSummer/Content/TwinbladesAnimsetBase/UE4_Mannequin/Mesh/UE4_Mannequin_Skeleton.uasset
[2018.07.31-23.01.23:134][832]LogSlate: Window 'UE4_Mannequin_Skeleton' being destroyed
[2018.07.31-23.01.23:142][832]LogSlate: Window 'UE4_Mannequin_Skeleton' being destroyed
[2018.07.31-23.01.36:459][374]LogContentBrowser: Verbose: The majority of assets in the view are of type: Skeleton
[2018.07.31-23.01.39:354][374]LogSlate: Window 'Choose Skeleton' being destroyed
[2018.07.31-23.02.39:028][176]LogSlate: Window 'Delete Assets' being destroyed
[2018.07.31-23.02.40:477][176]LogSkeletalMesh: Building Skeletal Mesh SK_Mannequin...
[2018.07.31-23.02.40:547][176]LogSkeletalMesh: Built Skeletal Mesh [0.07s] /Game/AnimStarterPack/UE4_Mannequin/Mesh/SK_Mannequin.SK_Mannequin
[2018.07.31-23.02.47:649][904]LogContentBrowser: Verbose: The majority of assets in the view are of type: Skeleton
[2018.07.31-23.02.51:699][358]LogAnimationCompression: Building Anim DDC data for AnimSequence /Game/AnimStarterPack/Aim_Space_Hip.Aim_Space_Hip
[2018.07.31-23.02.51:700][358]LogAnimationCompression: Recompressing (AnimSequence /Engine/Transient.Aim_Space_Hip) using current/default (AnimCompress_BitwiseCompressOnly_0) bFirstRecompressUsingCurrentOrDefault(1) bTryAlternateCompressor(0) IsCompressedDataValid(0)
[2018.07.31-23.02.51:706][358]LogSlate: Window 'Select Skeleton' being destroyed
[2018.07.31-23.04.01:561][201]LogMaterial: Missing cached shader map for material Material_0, compiling. 
[2018.07.31-23.04.01:633][202]LogShaderCompilers: Display: Shaders left to compile 44
[2018.07.31-23.04.01:633][202]LogShaderCompilers: Display: Shaders left to compile 34
[2018.07.31-23.04.01:633][202]LogShaderCompilers: Display: Shaders left to compile 24
[2018.07.31-23.04.01:633][202]LogShaderCompilers: Display: Shaders left to compile 14
[2018.07.31-23.04.01:651][202]LogMaterial: Missing cached shader map for material Material_1, compiling. 
[2018.07.31-23.04.01:680][203]LogMaterial: Missing cached shader map for material Material_2, compiling. 
[2018.07.31-23.04.01:718][204]LogMaterial: Missing cached shader map for material Material_3, compiling. 
[2018.07.31-23.04.04:122][365]LogShaderCompilers: Display: Shaders left to compile 136
[2018.07.31-23.04.04:246][374]LogShaderCompilers: Display: Shaders left to compile 126
[2018.07.31-23.04.04:476][392]LogShaderCompilers: Display: Shaders left to compile 116
[2018.07.31-23.04.05:861][499]LogShaderCompilers: Display: Shaders left to compile 106
[2018.07.31-23.04.06:019][512]LogShaderCompilers: Display: Shaders left to compile 96
[2018.07.31-23.04.06:571][553]LogShaderCompilers: Display: Shaders left to compile 86
[2018.07.31-23.04.06:607][556]LogShaderCompilers: Display: Shaders left to compile 76
[2018.07.31-23.04.08:647][724]LogShaderCompilers: Display: Shaders left to compile 66
[2018.07.31-23.04.08:684][727]LogShaderCompilers: Display: Shaders left to compile 56
[2018.07.31-23.04.08:857][743]LogShaderCompilers: Display: Shaders left to compile 46
[2018.07.31-23.04.09:604][811]LogShaderCompilers: Display: Shaders left to compile 36
[2018.07.31-23.04.10:830][922]LogShaderCompilers: Display: Shaders left to compile 26
[2018.07.31-23.04.11:203][955]LogShaderCompilers: Display: Shaders left to compile 16
[2018.07.31-23.04.11:758][ 13]LogShaderCompilers: Display: Shaders left to compile 6
[2018.07.31-23.04.18:693][808]LogLinker: Warning: Can't find file '/Game/AnimStarterPack/UE4_Mannequin/Mesh/UE4_Mannequin_Skeleton'
[2018.07.31-23.04.18:693][808]LogLinker: Warning: Can't find file for asset '/Game/AnimStarterPack/UE4_Mannequin/Mesh/UE4_Mannequin_Skeleton' while loading C:/Users/A_A_m/OneDrive/Documents/GitHub/SheridanUnrealProjectSummer/Content/AnimStarterPack/Reload_Pistol.uasset.
[2018.07.31-23.04.18:694][808]LoadErrors: Error: /Game/AnimStarterPack/Reload_Pistol : Can't find file for asset. /Game/AnimStarterPack/UE4_Mannequin/Mesh/UE4_Mannequin_Skeleton
[2018.07.31-23.04.18:694][808]LogLinker: Warning: Can't find file '/Game/AnimStarterPack/UE4_Mannequin/Mesh/UE4_Mannequin_Skeleton'
[2018.07.31-23.04.18:694][808]LogLinker: Warning: Can't find file for asset '/Game/AnimStarterPack/UE4_Mannequin/Mesh/UE4_Mannequin_Skeleton' while loading C:/Users/A_A_m/OneDrive/Documents/GitHub/SheridanUnrealProjectSummer/Content/AnimStarterPack/Reload_Pistol.uasset.
[2018.07.31-23.04.18:695][808]LogLinker: Warning: Can't find file '/Game/AnimStarterPack/UE4_Mannequin/Mesh/UE4_Mannequin_Skeleton'
[2018.07.31-23.04.18:695][808]LoadErrors: Failed to load /Game/AnimStarterPack/UE4_Mannequin/Mesh/UE4_Mannequin_Skeleton.UE4_Mannequin_Skeleton Referenced by Reload_Pistol
[2018.07.31-23.04.18:695][808]LogLinker: Warning: Can't find file for asset '/Game/AnimStarterPack/UE4_Mannequin/Mesh/UE4_Mannequin_Skeleton' while loading NULL.
[2018.07.31-23.04.18:698][808]LogLinker: Warning: Can't find file '/Game/AnimStarterPack/UE4_Mannequin/Mesh/UE4_Mannequin_Skeleton'
[2018.07.31-23.04.18:698][808]LogLinker: Warning: Can't find file for asset '/Game/AnimStarterPack/UE4_Mannequin/Mesh/UE4_Mannequin_Skeleton' while loading C:/Users/A_A_m/OneDrive/Documents/GitHub/SheridanUnrealProjectSummer/Content/AnimStarterPack/Idle_Pistol.uasset.
[2018.07.31-23.04.18:698][808]LoadErrors: Error: /Game/AnimStarterPack/Idle_Pistol : Can't find file for asset. /Game/AnimStarterPack/UE4_Mannequin/Mesh/UE4_Mannequin_Skeleton
[2018.07.31-23.04.18:698][808]LogLinker: Warning: Can't find file '/Game/AnimStarterPack/UE4_Mannequin/Mesh/UE4_Mannequin_Skeleton'
[2018.07.31-23.04.18:698][808]LogLinker: Warning: Can't find file for asset '/Game/AnimStarterPack/UE4_Mannequin/Mesh/UE4_Mannequin_Skeleton' while loading C:/Users/A_A_m/OneDrive/Documents/GitHub/SheridanUnrealProjectSummer/Content/AnimStarterPack/Idle_Pistol.uasset.
[2018.07.31-23.04.18:699][808]LogLinker: Warning: Can't find file '/Game/AnimStarterPack/UE4_Mannequin/Mesh/UE4_Mannequin_Skeleton'
[2018.07.31-23.04.18:699][808]LoadErrors: Failed to load /Game/AnimStarterPack/UE4_Mannequin/Mesh/UE4_Mannequin_Skeleton.UE4_Mannequin_Skeleton Referenced by Idle_Pistol
[2018.07.31-23.04.18:699][808]LogLinker: Warning: Can't find file for asset '/Game/AnimStarterPack/UE4_Mannequin/Mesh/UE4_Mannequin_Skeleton' while loading NULL.
[2018.07.31-23.04.21:115][ 67]LogContentBrowser: Verbose: The majority of assets in the view are of type: Skeleton
[2018.07.31-23.04.23:570][344]LogAnimationCompression: Building Anim DDC data for AnimSequence /Game/AnimStarterPack/Equip_Pistol_Standing.Equip_Pistol_Standing
[2018.07.31-23.04.23:571][344]LogAnimationCompression: Recompressing (AnimSequence /Engine/Transient.Equip_Pistol_Standing) using current/default (AnimCompress_BitwiseCompressOnly_19) bFirstRecompressUsingCurrentOrDefault(1) bTryAlternateCompressor(0) IsCompressedDataValid(0)
[2018.07.31-23.04.23:573][344]LogAnimationCompression: Building Anim DDC data for AnimSequence /Game/AnimStarterPack/Reload_Pistol.Reload_Pistol
[2018.07.31-23.04.23:573][344]LogAnimationCompression: Recompressing (AnimSequence /Engine/Transient.Reload_Pistol) using current/default (AnimCompress_BitwiseCompressOnly_49) bFirstRecompressUsingCurrentOrDefault(1) bTryAlternateCompressor(0) IsCompressedDataValid(0)
[2018.07.31-23.04.23:577][344]LogAnimationCompression: Building Anim DDC data for AnimSequence /Game/AnimStarterPack/Idle_Pistol.Idle_Pistol
[2018.07.31-23.04.23:578][344]LogAnimationCompression: Recompressing (AnimSequence /Engine/Transient.Idle_Pistol) using current/default (AnimCompress_BitwiseCompressOnly_29) bFirstRecompressUsingCurrentOrDefault(1) bTryAlternateCompressor(0) IsCompressedDataValid(0)
[2018.07.31-23.04.23:590][344]LogSlate: Window 'Select Skeleton' being destroyed
[2018.07.31-23.04.35:342][613]LogContentBrowser: Native class hierarchy updated for 'BlueprintGraph' in 0.0007 seconds. Added 116 classes and 0 folders.
[2018.07.31-23.04.35:683][613]LogUObjectGlobals: Created PersistentFrame Addr=0x00000225d5d05c18, Size=4, Default__SKEL_PROTO_BP_AnimBlueprint_0_C Function /Engine/Transient.SKEL_PROTO_BP_AnimBlueprint_0_C:ExecuteUbergraph_PROTO_BP_AnimBlueprint_0
[2018.07.31-23.04.35:684][613]LogUObjectGlobals: Created PersistentFrame Addr=0x00000225d5d05c10, Size=4, Default__PROTO_BP_AnimBlueprint_0_C Function /Engine/Transient.PROTO_BP_AnimBlueprint_0_C:ExecuteUbergraph_PROTO_BP_AnimBlueprint_0
[2018.07.31-23.04.36:623][613]LogBlueprintUserMessages: [DetectionBox_GEN_VARIABLE_GreatSword_C_CAT_2] Hello
[2018.07.31-23.04.38:560][697]LogSlate: Window 'Character_Custom_Test_Adriana' being destroyed
[2018.07.31-23.04.38:567][697]LogSlate: Window 'Character_Custom_Test_Adriana' being destroyed
[2018.07.31-23.04.43:280][226]LogActorComponent: RegisterComponentWithWorld: (/Engine/Transient.World_25:PersistentLevel.Actor_5.DebugSkelMeshComponent_12) Already registered. Aborting.
[2018.07.31-23.04.43:568][226]LogSkeletalMesh: USkeletalMeshComponent::InitArticulated : Bodies already created (/Engine/Transient.World_25:PersistentLevel.Actor_5.DebugSkelMeshComponent_12) - call TermArticulated first.
[2018.07.31-23.04.43:960][226]LogContentBrowser: Verbose: The majority of assets in the view are of type: AnimSequence
[2018.07.31-23.04.47:971][517]LogSlate: Took 0.002231 seconds to synchronously load lazily loaded font '../../../Engine/Content/Slate/Fonts/DroidSansFallback.ttf' (3848K)
[2018.07.31-23.04.55:815][126]LogUObjectGlobals: Created PersistentFrame Addr=0x00000225ebe78c80, Size=4, Default__SKEL_AdrianaTwinBP_C Function /Game/AdrianaStuff/Animation/AdrianaTwinBP.SKEL_AdrianaTwinBP_C:ExecuteUbergraph_AdrianaTwinBP
[2018.07.31-23.05.00:658][441]BlueprintLog: New page: Compile AdrianaTwinBP
[2018.07.31-23.05.00:714][441]LogUObjectGlobals: Destroyed PersistentFrame Addr=0x00000225ebe78c80, Size=4
[2018.07.31-23.05.00:714][441]LogUObjectGlobals: Created PersistentFrame Addr=0x00000225dc266018, Size=4, Default__SKEL_AdrianaTwinBP_C Function /Engine/Transient.REINST_SKEL_AdrianaTwinBP_C_2:ExecuteUbergraph_AdrianaTwinBP
[2018.07.31-23.05.00:747][441]LogUObjectGlobals: Destroyed PersistentFrame Addr=0x00000225559092f0, Size=112
[2018.07.31-23.05.00:747][441]LogUObjectGlobals: Created PersistentFrame Addr=0x00000225559b49c0, Size=112, Default__AdrianaTwinBP_C Function /Engine/Transient.REINST_AdrianaTwinBP_C_3:ExecuteUbergraph_AdrianaTwinBP
[2018.07.31-23.05.00:770][441]LogUObjectGlobals: Created PersistentFrame Addr=0x00000225eed73eb0, Size=112, Default__AdrianaTwinBP_C Function /Game/AdrianaStuff/Animation/AdrianaTwinBP.AdrianaTwinBP_C:ExecuteUbergraph_AdrianaTwinBP
[2018.07.31-23.05.00:889][441]LogUObjectGlobals: Destroyed PersistentFrame Addr=0x00000225dc266018, Size=4
[2018.07.31-23.05.02:626][558]LogActorComponent: RegisterComponentWithWorld: (/Engine/Transient.World_27:PersistentLevel.Actor_6.DebugSkelMeshComponent_14) Already registered. Aborting.
[2018.07.31-23.05.02:659][558]LogSkeletalMesh: USkeletalMeshComponent::InitArticulated : Bodies already created (/Engine/Transient.World_27:PersistentLevel.Actor_6.DebugSkelMeshComponent_14) - call TermArticulated first.
[2018.07.31-23.05.03:084][558]LogContentBrowser: Verbose: The majority of assets in the view are of type: AnimSequence
[2018.07.31-23.05.48:400][ 12]LogSavePackage: Save=144.72ms
[2018.07.31-23.05.48:400][ 12]LogSavePackage: Moving 'C:/Users/A_A_m/OneDrive/Documents/GitHub/SheridanUnrealProjectSummer/Saved/AdrianaTwinBP3213E79A499982946C2240859139F398.tmp' to 'C:/Users/A_A_m/OneDrive/Documents/GitHub/SheridanUnrealProjectSummer/Content/AdrianaStuff/Animation/AdrianaTwinBP.uasset'
[2018.07.31-23.05.48:403][ 12]LogSavePackage: Display: Finished SavePackage C:/Users/A_A_m/OneDrive/Documents/GitHub/SheridanUnrealProjectSummer/Content/AdrianaStuff/Animation/AdrianaTwinBP.uasset
[2018.07.31-23.05.55:981][661]LogBlueprintUserMessages: [DetectionBox_GEN_VARIABLE_GreatSword_C_CAT_4] Hello
[2018.07.31-23.06.08:713][413]LogSavePackage: Save=470.65ms
[2018.07.31-23.06.08:713][413]LogSavePackage: Moving 'C:/Users/A_A_m/OneDrive/Documents/GitHub/SheridanUnrealProjectSummer/Saved/Character_Custom_Test_AdrianaE1AEF85F452A254AFE4D1E96F59B70BA.tmp' to 'C:/Users/A_A_m/OneDrive/Documents/GitHub/SheridanUnrealProjectSummer/Content/ThirdPersonBP/Blueprints/Character_Custom_Test_Adriana.uasset'
[2018.07.31-23.06.08:715][413]LogSavePackage: Display: Finished SavePackage C:/Users/A_A_m/OneDrive/Documents/GitHub/SheridanUnrealProjectSummer/Content/ThirdPersonBP/Blueprints/Character_Custom_Test_Adriana.uasset
[2018.07.31-23.06.11:509][699]SourceControl: fatal: D:/Unreal Engine/Epic Games/UE_4.19/Engine/Content: 'D:/Unreal Engine/Epic Games/UE_4.19/Engine/Content' is outside repository
[2018.07.31-23.06.11:627][699]LogFileHelpers: Warning: FilenameToLongPackageName failed to convert '../../../Engine/Plugins/FMODStudio/Content/AnimNotify_FMODPlayEvent.uasset'. Attempt result was '../../../Engine/Plugins/FMODStudio/Content/AnimNotify_FMODPlayEvent', but the path contains illegal characters '.'
[2018.07.31-23.06.13:151][699]LogSlate: Window 'Save Content' being destroyed
[2018.07.31-23.06.13:386][699]Cmd: OBJ SAVEPACKAGE PACKAGE="/Game/AnimStarterPack/Aim_Space_Hip" FILE="C:/Users/A_A_m/OneDrive/Documents/GitHub/SheridanUnrealProjectSummer/Content/AnimStarterPack/Aim_Space_Hip.uasset" SILENT=true
[2018.07.31-23.06.13:431][699]LogSavePackage: Save=14.65ms
[2018.07.31-23.06.13:431][699]LogSavePackage: Moving 'C:/Users/A_A_m/OneDrive/Documents/GitHub/SheridanUnrealProjectSummer/Saved/Aim_Space_HipD7F25D6244D1185D6DCF61980ABD4513.tmp' to 'C:/Users/A_A_m/OneDrive/Documents/GitHub/SheridanUnrealProjectSummer/Content/AnimStarterPack/Aim_Space_Hip.uasset'
[2018.07.31-23.06.13:434][699]LogSavePackage: Display: Finished SavePackage C:/Users/A_A_m/OneDrive/Documents/GitHub/SheridanUnrealProjectSummer/Content/AnimStarterPack/Aim_Space_Hip.uasset
[2018.07.31-23.06.13:476][699]LogSavePackage: Save=6.42ms
[2018.07.31-23.06.13:476][699]LogSavePackage: Moving 'C:/Users/A_A_m/OneDrive/Documents/GitHub/SheridanUnrealProjectSummer/Saved/Crouch_Idle_Rifle_HipCCAE2B134303BC6624B6C0817B75DAEF.tmp' to 'C:/Users/A_A_m/OneDrive/Documents/GitHub/SheridanUnrealProjectSummer/Content/AnimStarterPack/Crouch_Idle_Rifle_Hip.uasset'
[2018.07.31-23.06.13:479][699]LogSavePackage: Display: Finished SavePackage C:/Users/A_A_m/OneDrive/Documents/GitHub/SheridanUnrealProjectSummer/Content/AnimStarterPack/Crouch_Idle_Rifle_Hip.uasset
[2018.07.31-23.06.13:521][699]LogSavePackage: Save=6.82ms
[2018.07.31-23.06.13:521][699]LogSavePackage: Moving 'C:/Users/A_A_m/OneDrive/Documents/GitHub/SheridanUnrealProjectSummer/Saved/Crouch_Idle_Rifle_IronsightsEA79E1414FDDF57E1D9FA3B45B37AF81.tmp' to 'C:/Users/A_A_m/OneDrive/Documents/GitHub/SheridanUnrealProjectSummer/Content/AnimStarterPack/Crouch_Idle_Rifle_Ironsights.uasset'
[2018.07.31-23.06.13:525][699]LogSavePackage: Display: Finished SavePackage C:/Users/A_A_m/OneDrive/Documents/GitHub/SheridanUnrealProjectSummer/Content/AnimStarterPack/Crouch_Idle_Rifle_Ironsights.uasset
[2018.07.31-23.06.13:570][699]LogSavePackage: Save=6.27ms
[2018.07.31-23.06.13:570][699]LogSavePackage: Moving 'C:/Users/A_A_m/OneDrive/Documents/GitHub/SheridanUnrealProjectSummer/Saved/Crouch_Walk_Fwd_Rifle_Ironsights0B79940545CA665659532C8C385790F5.tmp' to 'C:/Users/A_A_m/OneDrive/Documents/GitHub/SheridanUnrealProjectSummer/Content/AnimStarterPack/Crouch_Walk_Fwd_Rifle_Ironsights.uasset'
[2018.07.31-23.06.13:573][699]LogSavePackage: Display: Finished SavePackage C:/Users/A_A_m/OneDrive/Documents/GitHub/SheridanUnrealProjectSummer/Content/AnimStarterPack/Crouch_Walk_Fwd_Rifle_Ironsights.uasset
[2018.07.31-23.06.13:630][699]LogSavePackage: Save=13.69ms
[2018.07.31-23.06.13:630][699]LogSavePackage: Moving 'C:/Users/A_A_m/OneDrive/Documents/GitHub/SheridanUnrealProjectSummer/Saved/Equip_Pistol_Standing6922DB6944736F019388459FED4E9706.tmp' to 'C:/Users/A_A_m/OneDrive/Documents/GitHub/SheridanUnrealProjectSummer/Content/AnimStarterPack/Equip_Pistol_Standing.uasset'
[2018.07.31-23.06.13:634][699]LogSavePackage: Display: Finished SavePackage C:/Users/A_A_m/OneDrive/Documents/GitHub/SheridanUnrealProjectSummer/Content/AnimStarterPack/Equip_Pistol_Standing.uasset
[2018.07.31-23.06.13:670][699]LogSavePackage: Save=5.71ms
[2018.07.31-23.06.13:670][699]LogSavePackage: Moving 'C:/Users/A_A_m/OneDrive/Documents/GitHub/SheridanUnrealProjectSummer/Saved/Fire_Rifle_Ironsights366FCDA0457D2C4037714EB25B275158.tmp' to 'C:/Users/A_A_m/OneDrive/Documents/GitHub/SheridanUnrealProjectSummer/Content/AnimStarterPack/Fire_Rifle_Ironsights.uasset'
[2018.07.31-23.06.13:673][699]LogSavePackage: Display: Finished SavePackage C:/Users/A_A_m/OneDrive/Documents/GitHub/SheridanUnrealProjectSummer/Content/AnimStarterPack/Fire_Rifle_Ironsights.uasset
[2018.07.31-23.06.13:681][699]Cmd: OBJ SAVEPACKAGE PACKAGE="/Game/AnimStarterPack/Hit_React_1" FILE="C:/Users/A_A_m/OneDrive/Documents/GitHub/SheridanUnrealProjectSummer/Content/AnimStarterPack/Hit_React_1.uasset" SILENT=true
[2018.07.31-23.06.13:711][699]LogSavePackage: Save=5.80ms
[2018.07.31-23.06.13:711][699]LogSavePackage: Moving 'C:/Users/A_A_m/OneDrive/Documents/GitHub/SheridanUnrealProjectSummer/Saved/Hit_React_1960DE85B4E8DE7790F93518F551E8A13.tmp' to 'C:/Users/A_A_m/OneDrive/Documents/GitHub/SheridanUnrealProjectSummer/Content/AnimStarterPack/Hit_React_1.uasset'
[2018.07.31-23.06.13:715][699]LogSavePackage: Display: Finished SavePackage C:/Users/A_A_m/OneDrive/Documents/GitHub/SheridanUnrealProjectSummer/Content/AnimStarterPack/Hit_React_1.uasset
[2018.07.31-23.06.13:723][699]Cmd: OBJ SAVEPACKAGE PACKAGE="/Game/AnimStarterPack/Hit_React_2" FILE="C:/Users/A_A_m/OneDrive/Documents/GitHub/SheridanUnrealProjectSummer/Content/AnimStarterPack/Hit_React_2.uasset" SILENT=true
[2018.07.31-23.06.13:752][699]LogSavePackage: Save=6.04ms
[2018.07.31-23.06.13:753][699]LogSavePackage: Moving 'C:/Users/A_A_m/OneDrive/Documents/GitHub/SheridanUnrealProjectSummer/Saved/Hit_React_29ACE8A5A4987E42F0657D99BD403E3A5.tmp' to 'C:/Users/A_A_m/OneDrive/Documents/GitHub/SheridanUnrealProjectSummer/Content/AnimStarterPack/Hit_React_2.uasset'
[2018.07.31-23.06.13:757][699]LogSavePackage: Display: Finished SavePackage C:/Users/A_A_m/OneDrive/Documents/GitHub/SheridanUnrealProjectSummer/Content/AnimStarterPack/Hit_React_2.uasset
[2018.07.31-23.06.13:766][699]Cmd: OBJ SAVEPACKAGE PACKAGE="/Game/AnimStarterPack/Hit_React_3" FILE="C:/Users/A_A_m/OneDrive/Documents/GitHub/SheridanUnrealProjectSummer/Content/AnimStarterPack/Hit_React_3.uasset" SILENT=true
[2018.07.31-23.06.13:796][699]LogSavePackage: Save=5.81ms
[2018.07.31-23.06.13:796][699]LogSavePackage: Moving 'C:/Users/A_A_m/OneDrive/Documents/GitHub/SheridanUnrealProjectSummer/Saved/Hit_React_3C723EB3B41572E6A3FE45B9BD61BC704.tmp' to 'C:/Users/A_A_m/OneDrive/Documents/GitHub/SheridanUnrealProjectSummer/Content/AnimStarterPack/Hit_React_3.uasset'
[2018.07.31-23.06.13:800][699]LogSavePackage: Display: Finished SavePackage C:/Users/A_A_m/OneDrive/Documents/GitHub/SheridanUnrealProjectSummer/Content/AnimStarterPack/Hit_React_3.uasset
[2018.07.31-23.06.13:816][699]Cmd: OBJ SAVEPACKAGE PACKAGE="/Game/AnimStarterPack/Idle_Pistol" FILE="C:/Users/A_A_m/OneDrive/Documents/GitHub/SheridanUnrealProjectSummer/Content/AnimStarterPack/Idle_Pistol.uasset" SILENT=true
[2018.07.31-23.06.13:856][699]LogSavePackage: Save=13.94ms
[2018.07.31-23.06.13:856][699]LogSavePackage: Moving 'C:/Users/A_A_m/OneDrive/Documents/GitHub/SheridanUnrealProjectSummer/Saved/Idle_Pistol5ED3F86A4A6007D98D0CB7912899AD70.tmp' to 'C:/Users/A_A_m/OneDrive/Documents/GitHub/SheridanUnrealProjectSummer/Content/AnimStarterPack/Idle_Pistol.uasset'
[2018.07.31-23.06.13:859][699]LogSavePackage: Display: Finished SavePackage C:/Users/A_A_m/OneDrive/Documents/GitHub/SheridanUnrealProjectSummer/Content/AnimStarterPack/Idle_Pistol.uasset
[2018.07.31-23.06.13:898][699]LogSavePackage: Save=6.69ms
[2018.07.31-23.06.13:898][699]LogSavePackage: Moving 'C:/Users/A_A_m/OneDrive/Documents/GitHub/SheridanUnrealProjectSummer/Saved/Idle_Rifle_Hip_Break1EAFBE4B0418CD1C32EB4E9938F57129B.tmp' to 'C:/Users/A_A_m/OneDrive/Documents/GitHub/SheridanUnrealProjectSummer/Content/AnimStarterPack/Idle_Rifle_Hip_Break1.uasset'
[2018.07.31-23.06.13:901][699]LogSavePackage: Display: Finished SavePackage C:/Users/A_A_m/OneDrive/Documents/GitHub/SheridanUnrealProjectSummer/Content/AnimStarterPack/Idle_Rifle_Hip_Break1.uasset
[2018.07.31-23.06.13:942][699]LogSavePackage: Save=6.49ms
[2018.07.31-23.06.13:942][699]LogSavePackage: Moving 'C:/Users/A_A_m/OneDrive/Documents/GitHub/SheridanUnrealProjectSummer/Saved/Idle_Rifle_Hip_Break261BADA184D0CD417369E99810E18360F.tmp' to 'C:/Users/A_A_m/OneDrive/Documents/GitHub/SheridanUnrealProjectSummer/Content/AnimStarterPack/Idle_Rifle_Hip_Break2.uasset'
[2018.07.31-23.06.13:946][699]LogSavePackage: Display: Finished SavePackage C:/Users/A_A_m/OneDrive/Documents/GitHub/SheridanUnrealProjectSummer/Content/AnimStarterPack/Idle_Rifle_Hip_Break2.uasset
[2018.07.31-23.06.13:962][699]Cmd: OBJ SAVEPACKAGE PACKAGE="/Game/AnimStarterPack/Reload_Pistol" FILE="C:/Users/A_A_m/OneDrive/Documents/GitHub/SheridanUnrealProjectSummer/Content/AnimStarterPack/Reload_Pistol.uasset" SILENT=true
[2018.07.31-23.06.14:001][699]LogSavePackage: Save=13.78ms
[2018.07.31-23.06.14:001][699]LogSavePackage: Moving 'C:/Users/A_A_m/OneDrive/Documents/GitHub/SheridanUnrealProjectSummer/Saved/Reload_PistolA348D9DC43089589B75E76812B00AA97.tmp' to 'C:/Users/A_A_m/OneDrive/Documents/GitHub/SheridanUnrealProjectSummer/Content/AnimStarterPack/Reload_Pistol.uasset'
[2018.07.31-23.06.14:004][699]LogSavePackage: Display: Finished SavePackage C:/Users/A_A_m/OneDrive/Documents/GitHub/SheridanUnrealProjectSummer/Content/AnimStarterPack/Reload_Pistol.uasset
[2018.07.31-23.06.14:042][699]LogSavePackage: Save=6.28ms
[2018.07.31-23.06.14:042][699]LogSavePackage: Moving 'C:/Users/A_A_m/OneDrive/Documents/GitHub/SheridanUnrealProjectSummer/Saved/Reload_Rifle_HipD3CC216B4FFED1FD73A8D89C8621CA8C.tmp' to 'C:/Users/A_A_m/OneDrive/Documents/GitHub/SheridanUnrealProjectSummer/Content/AnimStarterPack/Reload_Rifle_Hip.uasset'
[2018.07.31-23.06.14:045][699]LogSavePackage: Display: Finished SavePackage C:/Users/A_A_m/OneDrive/Documents/GitHub/SheridanUnrealProjectSummer/Content/AnimStarterPack/Reload_Rifle_Hip.uasset
[2018.07.31-23.06.14:086][699]LogSavePackage: Save=6.15ms
[2018.07.31-23.06.14:086][699]LogSavePackage: Moving 'C:/Users/A_A_m/OneDrive/Documents/GitHub/SheridanUnrealProjectSummer/Saved/Walk_Fwd_Rifle_Ironsights22A88333403FA2B3CEEA2C8BC37284A7.tmp' to 'C:/Users/A_A_m/OneDrive/Documents/GitHub/SheridanUnrealProjectSummer/Content/AnimStarterPack/Walk_Fwd_Rifle_Ironsights.uasset'
[2018.07.31-23.06.14:090][699]LogSavePackage: Display: Finished SavePackage C:/Users/A_A_m/OneDrive/Documents/GitHub/SheridanUnrealProjectSummer/Content/AnimStarterPack/Walk_Fwd_Rifle_Ironsights.uasset
[2018.07.31-23.06.14:206][699]LogUObjectGlobals: Destroyed PersistentFrame Addr=0x00000225559b49c0, Size=112
[2018.07.31-23.06.14:367][699]LogSavePackage: Save=127.31ms
[2018.07.31-23.06.14:367][699]LogSavePackage: Moving 'C:/Users/A_A_m/OneDrive/Documents/GitHub/SheridanUnrealProjectSummer/Saved/ThirdPersonExampleMapD70987EC4CD524CA97A89C9EEFD8E2B3.tmp' to 'C:/Users/A_A_m/OneDrive/Documents/GitHub/SheridanUnrealProjectSummer/Content/ThirdPersonBP/Maps/ThirdPersonExampleMap.umap'
[2018.07.31-23.06.14:371][699]LogSavePackage: Display: Finished SavePackage C:/Users/A_A_m/OneDrive/Documents/GitHub/SheridanUnrealProjectSummer/Content/ThirdPersonBP/Maps/ThirdPersonExampleMap.umap
[2018.07.31-23.06.14:399][699]LogFileHelpers: Saving map 'ThirdPersonExampleMap' took 0.305
[2018.07.31-23.06.35:710][699]LogSlate: Window 'Submit Files' being destroyed
[2018.07.31-23.06.39:738][699]LogSourceControl: commit successful: [master 4bb2029] Retargeted Anims, missing pistol fire anim, missing grenade anim, framework exists
[2018.07.31-23.06.40:068][699]SourceControl: [master 4bb2029] Retargeted Anims, missing pistol fire anim, missing grenade anim, framework exists
[2018.07.31-23.06.40:068][699]SourceControl:  50 files changed, 0 insertions(+), 0 deletions(-)
[2018.07.31-23.06.40:068][699]SourceControl:  create mode 100644 Content/AnimStarterPack/Aim_Space_Hip.uasset
[2018.07.31-23.06.40:068][699]SourceControl:  create mode 100644 Content/AnimStarterPack/Aim_Space_Ironsights.uasset
[2018.07.31-23.06.40:068][699]SourceControl:  create mode 100644 Content/AnimStarterPack/BS_CrouchWalk.uasset
[2018.07.31-23.06.40:068][699]SourceControl:  create mode 100644 Content/AnimStarterPack/BS_Jog.uasset
[2018.07.31-23.06.40:068][699]SourceControl:  create mode 100644 Content/AnimStarterPack/Crouch_Idle_Rifle_Hip.uasset
[2018.07.31-23.06.40:068][699]SourceControl:  create mode 100644 Content/AnimStarterPack/Crouch_Idle_Rifle_Ironsights.uasset
[2018.07.31-23.06.40:068][699]SourceControl:  create mode 100644 Content/AnimStarterPack/Crouch_Walk_Bwd_Rifle_Hip.uasset
[2018.07.31-23.06.40:068][699]SourceControl:  create mode 100644 Content/AnimStarterPack/Crouch_Walk_Bwd_Rifle_Ironsights.uasset
[2018.07.31-23.06.40:068][699]SourceControl:  create mode 100644 Content/AnimStarterPack/Crouch_Walk_Fwd_Rifle_Hip.uasset
[2018.07.31-23.06.40:068][699]SourceControl:  create mode 100644 Content/AnimStarterPack/Crouch_Walk_Fwd_Rifle_Ironsights.uasset
[2018.07.31-23.06.40:068][699]SourceControl:  create mode 100644 Content/AnimStarterPack/Crouch_Walk_Lt_Rifle_Hip.uasset
[2018.07.31-23.06.40:068][699]SourceControl:  create mode 100644 Content/AnimStarterPack/Crouch_Walk_Lt_Rifle_Ironsights.uasset
[2018.07.31-23.06.40:068][699]SourceControl:  create mode 100644 Content/AnimStarterPack/Crouch_Walk_Rt_Rifle_Hip.uasset
[2018.07.31-23.06.40:068][699]SourceControl:  create mode 100644 Content/AnimStarterPack/Crouch_Walk_Rt_Rifle_Ironsights.uasset
[2018.07.31-23.06.40:068][699]SourceControl:  create mode 100644 Content/AnimStarterPack/Crouch_to_Stand_Rifle_Hip.uasset
[2018.07.31-23.06.40:068][699]SourceControl:  create mode 100644 Content/AnimStarterPack/Crouch_to_Stand_Rifle_Ironsights.uasset
[2018.07.31-23.06.40:068][699]SourceControl:  create mode 100644 Content/AnimStarterPack/Death_1.uasset
[2018.07.31-23.06.40:068][699]SourceControl:  create mode 100644 Content/AnimStarterPack/Death_2.uasset
[2018.07.31-23.06.40:068][699]SourceControl:  create mode 100644 Content/AnimStarterPack/Death_3.uasset
[2018.07.31-23.06.40:068][699]SourceControl:  create mode 100644 Content/AnimStarterPack/Death_Ironsights_1.uasset
[2018.07.31-23.06.40:068][699]SourceControl:  create mode 100644 Content/AnimStarterPack/Death_Ironsights_2.uasset
[2018.07.31-23.06.40:068][699]SourceControl:  create mode 100644 Content/AnimStarterPack/Equip_Pistol_Standing.uasset
[2018.07.31-23.06.40:068][699]SourceControl:  create mode 100644 Content/AnimStarterPack/Equip_Rifle_Standing.uasset
[2018.07.31-23.06.40:068][699]SourceControl:  create mode 100644 Content/AnimStarterPack/Fire_Rifle_Hip.uasset
[2018.07.31-23.06.40:069][699]SourceControl:  create mode 100644 Content/AnimStarterPack/Fire_Rifle_Ironsights.uasset
[2018.07.31-23.06.40:069][699]SourceControl:  create mode 100644 Content/AnimStarterPack/Fire_Shotgun_Hip.uasset
[2018.07.31-23.06.40:069][699]SourceControl:  create mode 100644 Content/AnimStarterPack/Fire_Shotgun_Ironsights.uasset
[2018.07.31-23.06.40:069][699]SourceControl:  create mode 100644 Content/AnimStarterPack/Hit_React_1.uasset
[2018.07.31-23.06.40:069][699]SourceControl:  create mode 100644 Content/AnimStarterPack/Hit_React_2.uasset
[2018.07.31-23.06.40:069][699]SourceControl:  create mode 100644 Content/AnimStarterPack/Hit_React_3.uasset
[2018.07.31-23.06.40:069][699]SourceControl:  create mode 100644 Content/AnimStarterPack/Hit_React_4.uasset
[2018.07.31-23.06.40:069][699]SourceControl:  create mode 100644 Content/AnimStarterPack/Idle_Pistol.uasset
[2018.07.31-23.06.40:069][699]SourceControl:  create mode 100644 Content/AnimStarterPack/Idle_Rifle_Hip.uasset
[2018.07.31-23.06.40:069][699]SourceControl:  create mode 100644 Content/AnimStarterPack/Idle_Rifle_Hip_Break1.uasset
[2018.07.31-23.06.40:069][699]SourceControl:  create mode 100644 Content/AnimStarterPack/Idle_Rifle_Hip_Break2.uasset
[2018.07.31-23.06.40:069][699]SourceControl:  create mode 100644 Content/AnimStarterPack/Idle_Rifle_Ironsights.uasset
[2018.07.31-23.06.40:069][699]SourceControl:  create mode 100644 Content/AnimStarterPack/Jog_Bwd_Rifle.uasset
[2018.07.31-23.06.40:069][699]SourceControl:  create mode 100644 Content/AnimStarterPack/Jog_Fwd_Rifle.uasset
[2018.07.31-23.06.40:069][699]SourceControl:  create mode 100644 Content/AnimStarterPack/Jog_Lt_Rifle.uasset
[2018.07.31-23.06.40:069][699]SourceControl:  create mode 100644 Content/AnimStarterPack/Jog_Rt_Rifle.uasset
[2018.07.31-23.06.40:069][699]SourceControl:  create mode 100644 Content/AnimStarterPack/Jump_From_Jog.uasset
[2018.07.31-23.06.40:069][699]SourceControl:  create mode 100644 Content/AnimStarterPack/Jump_From_Stand.uasset
[2018.07.31-23.06.40:069][699]SourceControl:  create mode 100644 Content/AnimStarterPack/Jump_From_Stand_Ironsights.uasset
[2018.07.31-23.06.40:069][699]SourceControl:  create mode 100644 Content/AnimStarterPack/Prone_Death_1.uasset
[2018.07.31-23.06.40:069][699]SourceControl:  create mode 100644 Content/AnimStarterPack/Prone_Death_2.uasset
[2018.07.31-23.06.40:069][699]SourceControl:  create mode 100644 Content/AnimStarterPack/Prone_Fire_1.uasset
[2018.07.31-23.06.40:069][699]SourceControl:  create mode 100644 Content/AnimStarterPack/Prone_Fire_2.uasset
[2018.07.31-23.06.40:069][699]SourceControl:  create mode 100644 Content/AnimStarterPack/Prone_Idle.uasset
[2018.07.31-23.06.40:069][699]SourceControl:  create mode 100644 Content/AnimStarterPack/Prone_Reload_Rifle.uasset
[2018.07.31-23.06.40:069][699]SourceControl:  create mode 100644 Content/AnimStarterPack/Prone_Reload_Shotgun.uasset
[2018.07.31-23.06.40:069][699]SourceControl: [master 6febf7f] Retargeted Anims, missing pistol fire anim, missing grenade anim, framework exists
[2018.07.31-23.06.40:069][699]SourceControl:  Date: Tue Jul 31 17:06:38 2018 -0600
[2018.07.31-23.06.40:069][699]SourceControl:  73 files changed, 0 insertions(+), 0 deletions(-)
[2018.07.31-23.06.40:069][699]SourceControl:  rewrite Content/AdrianaStuff/Animation/AdrianaTwinBP.uasset (78%)
[2018.07.31-23.06.40:069][699]SourceControl:  create mode 100644 Content/AnimStarterPack/Aim_Space_Hip.uasset
[2018.07.31-23.06.40:069][699]SourceControl:  create mode 100644 Content/AnimStarterPack/Aim_Space_Ironsights.uasset
[2018.07.31-23.06.40:069][699]SourceControl:  create mode 100644 Content/AnimStarterPack/BS_CrouchWalk.uasset
[2018.07.31-23.06.40:069][699]SourceControl:  create mode 100644 Content/AnimStarterPack/BS_Jog.uasset
[2018.07.31-23.06.40:069][699]SourceControl:  create mode 100644 Content/AnimStarterPack/Crouch_Idle_Rifle_Hip.uasset
[2018.07.31-23.06.40:069][699]SourceControl:  create mode 100644 Content/AnimStarterPack/Crouch_Idle_Rifle_Ironsights.uasset
[2018.07.31-23.06.40:069][699]SourceControl:  create mode 100644 Content/AnimStarterPack/Crouch_Walk_Bwd_Rifle_Hip.uasset
[2018.07.31-23.06.40:069][699]SourceControl:  create mode 100644 Content/AnimStarterPack/Crouch_Walk_Bwd_Rifle_Ironsights.uasset
[2018.07.31-23.06.40:069][699]SourceControl:  create mode 100644 Content/AnimStarterPack/Crouch_Walk_Fwd_Rifle_Hip.uasset
[2018.07.31-23.06.40:069][699]SourceControl:  create mode 100644 Content/AnimStarterPack/Crouch_Walk_Fwd_Rifle_Ironsights.uasset
[2018.07.31-23.06.40:069][699]SourceControl:  create mode 100644 Content/AnimStarterPack/Crouch_Walk_Lt_Rifle_Hip.uasset
[2018.07.31-23.06.40:069][699]SourceControl:  create mode 100644 Content/AnimStarterPack/Crouch_Walk_Lt_Rifle_Ironsights.uasset
[2018.07.31-23.06.40:069][699]SourceControl:  create mode 100644 Content/AnimStarterPack/Crouch_Walk_Rt_Rifle_Hip.uasset
[2018.07.31-23.06.40:069][699]SourceControl:  create mode 100644 Content/AnimStarterPack/Crouch_Walk_Rt_Rifle_Ironsights.uasset
[2018.07.31-23.06.40:069][699]SourceControl:  create mode 100644 Content/AnimStarterPack/Crouch_to_Stand_Rifle_Hip.uasset
[2018.07.31-23.06.40:069][699]SourceControl:  create mode 100644 Content/AnimStarterPack/Crouch_to_Stand_Rifle_Ironsights.uasset
[2018.07.31-23.06.40:069][699]SourceControl:  create mode 100644 Content/AnimStarterPack/Death_1.uasset
[2018.07.31-23.06.40:069][699]SourceControl:  create mode 100644 Content/AnimStarterPack/Death_2.uasset
[2018.07.31-23.06.40:069][699]SourceControl:  create mode 100644 Content/AnimStarterPack/Death_3.uasset
[2018.07.31-23.06.40:069][699]SourceControl:  create mode 100644 Content/AnimStarterPack/Death_Ironsights_1.uasset
[2018.07.31-23.06.40:069][699]SourceControl:  create mode 100644 Content/AnimStarterPack/Death_Ironsights_2.uasset
[2018.07.31-23.06.40:069][699]SourceControl:  create mode 100644 Content/AnimStarterPack/Equip_Pistol_Standing.uasset
[2018.07.31-23.06.40:069][699]SourceControl:  create mode 100644 Content/AnimStarterPack/Equip_Rifle_Standing.uasset
[2018.07.31-23.06.40:069][699]SourceControl:  create mode 100644 Content/AnimStarterPack/Fire_Rifle_Hip.uasset
[2018.07.31-23.06.40:069][699]SourceControl:  create mode 100644 Content/AnimStarterPack/Fire_Rifle_Ironsights.uasset
[2018.07.31-23.06.40:069][699]SourceControl:  create mode 100644 Content/AnimStarterPack/Fire_Shotgun_Hip.uasset
[2018.07.31-23.06.40:069][699]SourceControl:  create mode 100644 Content/AnimStarterPack/Fire_Shotgun_Ironsights.uasset
[2018.07.31-23.06.40:070][699]SourceControl:  create mode 100644 Content/AnimStarterPack/Hit_React_1.uasset
[2018.07.31-23.06.40:070][699]SourceControl:  create mode 100644 Content/AnimStarterPack/Hit_React_2.uasset
[2018.07.31-23.06.40:070][699]SourceControl:  create mode 100644 Content/AnimStarterPack/Hit_React_3.uasset
[2018.07.31-23.06.40:070][699]SourceControl:  create mode 100644 Content/AnimStarterPack/Hit_React_4.uasset
[2018.07.31-23.06.40:070][699]SourceControl:  create mode 100644 Content/AnimStarterPack/Idle_Pistol.uasset
[2018.07.31-23.06.40:070][699]SourceControl:  create mode 100644 Content/AnimStarterPack/Idle_Rifle_Hip.uasset
[2018.07.31-23.06.40:070][699]SourceControl:  create mode 100644 Content/AnimStarterPack/Idle_Rifle_Hip_Break1.uasset
[2018.07.31-23.06.40:070][699]SourceControl:  create mode 100644 Content/AnimStarterPack/Idle_Rifle_Hip_Break2.uasset
[2018.07.31-23.06.40:070][699]SourceControl:  create mode 100644 Content/AnimStarterPack/Idle_Rifle_Ironsights.uasset
[2018.07.31-23.06.40:070][699]SourceControl:  create mode 100644 Content/AnimStarterPack/Jog_Bwd_Rifle.uasset
[2018.07.31-23.06.40:070][699]SourceControl:  create mode 100644 Content/AnimStarterPack/Jog_Fwd_Rifle.uasset
[2018.07.31-23.06.40:070][699]SourceControl:  create mode 100644 Content/AnimStarterPack/Jog_Lt_Rifle.uasset
[2018.07.31-23.06.40:070][699]SourceControl:  create mode 100644 Content/AnimStarterPack/Jog_Rt_Rifle.uasset
[2018.07.31-23.06.40:070][699]SourceControl:  create mode 100644 Content/AnimStarterPack/Jump_From_Jog.uasset
[2018.07.31-23.06.40:070][699]SourceControl:  create mode 100644 Content/AnimStarterPack/Jump_From_Stand.uasset
[2018.07.31-23.06.40:070][699]SourceControl:  create mode 100644 Content/AnimStarterPack/Jump_From_Stand_Ironsights.uasset
[2018.07.31-23.06.40:070][699]SourceControl:  create mode 100644 Content/AnimStarterPack/Prone_Death_1.uasset
[2018.07.31-23.06.40:070][699]SourceControl:  create mode 100644 Content/AnimStarterPack/Prone_Death_2.uasset
[2018.07.31-23.06.40:070][699]SourceControl:  create mode 100644 Content/AnimStarterPack/Prone_Fire_1.uasset
[2018.07.31-23.06.40:070][699]SourceControl:  create mode 100644 Content/AnimStarterPack/Prone_Fire_2.uasset
[2018.07.31-23.06.40:070][699]SourceControl:  create mode 100644 Content/AnimStarterPack/Prone_Idle.uasset
[2018.07.31-23.06.40:070][699]SourceControl:  create mode 100644 Content/AnimStarterPack/Prone_Reload_Rifle.uasset
[2018.07.31-23.06.40:070][699]SourceControl:  create mode 100644 Content/AnimStarterPack/Prone_Reload_Shotgun.uasset
[2018.07.31-23.06.40:070][699]SourceControl:  create mode 100644 Content/AnimStarterPack/Prone_To_Stand.uasset
[2018.07.31-23.06.40:070][699]SourceControl:  create mode 100644 Content/AnimStarterPack/Reload_Pistol.uasset
[2018.07.31-23.06.40:070][699]SourceControl:  create mode 100644 Content/AnimStarterPack/Reload_Rifle_Hip.uasset
[2018.07.31-23.06.40:070][699]SourceControl:  create mode 100644 Content/AnimStarterPack/Reload_Rifle_Ironsights.uasset
[2018.07.31-23.06.40:070][699]SourceControl:  create mode 100644 Content/AnimStarterPack/Reload_Shotgun_Hip.uasset
[2018.07.31-23.06.40:070][699]SourceControl:  create mode 100644 Content/AnimStarterPack/Reload_Shotgun_Ironsights.uasset
[2018.07.31-23.06.40:070][699]SourceControl:  create mode 100644 Content/AnimStarterPack/Sprint_Fwd_Rifle.uasset
[2018.07.31-23.06.40:070][699]SourceControl:  create mode 100644 Content/AnimStarterPack/Stand_To_Prone.uasset
[2018.07.31-23.06.40:070][699]SourceControl:  create mode 100644 Content/AnimStarterPack/Stand_to_Crouch_Rifle_Hip.uasset
[2018.07.31-23.06.40:070][699]SourceControl:  create mode 100644 Content/AnimStarterPack/Stand_to_Crouch_Rifle_Ironsights.uasset
[2018.07.31-23.06.40:070][699]SourceControl:  create mode 100644 Content/AnimStarterPack/UE4ASP_HeroTPP_AnimBlueprint.uasset
[2018.07.31-23.06.40:070][699]SourceControl:  create mode 100644 Content/AnimStarterPack/UE4_Mannequin/Materials/M_UE4Man_Body.uasset
[2018.07.31-23.06.40:070][699]SourceControl:  create mode 100644 Content/AnimStarterPack/UE4_Mannequin/Materials/M_UE4Man_ChestLogo.uasset
[2018.07.31-23.06.40:070][699]SourceControl:  create mode 100644 Content/AnimStarterPack/Ue4ASP_Character.uasset
[2018.07.31-23.06.40:070][699]SourceControl:  create mode 100644 Content/AnimStarterPack/Walk_Bwd_Rifle_Ironsights.uasset
[2018.07.31-23.06.40:070][699]SourceControl:  create mode 100644 Content/AnimStarterPack/Walk_Fwd_Rifle_Ironsights.uasset
[2018.07.31-23.06.40:070][699]SourceControl:  create mode 100644 Content/AnimStarterPack/Walk_Lt_Rifle_Ironsights.uasset
[2018.07.31-23.06.40:070][699]SourceControl:  create mode 100644 Content/AnimStarterPack/Walk_Rt_Rifle_Ironsights.uasset
[2018.07.31-23.06.40:070][699]SourceControl:  rewrite Content/ThirdPersonBP/Blueprints/Character_Custom_Test_Adriana.uasset (72%)
[2018.07.31-23.06.40:080][699]SourceControl: Commited [master 4bb2029] Retargeted Anims, missing pistol fire anim, missing grenade anim, framework exists.
